[2025-02-23T04:47:51.427+0000] {processor.py:186} INFO - Started process (PID=98) to work on /home/airflow/.local/lib/python3.12/site-packages/airflow/example_dags/example_dataset_alias_with_no_taskflow.py
[2025-02-23T04:47:51.428+0000] {processor.py:914} INFO - Processing file /home/airflow/.local/lib/python3.12/site-packages/airflow/example_dags/example_dataset_alias_with_no_taskflow.py for tasks to queue
[2025-02-23T04:47:51.431+0000] {logging_mixin.py:190} INFO - [2025-02-23T04:47:51.431+0000] {dagbag.py:588} INFO - Filling up the DagBag from /home/airflow/.local/lib/python3.12/site-packages/airflow/example_dags/example_dataset_alias_with_no_taskflow.py
[2025-02-23T04:47:52.164+0000] {processor.py:925} INFO - DAG(s) 'dataset_s3_bucket_producer_with_no_taskflow', 'dataset_alias_example_alias_producer_with_no_taskflow', 'dataset_alias_example_alias_consumer_with_no_taskflow', 'dataset_s3_bucket_consumer_with_no_taskflow' retrieved from /home/airflow/.local/lib/python3.12/site-packages/airflow/example_dags/example_dataset_alias_with_no_taskflow.py
[2025-02-23T04:47:52.272+0000] {logging_mixin.py:190} INFO - [2025-02-23T04:47:52.271+0000] {override.py:1911} INFO - Created Permission View: can delete on DAG:dataset_s3_bucket_producer_with_no_taskflow
[2025-02-23T04:47:52.281+0000] {logging_mixin.py:190} INFO - [2025-02-23T04:47:52.281+0000] {override.py:1911} INFO - Created Permission View: can edit on DAG:dataset_s3_bucket_producer_with_no_taskflow
[2025-02-23T04:47:52.286+0000] {logging_mixin.py:190} INFO - [2025-02-23T04:47:52.286+0000] {override.py:1911} INFO - Created Permission View: can read on DAG:dataset_s3_bucket_producer_with_no_taskflow
[2025-02-23T04:47:52.292+0000] {logging_mixin.py:190} INFO - [2025-02-23T04:47:52.291+0000] {override.py:1911} INFO - Created Permission View: can create on DAG Run:dataset_s3_bucket_producer_with_no_taskflow
[2025-02-23T04:47:52.297+0000] {logging_mixin.py:190} INFO - [2025-02-23T04:47:52.297+0000] {override.py:1911} INFO - Created Permission View: menu access on DAG Run:dataset_s3_bucket_producer_with_no_taskflow
[2025-02-23T04:47:52.302+0000] {logging_mixin.py:190} INFO - [2025-02-23T04:47:52.302+0000] {override.py:1911} INFO - Created Permission View: can delete on DAG Run:dataset_s3_bucket_producer_with_no_taskflow
[2025-02-23T04:47:52.307+0000] {logging_mixin.py:190} INFO - [2025-02-23T04:47:52.307+0000] {override.py:1911} INFO - Created Permission View: can read on DAG Run:dataset_s3_bucket_producer_with_no_taskflow
[2025-02-23T04:47:52.319+0000] {logging_mixin.py:190} INFO - [2025-02-23T04:47:52.319+0000] {override.py:1911} INFO - Created Permission View: can delete on DAG:dataset_alias_example_alias_producer_with_no_taskflow
[2025-02-23T04:47:52.324+0000] {logging_mixin.py:190} INFO - [2025-02-23T04:47:52.324+0000] {override.py:1911} INFO - Created Permission View: can edit on DAG:dataset_alias_example_alias_producer_with_no_taskflow
[2025-02-23T04:47:52.329+0000] {logging_mixin.py:190} INFO - [2025-02-23T04:47:52.329+0000] {override.py:1911} INFO - Created Permission View: can read on DAG:dataset_alias_example_alias_producer_with_no_taskflow
[2025-02-23T04:47:52.334+0000] {logging_mixin.py:190} INFO - [2025-02-23T04:47:52.334+0000] {override.py:1911} INFO - Created Permission View: can create on DAG Run:dataset_alias_example_alias_producer_with_no_taskflow
[2025-02-23T04:47:52.340+0000] {logging_mixin.py:190} INFO - [2025-02-23T04:47:52.339+0000] {override.py:1911} INFO - Created Permission View: menu access on DAG Run:dataset_alias_example_alias_producer_with_no_taskflow
[2025-02-23T04:47:52.344+0000] {logging_mixin.py:190} INFO - [2025-02-23T04:47:52.344+0000] {override.py:1911} INFO - Created Permission View: can delete on DAG Run:dataset_alias_example_alias_producer_with_no_taskflow
[2025-02-23T04:47:52.349+0000] {logging_mixin.py:190} INFO - [2025-02-23T04:47:52.349+0000] {override.py:1911} INFO - Created Permission View: can read on DAG Run:dataset_alias_example_alias_producer_with_no_taskflow
[2025-02-23T04:47:52.359+0000] {logging_mixin.py:190} INFO - [2025-02-23T04:47:52.358+0000] {override.py:1911} INFO - Created Permission View: can delete on DAG:dataset_alias_example_alias_consumer_with_no_taskflow
[2025-02-23T04:47:52.364+0000] {logging_mixin.py:190} INFO - [2025-02-23T04:47:52.363+0000] {override.py:1911} INFO - Created Permission View: can edit on DAG:dataset_alias_example_alias_consumer_with_no_taskflow
[2025-02-23T04:47:52.369+0000] {logging_mixin.py:190} INFO - [2025-02-23T04:47:52.369+0000] {override.py:1911} INFO - Created Permission View: can read on DAG:dataset_alias_example_alias_consumer_with_no_taskflow
[2025-02-23T04:47:52.375+0000] {logging_mixin.py:190} INFO - [2025-02-23T04:47:52.375+0000] {override.py:1911} INFO - Created Permission View: can create on DAG Run:dataset_alias_example_alias_consumer_with_no_taskflow
[2025-02-23T04:47:52.380+0000] {logging_mixin.py:190} INFO - [2025-02-23T04:47:52.380+0000] {override.py:1911} INFO - Created Permission View: menu access on DAG Run:dataset_alias_example_alias_consumer_with_no_taskflow
[2025-02-23T04:47:52.386+0000] {logging_mixin.py:190} INFO - [2025-02-23T04:47:52.386+0000] {override.py:1911} INFO - Created Permission View: can delete on DAG Run:dataset_alias_example_alias_consumer_with_no_taskflow
[2025-02-23T04:47:52.392+0000] {logging_mixin.py:190} INFO - [2025-02-23T04:47:52.391+0000] {override.py:1911} INFO - Created Permission View: can read on DAG Run:dataset_alias_example_alias_consumer_with_no_taskflow
[2025-02-23T04:47:52.403+0000] {logging_mixin.py:190} INFO - [2025-02-23T04:47:52.402+0000] {override.py:1911} INFO - Created Permission View: can delete on DAG:dataset_s3_bucket_consumer_with_no_taskflow
[2025-02-23T04:47:52.408+0000] {logging_mixin.py:190} INFO - [2025-02-23T04:47:52.408+0000] {override.py:1911} INFO - Created Permission View: can edit on DAG:dataset_s3_bucket_consumer_with_no_taskflow
[2025-02-23T04:47:52.414+0000] {logging_mixin.py:190} INFO - [2025-02-23T04:47:52.414+0000] {override.py:1911} INFO - Created Permission View: can read on DAG:dataset_s3_bucket_consumer_with_no_taskflow
[2025-02-23T04:47:52.420+0000] {logging_mixin.py:190} INFO - [2025-02-23T04:47:52.419+0000] {override.py:1911} INFO - Created Permission View: can create on DAG Run:dataset_s3_bucket_consumer_with_no_taskflow
[2025-02-23T04:47:52.425+0000] {logging_mixin.py:190} INFO - [2025-02-23T04:47:52.425+0000] {override.py:1911} INFO - Created Permission View: menu access on DAG Run:dataset_s3_bucket_consumer_with_no_taskflow
[2025-02-23T04:47:52.431+0000] {logging_mixin.py:190} INFO - [2025-02-23T04:47:52.431+0000] {override.py:1911} INFO - Created Permission View: can delete on DAG Run:dataset_s3_bucket_consumer_with_no_taskflow
[2025-02-23T04:47:52.437+0000] {logging_mixin.py:190} INFO - [2025-02-23T04:47:52.436+0000] {override.py:1911} INFO - Created Permission View: can read on DAG Run:dataset_s3_bucket_consumer_with_no_taskflow
[2025-02-23T04:47:52.438+0000] {logging_mixin.py:190} INFO - [2025-02-23T04:47:52.437+0000] {dag.py:3239} INFO - Sync 4 DAGs
[2025-02-23T04:47:52.456+0000] {logging_mixin.py:190} INFO - [2025-02-23T04:47:52.455+0000] {dag.py:3262} INFO - Creating ORM DAG for dataset_alias_example_alias_producer_with_no_taskflow
[2025-02-23T04:47:52.457+0000] {logging_mixin.py:190} INFO - [2025-02-23T04:47:52.456+0000] {dag.py:3262} INFO - Creating ORM DAG for dataset_s3_bucket_consumer_with_no_taskflow
[2025-02-23T04:47:52.457+0000] {logging_mixin.py:190} INFO - [2025-02-23T04:47:52.457+0000] {dag.py:3262} INFO - Creating ORM DAG for dataset_alias_example_alias_consumer_with_no_taskflow
[2025-02-23T04:47:52.458+0000] {logging_mixin.py:190} INFO - [2025-02-23T04:47:52.458+0000] {dag.py:3262} INFO - Creating ORM DAG for dataset_s3_bucket_producer_with_no_taskflow
[2025-02-23T04:47:52.471+0000] {logging_mixin.py:190} INFO - [2025-02-23T04:47:52.470+0000] {dag.py:4180} INFO - Setting next_dagrun for dataset_alias_example_alias_consumer_with_no_taskflow to None, run_after=None
[2025-02-23T04:47:52.471+0000] {logging_mixin.py:190} INFO - [2025-02-23T04:47:52.471+0000] {dag.py:4180} INFO - Setting next_dagrun for dataset_alias_example_alias_producer_with_no_taskflow to None, run_after=None
[2025-02-23T04:47:52.472+0000] {logging_mixin.py:190} INFO - [2025-02-23T04:47:52.472+0000] {dag.py:4180} INFO - Setting next_dagrun for dataset_s3_bucket_consumer_with_no_taskflow to None, run_after=None
[2025-02-23T04:47:52.473+0000] {logging_mixin.py:190} INFO - [2025-02-23T04:47:52.473+0000] {dag.py:4180} INFO - Setting next_dagrun for dataset_s3_bucket_producer_with_no_taskflow to None, run_after=None
[2025-02-23T04:47:52.501+0000] {processor.py:208} INFO - Processing /home/airflow/.local/lib/python3.12/site-packages/airflow/example_dags/example_dataset_alias_with_no_taskflow.py took 1.080 seconds
[2025-02-23T04:48:22.661+0000] {processor.py:186} INFO - Started process (PID=161) to work on /home/airflow/.local/lib/python3.12/site-packages/airflow/example_dags/example_dataset_alias_with_no_taskflow.py
[2025-02-23T04:48:22.662+0000] {processor.py:914} INFO - Processing file /home/airflow/.local/lib/python3.12/site-packages/airflow/example_dags/example_dataset_alias_with_no_taskflow.py for tasks to queue
[2025-02-23T04:48:22.663+0000] {logging_mixin.py:190} INFO - [2025-02-23T04:48:22.663+0000] {dagbag.py:588} INFO - Filling up the DagBag from /home/airflow/.local/lib/python3.12/site-packages/airflow/example_dags/example_dataset_alias_with_no_taskflow.py
[2025-02-23T04:48:23.182+0000] {processor.py:925} INFO - DAG(s) 'dataset_s3_bucket_consumer_with_no_taskflow', 'dataset_alias_example_alias_consumer_with_no_taskflow', 'dataset_alias_example_alias_producer_with_no_taskflow', 'dataset_s3_bucket_producer_with_no_taskflow' retrieved from /home/airflow/.local/lib/python3.12/site-packages/airflow/example_dags/example_dataset_alias_with_no_taskflow.py
[2025-02-23T04:48:23.198+0000] {logging_mixin.py:190} INFO - [2025-02-23T04:48:23.197+0000] {dag.py:3239} INFO - Sync 4 DAGs
[2025-02-23T04:48:23.215+0000] {logging_mixin.py:190} INFO - [2025-02-23T04:48:23.215+0000] {dag.py:4180} INFO - Setting next_dagrun for dataset_alias_example_alias_consumer_with_no_taskflow to None, run_after=None
[2025-02-23T04:48:23.217+0000] {logging_mixin.py:190} INFO - [2025-02-23T04:48:23.217+0000] {dag.py:4180} INFO - Setting next_dagrun for dataset_alias_example_alias_producer_with_no_taskflow to None, run_after=None
[2025-02-23T04:48:23.218+0000] {logging_mixin.py:190} INFO - [2025-02-23T04:48:23.218+0000] {dag.py:4180} INFO - Setting next_dagrun for dataset_s3_bucket_consumer_with_no_taskflow to None, run_after=None
[2025-02-23T04:48:23.219+0000] {logging_mixin.py:190} INFO - [2025-02-23T04:48:23.218+0000] {dag.py:4180} INFO - Setting next_dagrun for dataset_s3_bucket_producer_with_no_taskflow to None, run_after=None
[2025-02-23T04:48:23.233+0000] {processor.py:208} INFO - Processing /home/airflow/.local/lib/python3.12/site-packages/airflow/example_dags/example_dataset_alias_with_no_taskflow.py took 0.576 seconds
[2025-02-23T04:48:53.506+0000] {processor.py:186} INFO - Started process (PID=224) to work on /home/airflow/.local/lib/python3.12/site-packages/airflow/example_dags/example_dataset_alias_with_no_taskflow.py
[2025-02-23T04:48:53.507+0000] {processor.py:914} INFO - Processing file /home/airflow/.local/lib/python3.12/site-packages/airflow/example_dags/example_dataset_alias_with_no_taskflow.py for tasks to queue
[2025-02-23T04:48:53.508+0000] {logging_mixin.py:190} INFO - [2025-02-23T04:48:53.508+0000] {dagbag.py:588} INFO - Filling up the DagBag from /home/airflow/.local/lib/python3.12/site-packages/airflow/example_dags/example_dataset_alias_with_no_taskflow.py
[2025-02-23T04:48:54.018+0000] {processor.py:925} INFO - DAG(s) 'dataset_alias_example_alias_producer_with_no_taskflow', 'dataset_alias_example_alias_consumer_with_no_taskflow', 'dataset_s3_bucket_consumer_with_no_taskflow', 'dataset_s3_bucket_producer_with_no_taskflow' retrieved from /home/airflow/.local/lib/python3.12/site-packages/airflow/example_dags/example_dataset_alias_with_no_taskflow.py
[2025-02-23T04:48:54.034+0000] {logging_mixin.py:190} INFO - [2025-02-23T04:48:54.034+0000] {dag.py:3239} INFO - Sync 4 DAGs
[2025-02-23T04:48:54.055+0000] {logging_mixin.py:190} INFO - [2025-02-23T04:48:54.054+0000] {dag.py:4180} INFO - Setting next_dagrun for dataset_alias_example_alias_consumer_with_no_taskflow to None, run_after=None
[2025-02-23T04:48:54.057+0000] {logging_mixin.py:190} INFO - [2025-02-23T04:48:54.057+0000] {dag.py:4180} INFO - Setting next_dagrun for dataset_alias_example_alias_producer_with_no_taskflow to None, run_after=None
[2025-02-23T04:48:54.058+0000] {logging_mixin.py:190} INFO - [2025-02-23T04:48:54.058+0000] {dag.py:4180} INFO - Setting next_dagrun for dataset_s3_bucket_consumer_with_no_taskflow to None, run_after=None
[2025-02-23T04:48:54.059+0000] {logging_mixin.py:190} INFO - [2025-02-23T04:48:54.059+0000] {dag.py:4180} INFO - Setting next_dagrun for dataset_s3_bucket_producer_with_no_taskflow to None, run_after=None
[2025-02-23T04:48:54.074+0000] {processor.py:208} INFO - Processing /home/airflow/.local/lib/python3.12/site-packages/airflow/example_dags/example_dataset_alias_with_no_taskflow.py took 0.572 seconds
[2025-02-23T04:49:24.228+0000] {processor.py:186} INFO - Started process (PID=287) to work on /home/airflow/.local/lib/python3.12/site-packages/airflow/example_dags/example_dataset_alias_with_no_taskflow.py
[2025-02-23T04:49:24.229+0000] {processor.py:914} INFO - Processing file /home/airflow/.local/lib/python3.12/site-packages/airflow/example_dags/example_dataset_alias_with_no_taskflow.py for tasks to queue
[2025-02-23T04:49:24.230+0000] {logging_mixin.py:190} INFO - [2025-02-23T04:49:24.230+0000] {dagbag.py:588} INFO - Filling up the DagBag from /home/airflow/.local/lib/python3.12/site-packages/airflow/example_dags/example_dataset_alias_with_no_taskflow.py
[2025-02-23T04:49:24.751+0000] {processor.py:925} INFO - DAG(s) 'dataset_s3_bucket_consumer_with_no_taskflow', 'dataset_alias_example_alias_consumer_with_no_taskflow', 'dataset_s3_bucket_producer_with_no_taskflow', 'dataset_alias_example_alias_producer_with_no_taskflow' retrieved from /home/airflow/.local/lib/python3.12/site-packages/airflow/example_dags/example_dataset_alias_with_no_taskflow.py
[2025-02-23T04:49:24.773+0000] {logging_mixin.py:190} INFO - [2025-02-23T04:49:24.772+0000] {dag.py:3239} INFO - Sync 4 DAGs
[2025-02-23T04:49:24.793+0000] {logging_mixin.py:190} INFO - [2025-02-23T04:49:24.792+0000] {dag.py:4180} INFO - Setting next_dagrun for dataset_alias_example_alias_consumer_with_no_taskflow to None, run_after=None
[2025-02-23T04:49:24.795+0000] {logging_mixin.py:190} INFO - [2025-02-23T04:49:24.795+0000] {dag.py:4180} INFO - Setting next_dagrun for dataset_alias_example_alias_producer_with_no_taskflow to None, run_after=None
[2025-02-23T04:49:24.796+0000] {logging_mixin.py:190} INFO - [2025-02-23T04:49:24.796+0000] {dag.py:4180} INFO - Setting next_dagrun for dataset_s3_bucket_consumer_with_no_taskflow to None, run_after=None
[2025-02-23T04:49:24.797+0000] {logging_mixin.py:190} INFO - [2025-02-23T04:49:24.797+0000] {dag.py:4180} INFO - Setting next_dagrun for dataset_s3_bucket_producer_with_no_taskflow to None, run_after=None
[2025-02-23T04:49:24.814+0000] {processor.py:208} INFO - Processing /home/airflow/.local/lib/python3.12/site-packages/airflow/example_dags/example_dataset_alias_with_no_taskflow.py took 0.590 seconds
[2025-02-23T04:49:55.542+0000] {processor.py:186} INFO - Started process (PID=350) to work on /home/airflow/.local/lib/python3.12/site-packages/airflow/example_dags/example_dataset_alias_with_no_taskflow.py
[2025-02-23T04:49:55.542+0000] {processor.py:914} INFO - Processing file /home/airflow/.local/lib/python3.12/site-packages/airflow/example_dags/example_dataset_alias_with_no_taskflow.py for tasks to queue
[2025-02-23T04:49:55.544+0000] {logging_mixin.py:190} INFO - [2025-02-23T04:49:55.544+0000] {dagbag.py:588} INFO - Filling up the DagBag from /home/airflow/.local/lib/python3.12/site-packages/airflow/example_dags/example_dataset_alias_with_no_taskflow.py
[2025-02-23T04:49:56.046+0000] {processor.py:925} INFO - DAG(s) 'dataset_alias_example_alias_consumer_with_no_taskflow', 'dataset_s3_bucket_consumer_with_no_taskflow', 'dataset_s3_bucket_producer_with_no_taskflow', 'dataset_alias_example_alias_producer_with_no_taskflow' retrieved from /home/airflow/.local/lib/python3.12/site-packages/airflow/example_dags/example_dataset_alias_with_no_taskflow.py
[2025-02-23T04:49:56.062+0000] {logging_mixin.py:190} INFO - [2025-02-23T04:49:56.061+0000] {dag.py:3239} INFO - Sync 4 DAGs
[2025-02-23T04:49:56.080+0000] {logging_mixin.py:190} INFO - [2025-02-23T04:49:56.080+0000] {dag.py:4180} INFO - Setting next_dagrun for dataset_alias_example_alias_consumer_with_no_taskflow to None, run_after=None
[2025-02-23T04:49:56.082+0000] {logging_mixin.py:190} INFO - [2025-02-23T04:49:56.082+0000] {dag.py:4180} INFO - Setting next_dagrun for dataset_alias_example_alias_producer_with_no_taskflow to None, run_after=None
[2025-02-23T04:49:56.083+0000] {logging_mixin.py:190} INFO - [2025-02-23T04:49:56.083+0000] {dag.py:4180} INFO - Setting next_dagrun for dataset_s3_bucket_consumer_with_no_taskflow to None, run_after=None
[2025-02-23T04:49:56.084+0000] {logging_mixin.py:190} INFO - [2025-02-23T04:49:56.084+0000] {dag.py:4180} INFO - Setting next_dagrun for dataset_s3_bucket_producer_with_no_taskflow to None, run_after=None
[2025-02-23T04:49:56.099+0000] {processor.py:208} INFO - Processing /home/airflow/.local/lib/python3.12/site-packages/airflow/example_dags/example_dataset_alias_with_no_taskflow.py took 0.561 seconds
[2025-02-23T04:50:26.671+0000] {processor.py:186} INFO - Started process (PID=413) to work on /home/airflow/.local/lib/python3.12/site-packages/airflow/example_dags/example_dataset_alias_with_no_taskflow.py
[2025-02-23T04:50:26.672+0000] {processor.py:914} INFO - Processing file /home/airflow/.local/lib/python3.12/site-packages/airflow/example_dags/example_dataset_alias_with_no_taskflow.py for tasks to queue
[2025-02-23T04:50:26.674+0000] {logging_mixin.py:190} INFO - [2025-02-23T04:50:26.673+0000] {dagbag.py:588} INFO - Filling up the DagBag from /home/airflow/.local/lib/python3.12/site-packages/airflow/example_dags/example_dataset_alias_with_no_taskflow.py
[2025-02-23T04:50:27.192+0000] {processor.py:925} INFO - DAG(s) 'dataset_alias_example_alias_producer_with_no_taskflow', 'dataset_s3_bucket_producer_with_no_taskflow', 'dataset_alias_example_alias_consumer_with_no_taskflow', 'dataset_s3_bucket_consumer_with_no_taskflow' retrieved from /home/airflow/.local/lib/python3.12/site-packages/airflow/example_dags/example_dataset_alias_with_no_taskflow.py
[2025-02-23T04:50:27.207+0000] {logging_mixin.py:190} INFO - [2025-02-23T04:50:27.207+0000] {dag.py:3239} INFO - Sync 4 DAGs
[2025-02-23T04:50:27.225+0000] {logging_mixin.py:190} INFO - [2025-02-23T04:50:27.225+0000] {dag.py:4180} INFO - Setting next_dagrun for dataset_alias_example_alias_consumer_with_no_taskflow to None, run_after=None
[2025-02-23T04:50:27.227+0000] {logging_mixin.py:190} INFO - [2025-02-23T04:50:27.227+0000] {dag.py:4180} INFO - Setting next_dagrun for dataset_alias_example_alias_producer_with_no_taskflow to None, run_after=None
[2025-02-23T04:50:27.228+0000] {logging_mixin.py:190} INFO - [2025-02-23T04:50:27.228+0000] {dag.py:4180} INFO - Setting next_dagrun for dataset_s3_bucket_consumer_with_no_taskflow to None, run_after=None
[2025-02-23T04:50:27.229+0000] {logging_mixin.py:190} INFO - [2025-02-23T04:50:27.229+0000] {dag.py:4180} INFO - Setting next_dagrun for dataset_s3_bucket_producer_with_no_taskflow to None, run_after=None
[2025-02-23T04:50:27.244+0000] {processor.py:208} INFO - Processing /home/airflow/.local/lib/python3.12/site-packages/airflow/example_dags/example_dataset_alias_with_no_taskflow.py took 0.577 seconds
[2025-02-23T04:50:57.554+0000] {processor.py:186} INFO - Started process (PID=476) to work on /home/airflow/.local/lib/python3.12/site-packages/airflow/example_dags/example_dataset_alias_with_no_taskflow.py
[2025-02-23T04:50:57.555+0000] {processor.py:914} INFO - Processing file /home/airflow/.local/lib/python3.12/site-packages/airflow/example_dags/example_dataset_alias_with_no_taskflow.py for tasks to queue
[2025-02-23T04:50:57.557+0000] {logging_mixin.py:190} INFO - [2025-02-23T04:50:57.557+0000] {dagbag.py:588} INFO - Filling up the DagBag from /home/airflow/.local/lib/python3.12/site-packages/airflow/example_dags/example_dataset_alias_with_no_taskflow.py
[2025-02-23T04:50:58.275+0000] {processor.py:925} INFO - DAG(s) 'dataset_alias_example_alias_producer_with_no_taskflow', 'dataset_s3_bucket_producer_with_no_taskflow', 'dataset_alias_example_alias_consumer_with_no_taskflow', 'dataset_s3_bucket_consumer_with_no_taskflow' retrieved from /home/airflow/.local/lib/python3.12/site-packages/airflow/example_dags/example_dataset_alias_with_no_taskflow.py
[2025-02-23T04:50:58.303+0000] {logging_mixin.py:190} INFO - [2025-02-23T04:50:58.302+0000] {dag.py:3239} INFO - Sync 4 DAGs
[2025-02-23T04:50:58.331+0000] {logging_mixin.py:190} INFO - [2025-02-23T04:50:58.331+0000] {dag.py:4180} INFO - Setting next_dagrun for dataset_alias_example_alias_consumer_with_no_taskflow to None, run_after=None
[2025-02-23T04:50:58.335+0000] {logging_mixin.py:190} INFO - [2025-02-23T04:50:58.334+0000] {dag.py:4180} INFO - Setting next_dagrun for dataset_alias_example_alias_producer_with_no_taskflow to None, run_after=None
[2025-02-23T04:50:58.336+0000] {logging_mixin.py:190} INFO - [2025-02-23T04:50:58.336+0000] {dag.py:4180} INFO - Setting next_dagrun for dataset_s3_bucket_consumer_with_no_taskflow to None, run_after=None
[2025-02-23T04:50:58.338+0000] {logging_mixin.py:190} INFO - [2025-02-23T04:50:58.338+0000] {dag.py:4180} INFO - Setting next_dagrun for dataset_s3_bucket_producer_with_no_taskflow to None, run_after=None
[2025-02-23T04:50:58.360+0000] {processor.py:208} INFO - Processing /home/airflow/.local/lib/python3.12/site-packages/airflow/example_dags/example_dataset_alias_with_no_taskflow.py took 0.811 seconds
[2025-02-23T04:51:28.500+0000] {processor.py:186} INFO - Started process (PID=539) to work on /home/airflow/.local/lib/python3.12/site-packages/airflow/example_dags/example_dataset_alias_with_no_taskflow.py
[2025-02-23T04:51:28.501+0000] {processor.py:914} INFO - Processing file /home/airflow/.local/lib/python3.12/site-packages/airflow/example_dags/example_dataset_alias_with_no_taskflow.py for tasks to queue
[2025-02-23T04:51:28.502+0000] {logging_mixin.py:190} INFO - [2025-02-23T04:51:28.502+0000] {dagbag.py:588} INFO - Filling up the DagBag from /home/airflow/.local/lib/python3.12/site-packages/airflow/example_dags/example_dataset_alias_with_no_taskflow.py
[2025-02-23T04:51:29.011+0000] {processor.py:925} INFO - DAG(s) 'dataset_alias_example_alias_producer_with_no_taskflow', 'dataset_alias_example_alias_consumer_with_no_taskflow', 'dataset_s3_bucket_consumer_with_no_taskflow', 'dataset_s3_bucket_producer_with_no_taskflow' retrieved from /home/airflow/.local/lib/python3.12/site-packages/airflow/example_dags/example_dataset_alias_with_no_taskflow.py
[2025-02-23T04:51:29.035+0000] {logging_mixin.py:190} INFO - [2025-02-23T04:51:29.034+0000] {dag.py:3239} INFO - Sync 4 DAGs
[2025-02-23T04:51:29.060+0000] {logging_mixin.py:190} INFO - [2025-02-23T04:51:29.060+0000] {dag.py:4180} INFO - Setting next_dagrun for dataset_alias_example_alias_consumer_with_no_taskflow to None, run_after=None
[2025-02-23T04:51:29.063+0000] {logging_mixin.py:190} INFO - [2025-02-23T04:51:29.063+0000] {dag.py:4180} INFO - Setting next_dagrun for dataset_alias_example_alias_producer_with_no_taskflow to None, run_after=None
[2025-02-23T04:51:29.065+0000] {logging_mixin.py:190} INFO - [2025-02-23T04:51:29.065+0000] {dag.py:4180} INFO - Setting next_dagrun for dataset_s3_bucket_consumer_with_no_taskflow to None, run_after=None
[2025-02-23T04:51:29.066+0000] {logging_mixin.py:190} INFO - [2025-02-23T04:51:29.066+0000] {dag.py:4180} INFO - Setting next_dagrun for dataset_s3_bucket_producer_with_no_taskflow to None, run_after=None
[2025-02-23T04:51:29.086+0000] {processor.py:208} INFO - Processing /home/airflow/.local/lib/python3.12/site-packages/airflow/example_dags/example_dataset_alias_with_no_taskflow.py took 0.589 seconds
[2025-02-23T04:51:59.451+0000] {processor.py:186} INFO - Started process (PID=602) to work on /home/airflow/.local/lib/python3.12/site-packages/airflow/example_dags/example_dataset_alias_with_no_taskflow.py
[2025-02-23T04:51:59.452+0000] {processor.py:914} INFO - Processing file /home/airflow/.local/lib/python3.12/site-packages/airflow/example_dags/example_dataset_alias_with_no_taskflow.py for tasks to queue
[2025-02-23T04:51:59.454+0000] {logging_mixin.py:190} INFO - [2025-02-23T04:51:59.454+0000] {dagbag.py:588} INFO - Filling up the DagBag from /home/airflow/.local/lib/python3.12/site-packages/airflow/example_dags/example_dataset_alias_with_no_taskflow.py
[2025-02-23T04:52:00.182+0000] {processor.py:925} INFO - DAG(s) 'dataset_s3_bucket_producer_with_no_taskflow', 'dataset_s3_bucket_consumer_with_no_taskflow', 'dataset_alias_example_alias_consumer_with_no_taskflow', 'dataset_alias_example_alias_producer_with_no_taskflow' retrieved from /home/airflow/.local/lib/python3.12/site-packages/airflow/example_dags/example_dataset_alias_with_no_taskflow.py
[2025-02-23T04:52:00.207+0000] {logging_mixin.py:190} INFO - [2025-02-23T04:52:00.206+0000] {dag.py:3239} INFO - Sync 4 DAGs
[2025-02-23T04:52:00.231+0000] {logging_mixin.py:190} INFO - [2025-02-23T04:52:00.231+0000] {dag.py:4180} INFO - Setting next_dagrun for dataset_alias_example_alias_consumer_with_no_taskflow to None, run_after=None
[2025-02-23T04:52:00.234+0000] {logging_mixin.py:190} INFO - [2025-02-23T04:52:00.234+0000] {dag.py:4180} INFO - Setting next_dagrun for dataset_alias_example_alias_producer_with_no_taskflow to None, run_after=None
[2025-02-23T04:52:00.235+0000] {logging_mixin.py:190} INFO - [2025-02-23T04:52:00.235+0000] {dag.py:4180} INFO - Setting next_dagrun for dataset_s3_bucket_consumer_with_no_taskflow to None, run_after=None
[2025-02-23T04:52:00.237+0000] {logging_mixin.py:190} INFO - [2025-02-23T04:52:00.237+0000] {dag.py:4180} INFO - Setting next_dagrun for dataset_s3_bucket_producer_with_no_taskflow to None, run_after=None
[2025-02-23T04:52:00.258+0000] {processor.py:208} INFO - Processing /home/airflow/.local/lib/python3.12/site-packages/airflow/example_dags/example_dataset_alias_with_no_taskflow.py took 0.813 seconds
[2025-02-23T04:52:30.648+0000] {processor.py:186} INFO - Started process (PID=665) to work on /home/airflow/.local/lib/python3.12/site-packages/airflow/example_dags/example_dataset_alias_with_no_taskflow.py
[2025-02-23T04:52:30.649+0000] {processor.py:914} INFO - Processing file /home/airflow/.local/lib/python3.12/site-packages/airflow/example_dags/example_dataset_alias_with_no_taskflow.py for tasks to queue
[2025-02-23T04:52:30.650+0000] {logging_mixin.py:190} INFO - [2025-02-23T04:52:30.650+0000] {dagbag.py:588} INFO - Filling up the DagBag from /home/airflow/.local/lib/python3.12/site-packages/airflow/example_dags/example_dataset_alias_with_no_taskflow.py
[2025-02-23T04:52:31.152+0000] {processor.py:925} INFO - DAG(s) 'dataset_alias_example_alias_consumer_with_no_taskflow', 'dataset_s3_bucket_consumer_with_no_taskflow', 'dataset_s3_bucket_producer_with_no_taskflow', 'dataset_alias_example_alias_producer_with_no_taskflow' retrieved from /home/airflow/.local/lib/python3.12/site-packages/airflow/example_dags/example_dataset_alias_with_no_taskflow.py
[2025-02-23T04:52:31.175+0000] {logging_mixin.py:190} INFO - [2025-02-23T04:52:31.175+0000] {dag.py:3239} INFO - Sync 4 DAGs
[2025-02-23T04:52:31.203+0000] {logging_mixin.py:190} INFO - [2025-02-23T04:52:31.203+0000] {dag.py:4180} INFO - Setting next_dagrun for dataset_alias_example_alias_consumer_with_no_taskflow to None, run_after=None
[2025-02-23T04:52:31.206+0000] {logging_mixin.py:190} INFO - [2025-02-23T04:52:31.205+0000] {dag.py:4180} INFO - Setting next_dagrun for dataset_alias_example_alias_producer_with_no_taskflow to None, run_after=None
[2025-02-23T04:52:31.207+0000] {logging_mixin.py:190} INFO - [2025-02-23T04:52:31.207+0000] {dag.py:4180} INFO - Setting next_dagrun for dataset_s3_bucket_consumer_with_no_taskflow to None, run_after=None
[2025-02-23T04:52:31.208+0000] {logging_mixin.py:190} INFO - [2025-02-23T04:52:31.207+0000] {dag.py:4180} INFO - Setting next_dagrun for dataset_s3_bucket_producer_with_no_taskflow to None, run_after=None
[2025-02-23T04:52:31.223+0000] {processor.py:208} INFO - Processing /home/airflow/.local/lib/python3.12/site-packages/airflow/example_dags/example_dataset_alias_with_no_taskflow.py took 0.578 seconds
[2025-02-23T04:53:01.712+0000] {processor.py:186} INFO - Started process (PID=728) to work on /home/airflow/.local/lib/python3.12/site-packages/airflow/example_dags/example_dataset_alias_with_no_taskflow.py
[2025-02-23T04:53:01.712+0000] {processor.py:914} INFO - Processing file /home/airflow/.local/lib/python3.12/site-packages/airflow/example_dags/example_dataset_alias_with_no_taskflow.py for tasks to queue
[2025-02-23T04:53:01.714+0000] {logging_mixin.py:190} INFO - [2025-02-23T04:53:01.713+0000] {dagbag.py:588} INFO - Filling up the DagBag from /home/airflow/.local/lib/python3.12/site-packages/airflow/example_dags/example_dataset_alias_with_no_taskflow.py
[2025-02-23T04:53:02.242+0000] {processor.py:925} INFO - DAG(s) 'dataset_alias_example_alias_producer_with_no_taskflow', 'dataset_s3_bucket_producer_with_no_taskflow', 'dataset_alias_example_alias_consumer_with_no_taskflow', 'dataset_s3_bucket_consumer_with_no_taskflow' retrieved from /home/airflow/.local/lib/python3.12/site-packages/airflow/example_dags/example_dataset_alias_with_no_taskflow.py
[2025-02-23T04:53:02.258+0000] {logging_mixin.py:190} INFO - [2025-02-23T04:53:02.258+0000] {dag.py:3239} INFO - Sync 4 DAGs
[2025-02-23T04:53:02.276+0000] {logging_mixin.py:190} INFO - [2025-02-23T04:53:02.276+0000] {dag.py:4180} INFO - Setting next_dagrun for dataset_alias_example_alias_consumer_with_no_taskflow to None, run_after=None
[2025-02-23T04:53:02.278+0000] {logging_mixin.py:190} INFO - [2025-02-23T04:53:02.278+0000] {dag.py:4180} INFO - Setting next_dagrun for dataset_alias_example_alias_producer_with_no_taskflow to None, run_after=None
[2025-02-23T04:53:02.279+0000] {logging_mixin.py:190} INFO - [2025-02-23T04:53:02.279+0000] {dag.py:4180} INFO - Setting next_dagrun for dataset_s3_bucket_consumer_with_no_taskflow to None, run_after=None
[2025-02-23T04:53:02.280+0000] {logging_mixin.py:190} INFO - [2025-02-23T04:53:02.280+0000] {dag.py:4180} INFO - Setting next_dagrun for dataset_s3_bucket_producer_with_no_taskflow to None, run_after=None
[2025-02-23T04:53:02.295+0000] {processor.py:208} INFO - Processing /home/airflow/.local/lib/python3.12/site-packages/airflow/example_dags/example_dataset_alias_with_no_taskflow.py took 0.588 seconds
[2025-02-23T04:53:33.237+0000] {processor.py:186} INFO - Started process (PID=791) to work on /home/airflow/.local/lib/python3.12/site-packages/airflow/example_dags/example_dataset_alias_with_no_taskflow.py
[2025-02-23T04:53:33.238+0000] {processor.py:914} INFO - Processing file /home/airflow/.local/lib/python3.12/site-packages/airflow/example_dags/example_dataset_alias_with_no_taskflow.py for tasks to queue
[2025-02-23T04:53:33.239+0000] {logging_mixin.py:190} INFO - [2025-02-23T04:53:33.239+0000] {dagbag.py:588} INFO - Filling up the DagBag from /home/airflow/.local/lib/python3.12/site-packages/airflow/example_dags/example_dataset_alias_with_no_taskflow.py
[2025-02-23T04:53:33.814+0000] {processor.py:925} INFO - DAG(s) 'dataset_alias_example_alias_producer_with_no_taskflow', 'dataset_alias_example_alias_consumer_with_no_taskflow', 'dataset_s3_bucket_producer_with_no_taskflow', 'dataset_s3_bucket_consumer_with_no_taskflow' retrieved from /home/airflow/.local/lib/python3.12/site-packages/airflow/example_dags/example_dataset_alias_with_no_taskflow.py
[2025-02-23T04:53:33.830+0000] {logging_mixin.py:190} INFO - [2025-02-23T04:53:33.829+0000] {dag.py:3239} INFO - Sync 4 DAGs
[2025-02-23T04:53:33.848+0000] {logging_mixin.py:190} INFO - [2025-02-23T04:53:33.848+0000] {dag.py:4180} INFO - Setting next_dagrun for dataset_alias_example_alias_consumer_with_no_taskflow to None, run_after=None
[2025-02-23T04:53:33.850+0000] {logging_mixin.py:190} INFO - [2025-02-23T04:53:33.850+0000] {dag.py:4180} INFO - Setting next_dagrun for dataset_alias_example_alias_producer_with_no_taskflow to None, run_after=None
[2025-02-23T04:53:33.851+0000] {logging_mixin.py:190} INFO - [2025-02-23T04:53:33.851+0000] {dag.py:4180} INFO - Setting next_dagrun for dataset_s3_bucket_consumer_with_no_taskflow to None, run_after=None
[2025-02-23T04:53:33.852+0000] {logging_mixin.py:190} INFO - [2025-02-23T04:53:33.852+0000] {dag.py:4180} INFO - Setting next_dagrun for dataset_s3_bucket_producer_with_no_taskflow to None, run_after=None
[2025-02-23T04:53:33.867+0000] {processor.py:208} INFO - Processing /home/airflow/.local/lib/python3.12/site-packages/airflow/example_dags/example_dataset_alias_with_no_taskflow.py took 0.635 seconds
[2025-02-23T04:54:04.760+0000] {processor.py:186} INFO - Started process (PID=860) to work on /home/airflow/.local/lib/python3.12/site-packages/airflow/example_dags/example_dataset_alias_with_no_taskflow.py
[2025-02-23T04:54:04.761+0000] {processor.py:914} INFO - Processing file /home/airflow/.local/lib/python3.12/site-packages/airflow/example_dags/example_dataset_alias_with_no_taskflow.py for tasks to queue
[2025-02-23T04:54:04.762+0000] {logging_mixin.py:190} INFO - [2025-02-23T04:54:04.762+0000] {dagbag.py:588} INFO - Filling up the DagBag from /home/airflow/.local/lib/python3.12/site-packages/airflow/example_dags/example_dataset_alias_with_no_taskflow.py
[2025-02-23T04:54:05.287+0000] {processor.py:925} INFO - DAG(s) 'dataset_alias_example_alias_producer_with_no_taskflow', 'dataset_alias_example_alias_consumer_with_no_taskflow', 'dataset_s3_bucket_producer_with_no_taskflow', 'dataset_s3_bucket_consumer_with_no_taskflow' retrieved from /home/airflow/.local/lib/python3.12/site-packages/airflow/example_dags/example_dataset_alias_with_no_taskflow.py
[2025-02-23T04:54:05.307+0000] {logging_mixin.py:190} INFO - [2025-02-23T04:54:05.307+0000] {dag.py:3239} INFO - Sync 4 DAGs
[2025-02-23T04:54:05.330+0000] {logging_mixin.py:190} INFO - [2025-02-23T04:54:05.330+0000] {dag.py:4180} INFO - Setting next_dagrun for dataset_alias_example_alias_consumer_with_no_taskflow to None, run_after=None
[2025-02-23T04:54:05.332+0000] {logging_mixin.py:190} INFO - [2025-02-23T04:54:05.332+0000] {dag.py:4180} INFO - Setting next_dagrun for dataset_alias_example_alias_producer_with_no_taskflow to None, run_after=None
[2025-02-23T04:54:05.334+0000] {logging_mixin.py:190} INFO - [2025-02-23T04:54:05.333+0000] {dag.py:4180} INFO - Setting next_dagrun for dataset_s3_bucket_consumer_with_no_taskflow to None, run_after=None
[2025-02-23T04:54:05.335+0000] {logging_mixin.py:190} INFO - [2025-02-23T04:54:05.335+0000] {dag.py:4180} INFO - Setting next_dagrun for dataset_s3_bucket_producer_with_no_taskflow to None, run_after=None
[2025-02-23T04:54:05.352+0000] {processor.py:208} INFO - Processing /home/airflow/.local/lib/python3.12/site-packages/airflow/example_dags/example_dataset_alias_with_no_taskflow.py took 0.596 seconds
[2025-02-23T04:54:35.983+0000] {processor.py:186} INFO - Started process (PID=923) to work on /home/airflow/.local/lib/python3.12/site-packages/airflow/example_dags/example_dataset_alias_with_no_taskflow.py
[2025-02-23T04:54:35.984+0000] {processor.py:914} INFO - Processing file /home/airflow/.local/lib/python3.12/site-packages/airflow/example_dags/example_dataset_alias_with_no_taskflow.py for tasks to queue
[2025-02-23T04:54:35.985+0000] {logging_mixin.py:190} INFO - [2025-02-23T04:54:35.985+0000] {dagbag.py:588} INFO - Filling up the DagBag from /home/airflow/.local/lib/python3.12/site-packages/airflow/example_dags/example_dataset_alias_with_no_taskflow.py
[2025-02-23T04:54:36.482+0000] {processor.py:925} INFO - DAG(s) 'dataset_alias_example_alias_consumer_with_no_taskflow', 'dataset_alias_example_alias_producer_with_no_taskflow', 'dataset_s3_bucket_producer_with_no_taskflow', 'dataset_s3_bucket_consumer_with_no_taskflow' retrieved from /home/airflow/.local/lib/python3.12/site-packages/airflow/example_dags/example_dataset_alias_with_no_taskflow.py
[2025-02-23T04:54:36.502+0000] {logging_mixin.py:190} INFO - [2025-02-23T04:54:36.502+0000] {dag.py:3239} INFO - Sync 4 DAGs
[2025-02-23T04:54:36.526+0000] {logging_mixin.py:190} INFO - [2025-02-23T04:54:36.526+0000] {dag.py:4180} INFO - Setting next_dagrun for dataset_alias_example_alias_consumer_with_no_taskflow to None, run_after=None
[2025-02-23T04:54:36.529+0000] {logging_mixin.py:190} INFO - [2025-02-23T04:54:36.528+0000] {dag.py:4180} INFO - Setting next_dagrun for dataset_alias_example_alias_producer_with_no_taskflow to None, run_after=None
[2025-02-23T04:54:36.530+0000] {logging_mixin.py:190} INFO - [2025-02-23T04:54:36.530+0000] {dag.py:4180} INFO - Setting next_dagrun for dataset_s3_bucket_consumer_with_no_taskflow to None, run_after=None
[2025-02-23T04:54:36.531+0000] {logging_mixin.py:190} INFO - [2025-02-23T04:54:36.531+0000] {dag.py:4180} INFO - Setting next_dagrun for dataset_s3_bucket_producer_with_no_taskflow to None, run_after=None
[2025-02-23T04:54:36.549+0000] {processor.py:208} INFO - Processing /home/airflow/.local/lib/python3.12/site-packages/airflow/example_dags/example_dataset_alias_with_no_taskflow.py took 0.570 seconds
[2025-02-23T04:55:07.095+0000] {processor.py:186} INFO - Started process (PID=986) to work on /home/airflow/.local/lib/python3.12/site-packages/airflow/example_dags/example_dataset_alias_with_no_taskflow.py
[2025-02-23T04:55:07.096+0000] {processor.py:914} INFO - Processing file /home/airflow/.local/lib/python3.12/site-packages/airflow/example_dags/example_dataset_alias_with_no_taskflow.py for tasks to queue
[2025-02-23T04:55:07.098+0000] {logging_mixin.py:190} INFO - [2025-02-23T04:55:07.097+0000] {dagbag.py:588} INFO - Filling up the DagBag from /home/airflow/.local/lib/python3.12/site-packages/airflow/example_dags/example_dataset_alias_with_no_taskflow.py
[2025-02-23T04:55:07.612+0000] {processor.py:925} INFO - DAG(s) 'dataset_s3_bucket_producer_with_no_taskflow', 'dataset_alias_example_alias_producer_with_no_taskflow', 'dataset_s3_bucket_consumer_with_no_taskflow', 'dataset_alias_example_alias_consumer_with_no_taskflow' retrieved from /home/airflow/.local/lib/python3.12/site-packages/airflow/example_dags/example_dataset_alias_with_no_taskflow.py
[2025-02-23T04:55:07.630+0000] {logging_mixin.py:190} INFO - [2025-02-23T04:55:07.630+0000] {dag.py:3239} INFO - Sync 4 DAGs
[2025-02-23T04:55:07.649+0000] {logging_mixin.py:190} INFO - [2025-02-23T04:55:07.649+0000] {dag.py:4180} INFO - Setting next_dagrun for dataset_alias_example_alias_consumer_with_no_taskflow to None, run_after=None
[2025-02-23T04:55:07.651+0000] {logging_mixin.py:190} INFO - [2025-02-23T04:55:07.651+0000] {dag.py:4180} INFO - Setting next_dagrun for dataset_alias_example_alias_producer_with_no_taskflow to None, run_after=None
[2025-02-23T04:55:07.652+0000] {logging_mixin.py:190} INFO - [2025-02-23T04:55:07.652+0000] {dag.py:4180} INFO - Setting next_dagrun for dataset_s3_bucket_consumer_with_no_taskflow to None, run_after=None
[2025-02-23T04:55:07.653+0000] {logging_mixin.py:190} INFO - [2025-02-23T04:55:07.653+0000] {dag.py:4180} INFO - Setting next_dagrun for dataset_s3_bucket_producer_with_no_taskflow to None, run_after=None
[2025-02-23T04:55:07.669+0000] {processor.py:208} INFO - Processing /home/airflow/.local/lib/python3.12/site-packages/airflow/example_dags/example_dataset_alias_with_no_taskflow.py took 0.579 seconds
[2025-02-23T04:55:38.220+0000] {processor.py:186} INFO - Started process (PID=1049) to work on /home/airflow/.local/lib/python3.12/site-packages/airflow/example_dags/example_dataset_alias_with_no_taskflow.py
[2025-02-23T04:55:38.220+0000] {processor.py:914} INFO - Processing file /home/airflow/.local/lib/python3.12/site-packages/airflow/example_dags/example_dataset_alias_with_no_taskflow.py for tasks to queue
[2025-02-23T04:55:38.222+0000] {logging_mixin.py:190} INFO - [2025-02-23T04:55:38.222+0000] {dagbag.py:588} INFO - Filling up the DagBag from /home/airflow/.local/lib/python3.12/site-packages/airflow/example_dags/example_dataset_alias_with_no_taskflow.py
[2025-02-23T04:55:38.791+0000] {processor.py:925} INFO - DAG(s) 'dataset_s3_bucket_consumer_with_no_taskflow', 'dataset_s3_bucket_producer_with_no_taskflow', 'dataset_alias_example_alias_producer_with_no_taskflow', 'dataset_alias_example_alias_consumer_with_no_taskflow' retrieved from /home/airflow/.local/lib/python3.12/site-packages/airflow/example_dags/example_dataset_alias_with_no_taskflow.py
[2025-02-23T04:55:38.813+0000] {logging_mixin.py:190} INFO - [2025-02-23T04:55:38.813+0000] {dag.py:3239} INFO - Sync 4 DAGs
[2025-02-23T04:55:38.834+0000] {logging_mixin.py:190} INFO - [2025-02-23T04:55:38.834+0000] {dag.py:4180} INFO - Setting next_dagrun for dataset_alias_example_alias_consumer_with_no_taskflow to None, run_after=None
[2025-02-23T04:55:38.837+0000] {logging_mixin.py:190} INFO - [2025-02-23T04:55:38.837+0000] {dag.py:4180} INFO - Setting next_dagrun for dataset_alias_example_alias_producer_with_no_taskflow to None, run_after=None
[2025-02-23T04:55:38.838+0000] {logging_mixin.py:190} INFO - [2025-02-23T04:55:38.838+0000] {dag.py:4180} INFO - Setting next_dagrun for dataset_s3_bucket_consumer_with_no_taskflow to None, run_after=None
[2025-02-23T04:55:38.839+0000] {logging_mixin.py:190} INFO - [2025-02-23T04:55:38.839+0000] {dag.py:4180} INFO - Setting next_dagrun for dataset_s3_bucket_producer_with_no_taskflow to None, run_after=None
[2025-02-23T04:55:38.855+0000] {processor.py:208} INFO - Processing /home/airflow/.local/lib/python3.12/site-packages/airflow/example_dags/example_dataset_alias_with_no_taskflow.py took 0.641 seconds
[2025-02-23T04:56:09.546+0000] {processor.py:186} INFO - Started process (PID=1112) to work on /home/airflow/.local/lib/python3.12/site-packages/airflow/example_dags/example_dataset_alias_with_no_taskflow.py
[2025-02-23T04:56:09.547+0000] {processor.py:914} INFO - Processing file /home/airflow/.local/lib/python3.12/site-packages/airflow/example_dags/example_dataset_alias_with_no_taskflow.py for tasks to queue
[2025-02-23T04:56:09.549+0000] {logging_mixin.py:190} INFO - [2025-02-23T04:56:09.548+0000] {dagbag.py:588} INFO - Filling up the DagBag from /home/airflow/.local/lib/python3.12/site-packages/airflow/example_dags/example_dataset_alias_with_no_taskflow.py
[2025-02-23T04:56:10.050+0000] {processor.py:925} INFO - DAG(s) 'dataset_alias_example_alias_producer_with_no_taskflow', 'dataset_s3_bucket_consumer_with_no_taskflow', 'dataset_s3_bucket_producer_with_no_taskflow', 'dataset_alias_example_alias_consumer_with_no_taskflow' retrieved from /home/airflow/.local/lib/python3.12/site-packages/airflow/example_dags/example_dataset_alias_with_no_taskflow.py
[2025-02-23T04:56:10.067+0000] {logging_mixin.py:190} INFO - [2025-02-23T04:56:10.067+0000] {dag.py:3239} INFO - Sync 4 DAGs
[2025-02-23T04:56:10.090+0000] {logging_mixin.py:190} INFO - [2025-02-23T04:56:10.090+0000] {dag.py:4180} INFO - Setting next_dagrun for dataset_alias_example_alias_consumer_with_no_taskflow to None, run_after=None
[2025-02-23T04:56:10.093+0000] {logging_mixin.py:190} INFO - [2025-02-23T04:56:10.093+0000] {dag.py:4180} INFO - Setting next_dagrun for dataset_alias_example_alias_producer_with_no_taskflow to None, run_after=None
[2025-02-23T04:56:10.094+0000] {logging_mixin.py:190} INFO - [2025-02-23T04:56:10.094+0000] {dag.py:4180} INFO - Setting next_dagrun for dataset_s3_bucket_consumer_with_no_taskflow to None, run_after=None
[2025-02-23T04:56:10.096+0000] {logging_mixin.py:190} INFO - [2025-02-23T04:56:10.096+0000] {dag.py:4180} INFO - Setting next_dagrun for dataset_s3_bucket_producer_with_no_taskflow to None, run_after=None
[2025-02-23T04:56:10.117+0000] {processor.py:208} INFO - Processing /home/airflow/.local/lib/python3.12/site-packages/airflow/example_dags/example_dataset_alias_with_no_taskflow.py took 0.575 seconds
[2025-02-23T04:56:40.853+0000] {processor.py:186} INFO - Started process (PID=1175) to work on /home/airflow/.local/lib/python3.12/site-packages/airflow/example_dags/example_dataset_alias_with_no_taskflow.py
[2025-02-23T04:56:40.854+0000] {processor.py:914} INFO - Processing file /home/airflow/.local/lib/python3.12/site-packages/airflow/example_dags/example_dataset_alias_with_no_taskflow.py for tasks to queue
[2025-02-23T04:56:40.855+0000] {logging_mixin.py:190} INFO - [2025-02-23T04:56:40.855+0000] {dagbag.py:588} INFO - Filling up the DagBag from /home/airflow/.local/lib/python3.12/site-packages/airflow/example_dags/example_dataset_alias_with_no_taskflow.py
[2025-02-23T04:56:41.391+0000] {processor.py:925} INFO - DAG(s) 'dataset_alias_example_alias_consumer_with_no_taskflow', 'dataset_alias_example_alias_producer_with_no_taskflow', 'dataset_s3_bucket_producer_with_no_taskflow', 'dataset_s3_bucket_consumer_with_no_taskflow' retrieved from /home/airflow/.local/lib/python3.12/site-packages/airflow/example_dags/example_dataset_alias_with_no_taskflow.py
[2025-02-23T04:56:41.408+0000] {logging_mixin.py:190} INFO - [2025-02-23T04:56:41.407+0000] {dag.py:3239} INFO - Sync 4 DAGs
[2025-02-23T04:56:41.425+0000] {logging_mixin.py:190} INFO - [2025-02-23T04:56:41.425+0000] {dag.py:4180} INFO - Setting next_dagrun for dataset_alias_example_alias_consumer_with_no_taskflow to None, run_after=None
[2025-02-23T04:56:41.427+0000] {logging_mixin.py:190} INFO - [2025-02-23T04:56:41.427+0000] {dag.py:4180} INFO - Setting next_dagrun for dataset_alias_example_alias_producer_with_no_taskflow to None, run_after=None
[2025-02-23T04:56:41.428+0000] {logging_mixin.py:190} INFO - [2025-02-23T04:56:41.428+0000] {dag.py:4180} INFO - Setting next_dagrun for dataset_s3_bucket_consumer_with_no_taskflow to None, run_after=None
[2025-02-23T04:56:41.429+0000] {logging_mixin.py:190} INFO - [2025-02-23T04:56:41.429+0000] {dag.py:4180} INFO - Setting next_dagrun for dataset_s3_bucket_producer_with_no_taskflow to None, run_after=None
[2025-02-23T04:56:41.444+0000] {processor.py:208} INFO - Processing /home/airflow/.local/lib/python3.12/site-packages/airflow/example_dags/example_dataset_alias_with_no_taskflow.py took 0.596 seconds
[2025-02-23T04:57:12.143+0000] {processor.py:186} INFO - Started process (PID=1238) to work on /home/airflow/.local/lib/python3.12/site-packages/airflow/example_dags/example_dataset_alias_with_no_taskflow.py
[2025-02-23T04:57:12.144+0000] {processor.py:914} INFO - Processing file /home/airflow/.local/lib/python3.12/site-packages/airflow/example_dags/example_dataset_alias_with_no_taskflow.py for tasks to queue
[2025-02-23T04:57:12.145+0000] {logging_mixin.py:190} INFO - [2025-02-23T04:57:12.145+0000] {dagbag.py:588} INFO - Filling up the DagBag from /home/airflow/.local/lib/python3.12/site-packages/airflow/example_dags/example_dataset_alias_with_no_taskflow.py
[2025-02-23T04:57:12.743+0000] {processor.py:925} INFO - DAG(s) 'dataset_s3_bucket_consumer_with_no_taskflow', 'dataset_alias_example_alias_consumer_with_no_taskflow', 'dataset_s3_bucket_producer_with_no_taskflow', 'dataset_alias_example_alias_producer_with_no_taskflow' retrieved from /home/airflow/.local/lib/python3.12/site-packages/airflow/example_dags/example_dataset_alias_with_no_taskflow.py
[2025-02-23T04:57:12.762+0000] {logging_mixin.py:190} INFO - [2025-02-23T04:57:12.762+0000] {dag.py:3239} INFO - Sync 4 DAGs
[2025-02-23T04:57:12.786+0000] {logging_mixin.py:190} INFO - [2025-02-23T04:57:12.785+0000] {dag.py:4180} INFO - Setting next_dagrun for dataset_alias_example_alias_consumer_with_no_taskflow to None, run_after=None
[2025-02-23T04:57:12.788+0000] {logging_mixin.py:190} INFO - [2025-02-23T04:57:12.788+0000] {dag.py:4180} INFO - Setting next_dagrun for dataset_alias_example_alias_producer_with_no_taskflow to None, run_after=None
[2025-02-23T04:57:12.790+0000] {logging_mixin.py:190} INFO - [2025-02-23T04:57:12.790+0000] {dag.py:4180} INFO - Setting next_dagrun for dataset_s3_bucket_consumer_with_no_taskflow to None, run_after=None
[2025-02-23T04:57:12.791+0000] {logging_mixin.py:190} INFO - [2025-02-23T04:57:12.791+0000] {dag.py:4180} INFO - Setting next_dagrun for dataset_s3_bucket_producer_with_no_taskflow to None, run_after=None
[2025-02-23T04:57:12.807+0000] {processor.py:208} INFO - Processing /home/airflow/.local/lib/python3.12/site-packages/airflow/example_dags/example_dataset_alias_with_no_taskflow.py took 0.668 seconds
[2025-02-23T04:57:43.365+0000] {processor.py:186} INFO - Started process (PID=1301) to work on /home/airflow/.local/lib/python3.12/site-packages/airflow/example_dags/example_dataset_alias_with_no_taskflow.py
[2025-02-23T04:57:43.366+0000] {processor.py:914} INFO - Processing file /home/airflow/.local/lib/python3.12/site-packages/airflow/example_dags/example_dataset_alias_with_no_taskflow.py for tasks to queue
[2025-02-23T04:57:43.367+0000] {logging_mixin.py:190} INFO - [2025-02-23T04:57:43.367+0000] {dagbag.py:588} INFO - Filling up the DagBag from /home/airflow/.local/lib/python3.12/site-packages/airflow/example_dags/example_dataset_alias_with_no_taskflow.py
[2025-02-23T04:57:43.850+0000] {processor.py:925} INFO - DAG(s) 'dataset_s3_bucket_producer_with_no_taskflow', 'dataset_s3_bucket_consumer_with_no_taskflow', 'dataset_alias_example_alias_producer_with_no_taskflow', 'dataset_alias_example_alias_consumer_with_no_taskflow' retrieved from /home/airflow/.local/lib/python3.12/site-packages/airflow/example_dags/example_dataset_alias_with_no_taskflow.py
[2025-02-23T04:57:43.866+0000] {logging_mixin.py:190} INFO - [2025-02-23T04:57:43.865+0000] {dag.py:3239} INFO - Sync 4 DAGs
[2025-02-23T04:57:43.882+0000] {logging_mixin.py:190} INFO - [2025-02-23T04:57:43.882+0000] {dag.py:4180} INFO - Setting next_dagrun for dataset_alias_example_alias_consumer_with_no_taskflow to None, run_after=None
[2025-02-23T04:57:43.884+0000] {logging_mixin.py:190} INFO - [2025-02-23T04:57:43.884+0000] {dag.py:4180} INFO - Setting next_dagrun for dataset_alias_example_alias_producer_with_no_taskflow to None, run_after=None
[2025-02-23T04:57:43.885+0000] {logging_mixin.py:190} INFO - [2025-02-23T04:57:43.885+0000] {dag.py:4180} INFO - Setting next_dagrun for dataset_s3_bucket_consumer_with_no_taskflow to None, run_after=None
[2025-02-23T04:57:43.886+0000] {logging_mixin.py:190} INFO - [2025-02-23T04:57:43.886+0000] {dag.py:4180} INFO - Setting next_dagrun for dataset_s3_bucket_producer_with_no_taskflow to None, run_after=None
[2025-02-23T04:57:43.901+0000] {processor.py:208} INFO - Processing /home/airflow/.local/lib/python3.12/site-packages/airflow/example_dags/example_dataset_alias_with_no_taskflow.py took 0.540 seconds
[2025-02-23T04:58:14.722+0000] {processor.py:186} INFO - Started process (PID=1365) to work on /home/airflow/.local/lib/python3.12/site-packages/airflow/example_dags/example_dataset_alias_with_no_taskflow.py
[2025-02-23T04:58:14.722+0000] {processor.py:914} INFO - Processing file /home/airflow/.local/lib/python3.12/site-packages/airflow/example_dags/example_dataset_alias_with_no_taskflow.py for tasks to queue
[2025-02-23T04:58:14.725+0000] {logging_mixin.py:190} INFO - [2025-02-23T04:58:14.725+0000] {dagbag.py:588} INFO - Filling up the DagBag from /home/airflow/.local/lib/python3.12/site-packages/airflow/example_dags/example_dataset_alias_with_no_taskflow.py
[2025-02-23T04:58:15.220+0000] {processor.py:925} INFO - DAG(s) 'dataset_alias_example_alias_consumer_with_no_taskflow', 'dataset_s3_bucket_consumer_with_no_taskflow', 'dataset_s3_bucket_producer_with_no_taskflow', 'dataset_alias_example_alias_producer_with_no_taskflow' retrieved from /home/airflow/.local/lib/python3.12/site-packages/airflow/example_dags/example_dataset_alias_with_no_taskflow.py
[2025-02-23T04:58:15.236+0000] {logging_mixin.py:190} INFO - [2025-02-23T04:58:15.236+0000] {dag.py:3239} INFO - Sync 4 DAGs
[2025-02-23T04:58:15.255+0000] {logging_mixin.py:190} INFO - [2025-02-23T04:58:15.255+0000] {dag.py:4180} INFO - Setting next_dagrun for dataset_alias_example_alias_consumer_with_no_taskflow to None, run_after=None
[2025-02-23T04:58:15.258+0000] {logging_mixin.py:190} INFO - [2025-02-23T04:58:15.257+0000] {dag.py:4180} INFO - Setting next_dagrun for dataset_alias_example_alias_producer_with_no_taskflow to None, run_after=None
[2025-02-23T04:58:15.259+0000] {logging_mixin.py:190} INFO - [2025-02-23T04:58:15.259+0000] {dag.py:4180} INFO - Setting next_dagrun for dataset_s3_bucket_consumer_with_no_taskflow to None, run_after=None
[2025-02-23T04:58:15.260+0000] {logging_mixin.py:190} INFO - [2025-02-23T04:58:15.260+0000] {dag.py:4180} INFO - Setting next_dagrun for dataset_s3_bucket_producer_with_no_taskflow to None, run_after=None
[2025-02-23T04:58:15.276+0000] {processor.py:208} INFO - Processing /home/airflow/.local/lib/python3.12/site-packages/airflow/example_dags/example_dataset_alias_with_no_taskflow.py took 0.561 seconds
[2025-02-23T04:58:46.000+0000] {processor.py:186} INFO - Started process (PID=1429) to work on /home/airflow/.local/lib/python3.12/site-packages/airflow/example_dags/example_dataset_alias_with_no_taskflow.py
[2025-02-23T04:58:46.000+0000] {processor.py:914} INFO - Processing file /home/airflow/.local/lib/python3.12/site-packages/airflow/example_dags/example_dataset_alias_with_no_taskflow.py for tasks to queue
[2025-02-23T04:58:46.002+0000] {logging_mixin.py:190} INFO - [2025-02-23T04:58:46.002+0000] {dagbag.py:588} INFO - Filling up the DagBag from /home/airflow/.local/lib/python3.12/site-packages/airflow/example_dags/example_dataset_alias_with_no_taskflow.py
[2025-02-23T04:58:46.510+0000] {processor.py:925} INFO - DAG(s) 'dataset_alias_example_alias_producer_with_no_taskflow', 'dataset_s3_bucket_consumer_with_no_taskflow', 'dataset_s3_bucket_producer_with_no_taskflow', 'dataset_alias_example_alias_consumer_with_no_taskflow' retrieved from /home/airflow/.local/lib/python3.12/site-packages/airflow/example_dags/example_dataset_alias_with_no_taskflow.py
[2025-02-23T04:58:46.527+0000] {logging_mixin.py:190} INFO - [2025-02-23T04:58:46.527+0000] {dag.py:3239} INFO - Sync 4 DAGs
[2025-02-23T04:58:46.552+0000] {logging_mixin.py:190} INFO - [2025-02-23T04:58:46.551+0000] {dag.py:4180} INFO - Setting next_dagrun for dataset_alias_example_alias_consumer_with_no_taskflow to None, run_after=None
[2025-02-23T04:58:46.554+0000] {logging_mixin.py:190} INFO - [2025-02-23T04:58:46.554+0000] {dag.py:4180} INFO - Setting next_dagrun for dataset_alias_example_alias_producer_with_no_taskflow to None, run_after=None
[2025-02-23T04:58:46.556+0000] {logging_mixin.py:190} INFO - [2025-02-23T04:58:46.555+0000] {dag.py:4180} INFO - Setting next_dagrun for dataset_s3_bucket_consumer_with_no_taskflow to None, run_after=None
[2025-02-23T04:58:46.557+0000] {logging_mixin.py:190} INFO - [2025-02-23T04:58:46.557+0000] {dag.py:4180} INFO - Setting next_dagrun for dataset_s3_bucket_producer_with_no_taskflow to None, run_after=None
[2025-02-23T04:58:46.576+0000] {processor.py:208} INFO - Processing /home/airflow/.local/lib/python3.12/site-packages/airflow/example_dags/example_dataset_alias_with_no_taskflow.py took 0.581 seconds
