[2025-02-23T04:47:49.369+0000] {processor.py:186} INFO - Started process (PID=89) to work on /home/airflow/.local/lib/python3.12/site-packages/airflow/example_dags/example_task_group.py
[2025-02-23T04:47:49.370+0000] {processor.py:914} INFO - Processing file /home/airflow/.local/lib/python3.12/site-packages/airflow/example_dags/example_task_group.py for tasks to queue
[2025-02-23T04:47:49.372+0000] {logging_mixin.py:190} INFO - [2025-02-23T04:47:49.372+0000] {dagbag.py:588} INFO - Filling up the DagBag from /home/airflow/.local/lib/python3.12/site-packages/airflow/example_dags/example_task_group.py
[2025-02-23T04:47:49.381+0000] {processor.py:925} INFO - DAG(s) 'example_task_group' retrieved from /home/airflow/.local/lib/python3.12/site-packages/airflow/example_dags/example_task_group.py
[2025-02-23T04:47:49.501+0000] {logging_mixin.py:190} INFO - [2025-02-23T04:47:49.500+0000] {override.py:1911} INFO - Created Permission View: can delete on DAG:example_task_group
[2025-02-23T04:47:49.514+0000] {logging_mixin.py:190} INFO - [2025-02-23T04:47:49.514+0000] {override.py:1911} INFO - Created Permission View: can edit on DAG:example_task_group
[2025-02-23T04:47:49.520+0000] {logging_mixin.py:190} INFO - [2025-02-23T04:47:49.520+0000] {override.py:1911} INFO - Created Permission View: can read on DAG:example_task_group
[2025-02-23T04:47:49.525+0000] {logging_mixin.py:190} INFO - [2025-02-23T04:47:49.525+0000] {override.py:1911} INFO - Created Permission View: can create on DAG Run:example_task_group
[2025-02-23T04:47:49.530+0000] {logging_mixin.py:190} INFO - [2025-02-23T04:47:49.530+0000] {override.py:1911} INFO - Created Permission View: menu access on DAG Run:example_task_group
[2025-02-23T04:47:49.535+0000] {logging_mixin.py:190} INFO - [2025-02-23T04:47:49.535+0000] {override.py:1911} INFO - Created Permission View: can delete on DAG Run:example_task_group
[2025-02-23T04:47:49.540+0000] {logging_mixin.py:190} INFO - [2025-02-23T04:47:49.540+0000] {override.py:1911} INFO - Created Permission View: can read on DAG Run:example_task_group
[2025-02-23T04:47:49.540+0000] {logging_mixin.py:190} INFO - [2025-02-23T04:47:49.540+0000] {dag.py:3239} INFO - Sync 1 DAGs
[2025-02-23T04:47:49.553+0000] {logging_mixin.py:190} INFO - [2025-02-23T04:47:49.553+0000] {dag.py:3262} INFO - Creating ORM DAG for example_task_group
[2025-02-23T04:47:49.554+0000] {logging_mixin.py:190} INFO - [2025-02-23T04:47:49.553+0000] {dag.py:4180} INFO - Setting next_dagrun for example_task_group to None, run_after=None
[2025-02-23T04:47:49.567+0000] {processor.py:208} INFO - Processing /home/airflow/.local/lib/python3.12/site-packages/airflow/example_dags/example_task_group.py took 0.204 seconds
[2025-02-23T04:48:19.718+0000] {processor.py:186} INFO - Started process (PID=151) to work on /home/airflow/.local/lib/python3.12/site-packages/airflow/example_dags/example_task_group.py
[2025-02-23T04:48:19.719+0000] {processor.py:914} INFO - Processing file /home/airflow/.local/lib/python3.12/site-packages/airflow/example_dags/example_task_group.py for tasks to queue
[2025-02-23T04:48:19.720+0000] {logging_mixin.py:190} INFO - [2025-02-23T04:48:19.720+0000] {dagbag.py:588} INFO - Filling up the DagBag from /home/airflow/.local/lib/python3.12/site-packages/airflow/example_dags/example_task_group.py
[2025-02-23T04:48:19.727+0000] {processor.py:925} INFO - DAG(s) 'example_task_group' retrieved from /home/airflow/.local/lib/python3.12/site-packages/airflow/example_dags/example_task_group.py
[2025-02-23T04:48:19.746+0000] {logging_mixin.py:190} INFO - [2025-02-23T04:48:19.746+0000] {dag.py:3239} INFO - Sync 1 DAGs
[2025-02-23T04:48:19.761+0000] {logging_mixin.py:190} INFO - [2025-02-23T04:48:19.761+0000] {dag.py:4180} INFO - Setting next_dagrun for example_task_group to None, run_after=None
[2025-02-23T04:48:19.777+0000] {processor.py:208} INFO - Processing /home/airflow/.local/lib/python3.12/site-packages/airflow/example_dags/example_task_group.py took 0.063 seconds
[2025-02-23T04:48:50.070+0000] {processor.py:186} INFO - Started process (PID=214) to work on /home/airflow/.local/lib/python3.12/site-packages/airflow/example_dags/example_task_group.py
[2025-02-23T04:48:50.071+0000] {processor.py:914} INFO - Processing file /home/airflow/.local/lib/python3.12/site-packages/airflow/example_dags/example_task_group.py for tasks to queue
[2025-02-23T04:48:50.072+0000] {logging_mixin.py:190} INFO - [2025-02-23T04:48:50.072+0000] {dagbag.py:588} INFO - Filling up the DagBag from /home/airflow/.local/lib/python3.12/site-packages/airflow/example_dags/example_task_group.py
[2025-02-23T04:48:50.078+0000] {processor.py:925} INFO - DAG(s) 'example_task_group' retrieved from /home/airflow/.local/lib/python3.12/site-packages/airflow/example_dags/example_task_group.py
[2025-02-23T04:48:50.095+0000] {logging_mixin.py:190} INFO - [2025-02-23T04:48:50.095+0000] {dag.py:3239} INFO - Sync 1 DAGs
[2025-02-23T04:48:50.106+0000] {logging_mixin.py:190} INFO - [2025-02-23T04:48:50.105+0000] {dag.py:4180} INFO - Setting next_dagrun for example_task_group to None, run_after=None
[2025-02-23T04:48:50.118+0000] {processor.py:208} INFO - Processing /home/airflow/.local/lib/python3.12/site-packages/airflow/example_dags/example_task_group.py took 0.052 seconds
[2025-02-23T04:49:20.517+0000] {processor.py:186} INFO - Started process (PID=276) to work on /home/airflow/.local/lib/python3.12/site-packages/airflow/example_dags/example_task_group.py
[2025-02-23T04:49:20.518+0000] {processor.py:914} INFO - Processing file /home/airflow/.local/lib/python3.12/site-packages/airflow/example_dags/example_task_group.py for tasks to queue
[2025-02-23T04:49:20.520+0000] {logging_mixin.py:190} INFO - [2025-02-23T04:49:20.520+0000] {dagbag.py:588} INFO - Filling up the DagBag from /home/airflow/.local/lib/python3.12/site-packages/airflow/example_dags/example_task_group.py
[2025-02-23T04:49:20.529+0000] {processor.py:925} INFO - DAG(s) 'example_task_group' retrieved from /home/airflow/.local/lib/python3.12/site-packages/airflow/example_dags/example_task_group.py
[2025-02-23T04:49:20.553+0000] {logging_mixin.py:190} INFO - [2025-02-23T04:49:20.553+0000] {dag.py:3239} INFO - Sync 1 DAGs
[2025-02-23T04:49:20.565+0000] {logging_mixin.py:190} INFO - [2025-02-23T04:49:20.565+0000] {dag.py:4180} INFO - Setting next_dagrun for example_task_group to None, run_after=None
[2025-02-23T04:49:20.578+0000] {processor.py:208} INFO - Processing /home/airflow/.local/lib/python3.12/site-packages/airflow/example_dags/example_task_group.py took 0.067 seconds
[2025-02-23T04:49:50.675+0000] {processor.py:186} INFO - Started process (PID=339) to work on /home/airflow/.local/lib/python3.12/site-packages/airflow/example_dags/example_task_group.py
[2025-02-23T04:49:50.675+0000] {processor.py:914} INFO - Processing file /home/airflow/.local/lib/python3.12/site-packages/airflow/example_dags/example_task_group.py for tasks to queue
[2025-02-23T04:49:50.677+0000] {logging_mixin.py:190} INFO - [2025-02-23T04:49:50.676+0000] {dagbag.py:588} INFO - Filling up the DagBag from /home/airflow/.local/lib/python3.12/site-packages/airflow/example_dags/example_task_group.py
[2025-02-23T04:49:50.683+0000] {processor.py:925} INFO - DAG(s) 'example_task_group' retrieved from /home/airflow/.local/lib/python3.12/site-packages/airflow/example_dags/example_task_group.py
[2025-02-23T04:49:50.699+0000] {logging_mixin.py:190} INFO - [2025-02-23T04:49:50.699+0000] {dag.py:3239} INFO - Sync 1 DAGs
[2025-02-23T04:49:50.709+0000] {logging_mixin.py:190} INFO - [2025-02-23T04:49:50.709+0000] {dag.py:4180} INFO - Setting next_dagrun for example_task_group to None, run_after=None
[2025-02-23T04:49:50.722+0000] {processor.py:208} INFO - Processing /home/airflow/.local/lib/python3.12/site-packages/airflow/example_dags/example_task_group.py took 0.051 seconds
[2025-02-23T04:50:20.968+0000] {processor.py:186} INFO - Started process (PID=402) to work on /home/airflow/.local/lib/python3.12/site-packages/airflow/example_dags/example_task_group.py
[2025-02-23T04:50:20.969+0000] {processor.py:914} INFO - Processing file /home/airflow/.local/lib/python3.12/site-packages/airflow/example_dags/example_task_group.py for tasks to queue
[2025-02-23T04:50:20.971+0000] {logging_mixin.py:190} INFO - [2025-02-23T04:50:20.971+0000] {dagbag.py:588} INFO - Filling up the DagBag from /home/airflow/.local/lib/python3.12/site-packages/airflow/example_dags/example_task_group.py
[2025-02-23T04:50:20.980+0000] {processor.py:925} INFO - DAG(s) 'example_task_group' retrieved from /home/airflow/.local/lib/python3.12/site-packages/airflow/example_dags/example_task_group.py
[2025-02-23T04:50:21.002+0000] {logging_mixin.py:190} INFO - [2025-02-23T04:50:21.002+0000] {dag.py:3239} INFO - Sync 1 DAGs
[2025-02-23T04:50:21.018+0000] {logging_mixin.py:190} INFO - [2025-02-23T04:50:21.018+0000] {dag.py:4180} INFO - Setting next_dagrun for example_task_group to None, run_after=None
[2025-02-23T04:50:21.035+0000] {processor.py:208} INFO - Processing /home/airflow/.local/lib/python3.12/site-packages/airflow/example_dags/example_task_group.py took 0.072 seconds
[2025-02-23T04:50:51.456+0000] {processor.py:186} INFO - Started process (PID=465) to work on /home/airflow/.local/lib/python3.12/site-packages/airflow/example_dags/example_task_group.py
[2025-02-23T04:50:51.457+0000] {processor.py:914} INFO - Processing file /home/airflow/.local/lib/python3.12/site-packages/airflow/example_dags/example_task_group.py for tasks to queue
[2025-02-23T04:50:51.459+0000] {logging_mixin.py:190} INFO - [2025-02-23T04:50:51.459+0000] {dagbag.py:588} INFO - Filling up the DagBag from /home/airflow/.local/lib/python3.12/site-packages/airflow/example_dags/example_task_group.py
[2025-02-23T04:50:51.468+0000] {processor.py:925} INFO - DAG(s) 'example_task_group' retrieved from /home/airflow/.local/lib/python3.12/site-packages/airflow/example_dags/example_task_group.py
[2025-02-23T04:50:51.485+0000] {logging_mixin.py:190} INFO - [2025-02-23T04:50:51.484+0000] {dag.py:3239} INFO - Sync 1 DAGs
[2025-02-23T04:50:51.496+0000] {logging_mixin.py:190} INFO - [2025-02-23T04:50:51.496+0000] {dag.py:4180} INFO - Setting next_dagrun for example_task_group to None, run_after=None
[2025-02-23T04:50:51.508+0000] {processor.py:208} INFO - Processing /home/airflow/.local/lib/python3.12/site-packages/airflow/example_dags/example_task_group.py took 0.058 seconds
[2025-02-23T04:51:22.087+0000] {processor.py:186} INFO - Started process (PID=528) to work on /home/airflow/.local/lib/python3.12/site-packages/airflow/example_dags/example_task_group.py
[2025-02-23T04:51:22.088+0000] {processor.py:914} INFO - Processing file /home/airflow/.local/lib/python3.12/site-packages/airflow/example_dags/example_task_group.py for tasks to queue
[2025-02-23T04:51:22.089+0000] {logging_mixin.py:190} INFO - [2025-02-23T04:51:22.089+0000] {dagbag.py:588} INFO - Filling up the DagBag from /home/airflow/.local/lib/python3.12/site-packages/airflow/example_dags/example_task_group.py
[2025-02-23T04:51:22.096+0000] {processor.py:925} INFO - DAG(s) 'example_task_group' retrieved from /home/airflow/.local/lib/python3.12/site-packages/airflow/example_dags/example_task_group.py
[2025-02-23T04:51:22.113+0000] {logging_mixin.py:190} INFO - [2025-02-23T04:51:22.113+0000] {dag.py:3239} INFO - Sync 1 DAGs
[2025-02-23T04:51:22.123+0000] {logging_mixin.py:190} INFO - [2025-02-23T04:51:22.123+0000] {dag.py:4180} INFO - Setting next_dagrun for example_task_group to None, run_after=None
[2025-02-23T04:51:22.136+0000] {processor.py:208} INFO - Processing /home/airflow/.local/lib/python3.12/site-packages/airflow/example_dags/example_task_group.py took 0.053 seconds
[2025-02-23T04:51:52.415+0000] {processor.py:186} INFO - Started process (PID=591) to work on /home/airflow/.local/lib/python3.12/site-packages/airflow/example_dags/example_task_group.py
[2025-02-23T04:51:52.416+0000] {processor.py:914} INFO - Processing file /home/airflow/.local/lib/python3.12/site-packages/airflow/example_dags/example_task_group.py for tasks to queue
[2025-02-23T04:51:52.418+0000] {logging_mixin.py:190} INFO - [2025-02-23T04:51:52.417+0000] {dagbag.py:588} INFO - Filling up the DagBag from /home/airflow/.local/lib/python3.12/site-packages/airflow/example_dags/example_task_group.py
[2025-02-23T04:51:52.424+0000] {processor.py:925} INFO - DAG(s) 'example_task_group' retrieved from /home/airflow/.local/lib/python3.12/site-packages/airflow/example_dags/example_task_group.py
[2025-02-23T04:51:52.442+0000] {logging_mixin.py:190} INFO - [2025-02-23T04:51:52.442+0000] {dag.py:3239} INFO - Sync 1 DAGs
[2025-02-23T04:51:52.453+0000] {logging_mixin.py:190} INFO - [2025-02-23T04:51:52.453+0000] {dag.py:4180} INFO - Setting next_dagrun for example_task_group to None, run_after=None
[2025-02-23T04:51:52.467+0000] {processor.py:208} INFO - Processing /home/airflow/.local/lib/python3.12/site-packages/airflow/example_dags/example_task_group.py took 0.055 seconds
[2025-02-23T04:52:22.651+0000] {processor.py:186} INFO - Started process (PID=654) to work on /home/airflow/.local/lib/python3.12/site-packages/airflow/example_dags/example_task_group.py
[2025-02-23T04:52:22.652+0000] {processor.py:914} INFO - Processing file /home/airflow/.local/lib/python3.12/site-packages/airflow/example_dags/example_task_group.py for tasks to queue
[2025-02-23T04:52:22.654+0000] {logging_mixin.py:190} INFO - [2025-02-23T04:52:22.653+0000] {dagbag.py:588} INFO - Filling up the DagBag from /home/airflow/.local/lib/python3.12/site-packages/airflow/example_dags/example_task_group.py
[2025-02-23T04:52:22.661+0000] {processor.py:925} INFO - DAG(s) 'example_task_group' retrieved from /home/airflow/.local/lib/python3.12/site-packages/airflow/example_dags/example_task_group.py
[2025-02-23T04:52:22.681+0000] {logging_mixin.py:190} INFO - [2025-02-23T04:52:22.681+0000] {dag.py:3239} INFO - Sync 1 DAGs
[2025-02-23T04:52:22.697+0000] {logging_mixin.py:190} INFO - [2025-02-23T04:52:22.696+0000] {dag.py:4180} INFO - Setting next_dagrun for example_task_group to None, run_after=None
[2025-02-23T04:52:22.713+0000] {processor.py:208} INFO - Processing /home/airflow/.local/lib/python3.12/site-packages/airflow/example_dags/example_task_group.py took 0.066 seconds
[2025-02-23T04:52:52.775+0000] {processor.py:186} INFO - Started process (PID=717) to work on /home/airflow/.local/lib/python3.12/site-packages/airflow/example_dags/example_task_group.py
[2025-02-23T04:52:52.775+0000] {processor.py:914} INFO - Processing file /home/airflow/.local/lib/python3.12/site-packages/airflow/example_dags/example_task_group.py for tasks to queue
[2025-02-23T04:52:52.777+0000] {logging_mixin.py:190} INFO - [2025-02-23T04:52:52.777+0000] {dagbag.py:588} INFO - Filling up the DagBag from /home/airflow/.local/lib/python3.12/site-packages/airflow/example_dags/example_task_group.py
[2025-02-23T04:52:52.786+0000] {processor.py:925} INFO - DAG(s) 'example_task_group' retrieved from /home/airflow/.local/lib/python3.12/site-packages/airflow/example_dags/example_task_group.py
[2025-02-23T04:52:52.803+0000] {logging_mixin.py:190} INFO - [2025-02-23T04:52:52.803+0000] {dag.py:3239} INFO - Sync 1 DAGs
[2025-02-23T04:52:52.814+0000] {logging_mixin.py:190} INFO - [2025-02-23T04:52:52.814+0000] {dag.py:4180} INFO - Setting next_dagrun for example_task_group to None, run_after=None
[2025-02-23T04:52:52.828+0000] {processor.py:208} INFO - Processing /home/airflow/.local/lib/python3.12/site-packages/airflow/example_dags/example_task_group.py took 0.058 seconds
[2025-02-23T04:53:23.165+0000] {processor.py:186} INFO - Started process (PID=780) to work on /home/airflow/.local/lib/python3.12/site-packages/airflow/example_dags/example_task_group.py
[2025-02-23T04:53:23.166+0000] {processor.py:914} INFO - Processing file /home/airflow/.local/lib/python3.12/site-packages/airflow/example_dags/example_task_group.py for tasks to queue
[2025-02-23T04:53:23.167+0000] {logging_mixin.py:190} INFO - [2025-02-23T04:53:23.167+0000] {dagbag.py:588} INFO - Filling up the DagBag from /home/airflow/.local/lib/python3.12/site-packages/airflow/example_dags/example_task_group.py
[2025-02-23T04:53:23.176+0000] {processor.py:925} INFO - DAG(s) 'example_task_group' retrieved from /home/airflow/.local/lib/python3.12/site-packages/airflow/example_dags/example_task_group.py
[2025-02-23T04:53:23.193+0000] {logging_mixin.py:190} INFO - [2025-02-23T04:53:23.193+0000] {dag.py:3239} INFO - Sync 1 DAGs
[2025-02-23T04:53:23.205+0000] {logging_mixin.py:190} INFO - [2025-02-23T04:53:23.205+0000] {dag.py:4180} INFO - Setting next_dagrun for example_task_group to None, run_after=None
[2025-02-23T04:53:23.219+0000] {processor.py:208} INFO - Processing /home/airflow/.local/lib/python3.12/site-packages/airflow/example_dags/example_task_group.py took 0.058 seconds
[2025-02-23T04:53:53.420+0000] {processor.py:186} INFO - Started process (PID=844) to work on /home/airflow/.local/lib/python3.12/site-packages/airflow/example_dags/example_task_group.py
[2025-02-23T04:53:53.421+0000] {processor.py:914} INFO - Processing file /home/airflow/.local/lib/python3.12/site-packages/airflow/example_dags/example_task_group.py for tasks to queue
[2025-02-23T04:53:53.423+0000] {logging_mixin.py:190} INFO - [2025-02-23T04:53:53.422+0000] {dagbag.py:588} INFO - Filling up the DagBag from /home/airflow/.local/lib/python3.12/site-packages/airflow/example_dags/example_task_group.py
[2025-02-23T04:53:53.429+0000] {processor.py:925} INFO - DAG(s) 'example_task_group' retrieved from /home/airflow/.local/lib/python3.12/site-packages/airflow/example_dags/example_task_group.py
[2025-02-23T04:53:53.445+0000] {logging_mixin.py:190} INFO - [2025-02-23T04:53:53.445+0000] {dag.py:3239} INFO - Sync 1 DAGs
[2025-02-23T04:53:53.455+0000] {logging_mixin.py:190} INFO - [2025-02-23T04:53:53.455+0000] {dag.py:4180} INFO - Setting next_dagrun for example_task_group to None, run_after=None
[2025-02-23T04:53:53.467+0000] {processor.py:208} INFO - Processing /home/airflow/.local/lib/python3.12/site-packages/airflow/example_dags/example_task_group.py took 0.052 seconds
[2025-02-23T04:54:23.507+0000] {processor.py:186} INFO - Started process (PID=907) to work on /home/airflow/.local/lib/python3.12/site-packages/airflow/example_dags/example_task_group.py
[2025-02-23T04:54:23.507+0000] {processor.py:914} INFO - Processing file /home/airflow/.local/lib/python3.12/site-packages/airflow/example_dags/example_task_group.py for tasks to queue
[2025-02-23T04:54:23.509+0000] {logging_mixin.py:190} INFO - [2025-02-23T04:54:23.509+0000] {dagbag.py:588} INFO - Filling up the DagBag from /home/airflow/.local/lib/python3.12/site-packages/airflow/example_dags/example_task_group.py
[2025-02-23T04:54:23.518+0000] {processor.py:925} INFO - DAG(s) 'example_task_group' retrieved from /home/airflow/.local/lib/python3.12/site-packages/airflow/example_dags/example_task_group.py
[2025-02-23T04:54:23.536+0000] {logging_mixin.py:190} INFO - [2025-02-23T04:54:23.536+0000] {dag.py:3239} INFO - Sync 1 DAGs
[2025-02-23T04:54:23.548+0000] {logging_mixin.py:190} INFO - [2025-02-23T04:54:23.548+0000] {dag.py:4180} INFO - Setting next_dagrun for example_task_group to None, run_after=None
[2025-02-23T04:54:23.561+0000] {processor.py:208} INFO - Processing /home/airflow/.local/lib/python3.12/site-packages/airflow/example_dags/example_task_group.py took 0.060 seconds
[2025-02-23T04:54:53.753+0000] {processor.py:186} INFO - Started process (PID=970) to work on /home/airflow/.local/lib/python3.12/site-packages/airflow/example_dags/example_task_group.py
[2025-02-23T04:54:53.754+0000] {processor.py:914} INFO - Processing file /home/airflow/.local/lib/python3.12/site-packages/airflow/example_dags/example_task_group.py for tasks to queue
[2025-02-23T04:54:53.756+0000] {logging_mixin.py:190} INFO - [2025-02-23T04:54:53.755+0000] {dagbag.py:588} INFO - Filling up the DagBag from /home/airflow/.local/lib/python3.12/site-packages/airflow/example_dags/example_task_group.py
[2025-02-23T04:54:53.762+0000] {processor.py:925} INFO - DAG(s) 'example_task_group' retrieved from /home/airflow/.local/lib/python3.12/site-packages/airflow/example_dags/example_task_group.py
[2025-02-23T04:54:53.778+0000] {logging_mixin.py:190} INFO - [2025-02-23T04:54:53.778+0000] {dag.py:3239} INFO - Sync 1 DAGs
[2025-02-23T04:54:53.789+0000] {logging_mixin.py:190} INFO - [2025-02-23T04:54:53.789+0000] {dag.py:4180} INFO - Setting next_dagrun for example_task_group to None, run_after=None
[2025-02-23T04:54:53.801+0000] {processor.py:208} INFO - Processing /home/airflow/.local/lib/python3.12/site-packages/airflow/example_dags/example_task_group.py took 0.052 seconds
[2025-02-23T04:55:23.982+0000] {processor.py:186} INFO - Started process (PID=1033) to work on /home/airflow/.local/lib/python3.12/site-packages/airflow/example_dags/example_task_group.py
[2025-02-23T04:55:23.983+0000] {processor.py:914} INFO - Processing file /home/airflow/.local/lib/python3.12/site-packages/airflow/example_dags/example_task_group.py for tasks to queue
[2025-02-23T04:55:23.985+0000] {logging_mixin.py:190} INFO - [2025-02-23T04:55:23.984+0000] {dagbag.py:588} INFO - Filling up the DagBag from /home/airflow/.local/lib/python3.12/site-packages/airflow/example_dags/example_task_group.py
[2025-02-23T04:55:23.991+0000] {processor.py:925} INFO - DAG(s) 'example_task_group' retrieved from /home/airflow/.local/lib/python3.12/site-packages/airflow/example_dags/example_task_group.py
[2025-02-23T04:55:24.011+0000] {logging_mixin.py:190} INFO - [2025-02-23T04:55:24.011+0000] {dag.py:3239} INFO - Sync 1 DAGs
[2025-02-23T04:55:24.026+0000] {logging_mixin.py:190} INFO - [2025-02-23T04:55:24.026+0000] {dag.py:4180} INFO - Setting next_dagrun for example_task_group to None, run_after=None
[2025-02-23T04:55:24.040+0000] {processor.py:208} INFO - Processing /home/airflow/.local/lib/python3.12/site-packages/airflow/example_dags/example_task_group.py took 0.062 seconds
[2025-02-23T04:55:54.336+0000] {processor.py:186} INFO - Started process (PID=1096) to work on /home/airflow/.local/lib/python3.12/site-packages/airflow/example_dags/example_task_group.py
[2025-02-23T04:55:54.337+0000] {processor.py:914} INFO - Processing file /home/airflow/.local/lib/python3.12/site-packages/airflow/example_dags/example_task_group.py for tasks to queue
[2025-02-23T04:55:54.338+0000] {logging_mixin.py:190} INFO - [2025-02-23T04:55:54.338+0000] {dagbag.py:588} INFO - Filling up the DagBag from /home/airflow/.local/lib/python3.12/site-packages/airflow/example_dags/example_task_group.py
[2025-02-23T04:55:54.345+0000] {processor.py:925} INFO - DAG(s) 'example_task_group' retrieved from /home/airflow/.local/lib/python3.12/site-packages/airflow/example_dags/example_task_group.py
[2025-02-23T04:55:54.365+0000] {logging_mixin.py:190} INFO - [2025-02-23T04:55:54.365+0000] {dag.py:3239} INFO - Sync 1 DAGs
[2025-02-23T04:55:54.381+0000] {logging_mixin.py:190} INFO - [2025-02-23T04:55:54.381+0000] {dag.py:4180} INFO - Setting next_dagrun for example_task_group to None, run_after=None
[2025-02-23T04:55:54.395+0000] {processor.py:208} INFO - Processing /home/airflow/.local/lib/python3.12/site-packages/airflow/example_dags/example_task_group.py took 0.063 seconds
[2025-02-23T04:56:24.561+0000] {processor.py:186} INFO - Started process (PID=1159) to work on /home/airflow/.local/lib/python3.12/site-packages/airflow/example_dags/example_task_group.py
[2025-02-23T04:56:24.563+0000] {processor.py:914} INFO - Processing file /home/airflow/.local/lib/python3.12/site-packages/airflow/example_dags/example_task_group.py for tasks to queue
[2025-02-23T04:56:24.565+0000] {logging_mixin.py:190} INFO - [2025-02-23T04:56:24.565+0000] {dagbag.py:588} INFO - Filling up the DagBag from /home/airflow/.local/lib/python3.12/site-packages/airflow/example_dags/example_task_group.py
[2025-02-23T04:56:24.577+0000] {processor.py:925} INFO - DAG(s) 'example_task_group' retrieved from /home/airflow/.local/lib/python3.12/site-packages/airflow/example_dags/example_task_group.py
[2025-02-23T04:56:24.604+0000] {logging_mixin.py:190} INFO - [2025-02-23T04:56:24.603+0000] {dag.py:3239} INFO - Sync 1 DAGs
[2025-02-23T04:56:24.619+0000] {logging_mixin.py:190} INFO - [2025-02-23T04:56:24.619+0000] {dag.py:4180} INFO - Setting next_dagrun for example_task_group to None, run_after=None
[2025-02-23T04:56:24.636+0000] {processor.py:208} INFO - Processing /home/airflow/.local/lib/python3.12/site-packages/airflow/example_dags/example_task_group.py took 0.081 seconds
[2025-02-23T04:56:54.720+0000] {processor.py:186} INFO - Started process (PID=1222) to work on /home/airflow/.local/lib/python3.12/site-packages/airflow/example_dags/example_task_group.py
[2025-02-23T04:56:54.721+0000] {processor.py:914} INFO - Processing file /home/airflow/.local/lib/python3.12/site-packages/airflow/example_dags/example_task_group.py for tasks to queue
[2025-02-23T04:56:54.723+0000] {logging_mixin.py:190} INFO - [2025-02-23T04:56:54.723+0000] {dagbag.py:588} INFO - Filling up the DagBag from /home/airflow/.local/lib/python3.12/site-packages/airflow/example_dags/example_task_group.py
[2025-02-23T04:56:54.731+0000] {processor.py:925} INFO - DAG(s) 'example_task_group' retrieved from /home/airflow/.local/lib/python3.12/site-packages/airflow/example_dags/example_task_group.py
[2025-02-23T04:56:54.752+0000] {logging_mixin.py:190} INFO - [2025-02-23T04:56:54.751+0000] {dag.py:3239} INFO - Sync 1 DAGs
[2025-02-23T04:56:54.768+0000] {logging_mixin.py:190} INFO - [2025-02-23T04:56:54.768+0000] {dag.py:4180} INFO - Setting next_dagrun for example_task_group to None, run_after=None
[2025-02-23T04:56:54.782+0000] {processor.py:208} INFO - Processing /home/airflow/.local/lib/python3.12/site-packages/airflow/example_dags/example_task_group.py took 0.068 seconds
[2025-02-23T04:57:24.935+0000] {processor.py:186} INFO - Started process (PID=1285) to work on /home/airflow/.local/lib/python3.12/site-packages/airflow/example_dags/example_task_group.py
[2025-02-23T04:57:24.936+0000] {processor.py:914} INFO - Processing file /home/airflow/.local/lib/python3.12/site-packages/airflow/example_dags/example_task_group.py for tasks to queue
[2025-02-23T04:57:24.938+0000] {logging_mixin.py:190} INFO - [2025-02-23T04:57:24.937+0000] {dagbag.py:588} INFO - Filling up the DagBag from /home/airflow/.local/lib/python3.12/site-packages/airflow/example_dags/example_task_group.py
[2025-02-23T04:57:24.944+0000] {processor.py:925} INFO - DAG(s) 'example_task_group' retrieved from /home/airflow/.local/lib/python3.12/site-packages/airflow/example_dags/example_task_group.py
[2025-02-23T04:57:24.960+0000] {logging_mixin.py:190} INFO - [2025-02-23T04:57:24.959+0000] {dag.py:3239} INFO - Sync 1 DAGs
[2025-02-23T04:57:24.970+0000] {logging_mixin.py:190} INFO - [2025-02-23T04:57:24.970+0000] {dag.py:4180} INFO - Setting next_dagrun for example_task_group to None, run_after=None
[2025-02-23T04:57:24.982+0000] {processor.py:208} INFO - Processing /home/airflow/.local/lib/python3.12/site-packages/airflow/example_dags/example_task_group.py took 0.051 seconds
[2025-02-23T04:57:55.478+0000] {processor.py:186} INFO - Started process (PID=1349) to work on /home/airflow/.local/lib/python3.12/site-packages/airflow/example_dags/example_task_group.py
[2025-02-23T04:57:55.479+0000] {processor.py:914} INFO - Processing file /home/airflow/.local/lib/python3.12/site-packages/airflow/example_dags/example_task_group.py for tasks to queue
[2025-02-23T04:57:55.481+0000] {logging_mixin.py:190} INFO - [2025-02-23T04:57:55.481+0000] {dagbag.py:588} INFO - Filling up the DagBag from /home/airflow/.local/lib/python3.12/site-packages/airflow/example_dags/example_task_group.py
[2025-02-23T04:57:55.490+0000] {processor.py:925} INFO - DAG(s) 'example_task_group' retrieved from /home/airflow/.local/lib/python3.12/site-packages/airflow/example_dags/example_task_group.py
[2025-02-23T04:57:55.505+0000] {logging_mixin.py:190} INFO - [2025-02-23T04:57:55.505+0000] {dag.py:3239} INFO - Sync 1 DAGs
[2025-02-23T04:57:55.517+0000] {logging_mixin.py:190} INFO - [2025-02-23T04:57:55.517+0000] {dag.py:4180} INFO - Setting next_dagrun for example_task_group to None, run_after=None
[2025-02-23T04:57:55.529+0000] {processor.py:208} INFO - Processing /home/airflow/.local/lib/python3.12/site-packages/airflow/example_dags/example_task_group.py took 0.057 seconds
[2025-02-23T04:58:25.963+0000] {processor.py:186} INFO - Started process (PID=1412) to work on /home/airflow/.local/lib/python3.12/site-packages/airflow/example_dags/example_task_group.py
[2025-02-23T04:58:25.964+0000] {processor.py:914} INFO - Processing file /home/airflow/.local/lib/python3.12/site-packages/airflow/example_dags/example_task_group.py for tasks to queue
[2025-02-23T04:58:25.966+0000] {logging_mixin.py:190} INFO - [2025-02-23T04:58:25.965+0000] {dagbag.py:588} INFO - Filling up the DagBag from /home/airflow/.local/lib/python3.12/site-packages/airflow/example_dags/example_task_group.py
[2025-02-23T04:58:25.972+0000] {processor.py:925} INFO - DAG(s) 'example_task_group' retrieved from /home/airflow/.local/lib/python3.12/site-packages/airflow/example_dags/example_task_group.py
[2025-02-23T04:58:25.989+0000] {logging_mixin.py:190} INFO - [2025-02-23T04:58:25.989+0000] {dag.py:3239} INFO - Sync 1 DAGs
[2025-02-23T04:58:25.999+0000] {logging_mixin.py:190} INFO - [2025-02-23T04:58:25.999+0000] {dag.py:4180} INFO - Setting next_dagrun for example_task_group to None, run_after=None
[2025-02-23T04:58:26.013+0000] {processor.py:208} INFO - Processing /home/airflow/.local/lib/python3.12/site-packages/airflow/example_dags/example_task_group.py took 0.054 seconds
