[2025-02-23T04:47:53.258+0000] {processor.py:186} INFO - Started process (PID=107) to work on /home/airflow/.local/lib/python3.12/site-packages/airflow/example_dags/example_short_circuit_operator.py
[2025-02-23T04:47:53.258+0000] {processor.py:914} INFO - Processing file /home/airflow/.local/lib/python3.12/site-packages/airflow/example_dags/example_short_circuit_operator.py for tasks to queue
[2025-02-23T04:47:53.260+0000] {logging_mixin.py:190} INFO - [2025-02-23T04:47:53.260+0000] {dagbag.py:588} INFO - Filling up the DagBag from /home/airflow/.local/lib/python3.12/site-packages/airflow/example_dags/example_short_circuit_operator.py
[2025-02-23T04:47:53.268+0000] {processor.py:925} INFO - DAG(s) 'example_short_circuit_operator' retrieved from /home/airflow/.local/lib/python3.12/site-packages/airflow/example_dags/example_short_circuit_operator.py
[2025-02-23T04:47:53.354+0000] {logging_mixin.py:190} INFO - [2025-02-23T04:47:53.354+0000] {override.py:1911} INFO - Created Permission View: can delete on DAG:example_short_circuit_operator
[2025-02-23T04:47:53.362+0000] {logging_mixin.py:190} INFO - [2025-02-23T04:47:53.362+0000] {override.py:1911} INFO - Created Permission View: can edit on DAG:example_short_circuit_operator
[2025-02-23T04:47:53.367+0000] {logging_mixin.py:190} INFO - [2025-02-23T04:47:53.367+0000] {override.py:1911} INFO - Created Permission View: can read on DAG:example_short_circuit_operator
[2025-02-23T04:47:53.372+0000] {logging_mixin.py:190} INFO - [2025-02-23T04:47:53.372+0000] {override.py:1911} INFO - Created Permission View: can create on DAG Run:example_short_circuit_operator
[2025-02-23T04:47:53.378+0000] {logging_mixin.py:190} INFO - [2025-02-23T04:47:53.377+0000] {override.py:1911} INFO - Created Permission View: menu access on DAG Run:example_short_circuit_operator
[2025-02-23T04:47:53.382+0000] {logging_mixin.py:190} INFO - [2025-02-23T04:47:53.382+0000] {override.py:1911} INFO - Created Permission View: can delete on DAG Run:example_short_circuit_operator
[2025-02-23T04:47:53.387+0000] {logging_mixin.py:190} INFO - [2025-02-23T04:47:53.386+0000] {override.py:1911} INFO - Created Permission View: can read on DAG Run:example_short_circuit_operator
[2025-02-23T04:47:53.387+0000] {logging_mixin.py:190} INFO - [2025-02-23T04:47:53.387+0000] {dag.py:3239} INFO - Sync 1 DAGs
[2025-02-23T04:47:53.403+0000] {logging_mixin.py:190} INFO - [2025-02-23T04:47:53.403+0000] {dag.py:3262} INFO - Creating ORM DAG for example_short_circuit_operator
[2025-02-23T04:47:53.403+0000] {logging_mixin.py:190} INFO - [2025-02-23T04:47:53.403+0000] {dag.py:4180} INFO - Setting next_dagrun for example_short_circuit_operator to None, run_after=None
[2025-02-23T04:47:53.417+0000] {processor.py:208} INFO - Processing /home/airflow/.local/lib/python3.12/site-packages/airflow/example_dags/example_short_circuit_operator.py took 0.164 seconds
[2025-02-23T04:48:24.036+0000] {processor.py:186} INFO - Started process (PID=169) to work on /home/airflow/.local/lib/python3.12/site-packages/airflow/example_dags/example_short_circuit_operator.py
[2025-02-23T04:48:24.037+0000] {processor.py:914} INFO - Processing file /home/airflow/.local/lib/python3.12/site-packages/airflow/example_dags/example_short_circuit_operator.py for tasks to queue
[2025-02-23T04:48:24.039+0000] {logging_mixin.py:190} INFO - [2025-02-23T04:48:24.039+0000] {dagbag.py:588} INFO - Filling up the DagBag from /home/airflow/.local/lib/python3.12/site-packages/airflow/example_dags/example_short_circuit_operator.py
[2025-02-23T04:48:24.047+0000] {processor.py:925} INFO - DAG(s) 'example_short_circuit_operator' retrieved from /home/airflow/.local/lib/python3.12/site-packages/airflow/example_dags/example_short_circuit_operator.py
[2025-02-23T04:48:24.064+0000] {logging_mixin.py:190} INFO - [2025-02-23T04:48:24.064+0000] {dag.py:3239} INFO - Sync 1 DAGs
[2025-02-23T04:48:24.076+0000] {logging_mixin.py:190} INFO - [2025-02-23T04:48:24.076+0000] {dag.py:4180} INFO - Setting next_dagrun for example_short_circuit_operator to None, run_after=None
[2025-02-23T04:48:24.091+0000] {processor.py:208} INFO - Processing /home/airflow/.local/lib/python3.12/site-packages/airflow/example_dags/example_short_circuit_operator.py took 0.061 seconds
[2025-02-23T04:48:54.676+0000] {processor.py:186} INFO - Started process (PID=232) to work on /home/airflow/.local/lib/python3.12/site-packages/airflow/example_dags/example_short_circuit_operator.py
[2025-02-23T04:48:54.676+0000] {processor.py:914} INFO - Processing file /home/airflow/.local/lib/python3.12/site-packages/airflow/example_dags/example_short_circuit_operator.py for tasks to queue
[2025-02-23T04:48:54.678+0000] {logging_mixin.py:190} INFO - [2025-02-23T04:48:54.677+0000] {dagbag.py:588} INFO - Filling up the DagBag from /home/airflow/.local/lib/python3.12/site-packages/airflow/example_dags/example_short_circuit_operator.py
[2025-02-23T04:48:54.685+0000] {processor.py:925} INFO - DAG(s) 'example_short_circuit_operator' retrieved from /home/airflow/.local/lib/python3.12/site-packages/airflow/example_dags/example_short_circuit_operator.py
[2025-02-23T04:48:54.703+0000] {logging_mixin.py:190} INFO - [2025-02-23T04:48:54.703+0000] {dag.py:3239} INFO - Sync 1 DAGs
[2025-02-23T04:48:54.713+0000] {logging_mixin.py:190} INFO - [2025-02-23T04:48:54.713+0000] {dag.py:4180} INFO - Setting next_dagrun for example_short_circuit_operator to None, run_after=None
[2025-02-23T04:48:54.725+0000] {processor.py:208} INFO - Processing /home/airflow/.local/lib/python3.12/site-packages/airflow/example_dags/example_short_circuit_operator.py took 0.054 seconds
[2025-02-23T04:49:25.408+0000] {processor.py:186} INFO - Started process (PID=295) to work on /home/airflow/.local/lib/python3.12/site-packages/airflow/example_dags/example_short_circuit_operator.py
[2025-02-23T04:49:25.409+0000] {processor.py:914} INFO - Processing file /home/airflow/.local/lib/python3.12/site-packages/airflow/example_dags/example_short_circuit_operator.py for tasks to queue
[2025-02-23T04:49:25.411+0000] {logging_mixin.py:190} INFO - [2025-02-23T04:49:25.411+0000] {dagbag.py:588} INFO - Filling up the DagBag from /home/airflow/.local/lib/python3.12/site-packages/airflow/example_dags/example_short_circuit_operator.py
[2025-02-23T04:49:25.419+0000] {processor.py:925} INFO - DAG(s) 'example_short_circuit_operator' retrieved from /home/airflow/.local/lib/python3.12/site-packages/airflow/example_dags/example_short_circuit_operator.py
[2025-02-23T04:49:25.436+0000] {logging_mixin.py:190} INFO - [2025-02-23T04:49:25.436+0000] {dag.py:3239} INFO - Sync 1 DAGs
[2025-02-23T04:49:25.447+0000] {logging_mixin.py:190} INFO - [2025-02-23T04:49:25.447+0000] {dag.py:4180} INFO - Setting next_dagrun for example_short_circuit_operator to None, run_after=None
[2025-02-23T04:49:25.460+0000] {processor.py:208} INFO - Processing /home/airflow/.local/lib/python3.12/site-packages/airflow/example_dags/example_short_circuit_operator.py took 0.058 seconds
[2025-02-23T04:49:56.382+0000] {processor.py:186} INFO - Started process (PID=357) to work on /home/airflow/.local/lib/python3.12/site-packages/airflow/example_dags/example_short_circuit_operator.py
[2025-02-23T04:49:56.383+0000] {processor.py:914} INFO - Processing file /home/airflow/.local/lib/python3.12/site-packages/airflow/example_dags/example_short_circuit_operator.py for tasks to queue
[2025-02-23T04:49:56.384+0000] {logging_mixin.py:190} INFO - [2025-02-23T04:49:56.384+0000] {dagbag.py:588} INFO - Filling up the DagBag from /home/airflow/.local/lib/python3.12/site-packages/airflow/example_dags/example_short_circuit_operator.py
[2025-02-23T04:49:56.391+0000] {processor.py:925} INFO - DAG(s) 'example_short_circuit_operator' retrieved from /home/airflow/.local/lib/python3.12/site-packages/airflow/example_dags/example_short_circuit_operator.py
[2025-02-23T04:49:56.409+0000] {logging_mixin.py:190} INFO - [2025-02-23T04:49:56.409+0000] {dag.py:3239} INFO - Sync 1 DAGs
[2025-02-23T04:49:56.421+0000] {logging_mixin.py:190} INFO - [2025-02-23T04:49:56.421+0000] {dag.py:4180} INFO - Setting next_dagrun for example_short_circuit_operator to None, run_after=None
[2025-02-23T04:49:56.434+0000] {processor.py:208} INFO - Processing /home/airflow/.local/lib/python3.12/site-packages/airflow/example_dags/example_short_circuit_operator.py took 0.058 seconds
[2025-02-23T04:50:27.521+0000] {processor.py:186} INFO - Started process (PID=420) to work on /home/airflow/.local/lib/python3.12/site-packages/airflow/example_dags/example_short_circuit_operator.py
[2025-02-23T04:50:27.522+0000] {processor.py:914} INFO - Processing file /home/airflow/.local/lib/python3.12/site-packages/airflow/example_dags/example_short_circuit_operator.py for tasks to queue
[2025-02-23T04:50:27.523+0000] {logging_mixin.py:190} INFO - [2025-02-23T04:50:27.523+0000] {dagbag.py:588} INFO - Filling up the DagBag from /home/airflow/.local/lib/python3.12/site-packages/airflow/example_dags/example_short_circuit_operator.py
[2025-02-23T04:50:27.530+0000] {processor.py:925} INFO - DAG(s) 'example_short_circuit_operator' retrieved from /home/airflow/.local/lib/python3.12/site-packages/airflow/example_dags/example_short_circuit_operator.py
[2025-02-23T04:50:27.549+0000] {logging_mixin.py:190} INFO - [2025-02-23T04:50:27.549+0000] {dag.py:3239} INFO - Sync 1 DAGs
[2025-02-23T04:50:27.561+0000] {logging_mixin.py:190} INFO - [2025-02-23T04:50:27.561+0000] {dag.py:4180} INFO - Setting next_dagrun for example_short_circuit_operator to None, run_after=None
[2025-02-23T04:50:27.574+0000] {processor.py:208} INFO - Processing /home/airflow/.local/lib/python3.12/site-packages/airflow/example_dags/example_short_circuit_operator.py took 0.057 seconds
[2025-02-23T04:50:59.266+0000] {processor.py:186} INFO - Started process (PID=484) to work on /home/airflow/.local/lib/python3.12/site-packages/airflow/example_dags/example_short_circuit_operator.py
[2025-02-23T04:50:59.266+0000] {processor.py:914} INFO - Processing file /home/airflow/.local/lib/python3.12/site-packages/airflow/example_dags/example_short_circuit_operator.py for tasks to queue
[2025-02-23T04:50:59.269+0000] {logging_mixin.py:190} INFO - [2025-02-23T04:50:59.268+0000] {dagbag.py:588} INFO - Filling up the DagBag from /home/airflow/.local/lib/python3.12/site-packages/airflow/example_dags/example_short_circuit_operator.py
[2025-02-23T04:50:59.280+0000] {processor.py:925} INFO - DAG(s) 'example_short_circuit_operator' retrieved from /home/airflow/.local/lib/python3.12/site-packages/airflow/example_dags/example_short_circuit_operator.py
[2025-02-23T04:50:59.308+0000] {logging_mixin.py:190} INFO - [2025-02-23T04:50:59.308+0000] {dag.py:3239} INFO - Sync 1 DAGs
[2025-02-23T04:50:59.323+0000] {logging_mixin.py:190} INFO - [2025-02-23T04:50:59.323+0000] {dag.py:4180} INFO - Setting next_dagrun for example_short_circuit_operator to None, run_after=None
[2025-02-23T04:50:59.339+0000] {processor.py:208} INFO - Processing /home/airflow/.local/lib/python3.12/site-packages/airflow/example_dags/example_short_circuit_operator.py took 0.080 seconds
[2025-02-23T04:51:29.500+0000] {processor.py:186} INFO - Started process (PID=547) to work on /home/airflow/.local/lib/python3.12/site-packages/airflow/example_dags/example_short_circuit_operator.py
[2025-02-23T04:51:29.500+0000] {processor.py:914} INFO - Processing file /home/airflow/.local/lib/python3.12/site-packages/airflow/example_dags/example_short_circuit_operator.py for tasks to queue
[2025-02-23T04:51:29.502+0000] {logging_mixin.py:190} INFO - [2025-02-23T04:51:29.502+0000] {dagbag.py:588} INFO - Filling up the DagBag from /home/airflow/.local/lib/python3.12/site-packages/airflow/example_dags/example_short_circuit_operator.py
[2025-02-23T04:51:29.509+0000] {processor.py:925} INFO - DAG(s) 'example_short_circuit_operator' retrieved from /home/airflow/.local/lib/python3.12/site-packages/airflow/example_dags/example_short_circuit_operator.py
[2025-02-23T04:51:29.533+0000] {logging_mixin.py:190} INFO - [2025-02-23T04:51:29.533+0000] {dag.py:3239} INFO - Sync 1 DAGs
[2025-02-23T04:51:29.549+0000] {logging_mixin.py:190} INFO - [2025-02-23T04:51:29.548+0000] {dag.py:4180} INFO - Setting next_dagrun for example_short_circuit_operator to None, run_after=None
[2025-02-23T04:51:29.565+0000] {processor.py:208} INFO - Processing /home/airflow/.local/lib/python3.12/site-packages/airflow/example_dags/example_short_circuit_operator.py took 0.070 seconds
[2025-02-23T04:52:01.191+0000] {processor.py:186} INFO - Started process (PID=610) to work on /home/airflow/.local/lib/python3.12/site-packages/airflow/example_dags/example_short_circuit_operator.py
[2025-02-23T04:52:01.192+0000] {processor.py:914} INFO - Processing file /home/airflow/.local/lib/python3.12/site-packages/airflow/example_dags/example_short_circuit_operator.py for tasks to queue
[2025-02-23T04:52:01.194+0000] {logging_mixin.py:190} INFO - [2025-02-23T04:52:01.194+0000] {dagbag.py:588} INFO - Filling up the DagBag from /home/airflow/.local/lib/python3.12/site-packages/airflow/example_dags/example_short_circuit_operator.py
[2025-02-23T04:52:01.203+0000] {processor.py:925} INFO - DAG(s) 'example_short_circuit_operator' retrieved from /home/airflow/.local/lib/python3.12/site-packages/airflow/example_dags/example_short_circuit_operator.py
[2025-02-23T04:52:01.227+0000] {logging_mixin.py:190} INFO - [2025-02-23T04:52:01.227+0000] {dag.py:3239} INFO - Sync 1 DAGs
[2025-02-23T04:52:01.242+0000] {logging_mixin.py:190} INFO - [2025-02-23T04:52:01.242+0000] {dag.py:4180} INFO - Setting next_dagrun for example_short_circuit_operator to None, run_after=None
[2025-02-23T04:52:01.259+0000] {processor.py:208} INFO - Processing /home/airflow/.local/lib/python3.12/site-packages/airflow/example_dags/example_short_circuit_operator.py took 0.074 seconds
[2025-02-23T04:52:31.711+0000] {processor.py:186} INFO - Started process (PID=673) to work on /home/airflow/.local/lib/python3.12/site-packages/airflow/example_dags/example_short_circuit_operator.py
[2025-02-23T04:52:31.712+0000] {processor.py:914} INFO - Processing file /home/airflow/.local/lib/python3.12/site-packages/airflow/example_dags/example_short_circuit_operator.py for tasks to queue
[2025-02-23T04:52:31.714+0000] {logging_mixin.py:190} INFO - [2025-02-23T04:52:31.713+0000] {dagbag.py:588} INFO - Filling up the DagBag from /home/airflow/.local/lib/python3.12/site-packages/airflow/example_dags/example_short_circuit_operator.py
[2025-02-23T04:52:31.723+0000] {processor.py:925} INFO - DAG(s) 'example_short_circuit_operator' retrieved from /home/airflow/.local/lib/python3.12/site-packages/airflow/example_dags/example_short_circuit_operator.py
[2025-02-23T04:52:31.749+0000] {logging_mixin.py:190} INFO - [2025-02-23T04:52:31.748+0000] {dag.py:3239} INFO - Sync 1 DAGs
[2025-02-23T04:52:31.765+0000] {logging_mixin.py:190} INFO - [2025-02-23T04:52:31.764+0000] {dag.py:4180} INFO - Setting next_dagrun for example_short_circuit_operator to None, run_after=None
[2025-02-23T04:52:31.782+0000] {processor.py:208} INFO - Processing /home/airflow/.local/lib/python3.12/site-packages/airflow/example_dags/example_short_circuit_operator.py took 0.078 seconds
[2025-02-23T04:53:02.610+0000] {processor.py:186} INFO - Started process (PID=736) to work on /home/airflow/.local/lib/python3.12/site-packages/airflow/example_dags/example_short_circuit_operator.py
[2025-02-23T04:53:02.611+0000] {processor.py:914} INFO - Processing file /home/airflow/.local/lib/python3.12/site-packages/airflow/example_dags/example_short_circuit_operator.py for tasks to queue
[2025-02-23T04:53:02.613+0000] {logging_mixin.py:190} INFO - [2025-02-23T04:53:02.612+0000] {dagbag.py:588} INFO - Filling up the DagBag from /home/airflow/.local/lib/python3.12/site-packages/airflow/example_dags/example_short_circuit_operator.py
[2025-02-23T04:53:02.619+0000] {processor.py:925} INFO - DAG(s) 'example_short_circuit_operator' retrieved from /home/airflow/.local/lib/python3.12/site-packages/airflow/example_dags/example_short_circuit_operator.py
[2025-02-23T04:53:02.637+0000] {logging_mixin.py:190} INFO - [2025-02-23T04:53:02.636+0000] {dag.py:3239} INFO - Sync 1 DAGs
[2025-02-23T04:53:02.647+0000] {logging_mixin.py:190} INFO - [2025-02-23T04:53:02.647+0000] {dag.py:4180} INFO - Setting next_dagrun for example_short_circuit_operator to None, run_after=None
[2025-02-23T04:53:02.660+0000] {processor.py:208} INFO - Processing /home/airflow/.local/lib/python3.12/site-packages/airflow/example_dags/example_short_circuit_operator.py took 0.054 seconds
[2025-02-23T04:53:33.976+0000] {processor.py:186} INFO - Started process (PID=799) to work on /home/airflow/.local/lib/python3.12/site-packages/airflow/example_dags/example_short_circuit_operator.py
[2025-02-23T04:53:33.977+0000] {processor.py:914} INFO - Processing file /home/airflow/.local/lib/python3.12/site-packages/airflow/example_dags/example_short_circuit_operator.py for tasks to queue
[2025-02-23T04:53:33.979+0000] {logging_mixin.py:190} INFO - [2025-02-23T04:53:33.978+0000] {dagbag.py:588} INFO - Filling up the DagBag from /home/airflow/.local/lib/python3.12/site-packages/airflow/example_dags/example_short_circuit_operator.py
[2025-02-23T04:53:33.985+0000] {processor.py:925} INFO - DAG(s) 'example_short_circuit_operator' retrieved from /home/airflow/.local/lib/python3.12/site-packages/airflow/example_dags/example_short_circuit_operator.py
[2025-02-23T04:53:34.004+0000] {logging_mixin.py:190} INFO - [2025-02-23T04:53:34.003+0000] {dag.py:3239} INFO - Sync 1 DAGs
[2025-02-23T04:53:34.017+0000] {logging_mixin.py:190} INFO - [2025-02-23T04:53:34.016+0000] {dag.py:4180} INFO - Setting next_dagrun for example_short_circuit_operator to None, run_after=None
[2025-02-23T04:53:34.030+0000] {processor.py:208} INFO - Processing /home/airflow/.local/lib/python3.12/site-packages/airflow/example_dags/example_short_circuit_operator.py took 0.058 seconds
[2025-02-23T04:54:05.386+0000] {processor.py:186} INFO - Started process (PID=863) to work on /home/airflow/.local/lib/python3.12/site-packages/airflow/example_dags/example_short_circuit_operator.py
[2025-02-23T04:54:05.386+0000] {processor.py:914} INFO - Processing file /home/airflow/.local/lib/python3.12/site-packages/airflow/example_dags/example_short_circuit_operator.py for tasks to queue
[2025-02-23T04:54:05.388+0000] {logging_mixin.py:190} INFO - [2025-02-23T04:54:05.388+0000] {dagbag.py:588} INFO - Filling up the DagBag from /home/airflow/.local/lib/python3.12/site-packages/airflow/example_dags/example_short_circuit_operator.py
[2025-02-23T04:54:05.394+0000] {processor.py:925} INFO - DAG(s) 'example_short_circuit_operator' retrieved from /home/airflow/.local/lib/python3.12/site-packages/airflow/example_dags/example_short_circuit_operator.py
[2025-02-23T04:54:05.411+0000] {logging_mixin.py:190} INFO - [2025-02-23T04:54:05.411+0000] {dag.py:3239} INFO - Sync 1 DAGs
[2025-02-23T04:54:05.421+0000] {logging_mixin.py:190} INFO - [2025-02-23T04:54:05.421+0000] {dag.py:4180} INFO - Setting next_dagrun for example_short_circuit_operator to None, run_after=None
[2025-02-23T04:54:05.435+0000] {processor.py:208} INFO - Processing /home/airflow/.local/lib/python3.12/site-packages/airflow/example_dags/example_short_circuit_operator.py took 0.054 seconds
[2025-02-23T04:54:36.584+0000] {processor.py:186} INFO - Started process (PID=926) to work on /home/airflow/.local/lib/python3.12/site-packages/airflow/example_dags/example_short_circuit_operator.py
[2025-02-23T04:54:36.585+0000] {processor.py:914} INFO - Processing file /home/airflow/.local/lib/python3.12/site-packages/airflow/example_dags/example_short_circuit_operator.py for tasks to queue
[2025-02-23T04:54:36.587+0000] {logging_mixin.py:190} INFO - [2025-02-23T04:54:36.587+0000] {dagbag.py:588} INFO - Filling up the DagBag from /home/airflow/.local/lib/python3.12/site-packages/airflow/example_dags/example_short_circuit_operator.py
[2025-02-23T04:54:36.596+0000] {processor.py:925} INFO - DAG(s) 'example_short_circuit_operator' retrieved from /home/airflow/.local/lib/python3.12/site-packages/airflow/example_dags/example_short_circuit_operator.py
[2025-02-23T04:54:36.618+0000] {logging_mixin.py:190} INFO - [2025-02-23T04:54:36.617+0000] {dag.py:3239} INFO - Sync 1 DAGs
[2025-02-23T04:54:36.631+0000] {logging_mixin.py:190} INFO - [2025-02-23T04:54:36.631+0000] {dag.py:4180} INFO - Setting next_dagrun for example_short_circuit_operator to None, run_after=None
[2025-02-23T04:54:36.645+0000] {processor.py:208} INFO - Processing /home/airflow/.local/lib/python3.12/site-packages/airflow/example_dags/example_short_circuit_operator.py took 0.066 seconds
[2025-02-23T04:55:07.703+0000] {processor.py:186} INFO - Started process (PID=989) to work on /home/airflow/.local/lib/python3.12/site-packages/airflow/example_dags/example_short_circuit_operator.py
[2025-02-23T04:55:07.704+0000] {processor.py:914} INFO - Processing file /home/airflow/.local/lib/python3.12/site-packages/airflow/example_dags/example_short_circuit_operator.py for tasks to queue
[2025-02-23T04:55:07.706+0000] {logging_mixin.py:190} INFO - [2025-02-23T04:55:07.705+0000] {dagbag.py:588} INFO - Filling up the DagBag from /home/airflow/.local/lib/python3.12/site-packages/airflow/example_dags/example_short_circuit_operator.py
[2025-02-23T04:55:07.715+0000] {processor.py:925} INFO - DAG(s) 'example_short_circuit_operator' retrieved from /home/airflow/.local/lib/python3.12/site-packages/airflow/example_dags/example_short_circuit_operator.py
[2025-02-23T04:55:07.733+0000] {logging_mixin.py:190} INFO - [2025-02-23T04:55:07.733+0000] {dag.py:3239} INFO - Sync 1 DAGs
[2025-02-23T04:55:07.744+0000] {logging_mixin.py:190} INFO - [2025-02-23T04:55:07.744+0000] {dag.py:4180} INFO - Setting next_dagrun for example_short_circuit_operator to None, run_after=None
[2025-02-23T04:55:07.760+0000] {processor.py:208} INFO - Processing /home/airflow/.local/lib/python3.12/site-packages/airflow/example_dags/example_short_circuit_operator.py took 0.062 seconds
[2025-02-23T04:55:38.956+0000] {processor.py:186} INFO - Started process (PID=1052) to work on /home/airflow/.local/lib/python3.12/site-packages/airflow/example_dags/example_short_circuit_operator.py
[2025-02-23T04:55:38.957+0000] {processor.py:914} INFO - Processing file /home/airflow/.local/lib/python3.12/site-packages/airflow/example_dags/example_short_circuit_operator.py for tasks to queue
[2025-02-23T04:55:38.959+0000] {logging_mixin.py:190} INFO - [2025-02-23T04:55:38.959+0000] {dagbag.py:588} INFO - Filling up the DagBag from /home/airflow/.local/lib/python3.12/site-packages/airflow/example_dags/example_short_circuit_operator.py
[2025-02-23T04:55:38.968+0000] {processor.py:925} INFO - DAG(s) 'example_short_circuit_operator' retrieved from /home/airflow/.local/lib/python3.12/site-packages/airflow/example_dags/example_short_circuit_operator.py
[2025-02-23T04:55:38.995+0000] {logging_mixin.py:190} INFO - [2025-02-23T04:55:38.995+0000] {dag.py:3239} INFO - Sync 1 DAGs
[2025-02-23T04:55:39.007+0000] {logging_mixin.py:190} INFO - [2025-02-23T04:55:39.007+0000] {dag.py:4180} INFO - Setting next_dagrun for example_short_circuit_operator to None, run_after=None
[2025-02-23T04:55:39.025+0000] {processor.py:208} INFO - Processing /home/airflow/.local/lib/python3.12/site-packages/airflow/example_dags/example_short_circuit_operator.py took 0.074 seconds
[2025-02-23T04:56:10.216+0000] {processor.py:186} INFO - Started process (PID=1115) to work on /home/airflow/.local/lib/python3.12/site-packages/airflow/example_dags/example_short_circuit_operator.py
[2025-02-23T04:56:10.216+0000] {processor.py:914} INFO - Processing file /home/airflow/.local/lib/python3.12/site-packages/airflow/example_dags/example_short_circuit_operator.py for tasks to queue
[2025-02-23T04:56:10.218+0000] {logging_mixin.py:190} INFO - [2025-02-23T04:56:10.217+0000] {dagbag.py:588} INFO - Filling up the DagBag from /home/airflow/.local/lib/python3.12/site-packages/airflow/example_dags/example_short_circuit_operator.py
[2025-02-23T04:56:10.224+0000] {processor.py:925} INFO - DAG(s) 'example_short_circuit_operator' retrieved from /home/airflow/.local/lib/python3.12/site-packages/airflow/example_dags/example_short_circuit_operator.py
[2025-02-23T04:56:10.246+0000] {logging_mixin.py:190} INFO - [2025-02-23T04:56:10.246+0000] {dag.py:3239} INFO - Sync 1 DAGs
[2025-02-23T04:56:10.259+0000] {logging_mixin.py:190} INFO - [2025-02-23T04:56:10.259+0000] {dag.py:4180} INFO - Setting next_dagrun for example_short_circuit_operator to None, run_after=None
[2025-02-23T04:56:10.275+0000] {processor.py:208} INFO - Processing /home/airflow/.local/lib/python3.12/site-packages/airflow/example_dags/example_short_circuit_operator.py took 0.064 seconds
[2025-02-23T04:56:41.539+0000] {processor.py:186} INFO - Started process (PID=1178) to work on /home/airflow/.local/lib/python3.12/site-packages/airflow/example_dags/example_short_circuit_operator.py
[2025-02-23T04:56:41.539+0000] {processor.py:914} INFO - Processing file /home/airflow/.local/lib/python3.12/site-packages/airflow/example_dags/example_short_circuit_operator.py for tasks to queue
[2025-02-23T04:56:41.541+0000] {logging_mixin.py:190} INFO - [2025-02-23T04:56:41.541+0000] {dagbag.py:588} INFO - Filling up the DagBag from /home/airflow/.local/lib/python3.12/site-packages/airflow/example_dags/example_short_circuit_operator.py
[2025-02-23T04:56:41.548+0000] {processor.py:925} INFO - DAG(s) 'example_short_circuit_operator' retrieved from /home/airflow/.local/lib/python3.12/site-packages/airflow/example_dags/example_short_circuit_operator.py
[2025-02-23T04:56:41.567+0000] {logging_mixin.py:190} INFO - [2025-02-23T04:56:41.567+0000] {dag.py:3239} INFO - Sync 1 DAGs
[2025-02-23T04:56:41.579+0000] {logging_mixin.py:190} INFO - [2025-02-23T04:56:41.579+0000] {dag.py:4180} INFO - Setting next_dagrun for example_short_circuit_operator to None, run_after=None
[2025-02-23T04:56:41.593+0000] {processor.py:208} INFO - Processing /home/airflow/.local/lib/python3.12/site-packages/airflow/example_dags/example_short_circuit_operator.py took 0.058 seconds
[2025-02-23T04:57:12.910+0000] {processor.py:186} INFO - Started process (PID=1241) to work on /home/airflow/.local/lib/python3.12/site-packages/airflow/example_dags/example_short_circuit_operator.py
[2025-02-23T04:57:12.910+0000] {processor.py:914} INFO - Processing file /home/airflow/.local/lib/python3.12/site-packages/airflow/example_dags/example_short_circuit_operator.py for tasks to queue
[2025-02-23T04:57:12.912+0000] {logging_mixin.py:190} INFO - [2025-02-23T04:57:12.912+0000] {dagbag.py:588} INFO - Filling up the DagBag from /home/airflow/.local/lib/python3.12/site-packages/airflow/example_dags/example_short_circuit_operator.py
[2025-02-23T04:57:12.919+0000] {processor.py:925} INFO - DAG(s) 'example_short_circuit_operator' retrieved from /home/airflow/.local/lib/python3.12/site-packages/airflow/example_dags/example_short_circuit_operator.py
[2025-02-23T04:57:12.937+0000] {logging_mixin.py:190} INFO - [2025-02-23T04:57:12.937+0000] {dag.py:3239} INFO - Sync 1 DAGs
[2025-02-23T04:57:12.949+0000] {logging_mixin.py:190} INFO - [2025-02-23T04:57:12.949+0000] {dag.py:4180} INFO - Setting next_dagrun for example_short_circuit_operator to None, run_after=None
[2025-02-23T04:57:12.963+0000] {processor.py:208} INFO - Processing /home/airflow/.local/lib/python3.12/site-packages/airflow/example_dags/example_short_circuit_operator.py took 0.057 seconds
[2025-02-23T04:57:44.021+0000] {processor.py:186} INFO - Started process (PID=1304) to work on /home/airflow/.local/lib/python3.12/site-packages/airflow/example_dags/example_short_circuit_operator.py
[2025-02-23T04:57:44.022+0000] {processor.py:914} INFO - Processing file /home/airflow/.local/lib/python3.12/site-packages/airflow/example_dags/example_short_circuit_operator.py for tasks to queue
[2025-02-23T04:57:44.024+0000] {logging_mixin.py:190} INFO - [2025-02-23T04:57:44.023+0000] {dagbag.py:588} INFO - Filling up the DagBag from /home/airflow/.local/lib/python3.12/site-packages/airflow/example_dags/example_short_circuit_operator.py
[2025-02-23T04:57:44.030+0000] {processor.py:925} INFO - DAG(s) 'example_short_circuit_operator' retrieved from /home/airflow/.local/lib/python3.12/site-packages/airflow/example_dags/example_short_circuit_operator.py
[2025-02-23T04:57:44.048+0000] {logging_mixin.py:190} INFO - [2025-02-23T04:57:44.048+0000] {dag.py:3239} INFO - Sync 1 DAGs
[2025-02-23T04:57:44.060+0000] {logging_mixin.py:190} INFO - [2025-02-23T04:57:44.060+0000] {dag.py:4180} INFO - Setting next_dagrun for example_short_circuit_operator to None, run_after=None
[2025-02-23T04:57:44.074+0000] {processor.py:208} INFO - Processing /home/airflow/.local/lib/python3.12/site-packages/airflow/example_dags/example_short_circuit_operator.py took 0.058 seconds
[2025-02-23T04:58:15.371+0000] {processor.py:186} INFO - Started process (PID=1368) to work on /home/airflow/.local/lib/python3.12/site-packages/airflow/example_dags/example_short_circuit_operator.py
[2025-02-23T04:58:15.372+0000] {processor.py:914} INFO - Processing file /home/airflow/.local/lib/python3.12/site-packages/airflow/example_dags/example_short_circuit_operator.py for tasks to queue
[2025-02-23T04:58:15.373+0000] {logging_mixin.py:190} INFO - [2025-02-23T04:58:15.373+0000] {dagbag.py:588} INFO - Filling up the DagBag from /home/airflow/.local/lib/python3.12/site-packages/airflow/example_dags/example_short_circuit_operator.py
[2025-02-23T04:58:15.380+0000] {processor.py:925} INFO - DAG(s) 'example_short_circuit_operator' retrieved from /home/airflow/.local/lib/python3.12/site-packages/airflow/example_dags/example_short_circuit_operator.py
[2025-02-23T04:58:15.399+0000] {logging_mixin.py:190} INFO - [2025-02-23T04:58:15.399+0000] {dag.py:3239} INFO - Sync 1 DAGs
[2025-02-23T04:58:15.411+0000] {logging_mixin.py:190} INFO - [2025-02-23T04:58:15.411+0000] {dag.py:4180} INFO - Setting next_dagrun for example_short_circuit_operator to None, run_after=None
[2025-02-23T04:58:15.424+0000] {processor.py:208} INFO - Processing /home/airflow/.local/lib/python3.12/site-packages/airflow/example_dags/example_short_circuit_operator.py took 0.058 seconds
[2025-02-23T04:58:46.881+0000] {processor.py:186} INFO - Started process (PID=1437) to work on /home/airflow/.local/lib/python3.12/site-packages/airflow/example_dags/example_short_circuit_operator.py
[2025-02-23T04:58:46.882+0000] {processor.py:914} INFO - Processing file /home/airflow/.local/lib/python3.12/site-packages/airflow/example_dags/example_short_circuit_operator.py for tasks to queue
[2025-02-23T04:58:46.884+0000] {logging_mixin.py:190} INFO - [2025-02-23T04:58:46.883+0000] {dagbag.py:588} INFO - Filling up the DagBag from /home/airflow/.local/lib/python3.12/site-packages/airflow/example_dags/example_short_circuit_operator.py
[2025-02-23T04:58:46.890+0000] {processor.py:925} INFO - DAG(s) 'example_short_circuit_operator' retrieved from /home/airflow/.local/lib/python3.12/site-packages/airflow/example_dags/example_short_circuit_operator.py
[2025-02-23T04:58:46.909+0000] {logging_mixin.py:190} INFO - [2025-02-23T04:58:46.909+0000] {dag.py:3239} INFO - Sync 1 DAGs
[2025-02-23T04:58:46.921+0000] {logging_mixin.py:190} INFO - [2025-02-23T04:58:46.921+0000] {dag.py:4180} INFO - Setting next_dagrun for example_short_circuit_operator to None, run_after=None
[2025-02-23T04:58:46.934+0000] {processor.py:208} INFO - Processing /home/airflow/.local/lib/python3.12/site-packages/airflow/example_dags/example_short_circuit_operator.py took 0.059 seconds
