[2025-02-23T04:47:49.724+0000] {processor.py:186} INFO - Started process (PID=92) to work on /home/airflow/.local/lib/python3.12/site-packages/airflow/example_dags/example_datasets.py
[2025-02-23T04:47:49.725+0000] {processor.py:914} INFO - Processing file /home/airflow/.local/lib/python3.12/site-packages/airflow/example_dags/example_datasets.py for tasks to queue
[2025-02-23T04:47:49.727+0000] {logging_mixin.py:190} INFO - [2025-02-23T04:47:49.726+0000] {dagbag.py:588} INFO - Filling up the DagBag from /home/airflow/.local/lib/python3.12/site-packages/airflow/example_dags/example_datasets.py
[2025-02-23T04:47:50.662+0000] {processor.py:925} INFO - DAG(s) 'consume_1_or_2_with_dataset_expressions', 'dataset_consumes_1_never_scheduled', 'dataset_consumes_1_and_2', 'conditional_dataset_and_time_based_timetable', 'dataset_consumes_unknown_never_scheduled', 'consume_1_or_both_2_and_3_with_dataset_expressions', 'consume_1_and_2_with_dataset_expressions', 'dataset_produces_2', 'dataset_produces_1', 'dataset_consumes_1' retrieved from /home/airflow/.local/lib/python3.12/site-packages/airflow/example_dags/example_datasets.py
[2025-02-23T04:47:50.781+0000] {logging_mixin.py:190} INFO - [2025-02-23T04:47:50.780+0000] {override.py:1911} INFO - Created Permission View: can delete on DAG:consume_1_or_2_with_dataset_expressions
[2025-02-23T04:47:50.790+0000] {logging_mixin.py:190} INFO - [2025-02-23T04:47:50.790+0000] {override.py:1911} INFO - Created Permission View: can edit on DAG:consume_1_or_2_with_dataset_expressions
[2025-02-23T04:47:50.796+0000] {logging_mixin.py:190} INFO - [2025-02-23T04:47:50.795+0000] {override.py:1911} INFO - Created Permission View: can read on DAG:consume_1_or_2_with_dataset_expressions
[2025-02-23T04:47:50.801+0000] {logging_mixin.py:190} INFO - [2025-02-23T04:47:50.801+0000] {override.py:1911} INFO - Created Permission View: can create on DAG Run:consume_1_or_2_with_dataset_expressions
[2025-02-23T04:47:50.806+0000] {logging_mixin.py:190} INFO - [2025-02-23T04:47:50.806+0000] {override.py:1911} INFO - Created Permission View: menu access on DAG Run:consume_1_or_2_with_dataset_expressions
[2025-02-23T04:47:50.811+0000] {logging_mixin.py:190} INFO - [2025-02-23T04:47:50.811+0000] {override.py:1911} INFO - Created Permission View: can delete on DAG Run:consume_1_or_2_with_dataset_expressions
[2025-02-23T04:47:50.817+0000] {logging_mixin.py:190} INFO - [2025-02-23T04:47:50.817+0000] {override.py:1911} INFO - Created Permission View: can read on DAG Run:consume_1_or_2_with_dataset_expressions
[2025-02-23T04:47:50.827+0000] {logging_mixin.py:190} INFO - [2025-02-23T04:47:50.827+0000] {override.py:1911} INFO - Created Permission View: can delete on DAG:dataset_consumes_1_never_scheduled
[2025-02-23T04:47:50.832+0000] {logging_mixin.py:190} INFO - [2025-02-23T04:47:50.832+0000] {override.py:1911} INFO - Created Permission View: can edit on DAG:dataset_consumes_1_never_scheduled
[2025-02-23T04:47:50.841+0000] {logging_mixin.py:190} INFO - [2025-02-23T04:47:50.841+0000] {override.py:1911} INFO - Created Permission View: can read on DAG:dataset_consumes_1_never_scheduled
[2025-02-23T04:47:50.847+0000] {logging_mixin.py:190} INFO - [2025-02-23T04:47:50.847+0000] {override.py:1911} INFO - Created Permission View: can create on DAG Run:dataset_consumes_1_never_scheduled
[2025-02-23T04:47:50.853+0000] {logging_mixin.py:190} INFO - [2025-02-23T04:47:50.853+0000] {override.py:1911} INFO - Created Permission View: menu access on DAG Run:dataset_consumes_1_never_scheduled
[2025-02-23T04:47:50.858+0000] {logging_mixin.py:190} INFO - [2025-02-23T04:47:50.858+0000] {override.py:1911} INFO - Created Permission View: can delete on DAG Run:dataset_consumes_1_never_scheduled
[2025-02-23T04:47:50.864+0000] {logging_mixin.py:190} INFO - [2025-02-23T04:47:50.863+0000] {override.py:1911} INFO - Created Permission View: can read on DAG Run:dataset_consumes_1_never_scheduled
[2025-02-23T04:47:50.881+0000] {logging_mixin.py:190} INFO - [2025-02-23T04:47:50.880+0000] {override.py:1911} INFO - Created Permission View: can delete on DAG:dataset_consumes_1_and_2
[2025-02-23T04:47:50.896+0000] {logging_mixin.py:190} INFO - [2025-02-23T04:47:50.896+0000] {override.py:1911} INFO - Created Permission View: can edit on DAG:dataset_consumes_1_and_2
[2025-02-23T04:47:50.902+0000] {logging_mixin.py:190} INFO - [2025-02-23T04:47:50.902+0000] {override.py:1911} INFO - Created Permission View: can read on DAG:dataset_consumes_1_and_2
[2025-02-23T04:47:50.910+0000] {logging_mixin.py:190} INFO - [2025-02-23T04:47:50.910+0000] {override.py:1911} INFO - Created Permission View: can create on DAG Run:dataset_consumes_1_and_2
[2025-02-23T04:47:50.916+0000] {logging_mixin.py:190} INFO - [2025-02-23T04:47:50.916+0000] {override.py:1911} INFO - Created Permission View: menu access on DAG Run:dataset_consumes_1_and_2
[2025-02-23T04:47:50.922+0000] {logging_mixin.py:190} INFO - [2025-02-23T04:47:50.922+0000] {override.py:1911} INFO - Created Permission View: can delete on DAG Run:dataset_consumes_1_and_2
[2025-02-23T04:47:50.928+0000] {logging_mixin.py:190} INFO - [2025-02-23T04:47:50.928+0000] {override.py:1911} INFO - Created Permission View: can read on DAG Run:dataset_consumes_1_and_2
[2025-02-23T04:47:50.940+0000] {logging_mixin.py:190} INFO - [2025-02-23T04:47:50.939+0000] {override.py:1911} INFO - Created Permission View: can delete on DAG:conditional_dataset_and_time_based_timetable
[2025-02-23T04:47:50.945+0000] {logging_mixin.py:190} INFO - [2025-02-23T04:47:50.945+0000] {override.py:1911} INFO - Created Permission View: can edit on DAG:conditional_dataset_and_time_based_timetable
[2025-02-23T04:47:50.951+0000] {logging_mixin.py:190} INFO - [2025-02-23T04:47:50.951+0000] {override.py:1911} INFO - Created Permission View: can read on DAG:conditional_dataset_and_time_based_timetable
[2025-02-23T04:47:50.958+0000] {logging_mixin.py:190} INFO - [2025-02-23T04:47:50.958+0000] {override.py:1911} INFO - Created Permission View: can create on DAG Run:conditional_dataset_and_time_based_timetable
[2025-02-23T04:47:50.964+0000] {logging_mixin.py:190} INFO - [2025-02-23T04:47:50.964+0000] {override.py:1911} INFO - Created Permission View: menu access on DAG Run:conditional_dataset_and_time_based_timetable
[2025-02-23T04:47:50.970+0000] {logging_mixin.py:190} INFO - [2025-02-23T04:47:50.970+0000] {override.py:1911} INFO - Created Permission View: can delete on DAG Run:conditional_dataset_and_time_based_timetable
[2025-02-23T04:47:50.976+0000] {logging_mixin.py:190} INFO - [2025-02-23T04:47:50.976+0000] {override.py:1911} INFO - Created Permission View: can read on DAG Run:conditional_dataset_and_time_based_timetable
[2025-02-23T04:47:50.987+0000] {logging_mixin.py:190} INFO - [2025-02-23T04:47:50.987+0000] {override.py:1911} INFO - Created Permission View: can delete on DAG:dataset_consumes_unknown_never_scheduled
[2025-02-23T04:47:50.993+0000] {logging_mixin.py:190} INFO - [2025-02-23T04:47:50.993+0000] {override.py:1911} INFO - Created Permission View: can edit on DAG:dataset_consumes_unknown_never_scheduled
[2025-02-23T04:47:50.999+0000] {logging_mixin.py:190} INFO - [2025-02-23T04:47:50.999+0000] {override.py:1911} INFO - Created Permission View: can read on DAG:dataset_consumes_unknown_never_scheduled
[2025-02-23T04:47:51.005+0000] {logging_mixin.py:190} INFO - [2025-02-23T04:47:51.004+0000] {override.py:1911} INFO - Created Permission View: can create on DAG Run:dataset_consumes_unknown_never_scheduled
[2025-02-23T04:47:51.010+0000] {logging_mixin.py:190} INFO - [2025-02-23T04:47:51.010+0000] {override.py:1911} INFO - Created Permission View: menu access on DAG Run:dataset_consumes_unknown_never_scheduled
[2025-02-23T04:47:51.015+0000] {logging_mixin.py:190} INFO - [2025-02-23T04:47:51.015+0000] {override.py:1911} INFO - Created Permission View: can delete on DAG Run:dataset_consumes_unknown_never_scheduled
[2025-02-23T04:47:51.020+0000] {logging_mixin.py:190} INFO - [2025-02-23T04:47:51.020+0000] {override.py:1911} INFO - Created Permission View: can read on DAG Run:dataset_consumes_unknown_never_scheduled
[2025-02-23T04:47:51.030+0000] {logging_mixin.py:190} INFO - [2025-02-23T04:47:51.030+0000] {override.py:1911} INFO - Created Permission View: can delete on DAG:consume_1_or_both_2_and_3_with_dataset_expressions
[2025-02-23T04:47:51.036+0000] {logging_mixin.py:190} INFO - [2025-02-23T04:47:51.036+0000] {override.py:1911} INFO - Created Permission View: can edit on DAG:consume_1_or_both_2_and_3_with_dataset_expressions
[2025-02-23T04:47:51.042+0000] {logging_mixin.py:190} INFO - [2025-02-23T04:47:51.042+0000] {override.py:1911} INFO - Created Permission View: can read on DAG:consume_1_or_both_2_and_3_with_dataset_expressions
[2025-02-23T04:47:51.049+0000] {logging_mixin.py:190} INFO - [2025-02-23T04:47:51.048+0000] {override.py:1911} INFO - Created Permission View: can create on DAG Run:consume_1_or_both_2_and_3_with_dataset_expressions
[2025-02-23T04:47:51.054+0000] {logging_mixin.py:190} INFO - [2025-02-23T04:47:51.054+0000] {override.py:1911} INFO - Created Permission View: menu access on DAG Run:consume_1_or_both_2_and_3_with_dataset_expressions
[2025-02-23T04:47:51.060+0000] {logging_mixin.py:190} INFO - [2025-02-23T04:47:51.060+0000] {override.py:1911} INFO - Created Permission View: can delete on DAG Run:consume_1_or_both_2_and_3_with_dataset_expressions
[2025-02-23T04:47:51.066+0000] {logging_mixin.py:190} INFO - [2025-02-23T04:47:51.066+0000] {override.py:1911} INFO - Created Permission View: can read on DAG Run:consume_1_or_both_2_and_3_with_dataset_expressions
[2025-02-23T04:47:51.078+0000] {logging_mixin.py:190} INFO - [2025-02-23T04:47:51.078+0000] {override.py:1911} INFO - Created Permission View: can delete on DAG:consume_1_and_2_with_dataset_expressions
[2025-02-23T04:47:51.084+0000] {logging_mixin.py:190} INFO - [2025-02-23T04:47:51.084+0000] {override.py:1911} INFO - Created Permission View: can edit on DAG:consume_1_and_2_with_dataset_expressions
[2025-02-23T04:47:51.090+0000] {logging_mixin.py:190} INFO - [2025-02-23T04:47:51.090+0000] {override.py:1911} INFO - Created Permission View: can read on DAG:consume_1_and_2_with_dataset_expressions
[2025-02-23T04:47:51.096+0000] {logging_mixin.py:190} INFO - [2025-02-23T04:47:51.096+0000] {override.py:1911} INFO - Created Permission View: can create on DAG Run:consume_1_and_2_with_dataset_expressions
[2025-02-23T04:47:51.102+0000] {logging_mixin.py:190} INFO - [2025-02-23T04:47:51.102+0000] {override.py:1911} INFO - Created Permission View: menu access on DAG Run:consume_1_and_2_with_dataset_expressions
[2025-02-23T04:47:51.107+0000] {logging_mixin.py:190} INFO - [2025-02-23T04:47:51.107+0000] {override.py:1911} INFO - Created Permission View: can delete on DAG Run:consume_1_and_2_with_dataset_expressions
[2025-02-23T04:47:51.112+0000] {logging_mixin.py:190} INFO - [2025-02-23T04:47:51.112+0000] {override.py:1911} INFO - Created Permission View: can read on DAG Run:consume_1_and_2_with_dataset_expressions
[2025-02-23T04:47:51.124+0000] {logging_mixin.py:190} INFO - [2025-02-23T04:47:51.124+0000] {override.py:1911} INFO - Created Permission View: can delete on DAG:dataset_produces_2
[2025-02-23T04:47:51.131+0000] {logging_mixin.py:190} INFO - [2025-02-23T04:47:51.131+0000] {override.py:1911} INFO - Created Permission View: can edit on DAG:dataset_produces_2
[2025-02-23T04:47:51.138+0000] {logging_mixin.py:190} INFO - [2025-02-23T04:47:51.138+0000] {override.py:1911} INFO - Created Permission View: can read on DAG:dataset_produces_2
[2025-02-23T04:47:51.144+0000] {logging_mixin.py:190} INFO - [2025-02-23T04:47:51.143+0000] {override.py:1911} INFO - Created Permission View: can create on DAG Run:dataset_produces_2
[2025-02-23T04:47:51.150+0000] {logging_mixin.py:190} INFO - [2025-02-23T04:47:51.149+0000] {override.py:1911} INFO - Created Permission View: menu access on DAG Run:dataset_produces_2
[2025-02-23T04:47:51.155+0000] {logging_mixin.py:190} INFO - [2025-02-23T04:47:51.155+0000] {override.py:1911} INFO - Created Permission View: can delete on DAG Run:dataset_produces_2
[2025-02-23T04:47:51.161+0000] {logging_mixin.py:190} INFO - [2025-02-23T04:47:51.161+0000] {override.py:1911} INFO - Created Permission View: can read on DAG Run:dataset_produces_2
[2025-02-23T04:47:51.172+0000] {logging_mixin.py:190} INFO - [2025-02-23T04:47:51.172+0000] {override.py:1911} INFO - Created Permission View: can delete on DAG:dataset_produces_1
[2025-02-23T04:47:51.178+0000] {logging_mixin.py:190} INFO - [2025-02-23T04:47:51.178+0000] {override.py:1911} INFO - Created Permission View: can edit on DAG:dataset_produces_1
[2025-02-23T04:47:51.183+0000] {logging_mixin.py:190} INFO - [2025-02-23T04:47:51.183+0000] {override.py:1911} INFO - Created Permission View: can read on DAG:dataset_produces_1
[2025-02-23T04:47:51.190+0000] {logging_mixin.py:190} INFO - [2025-02-23T04:47:51.190+0000] {override.py:1911} INFO - Created Permission View: can create on DAG Run:dataset_produces_1
[2025-02-23T04:47:51.235+0000] {logging_mixin.py:190} INFO - [2025-02-23T04:47:51.234+0000] {override.py:1911} INFO - Created Permission View: menu access on DAG Run:dataset_produces_1
[2025-02-23T04:47:51.302+0000] {logging_mixin.py:190} INFO - [2025-02-23T04:47:51.302+0000] {override.py:1911} INFO - Created Permission View: can delete on DAG Run:dataset_produces_1
[2025-02-23T04:47:51.309+0000] {logging_mixin.py:190} INFO - [2025-02-23T04:47:51.309+0000] {override.py:1911} INFO - Created Permission View: can read on DAG Run:dataset_produces_1
[2025-02-23T04:47:51.321+0000] {logging_mixin.py:190} INFO - [2025-02-23T04:47:51.320+0000] {override.py:1911} INFO - Created Permission View: can delete on DAG:dataset_consumes_1
[2025-02-23T04:47:51.327+0000] {logging_mixin.py:190} INFO - [2025-02-23T04:47:51.327+0000] {override.py:1911} INFO - Created Permission View: can edit on DAG:dataset_consumes_1
[2025-02-23T04:47:51.333+0000] {logging_mixin.py:190} INFO - [2025-02-23T04:47:51.333+0000] {override.py:1911} INFO - Created Permission View: can read on DAG:dataset_consumes_1
[2025-02-23T04:47:51.340+0000] {logging_mixin.py:190} INFO - [2025-02-23T04:47:51.339+0000] {override.py:1911} INFO - Created Permission View: can create on DAG Run:dataset_consumes_1
[2025-02-23T04:47:51.346+0000] {logging_mixin.py:190} INFO - [2025-02-23T04:47:51.345+0000] {override.py:1911} INFO - Created Permission View: menu access on DAG Run:dataset_consumes_1
[2025-02-23T04:47:51.351+0000] {logging_mixin.py:190} INFO - [2025-02-23T04:47:51.351+0000] {override.py:1911} INFO - Created Permission View: can delete on DAG Run:dataset_consumes_1
[2025-02-23T04:47:51.357+0000] {logging_mixin.py:190} INFO - [2025-02-23T04:47:51.357+0000] {override.py:1911} INFO - Created Permission View: can read on DAG Run:dataset_consumes_1
[2025-02-23T04:47:51.358+0000] {logging_mixin.py:190} INFO - [2025-02-23T04:47:51.358+0000] {dag.py:3239} INFO - Sync 10 DAGs
[2025-02-23T04:47:51.376+0000] {logging_mixin.py:190} INFO - [2025-02-23T04:47:51.375+0000] {dag.py:3262} INFO - Creating ORM DAG for consume_1_and_2_with_dataset_expressions
[2025-02-23T04:47:51.377+0000] {logging_mixin.py:190} INFO - [2025-02-23T04:47:51.377+0000] {dag.py:3262} INFO - Creating ORM DAG for dataset_produces_2
[2025-02-23T04:47:51.378+0000] {logging_mixin.py:190} INFO - [2025-02-23T04:47:51.377+0000] {dag.py:3262} INFO - Creating ORM DAG for consume_1_or_2_with_dataset_expressions
[2025-02-23T04:47:51.378+0000] {logging_mixin.py:190} INFO - [2025-02-23T04:47:51.378+0000] {dag.py:3262} INFO - Creating ORM DAG for dataset_consumes_1_and_2
[2025-02-23T04:47:51.379+0000] {logging_mixin.py:190} INFO - [2025-02-23T04:47:51.379+0000] {dag.py:3262} INFO - Creating ORM DAG for dataset_consumes_1
[2025-02-23T04:47:51.380+0000] {logging_mixin.py:190} INFO - [2025-02-23T04:47:51.380+0000] {dag.py:3262} INFO - Creating ORM DAG for consume_1_or_both_2_and_3_with_dataset_expressions
[2025-02-23T04:47:51.380+0000] {logging_mixin.py:190} INFO - [2025-02-23T04:47:51.380+0000] {dag.py:3262} INFO - Creating ORM DAG for dataset_produces_1
[2025-02-23T04:47:51.381+0000] {logging_mixin.py:190} INFO - [2025-02-23T04:47:51.381+0000] {dag.py:3262} INFO - Creating ORM DAG for dataset_consumes_unknown_never_scheduled
[2025-02-23T04:47:51.382+0000] {logging_mixin.py:190} INFO - [2025-02-23T04:47:51.382+0000] {dag.py:3262} INFO - Creating ORM DAG for dataset_consumes_1_never_scheduled
[2025-02-23T04:47:51.382+0000] {logging_mixin.py:190} INFO - [2025-02-23T04:47:51.382+0000] {dag.py:3262} INFO - Creating ORM DAG for conditional_dataset_and_time_based_timetable
[2025-02-23T04:47:51.397+0000] {logging_mixin.py:190} INFO - [2025-02-23T04:47:51.396+0000] {dag.py:4180} INFO - Setting next_dagrun for conditional_dataset_and_time_based_timetable to 2025-02-19 01:00:00+00:00, run_after=2025-02-19 01:00:00+00:00
[2025-02-23T04:47:51.398+0000] {logging_mixin.py:190} INFO - [2025-02-23T04:47:51.398+0000] {dag.py:4180} INFO - Setting next_dagrun for consume_1_and_2_with_dataset_expressions to None, run_after=None
[2025-02-23T04:47:51.398+0000] {logging_mixin.py:190} INFO - [2025-02-23T04:47:51.398+0000] {dag.py:4180} INFO - Setting next_dagrun for consume_1_or_2_with_dataset_expressions to None, run_after=None
[2025-02-23T04:47:51.399+0000] {logging_mixin.py:190} INFO - [2025-02-23T04:47:51.398+0000] {dag.py:4180} INFO - Setting next_dagrun for consume_1_or_both_2_and_3_with_dataset_expressions to None, run_after=None
[2025-02-23T04:47:51.399+0000] {logging_mixin.py:190} INFO - [2025-02-23T04:47:51.399+0000] {dag.py:4180} INFO - Setting next_dagrun for dataset_consumes_1 to None, run_after=None
[2025-02-23T04:47:51.400+0000] {logging_mixin.py:190} INFO - [2025-02-23T04:47:51.399+0000] {dag.py:4180} INFO - Setting next_dagrun for dataset_consumes_1_and_2 to None, run_after=None
[2025-02-23T04:47:51.401+0000] {logging_mixin.py:190} INFO - [2025-02-23T04:47:51.401+0000] {dag.py:4180} INFO - Setting next_dagrun for dataset_consumes_1_never_scheduled to None, run_after=None
[2025-02-23T04:47:51.402+0000] {logging_mixin.py:190} INFO - [2025-02-23T04:47:51.401+0000] {dag.py:4180} INFO - Setting next_dagrun for dataset_consumes_unknown_never_scheduled to None, run_after=None
[2025-02-23T04:47:51.404+0000] {logging_mixin.py:190} INFO - [2025-02-23T04:47:51.404+0000] {dag.py:4180} INFO - Setting next_dagrun for dataset_produces_1 to 2025-02-22 00:00:00+00:00, run_after=2025-02-23 00:00:00+00:00
[2025-02-23T04:47:51.404+0000] {logging_mixin.py:190} INFO - [2025-02-23T04:47:51.404+0000] {dag.py:4180} INFO - Setting next_dagrun for dataset_produces_2 to None, run_after=None
[2025-02-23T04:47:51.462+0000] {processor.py:208} INFO - Processing /home/airflow/.local/lib/python3.12/site-packages/airflow/example_dags/example_datasets.py took 1.744 seconds
[2025-02-23T04:48:22.019+0000] {processor.py:186} INFO - Started process (PID=157) to work on /home/airflow/.local/lib/python3.12/site-packages/airflow/example_dags/example_datasets.py
[2025-02-23T04:48:22.020+0000] {processor.py:914} INFO - Processing file /home/airflow/.local/lib/python3.12/site-packages/airflow/example_dags/example_datasets.py for tasks to queue
[2025-02-23T04:48:22.021+0000] {logging_mixin.py:190} INFO - [2025-02-23T04:48:22.021+0000] {dagbag.py:588} INFO - Filling up the DagBag from /home/airflow/.local/lib/python3.12/site-packages/airflow/example_dags/example_datasets.py
[2025-02-23T04:48:22.541+0000] {processor.py:925} INFO - DAG(s) 'dataset_produces_2', 'dataset_consumes_1', 'dataset_consumes_1_and_2', 'consume_1_or_2_with_dataset_expressions', 'dataset_produces_1', 'dataset_consumes_1_never_scheduled', 'consume_1_or_both_2_and_3_with_dataset_expressions', 'dataset_consumes_unknown_never_scheduled', 'conditional_dataset_and_time_based_timetable', 'consume_1_and_2_with_dataset_expressions' retrieved from /home/airflow/.local/lib/python3.12/site-packages/airflow/example_dags/example_datasets.py
[2025-02-23T04:48:22.573+0000] {logging_mixin.py:190} INFO - [2025-02-23T04:48:22.573+0000] {dag.py:3239} INFO - Sync 10 DAGs
[2025-02-23T04:48:22.593+0000] {logging_mixin.py:190} INFO - [2025-02-23T04:48:22.592+0000] {dag.py:4180} INFO - Setting next_dagrun for conditional_dataset_and_time_based_timetable to 2025-02-19 01:00:00+00:00, run_after=2025-02-19 01:00:00+00:00
[2025-02-23T04:48:22.595+0000] {logging_mixin.py:190} INFO - [2025-02-23T04:48:22.595+0000] {dag.py:4180} INFO - Setting next_dagrun for consume_1_and_2_with_dataset_expressions to None, run_after=None
[2025-02-23T04:48:22.596+0000] {logging_mixin.py:190} INFO - [2025-02-23T04:48:22.596+0000] {dag.py:4180} INFO - Setting next_dagrun for consume_1_or_2_with_dataset_expressions to None, run_after=None
[2025-02-23T04:48:22.597+0000] {logging_mixin.py:190} INFO - [2025-02-23T04:48:22.597+0000] {dag.py:4180} INFO - Setting next_dagrun for consume_1_or_both_2_and_3_with_dataset_expressions to None, run_after=None
[2025-02-23T04:48:22.598+0000] {logging_mixin.py:190} INFO - [2025-02-23T04:48:22.598+0000] {dag.py:4180} INFO - Setting next_dagrun for dataset_consumes_1 to None, run_after=None
[2025-02-23T04:48:22.599+0000] {logging_mixin.py:190} INFO - [2025-02-23T04:48:22.599+0000] {dag.py:4180} INFO - Setting next_dagrun for dataset_consumes_1_and_2 to None, run_after=None
[2025-02-23T04:48:22.600+0000] {logging_mixin.py:190} INFO - [2025-02-23T04:48:22.600+0000] {dag.py:4180} INFO - Setting next_dagrun for dataset_consumes_1_never_scheduled to None, run_after=None
[2025-02-23T04:48:22.601+0000] {logging_mixin.py:190} INFO - [2025-02-23T04:48:22.601+0000] {dag.py:4180} INFO - Setting next_dagrun for dataset_consumes_unknown_never_scheduled to None, run_after=None
[2025-02-23T04:48:22.603+0000] {logging_mixin.py:190} INFO - [2025-02-23T04:48:22.603+0000] {dag.py:4180} INFO - Setting next_dagrun for dataset_produces_1 to 2025-02-22 00:00:00+00:00, run_after=2025-02-23 00:00:00+00:00
[2025-02-23T04:48:22.604+0000] {logging_mixin.py:190} INFO - [2025-02-23T04:48:22.604+0000] {dag.py:4180} INFO - Setting next_dagrun for dataset_produces_2 to None, run_after=None
[2025-02-23T04:48:22.629+0000] {processor.py:208} INFO - Processing /home/airflow/.local/lib/python3.12/site-packages/airflow/example_dags/example_datasets.py took 0.615 seconds
[2025-02-23T04:48:53.500+0000] {processor.py:186} INFO - Started process (PID=223) to work on /home/airflow/.local/lib/python3.12/site-packages/airflow/example_dags/example_datasets.py
[2025-02-23T04:48:53.500+0000] {processor.py:914} INFO - Processing file /home/airflow/.local/lib/python3.12/site-packages/airflow/example_dags/example_datasets.py for tasks to queue
[2025-02-23T04:48:53.502+0000] {logging_mixin.py:190} INFO - [2025-02-23T04:48:53.502+0000] {dagbag.py:588} INFO - Filling up the DagBag from /home/airflow/.local/lib/python3.12/site-packages/airflow/example_dags/example_datasets.py
[2025-02-23T04:48:54.007+0000] {processor.py:925} INFO - DAG(s) 'dataset_consumes_unknown_never_scheduled', 'dataset_produces_1', 'consume_1_or_2_with_dataset_expressions', 'dataset_consumes_1', 'dataset_consumes_1_never_scheduled', 'consume_1_and_2_with_dataset_expressions', 'dataset_produces_2', 'conditional_dataset_and_time_based_timetable', 'consume_1_or_both_2_and_3_with_dataset_expressions', 'dataset_consumes_1_and_2' retrieved from /home/airflow/.local/lib/python3.12/site-packages/airflow/example_dags/example_datasets.py
[2025-02-23T04:48:54.042+0000] {logging_mixin.py:190} INFO - [2025-02-23T04:48:54.042+0000] {dag.py:3239} INFO - Sync 10 DAGs
[2025-02-23T04:48:54.068+0000] {logging_mixin.py:190} INFO - [2025-02-23T04:48:54.068+0000] {dag.py:4180} INFO - Setting next_dagrun for conditional_dataset_and_time_based_timetable to 2025-02-19 01:00:00+00:00, run_after=2025-02-19 01:00:00+00:00
[2025-02-23T04:48:54.072+0000] {logging_mixin.py:190} INFO - [2025-02-23T04:48:54.072+0000] {dag.py:4180} INFO - Setting next_dagrun for consume_1_and_2_with_dataset_expressions to None, run_after=None
[2025-02-23T04:48:54.073+0000] {logging_mixin.py:190} INFO - [2025-02-23T04:48:54.073+0000] {dag.py:4180} INFO - Setting next_dagrun for consume_1_or_2_with_dataset_expressions to None, run_after=None
[2025-02-23T04:48:54.075+0000] {logging_mixin.py:190} INFO - [2025-02-23T04:48:54.074+0000] {dag.py:4180} INFO - Setting next_dagrun for consume_1_or_both_2_and_3_with_dataset_expressions to None, run_after=None
[2025-02-23T04:48:54.076+0000] {logging_mixin.py:190} INFO - [2025-02-23T04:48:54.076+0000] {dag.py:4180} INFO - Setting next_dagrun for dataset_consumes_1 to None, run_after=None
[2025-02-23T04:48:54.077+0000] {logging_mixin.py:190} INFO - [2025-02-23T04:48:54.077+0000] {dag.py:4180} INFO - Setting next_dagrun for dataset_consumes_1_and_2 to None, run_after=None
[2025-02-23T04:48:54.078+0000] {logging_mixin.py:190} INFO - [2025-02-23T04:48:54.078+0000] {dag.py:4180} INFO - Setting next_dagrun for dataset_consumes_1_never_scheduled to None, run_after=None
[2025-02-23T04:48:54.079+0000] {logging_mixin.py:190} INFO - [2025-02-23T04:48:54.079+0000] {dag.py:4180} INFO - Setting next_dagrun for dataset_consumes_unknown_never_scheduled to None, run_after=None
[2025-02-23T04:48:54.082+0000] {logging_mixin.py:190} INFO - [2025-02-23T04:48:54.082+0000] {dag.py:4180} INFO - Setting next_dagrun for dataset_produces_1 to 2025-02-22 00:00:00+00:00, run_after=2025-02-23 00:00:00+00:00
[2025-02-23T04:48:54.083+0000] {logging_mixin.py:190} INFO - [2025-02-23T04:48:54.083+0000] {dag.py:4180} INFO - Setting next_dagrun for dataset_produces_2 to None, run_after=None
[2025-02-23T04:48:54.108+0000] {processor.py:208} INFO - Processing /home/airflow/.local/lib/python3.12/site-packages/airflow/example_dags/example_datasets.py took 0.612 seconds
[2025-02-23T04:49:24.222+0000] {processor.py:186} INFO - Started process (PID=286) to work on /home/airflow/.local/lib/python3.12/site-packages/airflow/example_dags/example_datasets.py
[2025-02-23T04:49:24.222+0000] {processor.py:914} INFO - Processing file /home/airflow/.local/lib/python3.12/site-packages/airflow/example_dags/example_datasets.py for tasks to queue
[2025-02-23T04:49:24.224+0000] {logging_mixin.py:190} INFO - [2025-02-23T04:49:24.224+0000] {dagbag.py:588} INFO - Filling up the DagBag from /home/airflow/.local/lib/python3.12/site-packages/airflow/example_dags/example_datasets.py
[2025-02-23T04:49:24.779+0000] {processor.py:925} INFO - DAG(s) 'conditional_dataset_and_time_based_timetable', 'consume_1_or_2_with_dataset_expressions', 'dataset_consumes_unknown_never_scheduled', 'consume_1_or_both_2_and_3_with_dataset_expressions', 'dataset_consumes_1_never_scheduled', 'consume_1_and_2_with_dataset_expressions', 'dataset_produces_2', 'dataset_produces_1', 'dataset_consumes_1', 'dataset_consumes_1_and_2' retrieved from /home/airflow/.local/lib/python3.12/site-packages/airflow/example_dags/example_datasets.py
[2025-02-23T04:49:24.818+0000] {logging_mixin.py:190} INFO - [2025-02-23T04:49:24.818+0000] {dag.py:3239} INFO - Sync 10 DAGs
[2025-02-23T04:49:24.845+0000] {logging_mixin.py:190} INFO - [2025-02-23T04:49:24.845+0000] {dag.py:4180} INFO - Setting next_dagrun for conditional_dataset_and_time_based_timetable to 2025-02-19 01:00:00+00:00, run_after=2025-02-19 01:00:00+00:00
[2025-02-23T04:49:24.848+0000] {logging_mixin.py:190} INFO - [2025-02-23T04:49:24.848+0000] {dag.py:4180} INFO - Setting next_dagrun for consume_1_and_2_with_dataset_expressions to None, run_after=None
[2025-02-23T04:49:24.849+0000] {logging_mixin.py:190} INFO - [2025-02-23T04:49:24.849+0000] {dag.py:4180} INFO - Setting next_dagrun for consume_1_or_2_with_dataset_expressions to None, run_after=None
[2025-02-23T04:49:24.850+0000] {logging_mixin.py:190} INFO - [2025-02-23T04:49:24.850+0000] {dag.py:4180} INFO - Setting next_dagrun for consume_1_or_both_2_and_3_with_dataset_expressions to None, run_after=None
[2025-02-23T04:49:24.851+0000] {logging_mixin.py:190} INFO - [2025-02-23T04:49:24.851+0000] {dag.py:4180} INFO - Setting next_dagrun for dataset_consumes_1 to None, run_after=None
[2025-02-23T04:49:24.852+0000] {logging_mixin.py:190} INFO - [2025-02-23T04:49:24.852+0000] {dag.py:4180} INFO - Setting next_dagrun for dataset_consumes_1_and_2 to None, run_after=None
[2025-02-23T04:49:24.853+0000] {logging_mixin.py:190} INFO - [2025-02-23T04:49:24.853+0000] {dag.py:4180} INFO - Setting next_dagrun for dataset_consumes_1_never_scheduled to None, run_after=None
[2025-02-23T04:49:24.854+0000] {logging_mixin.py:190} INFO - [2025-02-23T04:49:24.854+0000] {dag.py:4180} INFO - Setting next_dagrun for dataset_consumes_unknown_never_scheduled to None, run_after=None
[2025-02-23T04:49:24.856+0000] {logging_mixin.py:190} INFO - [2025-02-23T04:49:24.855+0000] {dag.py:4180} INFO - Setting next_dagrun for dataset_produces_1 to 2025-02-22 00:00:00+00:00, run_after=2025-02-23 00:00:00+00:00
[2025-02-23T04:49:24.856+0000] {logging_mixin.py:190} INFO - [2025-02-23T04:49:24.856+0000] {dag.py:4180} INFO - Setting next_dagrun for dataset_produces_2 to None, run_after=None
[2025-02-23T04:49:24.883+0000] {processor.py:208} INFO - Processing /home/airflow/.local/lib/python3.12/site-packages/airflow/example_dags/example_datasets.py took 0.666 seconds
[2025-02-23T04:49:55.535+0000] {processor.py:186} INFO - Started process (PID=349) to work on /home/airflow/.local/lib/python3.12/site-packages/airflow/example_dags/example_datasets.py
[2025-02-23T04:49:55.536+0000] {processor.py:914} INFO - Processing file /home/airflow/.local/lib/python3.12/site-packages/airflow/example_dags/example_datasets.py for tasks to queue
[2025-02-23T04:49:55.537+0000] {logging_mixin.py:190} INFO - [2025-02-23T04:49:55.537+0000] {dagbag.py:588} INFO - Filling up the DagBag from /home/airflow/.local/lib/python3.12/site-packages/airflow/example_dags/example_datasets.py
[2025-02-23T04:49:56.041+0000] {processor.py:925} INFO - DAG(s) 'dataset_consumes_unknown_never_scheduled', 'consume_1_and_2_with_dataset_expressions', 'dataset_produces_1', 'dataset_consumes_1_and_2', 'consume_1_or_both_2_and_3_with_dataset_expressions', 'consume_1_or_2_with_dataset_expressions', 'conditional_dataset_and_time_based_timetable', 'dataset_consumes_1', 'dataset_produces_2', 'dataset_consumes_1_never_scheduled' retrieved from /home/airflow/.local/lib/python3.12/site-packages/airflow/example_dags/example_datasets.py
[2025-02-23T04:49:56.073+0000] {logging_mixin.py:190} INFO - [2025-02-23T04:49:56.073+0000] {dag.py:3239} INFO - Sync 10 DAGs
[2025-02-23T04:49:56.094+0000] {logging_mixin.py:190} INFO - [2025-02-23T04:49:56.094+0000] {dag.py:4180} INFO - Setting next_dagrun for conditional_dataset_and_time_based_timetable to 2025-02-19 01:00:00+00:00, run_after=2025-02-19 01:00:00+00:00
[2025-02-23T04:49:56.097+0000] {logging_mixin.py:190} INFO - [2025-02-23T04:49:56.096+0000] {dag.py:4180} INFO - Setting next_dagrun for consume_1_and_2_with_dataset_expressions to None, run_after=None
[2025-02-23T04:49:56.097+0000] {logging_mixin.py:190} INFO - [2025-02-23T04:49:56.097+0000] {dag.py:4180} INFO - Setting next_dagrun for consume_1_or_2_with_dataset_expressions to None, run_after=None
[2025-02-23T04:49:56.098+0000] {logging_mixin.py:190} INFO - [2025-02-23T04:49:56.098+0000] {dag.py:4180} INFO - Setting next_dagrun for consume_1_or_both_2_and_3_with_dataset_expressions to None, run_after=None
[2025-02-23T04:49:56.099+0000] {logging_mixin.py:190} INFO - [2025-02-23T04:49:56.099+0000] {dag.py:4180} INFO - Setting next_dagrun for dataset_consumes_1 to None, run_after=None
[2025-02-23T04:49:56.100+0000] {logging_mixin.py:190} INFO - [2025-02-23T04:49:56.100+0000] {dag.py:4180} INFO - Setting next_dagrun for dataset_consumes_1_and_2 to None, run_after=None
[2025-02-23T04:49:56.101+0000] {logging_mixin.py:190} INFO - [2025-02-23T04:49:56.101+0000] {dag.py:4180} INFO - Setting next_dagrun for dataset_consumes_1_never_scheduled to None, run_after=None
[2025-02-23T04:49:56.102+0000] {logging_mixin.py:190} INFO - [2025-02-23T04:49:56.102+0000] {dag.py:4180} INFO - Setting next_dagrun for dataset_consumes_unknown_never_scheduled to None, run_after=None
[2025-02-23T04:49:56.104+0000] {logging_mixin.py:190} INFO - [2025-02-23T04:49:56.104+0000] {dag.py:4180} INFO - Setting next_dagrun for dataset_produces_1 to 2025-02-22 00:00:00+00:00, run_after=2025-02-23 00:00:00+00:00
[2025-02-23T04:49:56.105+0000] {logging_mixin.py:190} INFO - [2025-02-23T04:49:56.105+0000] {dag.py:4180} INFO - Setting next_dagrun for dataset_produces_2 to None, run_after=None
[2025-02-23T04:49:56.129+0000] {processor.py:208} INFO - Processing /home/airflow/.local/lib/python3.12/site-packages/airflow/example_dags/example_datasets.py took 0.598 seconds
[2025-02-23T04:50:26.664+0000] {processor.py:186} INFO - Started process (PID=412) to work on /home/airflow/.local/lib/python3.12/site-packages/airflow/example_dags/example_datasets.py
[2025-02-23T04:50:26.665+0000] {processor.py:914} INFO - Processing file /home/airflow/.local/lib/python3.12/site-packages/airflow/example_dags/example_datasets.py for tasks to queue
[2025-02-23T04:50:26.666+0000] {logging_mixin.py:190} INFO - [2025-02-23T04:50:26.666+0000] {dagbag.py:588} INFO - Filling up the DagBag from /home/airflow/.local/lib/python3.12/site-packages/airflow/example_dags/example_datasets.py
[2025-02-23T04:50:27.183+0000] {processor.py:925} INFO - DAG(s) 'conditional_dataset_and_time_based_timetable', 'dataset_produces_2', 'consume_1_or_both_2_and_3_with_dataset_expressions', 'dataset_consumes_1', 'dataset_consumes_unknown_never_scheduled', 'dataset_produces_1', 'consume_1_or_2_with_dataset_expressions', 'consume_1_and_2_with_dataset_expressions', 'dataset_consumes_1_and_2', 'dataset_consumes_1_never_scheduled' retrieved from /home/airflow/.local/lib/python3.12/site-packages/airflow/example_dags/example_datasets.py
[2025-02-23T04:50:27.215+0000] {logging_mixin.py:190} INFO - [2025-02-23T04:50:27.215+0000] {dag.py:3239} INFO - Sync 10 DAGs
[2025-02-23T04:50:27.236+0000] {logging_mixin.py:190} INFO - [2025-02-23T04:50:27.236+0000] {dag.py:4180} INFO - Setting next_dagrun for conditional_dataset_and_time_based_timetable to 2025-02-19 01:00:00+00:00, run_after=2025-02-19 01:00:00+00:00
[2025-02-23T04:50:27.239+0000] {logging_mixin.py:190} INFO - [2025-02-23T04:50:27.238+0000] {dag.py:4180} INFO - Setting next_dagrun for consume_1_and_2_with_dataset_expressions to None, run_after=None
[2025-02-23T04:50:27.240+0000] {logging_mixin.py:190} INFO - [2025-02-23T04:50:27.240+0000] {dag.py:4180} INFO - Setting next_dagrun for consume_1_or_2_with_dataset_expressions to None, run_after=None
[2025-02-23T04:50:27.241+0000] {logging_mixin.py:190} INFO - [2025-02-23T04:50:27.241+0000] {dag.py:4180} INFO - Setting next_dagrun for consume_1_or_both_2_and_3_with_dataset_expressions to None, run_after=None
[2025-02-23T04:50:27.242+0000] {logging_mixin.py:190} INFO - [2025-02-23T04:50:27.242+0000] {dag.py:4180} INFO - Setting next_dagrun for dataset_consumes_1 to None, run_after=None
[2025-02-23T04:50:27.243+0000] {logging_mixin.py:190} INFO - [2025-02-23T04:50:27.243+0000] {dag.py:4180} INFO - Setting next_dagrun for dataset_consumes_1_and_2 to None, run_after=None
[2025-02-23T04:50:27.244+0000] {logging_mixin.py:190} INFO - [2025-02-23T04:50:27.244+0000] {dag.py:4180} INFO - Setting next_dagrun for dataset_consumes_1_never_scheduled to None, run_after=None
[2025-02-23T04:50:27.245+0000] {logging_mixin.py:190} INFO - [2025-02-23T04:50:27.245+0000] {dag.py:4180} INFO - Setting next_dagrun for dataset_consumes_unknown_never_scheduled to None, run_after=None
[2025-02-23T04:50:27.247+0000] {logging_mixin.py:190} INFO - [2025-02-23T04:50:27.247+0000] {dag.py:4180} INFO - Setting next_dagrun for dataset_produces_1 to 2025-02-22 00:00:00+00:00, run_after=2025-02-23 00:00:00+00:00
[2025-02-23T04:50:27.248+0000] {logging_mixin.py:190} INFO - [2025-02-23T04:50:27.248+0000] {dag.py:4180} INFO - Setting next_dagrun for dataset_produces_2 to None, run_after=None
[2025-02-23T04:50:27.273+0000] {processor.py:208} INFO - Processing /home/airflow/.local/lib/python3.12/site-packages/airflow/example_dags/example_datasets.py took 0.613 seconds
[2025-02-23T04:50:57.542+0000] {processor.py:186} INFO - Started process (PID=475) to work on /home/airflow/.local/lib/python3.12/site-packages/airflow/example_dags/example_datasets.py
[2025-02-23T04:50:57.542+0000] {processor.py:914} INFO - Processing file /home/airflow/.local/lib/python3.12/site-packages/airflow/example_dags/example_datasets.py for tasks to queue
[2025-02-23T04:50:57.544+0000] {logging_mixin.py:190} INFO - [2025-02-23T04:50:57.543+0000] {dagbag.py:588} INFO - Filling up the DagBag from /home/airflow/.local/lib/python3.12/site-packages/airflow/example_dags/example_datasets.py
[2025-02-23T04:50:58.200+0000] {processor.py:925} INFO - DAG(s) 'dataset_consumes_1_never_scheduled', 'consume_1_and_2_with_dataset_expressions', 'dataset_produces_2', 'consume_1_or_both_2_and_3_with_dataset_expressions', 'conditional_dataset_and_time_based_timetable', 'consume_1_or_2_with_dataset_expressions', 'dataset_consumes_unknown_never_scheduled', 'dataset_produces_1', 'dataset_consumes_1_and_2', 'dataset_consumes_1' retrieved from /home/airflow/.local/lib/python3.12/site-packages/airflow/example_dags/example_datasets.py
[2025-02-23T04:50:58.235+0000] {logging_mixin.py:190} INFO - [2025-02-23T04:50:58.234+0000] {dag.py:3239} INFO - Sync 10 DAGs
[2025-02-23T04:50:58.258+0000] {logging_mixin.py:190} INFO - [2025-02-23T04:50:58.258+0000] {dag.py:4180} INFO - Setting next_dagrun for conditional_dataset_and_time_based_timetable to 2025-02-19 01:00:00+00:00, run_after=2025-02-19 01:00:00+00:00
[2025-02-23T04:50:58.263+0000] {logging_mixin.py:190} INFO - [2025-02-23T04:50:58.263+0000] {dag.py:4180} INFO - Setting next_dagrun for consume_1_and_2_with_dataset_expressions to None, run_after=None
[2025-02-23T04:50:58.265+0000] {logging_mixin.py:190} INFO - [2025-02-23T04:50:58.265+0000] {dag.py:4180} INFO - Setting next_dagrun for consume_1_or_2_with_dataset_expressions to None, run_after=None
[2025-02-23T04:50:58.266+0000] {logging_mixin.py:190} INFO - [2025-02-23T04:50:58.266+0000] {dag.py:4180} INFO - Setting next_dagrun for consume_1_or_both_2_and_3_with_dataset_expressions to None, run_after=None
[2025-02-23T04:50:58.268+0000] {logging_mixin.py:190} INFO - [2025-02-23T04:50:58.267+0000] {dag.py:4180} INFO - Setting next_dagrun for dataset_consumes_1 to None, run_after=None
[2025-02-23T04:50:58.269+0000] {logging_mixin.py:190} INFO - [2025-02-23T04:50:58.269+0000] {dag.py:4180} INFO - Setting next_dagrun for dataset_consumes_1_and_2 to None, run_after=None
[2025-02-23T04:50:58.270+0000] {logging_mixin.py:190} INFO - [2025-02-23T04:50:58.270+0000] {dag.py:4180} INFO - Setting next_dagrun for dataset_consumes_1_never_scheduled to None, run_after=None
[2025-02-23T04:50:58.272+0000] {logging_mixin.py:190} INFO - [2025-02-23T04:50:58.271+0000] {dag.py:4180} INFO - Setting next_dagrun for dataset_consumes_unknown_never_scheduled to None, run_after=None
[2025-02-23T04:50:58.275+0000] {logging_mixin.py:190} INFO - [2025-02-23T04:50:58.275+0000] {dag.py:4180} INFO - Setting next_dagrun for dataset_produces_1 to 2025-02-22 00:00:00+00:00, run_after=2025-02-23 00:00:00+00:00
[2025-02-23T04:50:58.276+0000] {logging_mixin.py:190} INFO - [2025-02-23T04:50:58.276+0000] {dag.py:4180} INFO - Setting next_dagrun for dataset_produces_2 to None, run_after=None
[2025-02-23T04:50:58.316+0000] {processor.py:208} INFO - Processing /home/airflow/.local/lib/python3.12/site-packages/airflow/example_dags/example_datasets.py took 0.778 seconds
[2025-02-23T04:51:28.494+0000] {processor.py:186} INFO - Started process (PID=538) to work on /home/airflow/.local/lib/python3.12/site-packages/airflow/example_dags/example_datasets.py
[2025-02-23T04:51:28.495+0000] {processor.py:914} INFO - Processing file /home/airflow/.local/lib/python3.12/site-packages/airflow/example_dags/example_datasets.py for tasks to queue
[2025-02-23T04:51:28.496+0000] {logging_mixin.py:190} INFO - [2025-02-23T04:51:28.496+0000] {dagbag.py:588} INFO - Filling up the DagBag from /home/airflow/.local/lib/python3.12/site-packages/airflow/example_dags/example_datasets.py
[2025-02-23T04:51:29.006+0000] {processor.py:925} INFO - DAG(s) 'consume_1_or_2_with_dataset_expressions', 'dataset_consumes_1', 'dataset_consumes_1_never_scheduled', 'consume_1_or_both_2_and_3_with_dataset_expressions', 'dataset_consumes_1_and_2', 'consume_1_and_2_with_dataset_expressions', 'conditional_dataset_and_time_based_timetable', 'dataset_produces_1', 'dataset_produces_2', 'dataset_consumes_unknown_never_scheduled' retrieved from /home/airflow/.local/lib/python3.12/site-packages/airflow/example_dags/example_datasets.py
[2025-02-23T04:51:29.057+0000] {logging_mixin.py:190} INFO - [2025-02-23T04:51:29.056+0000] {dag.py:3239} INFO - Sync 10 DAGs
[2025-02-23T04:51:29.086+0000] {logging_mixin.py:190} INFO - [2025-02-23T04:51:29.086+0000] {dag.py:4180} INFO - Setting next_dagrun for conditional_dataset_and_time_based_timetable to 2025-02-19 01:00:00+00:00, run_after=2025-02-19 01:00:00+00:00
[2025-02-23T04:51:29.089+0000] {logging_mixin.py:190} INFO - [2025-02-23T04:51:29.089+0000] {dag.py:4180} INFO - Setting next_dagrun for consume_1_and_2_with_dataset_expressions to None, run_after=None
[2025-02-23T04:51:29.090+0000] {logging_mixin.py:190} INFO - [2025-02-23T04:51:29.090+0000] {dag.py:4180} INFO - Setting next_dagrun for consume_1_or_2_with_dataset_expressions to None, run_after=None
[2025-02-23T04:51:29.091+0000] {logging_mixin.py:190} INFO - [2025-02-23T04:51:29.091+0000] {dag.py:4180} INFO - Setting next_dagrun for consume_1_or_both_2_and_3_with_dataset_expressions to None, run_after=None
[2025-02-23T04:51:29.092+0000] {logging_mixin.py:190} INFO - [2025-02-23T04:51:29.092+0000] {dag.py:4180} INFO - Setting next_dagrun for dataset_consumes_1 to None, run_after=None
[2025-02-23T04:51:29.093+0000] {logging_mixin.py:190} INFO - [2025-02-23T04:51:29.093+0000] {dag.py:4180} INFO - Setting next_dagrun for dataset_consumes_1_and_2 to None, run_after=None
[2025-02-23T04:51:29.094+0000] {logging_mixin.py:190} INFO - [2025-02-23T04:51:29.094+0000] {dag.py:4180} INFO - Setting next_dagrun for dataset_consumes_1_never_scheduled to None, run_after=None
[2025-02-23T04:51:29.096+0000] {logging_mixin.py:190} INFO - [2025-02-23T04:51:29.095+0000] {dag.py:4180} INFO - Setting next_dagrun for dataset_consumes_unknown_never_scheduled to None, run_after=None
[2025-02-23T04:51:29.098+0000] {logging_mixin.py:190} INFO - [2025-02-23T04:51:29.098+0000] {dag.py:4180} INFO - Setting next_dagrun for dataset_produces_1 to 2025-02-22 00:00:00+00:00, run_after=2025-02-23 00:00:00+00:00
[2025-02-23T04:51:29.099+0000] {logging_mixin.py:190} INFO - [2025-02-23T04:51:29.099+0000] {dag.py:4180} INFO - Setting next_dagrun for dataset_produces_2 to None, run_after=None
[2025-02-23T04:51:29.134+0000] {processor.py:208} INFO - Processing /home/airflow/.local/lib/python3.12/site-packages/airflow/example_dags/example_datasets.py took 0.645 seconds
[2025-02-23T04:51:59.440+0000] {processor.py:186} INFO - Started process (PID=601) to work on /home/airflow/.local/lib/python3.12/site-packages/airflow/example_dags/example_datasets.py
[2025-02-23T04:51:59.441+0000] {processor.py:914} INFO - Processing file /home/airflow/.local/lib/python3.12/site-packages/airflow/example_dags/example_datasets.py for tasks to queue
[2025-02-23T04:51:59.443+0000] {logging_mixin.py:190} INFO - [2025-02-23T04:51:59.442+0000] {dagbag.py:588} INFO - Filling up the DagBag from /home/airflow/.local/lib/python3.12/site-packages/airflow/example_dags/example_datasets.py
[2025-02-23T04:52:00.153+0000] {processor.py:925} INFO - DAG(s) 'dataset_consumes_1_and_2', 'dataset_consumes_unknown_never_scheduled', 'consume_1_or_2_with_dataset_expressions', 'consume_1_or_both_2_and_3_with_dataset_expressions', 'dataset_produces_1', 'consume_1_and_2_with_dataset_expressions', 'conditional_dataset_and_time_based_timetable', 'dataset_consumes_1_never_scheduled', 'dataset_consumes_1', 'dataset_produces_2' retrieved from /home/airflow/.local/lib/python3.12/site-packages/airflow/example_dags/example_datasets.py
[2025-02-23T04:52:00.202+0000] {logging_mixin.py:190} INFO - [2025-02-23T04:52:00.202+0000] {dag.py:3239} INFO - Sync 10 DAGs
[2025-02-23T04:52:00.233+0000] {logging_mixin.py:190} INFO - [2025-02-23T04:52:00.233+0000] {dag.py:4180} INFO - Setting next_dagrun for conditional_dataset_and_time_based_timetable to 2025-02-19 01:00:00+00:00, run_after=2025-02-19 01:00:00+00:00
[2025-02-23T04:52:00.237+0000] {logging_mixin.py:190} INFO - [2025-02-23T04:52:00.237+0000] {dag.py:4180} INFO - Setting next_dagrun for consume_1_and_2_with_dataset_expressions to None, run_after=None
[2025-02-23T04:52:00.239+0000] {logging_mixin.py:190} INFO - [2025-02-23T04:52:00.239+0000] {dag.py:4180} INFO - Setting next_dagrun for consume_1_or_2_with_dataset_expressions to None, run_after=None
[2025-02-23T04:52:00.241+0000] {logging_mixin.py:190} INFO - [2025-02-23T04:52:00.240+0000] {dag.py:4180} INFO - Setting next_dagrun for consume_1_or_both_2_and_3_with_dataset_expressions to None, run_after=None
[2025-02-23T04:52:00.242+0000] {logging_mixin.py:190} INFO - [2025-02-23T04:52:00.242+0000] {dag.py:4180} INFO - Setting next_dagrun for dataset_consumes_1 to None, run_after=None
[2025-02-23T04:52:00.243+0000] {logging_mixin.py:190} INFO - [2025-02-23T04:52:00.243+0000] {dag.py:4180} INFO - Setting next_dagrun for dataset_consumes_1_and_2 to None, run_after=None
[2025-02-23T04:52:00.244+0000] {logging_mixin.py:190} INFO - [2025-02-23T04:52:00.244+0000] {dag.py:4180} INFO - Setting next_dagrun for dataset_consumes_1_never_scheduled to None, run_after=None
[2025-02-23T04:52:00.246+0000] {logging_mixin.py:190} INFO - [2025-02-23T04:52:00.245+0000] {dag.py:4180} INFO - Setting next_dagrun for dataset_consumes_unknown_never_scheduled to None, run_after=None
[2025-02-23T04:52:00.249+0000] {logging_mixin.py:190} INFO - [2025-02-23T04:52:00.249+0000] {dag.py:4180} INFO - Setting next_dagrun for dataset_produces_1 to 2025-02-22 00:00:00+00:00, run_after=2025-02-23 00:00:00+00:00
[2025-02-23T04:52:00.250+0000] {logging_mixin.py:190} INFO - [2025-02-23T04:52:00.250+0000] {dag.py:4180} INFO - Setting next_dagrun for dataset_produces_2 to None, run_after=None
[2025-02-23T04:52:00.279+0000] {processor.py:208} INFO - Processing /home/airflow/.local/lib/python3.12/site-packages/airflow/example_dags/example_datasets.py took 0.845 seconds
[2025-02-23T04:52:30.642+0000] {processor.py:186} INFO - Started process (PID=664) to work on /home/airflow/.local/lib/python3.12/site-packages/airflow/example_dags/example_datasets.py
[2025-02-23T04:52:30.643+0000] {processor.py:914} INFO - Processing file /home/airflow/.local/lib/python3.12/site-packages/airflow/example_dags/example_datasets.py for tasks to queue
[2025-02-23T04:52:30.644+0000] {logging_mixin.py:190} INFO - [2025-02-23T04:52:30.644+0000] {dagbag.py:588} INFO - Filling up the DagBag from /home/airflow/.local/lib/python3.12/site-packages/airflow/example_dags/example_datasets.py
[2025-02-23T04:52:31.159+0000] {processor.py:925} INFO - DAG(s) 'dataset_produces_1', 'dataset_consumes_1', 'dataset_produces_2', 'dataset_consumes_1_and_2', 'dataset_consumes_1_never_scheduled', 'consume_1_or_2_with_dataset_expressions', 'consume_1_or_both_2_and_3_with_dataset_expressions', 'conditional_dataset_and_time_based_timetable', 'consume_1_and_2_with_dataset_expressions', 'dataset_consumes_unknown_never_scheduled' retrieved from /home/airflow/.local/lib/python3.12/site-packages/airflow/example_dags/example_datasets.py
[2025-02-23T04:52:31.211+0000] {logging_mixin.py:190} INFO - [2025-02-23T04:52:31.211+0000] {dag.py:3239} INFO - Sync 10 DAGs
[2025-02-23T04:52:31.240+0000] {logging_mixin.py:190} INFO - [2025-02-23T04:52:31.240+0000] {dag.py:4180} INFO - Setting next_dagrun for conditional_dataset_and_time_based_timetable to 2025-02-19 01:00:00+00:00, run_after=2025-02-19 01:00:00+00:00
[2025-02-23T04:52:31.244+0000] {logging_mixin.py:190} INFO - [2025-02-23T04:52:31.244+0000] {dag.py:4180} INFO - Setting next_dagrun for consume_1_and_2_with_dataset_expressions to None, run_after=None
[2025-02-23T04:52:31.245+0000] {logging_mixin.py:190} INFO - [2025-02-23T04:52:31.245+0000] {dag.py:4180} INFO - Setting next_dagrun for consume_1_or_2_with_dataset_expressions to None, run_after=None
[2025-02-23T04:52:31.246+0000] {logging_mixin.py:190} INFO - [2025-02-23T04:52:31.246+0000] {dag.py:4180} INFO - Setting next_dagrun for consume_1_or_both_2_and_3_with_dataset_expressions to None, run_after=None
[2025-02-23T04:52:31.247+0000] {logging_mixin.py:190} INFO - [2025-02-23T04:52:31.247+0000] {dag.py:4180} INFO - Setting next_dagrun for dataset_consumes_1 to None, run_after=None
[2025-02-23T04:52:31.248+0000] {logging_mixin.py:190} INFO - [2025-02-23T04:52:31.248+0000] {dag.py:4180} INFO - Setting next_dagrun for dataset_consumes_1_and_2 to None, run_after=None
[2025-02-23T04:52:31.249+0000] {logging_mixin.py:190} INFO - [2025-02-23T04:52:31.249+0000] {dag.py:4180} INFO - Setting next_dagrun for dataset_consumes_1_never_scheduled to None, run_after=None
[2025-02-23T04:52:31.250+0000] {logging_mixin.py:190} INFO - [2025-02-23T04:52:31.250+0000] {dag.py:4180} INFO - Setting next_dagrun for dataset_consumes_unknown_never_scheduled to None, run_after=None
[2025-02-23T04:52:31.252+0000] {logging_mixin.py:190} INFO - [2025-02-23T04:52:31.252+0000] {dag.py:4180} INFO - Setting next_dagrun for dataset_produces_1 to 2025-02-22 00:00:00+00:00, run_after=2025-02-23 00:00:00+00:00
[2025-02-23T04:52:31.253+0000] {logging_mixin.py:190} INFO - [2025-02-23T04:52:31.253+0000] {dag.py:4180} INFO - Setting next_dagrun for dataset_produces_2 to None, run_after=None
[2025-02-23T04:52:31.287+0000] {processor.py:208} INFO - Processing /home/airflow/.local/lib/python3.12/site-packages/airflow/example_dags/example_datasets.py took 0.649 seconds
[2025-02-23T04:53:01.706+0000] {processor.py:186} INFO - Started process (PID=727) to work on /home/airflow/.local/lib/python3.12/site-packages/airflow/example_dags/example_datasets.py
[2025-02-23T04:53:01.706+0000] {processor.py:914} INFO - Processing file /home/airflow/.local/lib/python3.12/site-packages/airflow/example_dags/example_datasets.py for tasks to queue
[2025-02-23T04:53:01.708+0000] {logging_mixin.py:190} INFO - [2025-02-23T04:53:01.708+0000] {dagbag.py:588} INFO - Filling up the DagBag from /home/airflow/.local/lib/python3.12/site-packages/airflow/example_dags/example_datasets.py
[2025-02-23T04:53:02.234+0000] {processor.py:925} INFO - DAG(s) 'conditional_dataset_and_time_based_timetable', 'dataset_consumes_1_never_scheduled', 'consume_1_and_2_with_dataset_expressions', 'dataset_consumes_1', 'dataset_produces_2', 'consume_1_or_2_with_dataset_expressions', 'dataset_consumes_unknown_never_scheduled', 'dataset_produces_1', 'dataset_consumes_1_and_2', 'consume_1_or_both_2_and_3_with_dataset_expressions' retrieved from /home/airflow/.local/lib/python3.12/site-packages/airflow/example_dags/example_datasets.py
[2025-02-23T04:53:02.267+0000] {logging_mixin.py:190} INFO - [2025-02-23T04:53:02.267+0000] {dag.py:3239} INFO - Sync 10 DAGs
[2025-02-23T04:53:02.289+0000] {logging_mixin.py:190} INFO - [2025-02-23T04:53:02.289+0000] {dag.py:4180} INFO - Setting next_dagrun for conditional_dataset_and_time_based_timetable to 2025-02-19 01:00:00+00:00, run_after=2025-02-19 01:00:00+00:00
[2025-02-23T04:53:02.292+0000] {logging_mixin.py:190} INFO - [2025-02-23T04:53:02.292+0000] {dag.py:4180} INFO - Setting next_dagrun for consume_1_and_2_with_dataset_expressions to None, run_after=None
[2025-02-23T04:53:02.293+0000] {logging_mixin.py:190} INFO - [2025-02-23T04:53:02.293+0000] {dag.py:4180} INFO - Setting next_dagrun for consume_1_or_2_with_dataset_expressions to None, run_after=None
[2025-02-23T04:53:02.294+0000] {logging_mixin.py:190} INFO - [2025-02-23T04:53:02.294+0000] {dag.py:4180} INFO - Setting next_dagrun for consume_1_or_both_2_and_3_with_dataset_expressions to None, run_after=None
[2025-02-23T04:53:02.295+0000] {logging_mixin.py:190} INFO - [2025-02-23T04:53:02.295+0000] {dag.py:4180} INFO - Setting next_dagrun for dataset_consumes_1 to None, run_after=None
[2025-02-23T04:53:02.296+0000] {logging_mixin.py:190} INFO - [2025-02-23T04:53:02.296+0000] {dag.py:4180} INFO - Setting next_dagrun for dataset_consumes_1_and_2 to None, run_after=None
[2025-02-23T04:53:02.297+0000] {logging_mixin.py:190} INFO - [2025-02-23T04:53:02.296+0000] {dag.py:4180} INFO - Setting next_dagrun for dataset_consumes_1_never_scheduled to None, run_after=None
[2025-02-23T04:53:02.297+0000] {logging_mixin.py:190} INFO - [2025-02-23T04:53:02.297+0000] {dag.py:4180} INFO - Setting next_dagrun for dataset_consumes_unknown_never_scheduled to None, run_after=None
[2025-02-23T04:53:02.299+0000] {logging_mixin.py:190} INFO - [2025-02-23T04:53:02.299+0000] {dag.py:4180} INFO - Setting next_dagrun for dataset_produces_1 to 2025-02-22 00:00:00+00:00, run_after=2025-02-23 00:00:00+00:00
[2025-02-23T04:53:02.300+0000] {logging_mixin.py:190} INFO - [2025-02-23T04:53:02.300+0000] {dag.py:4180} INFO - Setting next_dagrun for dataset_produces_2 to None, run_after=None
[2025-02-23T04:53:02.325+0000] {processor.py:208} INFO - Processing /home/airflow/.local/lib/python3.12/site-packages/airflow/example_dags/example_datasets.py took 0.624 seconds
[2025-02-23T04:53:32.607+0000] {processor.py:186} INFO - Started process (PID=790) to work on /home/airflow/.local/lib/python3.12/site-packages/airflow/example_dags/example_datasets.py
[2025-02-23T04:53:32.607+0000] {processor.py:914} INFO - Processing file /home/airflow/.local/lib/python3.12/site-packages/airflow/example_dags/example_datasets.py for tasks to queue
[2025-02-23T04:53:32.609+0000] {logging_mixin.py:190} INFO - [2025-02-23T04:53:32.609+0000] {dagbag.py:588} INFO - Filling up the DagBag from /home/airflow/.local/lib/python3.12/site-packages/airflow/example_dags/example_datasets.py
[2025-02-23T04:53:33.133+0000] {processor.py:925} INFO - DAG(s) 'dataset_produces_2', 'dataset_consumes_unknown_never_scheduled', 'consume_1_and_2_with_dataset_expressions', 'dataset_consumes_1', 'dataset_consumes_1_never_scheduled', 'dataset_produces_1', 'consume_1_or_2_with_dataset_expressions', 'consume_1_or_both_2_and_3_with_dataset_expressions', 'dataset_consumes_1_and_2', 'conditional_dataset_and_time_based_timetable' retrieved from /home/airflow/.local/lib/python3.12/site-packages/airflow/example_dags/example_datasets.py
[2025-02-23T04:53:33.175+0000] {logging_mixin.py:190} INFO - [2025-02-23T04:53:33.175+0000] {dag.py:3239} INFO - Sync 10 DAGs
[2025-02-23T04:53:33.204+0000] {logging_mixin.py:190} INFO - [2025-02-23T04:53:33.204+0000] {dag.py:4180} INFO - Setting next_dagrun for conditional_dataset_and_time_based_timetable to 2025-02-19 01:00:00+00:00, run_after=2025-02-19 01:00:00+00:00
[2025-02-23T04:53:33.208+0000] {logging_mixin.py:190} INFO - [2025-02-23T04:53:33.207+0000] {dag.py:4180} INFO - Setting next_dagrun for consume_1_and_2_with_dataset_expressions to None, run_after=None
[2025-02-23T04:53:33.209+0000] {logging_mixin.py:190} INFO - [2025-02-23T04:53:33.209+0000] {dag.py:4180} INFO - Setting next_dagrun for consume_1_or_2_with_dataset_expressions to None, run_after=None
[2025-02-23T04:53:33.210+0000] {logging_mixin.py:190} INFO - [2025-02-23T04:53:33.210+0000] {dag.py:4180} INFO - Setting next_dagrun for consume_1_or_both_2_and_3_with_dataset_expressions to None, run_after=None
[2025-02-23T04:53:33.211+0000] {logging_mixin.py:190} INFO - [2025-02-23T04:53:33.211+0000] {dag.py:4180} INFO - Setting next_dagrun for dataset_consumes_1 to None, run_after=None
[2025-02-23T04:53:33.212+0000] {logging_mixin.py:190} INFO - [2025-02-23T04:53:33.212+0000] {dag.py:4180} INFO - Setting next_dagrun for dataset_consumes_1_and_2 to None, run_after=None
[2025-02-23T04:53:33.213+0000] {logging_mixin.py:190} INFO - [2025-02-23T04:53:33.213+0000] {dag.py:4180} INFO - Setting next_dagrun for dataset_consumes_1_never_scheduled to None, run_after=None
[2025-02-23T04:53:33.214+0000] {logging_mixin.py:190} INFO - [2025-02-23T04:53:33.214+0000] {dag.py:4180} INFO - Setting next_dagrun for dataset_consumes_unknown_never_scheduled to None, run_after=None
[2025-02-23T04:53:33.217+0000] {logging_mixin.py:190} INFO - [2025-02-23T04:53:33.217+0000] {dag.py:4180} INFO - Setting next_dagrun for dataset_produces_1 to 2025-02-22 00:00:00+00:00, run_after=2025-02-23 00:00:00+00:00
[2025-02-23T04:53:33.218+0000] {logging_mixin.py:190} INFO - [2025-02-23T04:53:33.218+0000] {dag.py:4180} INFO - Setting next_dagrun for dataset_produces_2 to None, run_after=None
[2025-02-23T04:53:33.244+0000] {processor.py:208} INFO - Processing /home/airflow/.local/lib/python3.12/site-packages/airflow/example_dags/example_datasets.py took 0.641 seconds
[2025-02-23T04:54:03.861+0000] {processor.py:186} INFO - Started process (PID=854) to work on /home/airflow/.local/lib/python3.12/site-packages/airflow/example_dags/example_datasets.py
[2025-02-23T04:54:03.862+0000] {processor.py:914} INFO - Processing file /home/airflow/.local/lib/python3.12/site-packages/airflow/example_dags/example_datasets.py for tasks to queue
[2025-02-23T04:54:03.863+0000] {logging_mixin.py:190} INFO - [2025-02-23T04:54:03.863+0000] {dagbag.py:588} INFO - Filling up the DagBag from /home/airflow/.local/lib/python3.12/site-packages/airflow/example_dags/example_datasets.py
[2025-02-23T04:54:04.367+0000] {processor.py:925} INFO - DAG(s) 'consume_1_or_2_with_dataset_expressions', 'consume_1_and_2_with_dataset_expressions', 'dataset_consumes_1', 'dataset_produces_1', 'dataset_consumes_unknown_never_scheduled', 'dataset_consumes_1_and_2', 'consume_1_or_both_2_and_3_with_dataset_expressions', 'dataset_produces_2', 'dataset_consumes_1_never_scheduled', 'conditional_dataset_and_time_based_timetable' retrieved from /home/airflow/.local/lib/python3.12/site-packages/airflow/example_dags/example_datasets.py
[2025-02-23T04:54:04.410+0000] {logging_mixin.py:190} INFO - [2025-02-23T04:54:04.409+0000] {dag.py:3239} INFO - Sync 10 DAGs
[2025-02-23T04:54:04.437+0000] {logging_mixin.py:190} INFO - [2025-02-23T04:54:04.437+0000] {dag.py:4180} INFO - Setting next_dagrun for conditional_dataset_and_time_based_timetable to 2025-02-19 01:00:00+00:00, run_after=2025-02-19 01:00:00+00:00
[2025-02-23T04:54:04.441+0000] {logging_mixin.py:190} INFO - [2025-02-23T04:54:04.440+0000] {dag.py:4180} INFO - Setting next_dagrun for consume_1_and_2_with_dataset_expressions to None, run_after=None
[2025-02-23T04:54:04.442+0000] {logging_mixin.py:190} INFO - [2025-02-23T04:54:04.442+0000] {dag.py:4180} INFO - Setting next_dagrun for consume_1_or_2_with_dataset_expressions to None, run_after=None
[2025-02-23T04:54:04.443+0000] {logging_mixin.py:190} INFO - [2025-02-23T04:54:04.443+0000] {dag.py:4180} INFO - Setting next_dagrun for consume_1_or_both_2_and_3_with_dataset_expressions to None, run_after=None
[2025-02-23T04:54:04.444+0000] {logging_mixin.py:190} INFO - [2025-02-23T04:54:04.444+0000] {dag.py:4180} INFO - Setting next_dagrun for dataset_consumes_1 to None, run_after=None
[2025-02-23T04:54:04.445+0000] {logging_mixin.py:190} INFO - [2025-02-23T04:54:04.445+0000] {dag.py:4180} INFO - Setting next_dagrun for dataset_consumes_1_and_2 to None, run_after=None
[2025-02-23T04:54:04.446+0000] {logging_mixin.py:190} INFO - [2025-02-23T04:54:04.446+0000] {dag.py:4180} INFO - Setting next_dagrun for dataset_consumes_1_never_scheduled to None, run_after=None
[2025-02-23T04:54:04.447+0000] {logging_mixin.py:190} INFO - [2025-02-23T04:54:04.447+0000] {dag.py:4180} INFO - Setting next_dagrun for dataset_consumes_unknown_never_scheduled to None, run_after=None
[2025-02-23T04:54:04.449+0000] {logging_mixin.py:190} INFO - [2025-02-23T04:54:04.449+0000] {dag.py:4180} INFO - Setting next_dagrun for dataset_produces_1 to 2025-02-22 00:00:00+00:00, run_after=2025-02-23 00:00:00+00:00
[2025-02-23T04:54:04.451+0000] {logging_mixin.py:190} INFO - [2025-02-23T04:54:04.450+0000] {dag.py:4180} INFO - Setting next_dagrun for dataset_produces_2 to None, run_after=None
[2025-02-23T04:54:04.479+0000] {processor.py:208} INFO - Processing /home/airflow/.local/lib/python3.12/site-packages/airflow/example_dags/example_datasets.py took 0.622 seconds
[2025-02-23T04:54:35.066+0000] {processor.py:186} INFO - Started process (PID=917) to work on /home/airflow/.local/lib/python3.12/site-packages/airflow/example_dags/example_datasets.py
[2025-02-23T04:54:35.067+0000] {processor.py:914} INFO - Processing file /home/airflow/.local/lib/python3.12/site-packages/airflow/example_dags/example_datasets.py for tasks to queue
[2025-02-23T04:54:35.068+0000] {logging_mixin.py:190} INFO - [2025-02-23T04:54:35.068+0000] {dagbag.py:588} INFO - Filling up the DagBag from /home/airflow/.local/lib/python3.12/site-packages/airflow/example_dags/example_datasets.py
[2025-02-23T04:54:35.602+0000] {processor.py:925} INFO - DAG(s) 'dataset_consumes_1_never_scheduled', 'dataset_consumes_unknown_never_scheduled', 'consume_1_and_2_with_dataset_expressions', 'consume_1_or_2_with_dataset_expressions', 'dataset_produces_1', 'dataset_produces_2', 'dataset_consumes_1_and_2', 'conditional_dataset_and_time_based_timetable', 'dataset_consumes_1', 'consume_1_or_both_2_and_3_with_dataset_expressions' retrieved from /home/airflow/.local/lib/python3.12/site-packages/airflow/example_dags/example_datasets.py
[2025-02-23T04:54:35.638+0000] {logging_mixin.py:190} INFO - [2025-02-23T04:54:35.638+0000] {dag.py:3239} INFO - Sync 10 DAGs
[2025-02-23T04:54:35.660+0000] {logging_mixin.py:190} INFO - [2025-02-23T04:54:35.659+0000] {dag.py:4180} INFO - Setting next_dagrun for conditional_dataset_and_time_based_timetable to 2025-02-19 01:00:00+00:00, run_after=2025-02-19 01:00:00+00:00
[2025-02-23T04:54:35.663+0000] {logging_mixin.py:190} INFO - [2025-02-23T04:54:35.662+0000] {dag.py:4180} INFO - Setting next_dagrun for consume_1_and_2_with_dataset_expressions to None, run_after=None
[2025-02-23T04:54:35.663+0000] {logging_mixin.py:190} INFO - [2025-02-23T04:54:35.663+0000] {dag.py:4180} INFO - Setting next_dagrun for consume_1_or_2_with_dataset_expressions to None, run_after=None
[2025-02-23T04:54:35.664+0000] {logging_mixin.py:190} INFO - [2025-02-23T04:54:35.664+0000] {dag.py:4180} INFO - Setting next_dagrun for consume_1_or_both_2_and_3_with_dataset_expressions to None, run_after=None
[2025-02-23T04:54:35.665+0000] {logging_mixin.py:190} INFO - [2025-02-23T04:54:35.665+0000] {dag.py:4180} INFO - Setting next_dagrun for dataset_consumes_1 to None, run_after=None
[2025-02-23T04:54:35.666+0000] {logging_mixin.py:190} INFO - [2025-02-23T04:54:35.666+0000] {dag.py:4180} INFO - Setting next_dagrun for dataset_consumes_1_and_2 to None, run_after=None
[2025-02-23T04:54:35.667+0000] {logging_mixin.py:190} INFO - [2025-02-23T04:54:35.667+0000] {dag.py:4180} INFO - Setting next_dagrun for dataset_consumes_1_never_scheduled to None, run_after=None
[2025-02-23T04:54:35.668+0000] {logging_mixin.py:190} INFO - [2025-02-23T04:54:35.668+0000] {dag.py:4180} INFO - Setting next_dagrun for dataset_consumes_unknown_never_scheduled to None, run_after=None
[2025-02-23T04:54:35.670+0000] {logging_mixin.py:190} INFO - [2025-02-23T04:54:35.670+0000] {dag.py:4180} INFO - Setting next_dagrun for dataset_produces_1 to 2025-02-22 00:00:00+00:00, run_after=2025-02-23 00:00:00+00:00
[2025-02-23T04:54:35.671+0000] {logging_mixin.py:190} INFO - [2025-02-23T04:54:35.671+0000] {dag.py:4180} INFO - Setting next_dagrun for dataset_produces_2 to None, run_after=None
[2025-02-23T04:54:35.697+0000] {processor.py:208} INFO - Processing /home/airflow/.local/lib/python3.12/site-packages/airflow/example_dags/example_datasets.py took 0.635 seconds
[2025-02-23T04:55:06.192+0000] {processor.py:186} INFO - Started process (PID=980) to work on /home/airflow/.local/lib/python3.12/site-packages/airflow/example_dags/example_datasets.py
[2025-02-23T04:55:06.193+0000] {processor.py:914} INFO - Processing file /home/airflow/.local/lib/python3.12/site-packages/airflow/example_dags/example_datasets.py for tasks to queue
[2025-02-23T04:55:06.194+0000] {logging_mixin.py:190} INFO - [2025-02-23T04:55:06.194+0000] {dagbag.py:588} INFO - Filling up the DagBag from /home/airflow/.local/lib/python3.12/site-packages/airflow/example_dags/example_datasets.py
[2025-02-23T04:55:06.688+0000] {processor.py:925} INFO - DAG(s) 'dataset_consumes_1_and_2', 'consume_1_and_2_with_dataset_expressions', 'conditional_dataset_and_time_based_timetable', 'dataset_consumes_1', 'dataset_produces_1', 'consume_1_or_2_with_dataset_expressions', 'dataset_consumes_unknown_never_scheduled', 'dataset_consumes_1_never_scheduled', 'dataset_produces_2', 'consume_1_or_both_2_and_3_with_dataset_expressions' retrieved from /home/airflow/.local/lib/python3.12/site-packages/airflow/example_dags/example_datasets.py
[2025-02-23T04:55:06.726+0000] {logging_mixin.py:190} INFO - [2025-02-23T04:55:06.726+0000] {dag.py:3239} INFO - Sync 10 DAGs
[2025-02-23T04:55:06.752+0000] {logging_mixin.py:190} INFO - [2025-02-23T04:55:06.751+0000] {dag.py:4180} INFO - Setting next_dagrun for conditional_dataset_and_time_based_timetable to 2025-02-19 01:00:00+00:00, run_after=2025-02-19 01:00:00+00:00
[2025-02-23T04:55:06.754+0000] {logging_mixin.py:190} INFO - [2025-02-23T04:55:06.754+0000] {dag.py:4180} INFO - Setting next_dagrun for consume_1_and_2_with_dataset_expressions to None, run_after=None
[2025-02-23T04:55:06.755+0000] {logging_mixin.py:190} INFO - [2025-02-23T04:55:06.755+0000] {dag.py:4180} INFO - Setting next_dagrun for consume_1_or_2_with_dataset_expressions to None, run_after=None
[2025-02-23T04:55:06.756+0000] {logging_mixin.py:190} INFO - [2025-02-23T04:55:06.756+0000] {dag.py:4180} INFO - Setting next_dagrun for consume_1_or_both_2_and_3_with_dataset_expressions to None, run_after=None
[2025-02-23T04:55:06.757+0000] {logging_mixin.py:190} INFO - [2025-02-23T04:55:06.757+0000] {dag.py:4180} INFO - Setting next_dagrun for dataset_consumes_1 to None, run_after=None
[2025-02-23T04:55:06.758+0000] {logging_mixin.py:190} INFO - [2025-02-23T04:55:06.758+0000] {dag.py:4180} INFO - Setting next_dagrun for dataset_consumes_1_and_2 to None, run_after=None
[2025-02-23T04:55:06.759+0000] {logging_mixin.py:190} INFO - [2025-02-23T04:55:06.759+0000] {dag.py:4180} INFO - Setting next_dagrun for dataset_consumes_1_never_scheduled to None, run_after=None
[2025-02-23T04:55:06.761+0000] {logging_mixin.py:190} INFO - [2025-02-23T04:55:06.760+0000] {dag.py:4180} INFO - Setting next_dagrun for dataset_consumes_unknown_never_scheduled to None, run_after=None
[2025-02-23T04:55:06.764+0000] {logging_mixin.py:190} INFO - [2025-02-23T04:55:06.763+0000] {dag.py:4180} INFO - Setting next_dagrun for dataset_produces_1 to 2025-02-22 00:00:00+00:00, run_after=2025-02-23 00:00:00+00:00
[2025-02-23T04:55:06.765+0000] {logging_mixin.py:190} INFO - [2025-02-23T04:55:06.765+0000] {dag.py:4180} INFO - Setting next_dagrun for dataset_produces_2 to None, run_after=None
[2025-02-23T04:55:06.800+0000] {processor.py:208} INFO - Processing /home/airflow/.local/lib/python3.12/site-packages/airflow/example_dags/example_datasets.py took 0.612 seconds
[2025-02-23T04:55:37.409+0000] {processor.py:186} INFO - Started process (PID=1043) to work on /home/airflow/.local/lib/python3.12/site-packages/airflow/example_dags/example_datasets.py
[2025-02-23T04:55:37.410+0000] {processor.py:914} INFO - Processing file /home/airflow/.local/lib/python3.12/site-packages/airflow/example_dags/example_datasets.py for tasks to queue
[2025-02-23T04:55:37.411+0000] {logging_mixin.py:190} INFO - [2025-02-23T04:55:37.411+0000] {dagbag.py:588} INFO - Filling up the DagBag from /home/airflow/.local/lib/python3.12/site-packages/airflow/example_dags/example_datasets.py
[2025-02-23T04:55:37.899+0000] {processor.py:925} INFO - DAG(s) 'dataset_produces_2', 'consume_1_and_2_with_dataset_expressions', 'dataset_consumes_unknown_never_scheduled', 'consume_1_or_2_with_dataset_expressions', 'consume_1_or_both_2_and_3_with_dataset_expressions', 'dataset_consumes_1', 'conditional_dataset_and_time_based_timetable', 'dataset_consumes_1_never_scheduled', 'dataset_consumes_1_and_2', 'dataset_produces_1' retrieved from /home/airflow/.local/lib/python3.12/site-packages/airflow/example_dags/example_datasets.py
[2025-02-23T04:55:37.942+0000] {logging_mixin.py:190} INFO - [2025-02-23T04:55:37.942+0000] {dag.py:3239} INFO - Sync 10 DAGs
[2025-02-23T04:55:37.966+0000] {logging_mixin.py:190} INFO - [2025-02-23T04:55:37.966+0000] {dag.py:4180} INFO - Setting next_dagrun for conditional_dataset_and_time_based_timetable to 2025-02-19 01:00:00+00:00, run_after=2025-02-19 01:00:00+00:00
[2025-02-23T04:55:37.969+0000] {logging_mixin.py:190} INFO - [2025-02-23T04:55:37.969+0000] {dag.py:4180} INFO - Setting next_dagrun for consume_1_and_2_with_dataset_expressions to None, run_after=None
[2025-02-23T04:55:37.970+0000] {logging_mixin.py:190} INFO - [2025-02-23T04:55:37.970+0000] {dag.py:4180} INFO - Setting next_dagrun for consume_1_or_2_with_dataset_expressions to None, run_after=None
[2025-02-23T04:55:37.971+0000] {logging_mixin.py:190} INFO - [2025-02-23T04:55:37.971+0000] {dag.py:4180} INFO - Setting next_dagrun for consume_1_or_both_2_and_3_with_dataset_expressions to None, run_after=None
[2025-02-23T04:55:37.972+0000] {logging_mixin.py:190} INFO - [2025-02-23T04:55:37.972+0000] {dag.py:4180} INFO - Setting next_dagrun for dataset_consumes_1 to None, run_after=None
[2025-02-23T04:55:37.973+0000] {logging_mixin.py:190} INFO - [2025-02-23T04:55:37.973+0000] {dag.py:4180} INFO - Setting next_dagrun for dataset_consumes_1_and_2 to None, run_after=None
[2025-02-23T04:55:37.974+0000] {logging_mixin.py:190} INFO - [2025-02-23T04:55:37.974+0000] {dag.py:4180} INFO - Setting next_dagrun for dataset_consumes_1_never_scheduled to None, run_after=None
[2025-02-23T04:55:37.975+0000] {logging_mixin.py:190} INFO - [2025-02-23T04:55:37.975+0000] {dag.py:4180} INFO - Setting next_dagrun for dataset_consumes_unknown_never_scheduled to None, run_after=None
[2025-02-23T04:55:37.977+0000] {logging_mixin.py:190} INFO - [2025-02-23T04:55:37.977+0000] {dag.py:4180} INFO - Setting next_dagrun for dataset_produces_1 to 2025-02-22 00:00:00+00:00, run_after=2025-02-23 00:00:00+00:00
[2025-02-23T04:55:37.978+0000] {logging_mixin.py:190} INFO - [2025-02-23T04:55:37.978+0000] {dag.py:4180} INFO - Setting next_dagrun for dataset_produces_2 to None, run_after=None
[2025-02-23T04:55:38.003+0000] {processor.py:208} INFO - Processing /home/airflow/.local/lib/python3.12/site-packages/airflow/example_dags/example_datasets.py took 0.598 seconds
[2025-02-23T04:56:08.725+0000] {processor.py:186} INFO - Started process (PID=1106) to work on /home/airflow/.local/lib/python3.12/site-packages/airflow/example_dags/example_datasets.py
[2025-02-23T04:56:08.725+0000] {processor.py:914} INFO - Processing file /home/airflow/.local/lib/python3.12/site-packages/airflow/example_dags/example_datasets.py for tasks to queue
[2025-02-23T04:56:08.727+0000] {logging_mixin.py:190} INFO - [2025-02-23T04:56:08.727+0000] {dagbag.py:588} INFO - Filling up the DagBag from /home/airflow/.local/lib/python3.12/site-packages/airflow/example_dags/example_datasets.py
[2025-02-23T04:56:09.238+0000] {processor.py:925} INFO - DAG(s) 'dataset_consumes_1', 'dataset_consumes_1_and_2', 'conditional_dataset_and_time_based_timetable', 'dataset_consumes_unknown_never_scheduled', 'consume_1_or_2_with_dataset_expressions', 'consume_1_or_both_2_and_3_with_dataset_expressions', 'dataset_produces_1', 'dataset_produces_2', 'dataset_consumes_1_never_scheduled', 'consume_1_and_2_with_dataset_expressions' retrieved from /home/airflow/.local/lib/python3.12/site-packages/airflow/example_dags/example_datasets.py
[2025-02-23T04:56:09.273+0000] {logging_mixin.py:190} INFO - [2025-02-23T04:56:09.272+0000] {dag.py:3239} INFO - Sync 10 DAGs
[2025-02-23T04:56:09.293+0000] {logging_mixin.py:190} INFO - [2025-02-23T04:56:09.293+0000] {dag.py:4180} INFO - Setting next_dagrun for conditional_dataset_and_time_based_timetable to 2025-02-19 01:00:00+00:00, run_after=2025-02-19 01:00:00+00:00
[2025-02-23T04:56:09.296+0000] {logging_mixin.py:190} INFO - [2025-02-23T04:56:09.296+0000] {dag.py:4180} INFO - Setting next_dagrun for consume_1_and_2_with_dataset_expressions to None, run_after=None
[2025-02-23T04:56:09.297+0000] {logging_mixin.py:190} INFO - [2025-02-23T04:56:09.297+0000] {dag.py:4180} INFO - Setting next_dagrun for consume_1_or_2_with_dataset_expressions to None, run_after=None
[2025-02-23T04:56:09.298+0000] {logging_mixin.py:190} INFO - [2025-02-23T04:56:09.298+0000] {dag.py:4180} INFO - Setting next_dagrun for consume_1_or_both_2_and_3_with_dataset_expressions to None, run_after=None
[2025-02-23T04:56:09.299+0000] {logging_mixin.py:190} INFO - [2025-02-23T04:56:09.299+0000] {dag.py:4180} INFO - Setting next_dagrun for dataset_consumes_1 to None, run_after=None
[2025-02-23T04:56:09.300+0000] {logging_mixin.py:190} INFO - [2025-02-23T04:56:09.300+0000] {dag.py:4180} INFO - Setting next_dagrun for dataset_consumes_1_and_2 to None, run_after=None
[2025-02-23T04:56:09.301+0000] {logging_mixin.py:190} INFO - [2025-02-23T04:56:09.301+0000] {dag.py:4180} INFO - Setting next_dagrun for dataset_consumes_1_never_scheduled to None, run_after=None
[2025-02-23T04:56:09.302+0000] {logging_mixin.py:190} INFO - [2025-02-23T04:56:09.302+0000] {dag.py:4180} INFO - Setting next_dagrun for dataset_consumes_unknown_never_scheduled to None, run_after=None
[2025-02-23T04:56:09.304+0000] {logging_mixin.py:190} INFO - [2025-02-23T04:56:09.303+0000] {dag.py:4180} INFO - Setting next_dagrun for dataset_produces_1 to 2025-02-22 00:00:00+00:00, run_after=2025-02-23 00:00:00+00:00
[2025-02-23T04:56:09.305+0000] {logging_mixin.py:190} INFO - [2025-02-23T04:56:09.304+0000] {dag.py:4180} INFO - Setting next_dagrun for dataset_produces_2 to None, run_after=None
[2025-02-23T04:56:09.329+0000] {processor.py:208} INFO - Processing /home/airflow/.local/lib/python3.12/site-packages/airflow/example_dags/example_datasets.py took 0.610 seconds
[2025-02-23T04:56:39.984+0000] {processor.py:186} INFO - Started process (PID=1169) to work on /home/airflow/.local/lib/python3.12/site-packages/airflow/example_dags/example_datasets.py
[2025-02-23T04:56:39.985+0000] {processor.py:914} INFO - Processing file /home/airflow/.local/lib/python3.12/site-packages/airflow/example_dags/example_datasets.py for tasks to queue
[2025-02-23T04:56:39.986+0000] {logging_mixin.py:190} INFO - [2025-02-23T04:56:39.986+0000] {dagbag.py:588} INFO - Filling up the DagBag from /home/airflow/.local/lib/python3.12/site-packages/airflow/example_dags/example_datasets.py
[2025-02-23T04:56:40.514+0000] {processor.py:925} INFO - DAG(s) 'dataset_consumes_1_and_2', 'dataset_consumes_1_never_scheduled', 'consume_1_and_2_with_dataset_expressions', 'dataset_consumes_1', 'conditional_dataset_and_time_based_timetable', 'dataset_consumes_unknown_never_scheduled', 'consume_1_or_2_with_dataset_expressions', 'dataset_produces_2', 'consume_1_or_both_2_and_3_with_dataset_expressions', 'dataset_produces_1' retrieved from /home/airflow/.local/lib/python3.12/site-packages/airflow/example_dags/example_datasets.py
[2025-02-23T04:56:40.557+0000] {logging_mixin.py:190} INFO - [2025-02-23T04:56:40.557+0000] {dag.py:3239} INFO - Sync 10 DAGs
[2025-02-23T04:56:40.589+0000] {logging_mixin.py:190} INFO - [2025-02-23T04:56:40.588+0000] {dag.py:4180} INFO - Setting next_dagrun for conditional_dataset_and_time_based_timetable to 2025-02-19 01:00:00+00:00, run_after=2025-02-19 01:00:00+00:00
[2025-02-23T04:56:40.593+0000] {logging_mixin.py:190} INFO - [2025-02-23T04:56:40.593+0000] {dag.py:4180} INFO - Setting next_dagrun for consume_1_and_2_with_dataset_expressions to None, run_after=None
[2025-02-23T04:56:40.594+0000] {logging_mixin.py:190} INFO - [2025-02-23T04:56:40.594+0000] {dag.py:4180} INFO - Setting next_dagrun for consume_1_or_2_with_dataset_expressions to None, run_after=None
[2025-02-23T04:56:40.595+0000] {logging_mixin.py:190} INFO - [2025-02-23T04:56:40.595+0000] {dag.py:4180} INFO - Setting next_dagrun for consume_1_or_both_2_and_3_with_dataset_expressions to None, run_after=None
[2025-02-23T04:56:40.597+0000] {logging_mixin.py:190} INFO - [2025-02-23T04:56:40.597+0000] {dag.py:4180} INFO - Setting next_dagrun for dataset_consumes_1 to None, run_after=None
[2025-02-23T04:56:40.598+0000] {logging_mixin.py:190} INFO - [2025-02-23T04:56:40.598+0000] {dag.py:4180} INFO - Setting next_dagrun for dataset_consumes_1_and_2 to None, run_after=None
[2025-02-23T04:56:40.599+0000] {logging_mixin.py:190} INFO - [2025-02-23T04:56:40.599+0000] {dag.py:4180} INFO - Setting next_dagrun for dataset_consumes_1_never_scheduled to None, run_after=None
[2025-02-23T04:56:40.600+0000] {logging_mixin.py:190} INFO - [2025-02-23T04:56:40.600+0000] {dag.py:4180} INFO - Setting next_dagrun for dataset_consumes_unknown_never_scheduled to None, run_after=None
[2025-02-23T04:56:40.603+0000] {logging_mixin.py:190} INFO - [2025-02-23T04:56:40.603+0000] {dag.py:4180} INFO - Setting next_dagrun for dataset_produces_1 to 2025-02-22 00:00:00+00:00, run_after=2025-02-23 00:00:00+00:00
[2025-02-23T04:56:40.604+0000] {logging_mixin.py:190} INFO - [2025-02-23T04:56:40.604+0000] {dag.py:4180} INFO - Setting next_dagrun for dataset_produces_2 to None, run_after=None
[2025-02-23T04:56:40.633+0000] {processor.py:208} INFO - Processing /home/airflow/.local/lib/python3.12/site-packages/airflow/example_dags/example_datasets.py took 0.655 seconds
[2025-02-23T04:57:11.240+0000] {processor.py:186} INFO - Started process (PID=1232) to work on /home/airflow/.local/lib/python3.12/site-packages/airflow/example_dags/example_datasets.py
[2025-02-23T04:57:11.241+0000] {processor.py:914} INFO - Processing file /home/airflow/.local/lib/python3.12/site-packages/airflow/example_dags/example_datasets.py for tasks to queue
[2025-02-23T04:57:11.242+0000] {logging_mixin.py:190} INFO - [2025-02-23T04:57:11.242+0000] {dagbag.py:588} INFO - Filling up the DagBag from /home/airflow/.local/lib/python3.12/site-packages/airflow/example_dags/example_datasets.py
[2025-02-23T04:57:11.747+0000] {processor.py:925} INFO - DAG(s) 'dataset_consumes_unknown_never_scheduled', 'consume_1_or_2_with_dataset_expressions', 'dataset_produces_1', 'dataset_consumes_1_never_scheduled', 'dataset_produces_2', 'dataset_consumes_1_and_2', 'conditional_dataset_and_time_based_timetable', 'consume_1_or_both_2_and_3_with_dataset_expressions', 'consume_1_and_2_with_dataset_expressions', 'dataset_consumes_1' retrieved from /home/airflow/.local/lib/python3.12/site-packages/airflow/example_dags/example_datasets.py
[2025-02-23T04:57:11.789+0000] {logging_mixin.py:190} INFO - [2025-02-23T04:57:11.789+0000] {dag.py:3239} INFO - Sync 10 DAGs
[2025-02-23T04:57:11.816+0000] {logging_mixin.py:190} INFO - [2025-02-23T04:57:11.816+0000] {dag.py:4180} INFO - Setting next_dagrun for conditional_dataset_and_time_based_timetable to 2025-02-19 01:00:00+00:00, run_after=2025-02-19 01:00:00+00:00
[2025-02-23T04:57:11.819+0000] {logging_mixin.py:190} INFO - [2025-02-23T04:57:11.819+0000] {dag.py:4180} INFO - Setting next_dagrun for consume_1_and_2_with_dataset_expressions to None, run_after=None
[2025-02-23T04:57:11.820+0000] {logging_mixin.py:190} INFO - [2025-02-23T04:57:11.820+0000] {dag.py:4180} INFO - Setting next_dagrun for consume_1_or_2_with_dataset_expressions to None, run_after=None
[2025-02-23T04:57:11.821+0000] {logging_mixin.py:190} INFO - [2025-02-23T04:57:11.821+0000] {dag.py:4180} INFO - Setting next_dagrun for consume_1_or_both_2_and_3_with_dataset_expressions to None, run_after=None
[2025-02-23T04:57:11.822+0000] {logging_mixin.py:190} INFO - [2025-02-23T04:57:11.822+0000] {dag.py:4180} INFO - Setting next_dagrun for dataset_consumes_1 to None, run_after=None
[2025-02-23T04:57:11.823+0000] {logging_mixin.py:190} INFO - [2025-02-23T04:57:11.822+0000] {dag.py:4180} INFO - Setting next_dagrun for dataset_consumes_1_and_2 to None, run_after=None
[2025-02-23T04:57:11.823+0000] {logging_mixin.py:190} INFO - [2025-02-23T04:57:11.823+0000] {dag.py:4180} INFO - Setting next_dagrun for dataset_consumes_1_never_scheduled to None, run_after=None
[2025-02-23T04:57:11.824+0000] {logging_mixin.py:190} INFO - [2025-02-23T04:57:11.824+0000] {dag.py:4180} INFO - Setting next_dagrun for dataset_consumes_unknown_never_scheduled to None, run_after=None
[2025-02-23T04:57:11.826+0000] {logging_mixin.py:190} INFO - [2025-02-23T04:57:11.826+0000] {dag.py:4180} INFO - Setting next_dagrun for dataset_produces_1 to 2025-02-22 00:00:00+00:00, run_after=2025-02-23 00:00:00+00:00
[2025-02-23T04:57:11.827+0000] {logging_mixin.py:190} INFO - [2025-02-23T04:57:11.827+0000] {dag.py:4180} INFO - Setting next_dagrun for dataset_produces_2 to None, run_after=None
[2025-02-23T04:57:11.856+0000] {processor.py:208} INFO - Processing /home/airflow/.local/lib/python3.12/site-packages/airflow/example_dags/example_datasets.py took 0.620 seconds
[2025-02-23T04:57:42.482+0000] {processor.py:186} INFO - Started process (PID=1295) to work on /home/airflow/.local/lib/python3.12/site-packages/airflow/example_dags/example_datasets.py
[2025-02-23T04:57:42.482+0000] {processor.py:914} INFO - Processing file /home/airflow/.local/lib/python3.12/site-packages/airflow/example_dags/example_datasets.py for tasks to queue
[2025-02-23T04:57:42.484+0000] {logging_mixin.py:190} INFO - [2025-02-23T04:57:42.484+0000] {dagbag.py:588} INFO - Filling up the DagBag from /home/airflow/.local/lib/python3.12/site-packages/airflow/example_dags/example_datasets.py
[2025-02-23T04:57:42.995+0000] {processor.py:925} INFO - DAG(s) 'consume_1_or_2_with_dataset_expressions', 'dataset_consumes_1_never_scheduled', 'dataset_consumes_1_and_2', 'consume_1_or_both_2_and_3_with_dataset_expressions', 'dataset_consumes_1', 'conditional_dataset_and_time_based_timetable', 'consume_1_and_2_with_dataset_expressions', 'dataset_produces_1', 'dataset_produces_2', 'dataset_consumes_unknown_never_scheduled' retrieved from /home/airflow/.local/lib/python3.12/site-packages/airflow/example_dags/example_datasets.py
[2025-02-23T04:57:43.038+0000] {logging_mixin.py:190} INFO - [2025-02-23T04:57:43.038+0000] {dag.py:3239} INFO - Sync 10 DAGs
[2025-02-23T04:57:43.070+0000] {logging_mixin.py:190} INFO - [2025-02-23T04:57:43.070+0000] {dag.py:4180} INFO - Setting next_dagrun for conditional_dataset_and_time_based_timetable to 2025-02-19 01:00:00+00:00, run_after=2025-02-19 01:00:00+00:00
[2025-02-23T04:57:43.074+0000] {logging_mixin.py:190} INFO - [2025-02-23T04:57:43.074+0000] {dag.py:4180} INFO - Setting next_dagrun for consume_1_and_2_with_dataset_expressions to None, run_after=None
[2025-02-23T04:57:43.075+0000] {logging_mixin.py:190} INFO - [2025-02-23T04:57:43.075+0000] {dag.py:4180} INFO - Setting next_dagrun for consume_1_or_2_with_dataset_expressions to None, run_after=None
[2025-02-23T04:57:43.076+0000] {logging_mixin.py:190} INFO - [2025-02-23T04:57:43.076+0000] {dag.py:4180} INFO - Setting next_dagrun for consume_1_or_both_2_and_3_with_dataset_expressions to None, run_after=None
[2025-02-23T04:57:43.077+0000] {logging_mixin.py:190} INFO - [2025-02-23T04:57:43.077+0000] {dag.py:4180} INFO - Setting next_dagrun for dataset_consumes_1 to None, run_after=None
[2025-02-23T04:57:43.078+0000] {logging_mixin.py:190} INFO - [2025-02-23T04:57:43.078+0000] {dag.py:4180} INFO - Setting next_dagrun for dataset_consumes_1_and_2 to None, run_after=None
[2025-02-23T04:57:43.080+0000] {logging_mixin.py:190} INFO - [2025-02-23T04:57:43.079+0000] {dag.py:4180} INFO - Setting next_dagrun for dataset_consumes_1_never_scheduled to None, run_after=None
[2025-02-23T04:57:43.081+0000] {logging_mixin.py:190} INFO - [2025-02-23T04:57:43.081+0000] {dag.py:4180} INFO - Setting next_dagrun for dataset_consumes_unknown_never_scheduled to None, run_after=None
[2025-02-23T04:57:43.084+0000] {logging_mixin.py:190} INFO - [2025-02-23T04:57:43.084+0000] {dag.py:4180} INFO - Setting next_dagrun for dataset_produces_1 to 2025-02-22 00:00:00+00:00, run_after=2025-02-23 00:00:00+00:00
[2025-02-23T04:57:43.085+0000] {logging_mixin.py:190} INFO - [2025-02-23T04:57:43.085+0000] {dag.py:4180} INFO - Setting next_dagrun for dataset_produces_2 to None, run_after=None
[2025-02-23T04:57:43.119+0000] {processor.py:208} INFO - Processing /home/airflow/.local/lib/python3.12/site-packages/airflow/example_dags/example_datasets.py took 0.641 seconds
[2025-02-23T04:58:13.876+0000] {processor.py:186} INFO - Started process (PID=1359) to work on /home/airflow/.local/lib/python3.12/site-packages/airflow/example_dags/example_datasets.py
[2025-02-23T04:58:13.877+0000] {processor.py:914} INFO - Processing file /home/airflow/.local/lib/python3.12/site-packages/airflow/example_dags/example_datasets.py for tasks to queue
[2025-02-23T04:58:13.879+0000] {logging_mixin.py:190} INFO - [2025-02-23T04:58:13.878+0000] {dagbag.py:588} INFO - Filling up the DagBag from /home/airflow/.local/lib/python3.12/site-packages/airflow/example_dags/example_datasets.py
[2025-02-23T04:58:14.383+0000] {processor.py:925} INFO - DAG(s) 'dataset_consumes_1_and_2', 'dataset_consumes_1', 'dataset_consumes_unknown_never_scheduled', 'consume_1_and_2_with_dataset_expressions', 'consume_1_or_2_with_dataset_expressions', 'dataset_produces_1', 'dataset_consumes_1_never_scheduled', 'consume_1_or_both_2_and_3_with_dataset_expressions', 'dataset_produces_2', 'conditional_dataset_and_time_based_timetable' retrieved from /home/airflow/.local/lib/python3.12/site-packages/airflow/example_dags/example_datasets.py
[2025-02-23T04:58:14.429+0000] {logging_mixin.py:190} INFO - [2025-02-23T04:58:14.429+0000] {dag.py:3239} INFO - Sync 10 DAGs
[2025-02-23T04:58:14.456+0000] {logging_mixin.py:190} INFO - [2025-02-23T04:58:14.456+0000] {dag.py:4180} INFO - Setting next_dagrun for conditional_dataset_and_time_based_timetable to 2025-02-19 01:00:00+00:00, run_after=2025-02-19 01:00:00+00:00
[2025-02-23T04:58:14.459+0000] {logging_mixin.py:190} INFO - [2025-02-23T04:58:14.459+0000] {dag.py:4180} INFO - Setting next_dagrun for consume_1_and_2_with_dataset_expressions to None, run_after=None
[2025-02-23T04:58:14.460+0000] {logging_mixin.py:190} INFO - [2025-02-23T04:58:14.460+0000] {dag.py:4180} INFO - Setting next_dagrun for consume_1_or_2_with_dataset_expressions to None, run_after=None
[2025-02-23T04:58:14.461+0000] {logging_mixin.py:190} INFO - [2025-02-23T04:58:14.460+0000] {dag.py:4180} INFO - Setting next_dagrun for consume_1_or_both_2_and_3_with_dataset_expressions to None, run_after=None
[2025-02-23T04:58:14.461+0000] {logging_mixin.py:190} INFO - [2025-02-23T04:58:14.461+0000] {dag.py:4180} INFO - Setting next_dagrun for dataset_consumes_1 to None, run_after=None
[2025-02-23T04:58:14.462+0000] {logging_mixin.py:190} INFO - [2025-02-23T04:58:14.462+0000] {dag.py:4180} INFO - Setting next_dagrun for dataset_consumes_1_and_2 to None, run_after=None
[2025-02-23T04:58:14.463+0000] {logging_mixin.py:190} INFO - [2025-02-23T04:58:14.463+0000] {dag.py:4180} INFO - Setting next_dagrun for dataset_consumes_1_never_scheduled to None, run_after=None
[2025-02-23T04:58:14.464+0000] {logging_mixin.py:190} INFO - [2025-02-23T04:58:14.464+0000] {dag.py:4180} INFO - Setting next_dagrun for dataset_consumes_unknown_never_scheduled to None, run_after=None
[2025-02-23T04:58:14.466+0000] {logging_mixin.py:190} INFO - [2025-02-23T04:58:14.466+0000] {dag.py:4180} INFO - Setting next_dagrun for dataset_produces_1 to 2025-02-22 00:00:00+00:00, run_after=2025-02-23 00:00:00+00:00
[2025-02-23T04:58:14.467+0000] {logging_mixin.py:190} INFO - [2025-02-23T04:58:14.467+0000] {dag.py:4180} INFO - Setting next_dagrun for dataset_produces_2 to None, run_after=None
[2025-02-23T04:58:14.492+0000] {processor.py:208} INFO - Processing /home/airflow/.local/lib/python3.12/site-packages/airflow/example_dags/example_datasets.py took 0.620 seconds
[2025-02-23T04:58:45.376+0000] {processor.py:186} INFO - Started process (PID=1422) to work on /home/airflow/.local/lib/python3.12/site-packages/airflow/example_dags/example_datasets.py
[2025-02-23T04:58:45.377+0000] {processor.py:914} INFO - Processing file /home/airflow/.local/lib/python3.12/site-packages/airflow/example_dags/example_datasets.py for tasks to queue
[2025-02-23T04:58:45.378+0000] {logging_mixin.py:190} INFO - [2025-02-23T04:58:45.378+0000] {dagbag.py:588} INFO - Filling up the DagBag from /home/airflow/.local/lib/python3.12/site-packages/airflow/example_dags/example_datasets.py
[2025-02-23T04:58:45.905+0000] {processor.py:925} INFO - DAG(s) 'dataset_consumes_unknown_never_scheduled', 'consume_1_and_2_with_dataset_expressions', 'dataset_consumes_1', 'conditional_dataset_and_time_based_timetable', 'dataset_produces_2', 'consume_1_or_both_2_and_3_with_dataset_expressions', 'dataset_produces_1', 'consume_1_or_2_with_dataset_expressions', 'dataset_consumes_1_and_2', 'dataset_consumes_1_never_scheduled' retrieved from /home/airflow/.local/lib/python3.12/site-packages/airflow/example_dags/example_datasets.py
[2025-02-23T04:58:45.946+0000] {logging_mixin.py:190} INFO - [2025-02-23T04:58:45.946+0000] {dag.py:3239} INFO - Sync 10 DAGs
[2025-02-23T04:58:45.968+0000] {logging_mixin.py:190} INFO - [2025-02-23T04:58:45.968+0000] {dag.py:4180} INFO - Setting next_dagrun for conditional_dataset_and_time_based_timetable to 2025-02-19 01:00:00+00:00, run_after=2025-02-19 01:00:00+00:00
[2025-02-23T04:58:45.971+0000] {logging_mixin.py:190} INFO - [2025-02-23T04:58:45.971+0000] {dag.py:4180} INFO - Setting next_dagrun for consume_1_and_2_with_dataset_expressions to None, run_after=None
[2025-02-23T04:58:45.972+0000] {logging_mixin.py:190} INFO - [2025-02-23T04:58:45.972+0000] {dag.py:4180} INFO - Setting next_dagrun for consume_1_or_2_with_dataset_expressions to None, run_after=None
[2025-02-23T04:58:45.973+0000] {logging_mixin.py:190} INFO - [2025-02-23T04:58:45.973+0000] {dag.py:4180} INFO - Setting next_dagrun for consume_1_or_both_2_and_3_with_dataset_expressions to None, run_after=None
[2025-02-23T04:58:45.974+0000] {logging_mixin.py:190} INFO - [2025-02-23T04:58:45.974+0000] {dag.py:4180} INFO - Setting next_dagrun for dataset_consumes_1 to None, run_after=None
[2025-02-23T04:58:45.975+0000] {logging_mixin.py:190} INFO - [2025-02-23T04:58:45.974+0000] {dag.py:4180} INFO - Setting next_dagrun for dataset_consumes_1_and_2 to None, run_after=None
[2025-02-23T04:58:45.975+0000] {logging_mixin.py:190} INFO - [2025-02-23T04:58:45.975+0000] {dag.py:4180} INFO - Setting next_dagrun for dataset_consumes_1_never_scheduled to None, run_after=None
[2025-02-23T04:58:45.976+0000] {logging_mixin.py:190} INFO - [2025-02-23T04:58:45.976+0000] {dag.py:4180} INFO - Setting next_dagrun for dataset_consumes_unknown_never_scheduled to None, run_after=None
[2025-02-23T04:58:45.978+0000] {logging_mixin.py:190} INFO - [2025-02-23T04:58:45.978+0000] {dag.py:4180} INFO - Setting next_dagrun for dataset_produces_1 to 2025-02-22 00:00:00+00:00, run_after=2025-02-23 00:00:00+00:00
[2025-02-23T04:58:45.979+0000] {logging_mixin.py:190} INFO - [2025-02-23T04:58:45.979+0000] {dag.py:4180} INFO - Setting next_dagrun for dataset_produces_2 to None, run_after=None
[2025-02-23T04:58:46.012+0000] {processor.py:208} INFO - Processing /home/airflow/.local/lib/python3.12/site-packages/airflow/example_dags/example_datasets.py took 0.639 seconds
