[2025-02-23T04:47:44.758+0000] {processor.py:186} INFO - Started process (PID=72) to work on /home/airflow/.local/lib/python3.12/site-packages/airflow/example_dags/example_subdag_operator.py
[2025-02-23T04:47:44.759+0000] {processor.py:914} INFO - Processing file /home/airflow/.local/lib/python3.12/site-packages/airflow/example_dags/example_subdag_operator.py for tasks to queue
[2025-02-23T04:47:44.761+0000] {logging_mixin.py:190} INFO - [2025-02-23T04:47:44.761+0000] {dagbag.py:588} INFO - Filling up the DagBag from /home/airflow/.local/lib/python3.12/site-packages/airflow/example_dags/example_subdag_operator.py
[2025-02-23T04:47:44.802+0000] {processor.py:925} INFO - DAG(s) 'example_subdag_operator.section-1', 'example_subdag_operator.section-2', 'example_subdag_operator' retrieved from /home/airflow/.local/lib/python3.12/site-packages/airflow/example_dags/example_subdag_operator.py
[2025-02-23T04:47:45.026+0000] {logging_mixin.py:190} INFO - [2025-02-23T04:47:45.025+0000] {override.py:1911} INFO - Created Permission View: can delete on DAG:example_subdag_operator
[2025-02-23T04:47:45.036+0000] {logging_mixin.py:190} INFO - [2025-02-23T04:47:45.035+0000] {override.py:1911} INFO - Created Permission View: can edit on DAG:example_subdag_operator
[2025-02-23T04:47:45.042+0000] {logging_mixin.py:190} INFO - [2025-02-23T04:47:45.041+0000] {override.py:1911} INFO - Created Permission View: can read on DAG:example_subdag_operator
[2025-02-23T04:47:45.047+0000] {logging_mixin.py:190} INFO - [2025-02-23T04:47:45.047+0000] {override.py:1911} INFO - Created Permission View: can create on DAG Run:example_subdag_operator
[2025-02-23T04:47:45.052+0000] {logging_mixin.py:190} INFO - [2025-02-23T04:47:45.052+0000] {override.py:1911} INFO - Created Permission View: menu access on DAG Run:example_subdag_operator
[2025-02-23T04:47:45.059+0000] {logging_mixin.py:190} INFO - [2025-02-23T04:47:45.058+0000] {override.py:1911} INFO - Created Permission View: can delete on DAG Run:example_subdag_operator
[2025-02-23T04:47:45.078+0000] {logging_mixin.py:190} INFO - [2025-02-23T04:47:45.077+0000] {override.py:1911} INFO - Created Permission View: can read on DAG Run:example_subdag_operator
[2025-02-23T04:47:45.078+0000] {logging_mixin.py:190} INFO - [2025-02-23T04:47:45.078+0000] {dag.py:3239} INFO - Sync 3 DAGs
[2025-02-23T04:47:45.119+0000] {logging_mixin.py:190} INFO - [2025-02-23T04:47:45.119+0000] {dag.py:3262} INFO - Creating ORM DAG for example_subdag_operator.section-1
[2025-02-23T04:47:45.120+0000] {logging_mixin.py:190} INFO - [2025-02-23T04:47:45.120+0000] {dag.py:3262} INFO - Creating ORM DAG for example_subdag_operator.section-2
[2025-02-23T04:47:45.125+0000] {logging_mixin.py:190} INFO - [2025-02-23T04:47:45.125+0000] {dag.py:3262} INFO - Creating ORM DAG for example_subdag_operator
[2025-02-23T04:47:45.135+0000] {logging_mixin.py:190} INFO - [2025-02-23T04:47:45.135+0000] {dag.py:4180} INFO - Setting next_dagrun for example_subdag_operator to 2022-01-01 00:00:00+00:00, run_after=2022-01-01 00:00:00+00:00
[2025-02-23T04:47:45.136+0000] {logging_mixin.py:190} INFO - [2025-02-23T04:47:45.136+0000] {dag.py:4180} INFO - Setting next_dagrun for example_subdag_operator.section-1 to None, run_after=None
[2025-02-23T04:47:45.136+0000] {logging_mixin.py:190} INFO - [2025-02-23T04:47:45.136+0000] {dag.py:4180} INFO - Setting next_dagrun for example_subdag_operator.section-2 to None, run_after=None
[2025-02-23T04:47:45.145+0000] {logging_mixin.py:190} INFO - [2025-02-23T04:47:45.145+0000] {dag.py:3239} INFO - Sync 2 DAGs
[2025-02-23T04:47:45.151+0000] {logging_mixin.py:190} INFO - [2025-02-23T04:47:45.150+0000] {dag.py:4180} INFO - Setting next_dagrun for example_subdag_operator.section-1 to None, run_after=None
[2025-02-23T04:47:45.154+0000] {logging_mixin.py:190} INFO - [2025-02-23T04:47:45.153+0000] {dag.py:4180} INFO - Setting next_dagrun for example_subdag_operator.section-2 to None, run_after=None
[2025-02-23T04:47:45.165+0000] {processor.py:208} INFO - Processing /home/airflow/.local/lib/python3.12/site-packages/airflow/example_dags/example_subdag_operator.py took 0.423 seconds
[2025-02-23T04:48:15.692+0000] {processor.py:186} INFO - Started process (PID=134) to work on /home/airflow/.local/lib/python3.12/site-packages/airflow/example_dags/example_subdag_operator.py
[2025-02-23T04:48:15.693+0000] {processor.py:914} INFO - Processing file /home/airflow/.local/lib/python3.12/site-packages/airflow/example_dags/example_subdag_operator.py for tasks to queue
[2025-02-23T04:48:15.695+0000] {logging_mixin.py:190} INFO - [2025-02-23T04:48:15.695+0000] {dagbag.py:588} INFO - Filling up the DagBag from /home/airflow/.local/lib/python3.12/site-packages/airflow/example_dags/example_subdag_operator.py
[2025-02-23T04:48:15.721+0000] {processor.py:925} INFO - DAG(s) 'example_subdag_operator.section-1', 'example_subdag_operator.section-2', 'example_subdag_operator' retrieved from /home/airflow/.local/lib/python3.12/site-packages/airflow/example_dags/example_subdag_operator.py
[2025-02-23T04:48:15.736+0000] {logging_mixin.py:190} INFO - [2025-02-23T04:48:15.736+0000] {dag.py:3239} INFO - Sync 3 DAGs
[2025-02-23T04:48:15.755+0000] {logging_mixin.py:190} INFO - [2025-02-23T04:48:15.755+0000] {dag.py:4180} INFO - Setting next_dagrun for example_subdag_operator to 2022-01-01 00:00:00+00:00, run_after=2022-01-01 00:00:00+00:00
[2025-02-23T04:48:15.759+0000] {logging_mixin.py:190} INFO - [2025-02-23T04:48:15.758+0000] {dag.py:4180} INFO - Setting next_dagrun for example_subdag_operator.section-1 to None, run_after=None
[2025-02-23T04:48:15.760+0000] {logging_mixin.py:190} INFO - [2025-02-23T04:48:15.760+0000] {dag.py:4180} INFO - Setting next_dagrun for example_subdag_operator.section-2 to None, run_after=None
[2025-02-23T04:48:15.765+0000] {logging_mixin.py:190} INFO - [2025-02-23T04:48:15.765+0000] {dag.py:3239} INFO - Sync 2 DAGs
[2025-02-23T04:48:15.769+0000] {logging_mixin.py:190} INFO - [2025-02-23T04:48:15.769+0000] {dag.py:4180} INFO - Setting next_dagrun for example_subdag_operator.section-1 to None, run_after=None
[2025-02-23T04:48:15.769+0000] {logging_mixin.py:190} INFO - [2025-02-23T04:48:15.769+0000] {dag.py:4180} INFO - Setting next_dagrun for example_subdag_operator.section-2 to None, run_after=None
[2025-02-23T04:48:15.776+0000] {processor.py:208} INFO - Processing /home/airflow/.local/lib/python3.12/site-packages/airflow/example_dags/example_subdag_operator.py took 0.090 seconds
[2025-02-23T04:48:46.310+0000] {processor.py:186} INFO - Started process (PID=197) to work on /home/airflow/.local/lib/python3.12/site-packages/airflow/example_dags/example_subdag_operator.py
[2025-02-23T04:48:46.310+0000] {processor.py:914} INFO - Processing file /home/airflow/.local/lib/python3.12/site-packages/airflow/example_dags/example_subdag_operator.py for tasks to queue
[2025-02-23T04:48:46.312+0000] {logging_mixin.py:190} INFO - [2025-02-23T04:48:46.312+0000] {dagbag.py:588} INFO - Filling up the DagBag from /home/airflow/.local/lib/python3.12/site-packages/airflow/example_dags/example_subdag_operator.py
[2025-02-23T04:48:46.339+0000] {processor.py:925} INFO - DAG(s) 'example_subdag_operator.section-1', 'example_subdag_operator.section-2', 'example_subdag_operator' retrieved from /home/airflow/.local/lib/python3.12/site-packages/airflow/example_dags/example_subdag_operator.py
[2025-02-23T04:48:46.355+0000] {logging_mixin.py:190} INFO - [2025-02-23T04:48:46.355+0000] {dag.py:3239} INFO - Sync 3 DAGs
[2025-02-23T04:48:46.380+0000] {logging_mixin.py:190} INFO - [2025-02-23T04:48:46.380+0000] {dag.py:4180} INFO - Setting next_dagrun for example_subdag_operator to 2022-01-01 00:00:00+00:00, run_after=2022-01-01 00:00:00+00:00
[2025-02-23T04:48:46.384+0000] {logging_mixin.py:190} INFO - [2025-02-23T04:48:46.384+0000] {dag.py:4180} INFO - Setting next_dagrun for example_subdag_operator.section-1 to None, run_after=None
[2025-02-23T04:48:46.385+0000] {logging_mixin.py:190} INFO - [2025-02-23T04:48:46.385+0000] {dag.py:4180} INFO - Setting next_dagrun for example_subdag_operator.section-2 to None, run_after=None
[2025-02-23T04:48:46.391+0000] {logging_mixin.py:190} INFO - [2025-02-23T04:48:46.391+0000] {dag.py:3239} INFO - Sync 2 DAGs
[2025-02-23T04:48:46.397+0000] {logging_mixin.py:190} INFO - [2025-02-23T04:48:46.396+0000] {dag.py:4180} INFO - Setting next_dagrun for example_subdag_operator.section-1 to None, run_after=None
[2025-02-23T04:48:46.397+0000] {logging_mixin.py:190} INFO - [2025-02-23T04:48:46.397+0000] {dag.py:4180} INFO - Setting next_dagrun for example_subdag_operator.section-2 to None, run_after=None
[2025-02-23T04:48:46.406+0000] {processor.py:208} INFO - Processing /home/airflow/.local/lib/python3.12/site-packages/airflow/example_dags/example_subdag_operator.py took 0.101 seconds
[2025-02-23T04:49:16.669+0000] {processor.py:186} INFO - Started process (PID=260) to work on /home/airflow/.local/lib/python3.12/site-packages/airflow/example_dags/example_subdag_operator.py
[2025-02-23T04:49:16.670+0000] {processor.py:914} INFO - Processing file /home/airflow/.local/lib/python3.12/site-packages/airflow/example_dags/example_subdag_operator.py for tasks to queue
[2025-02-23T04:49:16.672+0000] {logging_mixin.py:190} INFO - [2025-02-23T04:49:16.671+0000] {dagbag.py:588} INFO - Filling up the DagBag from /home/airflow/.local/lib/python3.12/site-packages/airflow/example_dags/example_subdag_operator.py
[2025-02-23T04:49:16.697+0000] {processor.py:925} INFO - DAG(s) 'example_subdag_operator.section-1', 'example_subdag_operator.section-2', 'example_subdag_operator' retrieved from /home/airflow/.local/lib/python3.12/site-packages/airflow/example_dags/example_subdag_operator.py
[2025-02-23T04:49:16.714+0000] {logging_mixin.py:190} INFO - [2025-02-23T04:49:16.714+0000] {dag.py:3239} INFO - Sync 3 DAGs
[2025-02-23T04:49:16.740+0000] {logging_mixin.py:190} INFO - [2025-02-23T04:49:16.740+0000] {dag.py:4180} INFO - Setting next_dagrun for example_subdag_operator to 2022-01-01 00:00:00+00:00, run_after=2022-01-01 00:00:00+00:00
[2025-02-23T04:49:16.743+0000] {logging_mixin.py:190} INFO - [2025-02-23T04:49:16.743+0000] {dag.py:4180} INFO - Setting next_dagrun for example_subdag_operator.section-1 to None, run_after=None
[2025-02-23T04:49:16.744+0000] {logging_mixin.py:190} INFO - [2025-02-23T04:49:16.744+0000] {dag.py:4180} INFO - Setting next_dagrun for example_subdag_operator.section-2 to None, run_after=None
[2025-02-23T04:49:16.749+0000] {logging_mixin.py:190} INFO - [2025-02-23T04:49:16.749+0000] {dag.py:3239} INFO - Sync 2 DAGs
[2025-02-23T04:49:16.754+0000] {logging_mixin.py:190} INFO - [2025-02-23T04:49:16.754+0000] {dag.py:4180} INFO - Setting next_dagrun for example_subdag_operator.section-1 to None, run_after=None
[2025-02-23T04:49:16.754+0000] {logging_mixin.py:190} INFO - [2025-02-23T04:49:16.754+0000] {dag.py:4180} INFO - Setting next_dagrun for example_subdag_operator.section-2 to None, run_after=None
[2025-02-23T04:49:16.761+0000] {processor.py:208} INFO - Processing /home/airflow/.local/lib/python3.12/site-packages/airflow/example_dags/example_subdag_operator.py took 0.098 seconds
[2025-02-23T04:49:46.882+0000] {processor.py:186} INFO - Started process (PID=323) to work on /home/airflow/.local/lib/python3.12/site-packages/airflow/example_dags/example_subdag_operator.py
[2025-02-23T04:49:46.883+0000] {processor.py:914} INFO - Processing file /home/airflow/.local/lib/python3.12/site-packages/airflow/example_dags/example_subdag_operator.py for tasks to queue
[2025-02-23T04:49:46.887+0000] {logging_mixin.py:190} INFO - [2025-02-23T04:49:46.887+0000] {dagbag.py:588} INFO - Filling up the DagBag from /home/airflow/.local/lib/python3.12/site-packages/airflow/example_dags/example_subdag_operator.py
[2025-02-23T04:49:46.915+0000] {processor.py:925} INFO - DAG(s) 'example_subdag_operator.section-1', 'example_subdag_operator.section-2', 'example_subdag_operator' retrieved from /home/airflow/.local/lib/python3.12/site-packages/airflow/example_dags/example_subdag_operator.py
[2025-02-23T04:49:46.926+0000] {logging_mixin.py:190} INFO - [2025-02-23T04:49:46.926+0000] {dag.py:3239} INFO - Sync 3 DAGs
[2025-02-23T04:49:46.951+0000] {logging_mixin.py:190} INFO - [2025-02-23T04:49:46.951+0000] {dag.py:4180} INFO - Setting next_dagrun for example_subdag_operator to 2022-01-01 00:00:00+00:00, run_after=2022-01-01 00:00:00+00:00
[2025-02-23T04:49:46.955+0000] {logging_mixin.py:190} INFO - [2025-02-23T04:49:46.954+0000] {dag.py:4180} INFO - Setting next_dagrun for example_subdag_operator.section-1 to None, run_after=None
[2025-02-23T04:49:46.956+0000] {logging_mixin.py:190} INFO - [2025-02-23T04:49:46.956+0000] {dag.py:4180} INFO - Setting next_dagrun for example_subdag_operator.section-2 to None, run_after=None
[2025-02-23T04:49:46.962+0000] {logging_mixin.py:190} INFO - [2025-02-23T04:49:46.961+0000] {dag.py:3239} INFO - Sync 2 DAGs
[2025-02-23T04:49:46.967+0000] {logging_mixin.py:190} INFO - [2025-02-23T04:49:46.967+0000] {dag.py:4180} INFO - Setting next_dagrun for example_subdag_operator.section-1 to None, run_after=None
[2025-02-23T04:49:46.967+0000] {logging_mixin.py:190} INFO - [2025-02-23T04:49:46.967+0000] {dag.py:4180} INFO - Setting next_dagrun for example_subdag_operator.section-2 to None, run_after=None
[2025-02-23T04:49:46.974+0000] {processor.py:208} INFO - Processing /home/airflow/.local/lib/python3.12/site-packages/airflow/example_dags/example_subdag_operator.py took 0.098 seconds
[2025-02-23T04:50:17.232+0000] {processor.py:186} INFO - Started process (PID=386) to work on /home/airflow/.local/lib/python3.12/site-packages/airflow/example_dags/example_subdag_operator.py
[2025-02-23T04:50:17.232+0000] {processor.py:914} INFO - Processing file /home/airflow/.local/lib/python3.12/site-packages/airflow/example_dags/example_subdag_operator.py for tasks to queue
[2025-02-23T04:50:17.234+0000] {logging_mixin.py:190} INFO - [2025-02-23T04:50:17.234+0000] {dagbag.py:588} INFO - Filling up the DagBag from /home/airflow/.local/lib/python3.12/site-packages/airflow/example_dags/example_subdag_operator.py
[2025-02-23T04:50:17.254+0000] {processor.py:925} INFO - DAG(s) 'example_subdag_operator.section-1', 'example_subdag_operator.section-2', 'example_subdag_operator' retrieved from /home/airflow/.local/lib/python3.12/site-packages/airflow/example_dags/example_subdag_operator.py
[2025-02-23T04:50:17.265+0000] {logging_mixin.py:190} INFO - [2025-02-23T04:50:17.265+0000] {dag.py:3239} INFO - Sync 3 DAGs
[2025-02-23T04:50:17.288+0000] {logging_mixin.py:190} INFO - [2025-02-23T04:50:17.288+0000] {dag.py:4180} INFO - Setting next_dagrun for example_subdag_operator to 2022-01-01 00:00:00+00:00, run_after=2022-01-01 00:00:00+00:00
[2025-02-23T04:50:17.291+0000] {logging_mixin.py:190} INFO - [2025-02-23T04:50:17.291+0000] {dag.py:4180} INFO - Setting next_dagrun for example_subdag_operator.section-1 to None, run_after=None
[2025-02-23T04:50:17.293+0000] {logging_mixin.py:190} INFO - [2025-02-23T04:50:17.292+0000] {dag.py:4180} INFO - Setting next_dagrun for example_subdag_operator.section-2 to None, run_after=None
[2025-02-23T04:50:17.298+0000] {logging_mixin.py:190} INFO - [2025-02-23T04:50:17.298+0000] {dag.py:3239} INFO - Sync 2 DAGs
[2025-02-23T04:50:17.302+0000] {logging_mixin.py:190} INFO - [2025-02-23T04:50:17.302+0000] {dag.py:4180} INFO - Setting next_dagrun for example_subdag_operator.section-1 to None, run_after=None
[2025-02-23T04:50:17.303+0000] {logging_mixin.py:190} INFO - [2025-02-23T04:50:17.303+0000] {dag.py:4180} INFO - Setting next_dagrun for example_subdag_operator.section-2 to None, run_after=None
[2025-02-23T04:50:17.310+0000] {processor.py:208} INFO - Processing /home/airflow/.local/lib/python3.12/site-packages/airflow/example_dags/example_subdag_operator.py took 0.083 seconds
[2025-02-23T04:50:47.720+0000] {processor.py:186} INFO - Started process (PID=449) to work on /home/airflow/.local/lib/python3.12/site-packages/airflow/example_dags/example_subdag_operator.py
[2025-02-23T04:50:47.721+0000] {processor.py:914} INFO - Processing file /home/airflow/.local/lib/python3.12/site-packages/airflow/example_dags/example_subdag_operator.py for tasks to queue
[2025-02-23T04:50:47.723+0000] {logging_mixin.py:190} INFO - [2025-02-23T04:50:47.722+0000] {dagbag.py:588} INFO - Filling up the DagBag from /home/airflow/.local/lib/python3.12/site-packages/airflow/example_dags/example_subdag_operator.py
[2025-02-23T04:50:47.746+0000] {processor.py:925} INFO - DAG(s) 'example_subdag_operator.section-1', 'example_subdag_operator.section-2', 'example_subdag_operator' retrieved from /home/airflow/.local/lib/python3.12/site-packages/airflow/example_dags/example_subdag_operator.py
[2025-02-23T04:50:47.757+0000] {logging_mixin.py:190} INFO - [2025-02-23T04:50:47.757+0000] {dag.py:3239} INFO - Sync 3 DAGs
[2025-02-23T04:50:47.777+0000] {logging_mixin.py:190} INFO - [2025-02-23T04:50:47.777+0000] {dag.py:4180} INFO - Setting next_dagrun for example_subdag_operator to 2022-01-01 00:00:00+00:00, run_after=2022-01-01 00:00:00+00:00
[2025-02-23T04:50:47.780+0000] {logging_mixin.py:190} INFO - [2025-02-23T04:50:47.780+0000] {dag.py:4180} INFO - Setting next_dagrun for example_subdag_operator.section-1 to None, run_after=None
[2025-02-23T04:50:47.781+0000] {logging_mixin.py:190} INFO - [2025-02-23T04:50:47.781+0000] {dag.py:4180} INFO - Setting next_dagrun for example_subdag_operator.section-2 to None, run_after=None
[2025-02-23T04:50:47.786+0000] {logging_mixin.py:190} INFO - [2025-02-23T04:50:47.786+0000] {dag.py:3239} INFO - Sync 2 DAGs
[2025-02-23T04:50:47.791+0000] {logging_mixin.py:190} INFO - [2025-02-23T04:50:47.790+0000] {dag.py:4180} INFO - Setting next_dagrun for example_subdag_operator.section-1 to None, run_after=None
[2025-02-23T04:50:47.791+0000] {logging_mixin.py:190} INFO - [2025-02-23T04:50:47.791+0000] {dag.py:4180} INFO - Setting next_dagrun for example_subdag_operator.section-2 to None, run_after=None
[2025-02-23T04:50:47.798+0000] {processor.py:208} INFO - Processing /home/airflow/.local/lib/python3.12/site-packages/airflow/example_dags/example_subdag_operator.py took 0.083 seconds
[2025-02-23T04:51:18.298+0000] {processor.py:186} INFO - Started process (PID=512) to work on /home/airflow/.local/lib/python3.12/site-packages/airflow/example_dags/example_subdag_operator.py
[2025-02-23T04:51:18.298+0000] {processor.py:914} INFO - Processing file /home/airflow/.local/lib/python3.12/site-packages/airflow/example_dags/example_subdag_operator.py for tasks to queue
[2025-02-23T04:51:18.300+0000] {logging_mixin.py:190} INFO - [2025-02-23T04:51:18.300+0000] {dagbag.py:588} INFO - Filling up the DagBag from /home/airflow/.local/lib/python3.12/site-packages/airflow/example_dags/example_subdag_operator.py
[2025-02-23T04:51:18.322+0000] {processor.py:925} INFO - DAG(s) 'example_subdag_operator.section-1', 'example_subdag_operator.section-2', 'example_subdag_operator' retrieved from /home/airflow/.local/lib/python3.12/site-packages/airflow/example_dags/example_subdag_operator.py
[2025-02-23T04:51:18.334+0000] {logging_mixin.py:190} INFO - [2025-02-23T04:51:18.334+0000] {dag.py:3239} INFO - Sync 3 DAGs
[2025-02-23T04:51:18.354+0000] {logging_mixin.py:190} INFO - [2025-02-23T04:51:18.354+0000] {dag.py:4180} INFO - Setting next_dagrun for example_subdag_operator to 2022-01-01 00:00:00+00:00, run_after=2022-01-01 00:00:00+00:00
[2025-02-23T04:51:18.357+0000] {logging_mixin.py:190} INFO - [2025-02-23T04:51:18.357+0000] {dag.py:4180} INFO - Setting next_dagrun for example_subdag_operator.section-1 to None, run_after=None
[2025-02-23T04:51:18.359+0000] {logging_mixin.py:190} INFO - [2025-02-23T04:51:18.359+0000] {dag.py:4180} INFO - Setting next_dagrun for example_subdag_operator.section-2 to None, run_after=None
[2025-02-23T04:51:18.365+0000] {logging_mixin.py:190} INFO - [2025-02-23T04:51:18.365+0000] {dag.py:3239} INFO - Sync 2 DAGs
[2025-02-23T04:51:18.370+0000] {logging_mixin.py:190} INFO - [2025-02-23T04:51:18.370+0000] {dag.py:4180} INFO - Setting next_dagrun for example_subdag_operator.section-1 to None, run_after=None
[2025-02-23T04:51:18.371+0000] {logging_mixin.py:190} INFO - [2025-02-23T04:51:18.371+0000] {dag.py:4180} INFO - Setting next_dagrun for example_subdag_operator.section-2 to None, run_after=None
[2025-02-23T04:51:18.379+0000] {processor.py:208} INFO - Processing /home/airflow/.local/lib/python3.12/site-packages/airflow/example_dags/example_subdag_operator.py took 0.086 seconds
[2025-02-23T04:51:48.617+0000] {processor.py:186} INFO - Started process (PID=575) to work on /home/airflow/.local/lib/python3.12/site-packages/airflow/example_dags/example_subdag_operator.py
[2025-02-23T04:51:48.618+0000] {processor.py:914} INFO - Processing file /home/airflow/.local/lib/python3.12/site-packages/airflow/example_dags/example_subdag_operator.py for tasks to queue
[2025-02-23T04:51:48.619+0000] {logging_mixin.py:190} INFO - [2025-02-23T04:51:48.619+0000] {dagbag.py:588} INFO - Filling up the DagBag from /home/airflow/.local/lib/python3.12/site-packages/airflow/example_dags/example_subdag_operator.py
[2025-02-23T04:51:48.641+0000] {processor.py:925} INFO - DAG(s) 'example_subdag_operator.section-1', 'example_subdag_operator.section-2', 'example_subdag_operator' retrieved from /home/airflow/.local/lib/python3.12/site-packages/airflow/example_dags/example_subdag_operator.py
[2025-02-23T04:51:48.657+0000] {logging_mixin.py:190} INFO - [2025-02-23T04:51:48.657+0000] {dag.py:3239} INFO - Sync 3 DAGs
[2025-02-23T04:51:48.680+0000] {logging_mixin.py:190} INFO - [2025-02-23T04:51:48.680+0000] {dag.py:4180} INFO - Setting next_dagrun for example_subdag_operator to 2022-01-01 00:00:00+00:00, run_after=2022-01-01 00:00:00+00:00
[2025-02-23T04:51:48.683+0000] {logging_mixin.py:190} INFO - [2025-02-23T04:51:48.683+0000] {dag.py:4180} INFO - Setting next_dagrun for example_subdag_operator.section-1 to None, run_after=None
[2025-02-23T04:51:48.684+0000] {logging_mixin.py:190} INFO - [2025-02-23T04:51:48.684+0000] {dag.py:4180} INFO - Setting next_dagrun for example_subdag_operator.section-2 to None, run_after=None
[2025-02-23T04:51:48.689+0000] {logging_mixin.py:190} INFO - [2025-02-23T04:51:48.689+0000] {dag.py:3239} INFO - Sync 2 DAGs
[2025-02-23T04:51:48.694+0000] {logging_mixin.py:190} INFO - [2025-02-23T04:51:48.693+0000] {dag.py:4180} INFO - Setting next_dagrun for example_subdag_operator.section-1 to None, run_after=None
[2025-02-23T04:51:48.694+0000] {logging_mixin.py:190} INFO - [2025-02-23T04:51:48.694+0000] {dag.py:4180} INFO - Setting next_dagrun for example_subdag_operator.section-2 to None, run_after=None
[2025-02-23T04:51:48.702+0000] {processor.py:208} INFO - Processing /home/airflow/.local/lib/python3.12/site-packages/airflow/example_dags/example_subdag_operator.py took 0.089 seconds
[2025-02-23T04:52:18.818+0000] {processor.py:186} INFO - Started process (PID=638) to work on /home/airflow/.local/lib/python3.12/site-packages/airflow/example_dags/example_subdag_operator.py
[2025-02-23T04:52:18.819+0000] {processor.py:914} INFO - Processing file /home/airflow/.local/lib/python3.12/site-packages/airflow/example_dags/example_subdag_operator.py for tasks to queue
[2025-02-23T04:52:18.821+0000] {logging_mixin.py:190} INFO - [2025-02-23T04:52:18.820+0000] {dagbag.py:588} INFO - Filling up the DagBag from /home/airflow/.local/lib/python3.12/site-packages/airflow/example_dags/example_subdag_operator.py
[2025-02-23T04:52:18.842+0000] {processor.py:925} INFO - DAG(s) 'example_subdag_operator.section-1', 'example_subdag_operator.section-2', 'example_subdag_operator' retrieved from /home/airflow/.local/lib/python3.12/site-packages/airflow/example_dags/example_subdag_operator.py
[2025-02-23T04:52:18.858+0000] {logging_mixin.py:190} INFO - [2025-02-23T04:52:18.858+0000] {dag.py:3239} INFO - Sync 3 DAGs
[2025-02-23T04:52:18.881+0000] {logging_mixin.py:190} INFO - [2025-02-23T04:52:18.880+0000] {dag.py:4180} INFO - Setting next_dagrun for example_subdag_operator to 2022-01-01 00:00:00+00:00, run_after=2022-01-01 00:00:00+00:00
[2025-02-23T04:52:18.884+0000] {logging_mixin.py:190} INFO - [2025-02-23T04:52:18.883+0000] {dag.py:4180} INFO - Setting next_dagrun for example_subdag_operator.section-1 to None, run_after=None
[2025-02-23T04:52:18.885+0000] {logging_mixin.py:190} INFO - [2025-02-23T04:52:18.885+0000] {dag.py:4180} INFO - Setting next_dagrun for example_subdag_operator.section-2 to None, run_after=None
[2025-02-23T04:52:18.891+0000] {logging_mixin.py:190} INFO - [2025-02-23T04:52:18.891+0000] {dag.py:3239} INFO - Sync 2 DAGs
[2025-02-23T04:52:18.896+0000] {logging_mixin.py:190} INFO - [2025-02-23T04:52:18.896+0000] {dag.py:4180} INFO - Setting next_dagrun for example_subdag_operator.section-1 to None, run_after=None
[2025-02-23T04:52:18.896+0000] {logging_mixin.py:190} INFO - [2025-02-23T04:52:18.896+0000] {dag.py:4180} INFO - Setting next_dagrun for example_subdag_operator.section-2 to None, run_after=None
[2025-02-23T04:52:18.905+0000] {processor.py:208} INFO - Processing /home/airflow/.local/lib/python3.12/site-packages/airflow/example_dags/example_subdag_operator.py took 0.091 seconds
[2025-02-23T04:52:48.979+0000] {processor.py:186} INFO - Started process (PID=701) to work on /home/airflow/.local/lib/python3.12/site-packages/airflow/example_dags/example_subdag_operator.py
[2025-02-23T04:52:48.979+0000] {processor.py:914} INFO - Processing file /home/airflow/.local/lib/python3.12/site-packages/airflow/example_dags/example_subdag_operator.py for tasks to queue
[2025-02-23T04:52:48.981+0000] {logging_mixin.py:190} INFO - [2025-02-23T04:52:48.980+0000] {dagbag.py:588} INFO - Filling up the DagBag from /home/airflow/.local/lib/python3.12/site-packages/airflow/example_dags/example_subdag_operator.py
[2025-02-23T04:52:49.000+0000] {processor.py:925} INFO - DAG(s) 'example_subdag_operator.section-1', 'example_subdag_operator.section-2', 'example_subdag_operator' retrieved from /home/airflow/.local/lib/python3.12/site-packages/airflow/example_dags/example_subdag_operator.py
[2025-02-23T04:52:49.010+0000] {logging_mixin.py:190} INFO - [2025-02-23T04:52:49.010+0000] {dag.py:3239} INFO - Sync 3 DAGs
[2025-02-23T04:52:49.030+0000] {logging_mixin.py:190} INFO - [2025-02-23T04:52:49.029+0000] {dag.py:4180} INFO - Setting next_dagrun for example_subdag_operator to 2022-01-01 00:00:00+00:00, run_after=2022-01-01 00:00:00+00:00
[2025-02-23T04:52:49.033+0000] {logging_mixin.py:190} INFO - [2025-02-23T04:52:49.032+0000] {dag.py:4180} INFO - Setting next_dagrun for example_subdag_operator.section-1 to None, run_after=None
[2025-02-23T04:52:49.034+0000] {logging_mixin.py:190} INFO - [2025-02-23T04:52:49.033+0000] {dag.py:4180} INFO - Setting next_dagrun for example_subdag_operator.section-2 to None, run_after=None
[2025-02-23T04:52:49.041+0000] {logging_mixin.py:190} INFO - [2025-02-23T04:52:49.041+0000] {dag.py:3239} INFO - Sync 2 DAGs
[2025-02-23T04:52:49.045+0000] {logging_mixin.py:190} INFO - [2025-02-23T04:52:49.045+0000] {dag.py:4180} INFO - Setting next_dagrun for example_subdag_operator.section-1 to None, run_after=None
[2025-02-23T04:52:49.045+0000] {logging_mixin.py:190} INFO - [2025-02-23T04:52:49.045+0000] {dag.py:4180} INFO - Setting next_dagrun for example_subdag_operator.section-2 to None, run_after=None
[2025-02-23T04:52:49.053+0000] {processor.py:208} INFO - Processing /home/airflow/.local/lib/python3.12/site-packages/airflow/example_dags/example_subdag_operator.py took 0.078 seconds
[2025-02-23T04:53:19.473+0000] {processor.py:186} INFO - Started process (PID=764) to work on /home/airflow/.local/lib/python3.12/site-packages/airflow/example_dags/example_subdag_operator.py
[2025-02-23T04:53:19.473+0000] {processor.py:914} INFO - Processing file /home/airflow/.local/lib/python3.12/site-packages/airflow/example_dags/example_subdag_operator.py for tasks to queue
[2025-02-23T04:53:19.475+0000] {logging_mixin.py:190} INFO - [2025-02-23T04:53:19.475+0000] {dagbag.py:588} INFO - Filling up the DagBag from /home/airflow/.local/lib/python3.12/site-packages/airflow/example_dags/example_subdag_operator.py
[2025-02-23T04:53:19.495+0000] {processor.py:925} INFO - DAG(s) 'example_subdag_operator.section-1', 'example_subdag_operator.section-2', 'example_subdag_operator' retrieved from /home/airflow/.local/lib/python3.12/site-packages/airflow/example_dags/example_subdag_operator.py
[2025-02-23T04:53:19.508+0000] {logging_mixin.py:190} INFO - [2025-02-23T04:53:19.507+0000] {dag.py:3239} INFO - Sync 3 DAGs
[2025-02-23T04:53:19.528+0000] {logging_mixin.py:190} INFO - [2025-02-23T04:53:19.528+0000] {dag.py:4180} INFO - Setting next_dagrun for example_subdag_operator to 2022-01-01 00:00:00+00:00, run_after=2022-01-01 00:00:00+00:00
[2025-02-23T04:53:19.530+0000] {logging_mixin.py:190} INFO - [2025-02-23T04:53:19.530+0000] {dag.py:4180} INFO - Setting next_dagrun for example_subdag_operator.section-1 to None, run_after=None
[2025-02-23T04:53:19.531+0000] {logging_mixin.py:190} INFO - [2025-02-23T04:53:19.531+0000] {dag.py:4180} INFO - Setting next_dagrun for example_subdag_operator.section-2 to None, run_after=None
[2025-02-23T04:53:19.536+0000] {logging_mixin.py:190} INFO - [2025-02-23T04:53:19.536+0000] {dag.py:3239} INFO - Sync 2 DAGs
[2025-02-23T04:53:19.540+0000] {logging_mixin.py:190} INFO - [2025-02-23T04:53:19.540+0000] {dag.py:4180} INFO - Setting next_dagrun for example_subdag_operator.section-1 to None, run_after=None
[2025-02-23T04:53:19.540+0000] {logging_mixin.py:190} INFO - [2025-02-23T04:53:19.540+0000] {dag.py:4180} INFO - Setting next_dagrun for example_subdag_operator.section-2 to None, run_after=None
[2025-02-23T04:53:19.548+0000] {processor.py:208} INFO - Processing /home/airflow/.local/lib/python3.12/site-packages/airflow/example_dags/example_subdag_operator.py took 0.080 seconds
[2025-02-23T04:53:49.639+0000] {processor.py:186} INFO - Started process (PID=828) to work on /home/airflow/.local/lib/python3.12/site-packages/airflow/example_dags/example_subdag_operator.py
[2025-02-23T04:53:49.640+0000] {processor.py:914} INFO - Processing file /home/airflow/.local/lib/python3.12/site-packages/airflow/example_dags/example_subdag_operator.py for tasks to queue
[2025-02-23T04:53:49.642+0000] {logging_mixin.py:190} INFO - [2025-02-23T04:53:49.642+0000] {dagbag.py:588} INFO - Filling up the DagBag from /home/airflow/.local/lib/python3.12/site-packages/airflow/example_dags/example_subdag_operator.py
[2025-02-23T04:53:49.664+0000] {processor.py:925} INFO - DAG(s) 'example_subdag_operator.section-1', 'example_subdag_operator.section-2', 'example_subdag_operator' retrieved from /home/airflow/.local/lib/python3.12/site-packages/airflow/example_dags/example_subdag_operator.py
[2025-02-23T04:53:49.675+0000] {logging_mixin.py:190} INFO - [2025-02-23T04:53:49.674+0000] {dag.py:3239} INFO - Sync 3 DAGs
[2025-02-23T04:53:49.693+0000] {logging_mixin.py:190} INFO - [2025-02-23T04:53:49.693+0000] {dag.py:4180} INFO - Setting next_dagrun for example_subdag_operator to 2022-01-01 00:00:00+00:00, run_after=2022-01-01 00:00:00+00:00
[2025-02-23T04:53:49.696+0000] {logging_mixin.py:190} INFO - [2025-02-23T04:53:49.696+0000] {dag.py:4180} INFO - Setting next_dagrun for example_subdag_operator.section-1 to None, run_after=None
[2025-02-23T04:53:49.697+0000] {logging_mixin.py:190} INFO - [2025-02-23T04:53:49.697+0000] {dag.py:4180} INFO - Setting next_dagrun for example_subdag_operator.section-2 to None, run_after=None
[2025-02-23T04:53:49.703+0000] {logging_mixin.py:190} INFO - [2025-02-23T04:53:49.703+0000] {dag.py:3239} INFO - Sync 2 DAGs
[2025-02-23T04:53:49.707+0000] {logging_mixin.py:190} INFO - [2025-02-23T04:53:49.707+0000] {dag.py:4180} INFO - Setting next_dagrun for example_subdag_operator.section-1 to None, run_after=None
[2025-02-23T04:53:49.707+0000] {logging_mixin.py:190} INFO - [2025-02-23T04:53:49.707+0000] {dag.py:4180} INFO - Setting next_dagrun for example_subdag_operator.section-2 to None, run_after=None
[2025-02-23T04:53:49.715+0000] {processor.py:208} INFO - Processing /home/airflow/.local/lib/python3.12/site-packages/airflow/example_dags/example_subdag_operator.py took 0.081 seconds
[2025-02-23T04:54:19.809+0000] {processor.py:186} INFO - Started process (PID=891) to work on /home/airflow/.local/lib/python3.12/site-packages/airflow/example_dags/example_subdag_operator.py
[2025-02-23T04:54:19.809+0000] {processor.py:914} INFO - Processing file /home/airflow/.local/lib/python3.12/site-packages/airflow/example_dags/example_subdag_operator.py for tasks to queue
[2025-02-23T04:54:19.811+0000] {logging_mixin.py:190} INFO - [2025-02-23T04:54:19.811+0000] {dagbag.py:588} INFO - Filling up the DagBag from /home/airflow/.local/lib/python3.12/site-packages/airflow/example_dags/example_subdag_operator.py
[2025-02-23T04:54:19.835+0000] {processor.py:925} INFO - DAG(s) 'example_subdag_operator.section-1', 'example_subdag_operator.section-2', 'example_subdag_operator' retrieved from /home/airflow/.local/lib/python3.12/site-packages/airflow/example_dags/example_subdag_operator.py
[2025-02-23T04:54:19.850+0000] {logging_mixin.py:190} INFO - [2025-02-23T04:54:19.850+0000] {dag.py:3239} INFO - Sync 3 DAGs
[2025-02-23T04:54:19.870+0000] {logging_mixin.py:190} INFO - [2025-02-23T04:54:19.870+0000] {dag.py:4180} INFO - Setting next_dagrun for example_subdag_operator to 2022-01-01 00:00:00+00:00, run_after=2022-01-01 00:00:00+00:00
[2025-02-23T04:54:19.873+0000] {logging_mixin.py:190} INFO - [2025-02-23T04:54:19.872+0000] {dag.py:4180} INFO - Setting next_dagrun for example_subdag_operator.section-1 to None, run_after=None
[2025-02-23T04:54:19.873+0000] {logging_mixin.py:190} INFO - [2025-02-23T04:54:19.873+0000] {dag.py:4180} INFO - Setting next_dagrun for example_subdag_operator.section-2 to None, run_after=None
[2025-02-23T04:54:19.879+0000] {logging_mixin.py:190} INFO - [2025-02-23T04:54:19.878+0000] {dag.py:3239} INFO - Sync 2 DAGs
[2025-02-23T04:54:19.883+0000] {logging_mixin.py:190} INFO - [2025-02-23T04:54:19.883+0000] {dag.py:4180} INFO - Setting next_dagrun for example_subdag_operator.section-1 to None, run_after=None
[2025-02-23T04:54:19.883+0000] {logging_mixin.py:190} INFO - [2025-02-23T04:54:19.883+0000] {dag.py:4180} INFO - Setting next_dagrun for example_subdag_operator.section-2 to None, run_after=None
[2025-02-23T04:54:19.891+0000] {processor.py:208} INFO - Processing /home/airflow/.local/lib/python3.12/site-packages/airflow/example_dags/example_subdag_operator.py took 0.087 seconds
[2025-02-23T04:54:49.967+0000] {processor.py:186} INFO - Started process (PID=954) to work on /home/airflow/.local/lib/python3.12/site-packages/airflow/example_dags/example_subdag_operator.py
[2025-02-23T04:54:49.968+0000] {processor.py:914} INFO - Processing file /home/airflow/.local/lib/python3.12/site-packages/airflow/example_dags/example_subdag_operator.py for tasks to queue
[2025-02-23T04:54:49.969+0000] {logging_mixin.py:190} INFO - [2025-02-23T04:54:49.969+0000] {dagbag.py:588} INFO - Filling up the DagBag from /home/airflow/.local/lib/python3.12/site-packages/airflow/example_dags/example_subdag_operator.py
[2025-02-23T04:54:49.991+0000] {processor.py:925} INFO - DAG(s) 'example_subdag_operator.section-1', 'example_subdag_operator.section-2', 'example_subdag_operator' retrieved from /home/airflow/.local/lib/python3.12/site-packages/airflow/example_dags/example_subdag_operator.py
[2025-02-23T04:54:50.007+0000] {logging_mixin.py:190} INFO - [2025-02-23T04:54:50.007+0000] {dag.py:3239} INFO - Sync 3 DAGs
[2025-02-23T04:54:50.028+0000] {logging_mixin.py:190} INFO - [2025-02-23T04:54:50.027+0000] {dag.py:4180} INFO - Setting next_dagrun for example_subdag_operator to 2022-01-01 00:00:00+00:00, run_after=2022-01-01 00:00:00+00:00
[2025-02-23T04:54:50.030+0000] {logging_mixin.py:190} INFO - [2025-02-23T04:54:50.030+0000] {dag.py:4180} INFO - Setting next_dagrun for example_subdag_operator.section-1 to None, run_after=None
[2025-02-23T04:54:50.031+0000] {logging_mixin.py:190} INFO - [2025-02-23T04:54:50.031+0000] {dag.py:4180} INFO - Setting next_dagrun for example_subdag_operator.section-2 to None, run_after=None
[2025-02-23T04:54:50.036+0000] {logging_mixin.py:190} INFO - [2025-02-23T04:54:50.036+0000] {dag.py:3239} INFO - Sync 2 DAGs
[2025-02-23T04:54:50.040+0000] {logging_mixin.py:190} INFO - [2025-02-23T04:54:50.040+0000] {dag.py:4180} INFO - Setting next_dagrun for example_subdag_operator.section-1 to None, run_after=None
[2025-02-23T04:54:50.040+0000] {logging_mixin.py:190} INFO - [2025-02-23T04:54:50.040+0000] {dag.py:4180} INFO - Setting next_dagrun for example_subdag_operator.section-2 to None, run_after=None
[2025-02-23T04:54:50.048+0000] {processor.py:208} INFO - Processing /home/airflow/.local/lib/python3.12/site-packages/airflow/example_dags/example_subdag_operator.py took 0.085 seconds
[2025-02-23T04:55:20.193+0000] {processor.py:186} INFO - Started process (PID=1017) to work on /home/airflow/.local/lib/python3.12/site-packages/airflow/example_dags/example_subdag_operator.py
[2025-02-23T04:55:20.194+0000] {processor.py:914} INFO - Processing file /home/airflow/.local/lib/python3.12/site-packages/airflow/example_dags/example_subdag_operator.py for tasks to queue
[2025-02-23T04:55:20.196+0000] {logging_mixin.py:190} INFO - [2025-02-23T04:55:20.195+0000] {dagbag.py:588} INFO - Filling up the DagBag from /home/airflow/.local/lib/python3.12/site-packages/airflow/example_dags/example_subdag_operator.py
[2025-02-23T04:55:20.218+0000] {processor.py:925} INFO - DAG(s) 'example_subdag_operator.section-1', 'example_subdag_operator.section-2', 'example_subdag_operator' retrieved from /home/airflow/.local/lib/python3.12/site-packages/airflow/example_dags/example_subdag_operator.py
[2025-02-23T04:55:20.229+0000] {logging_mixin.py:190} INFO - [2025-02-23T04:55:20.229+0000] {dag.py:3239} INFO - Sync 3 DAGs
[2025-02-23T04:55:20.248+0000] {logging_mixin.py:190} INFO - [2025-02-23T04:55:20.248+0000] {dag.py:4180} INFO - Setting next_dagrun for example_subdag_operator to 2022-01-01 00:00:00+00:00, run_after=2022-01-01 00:00:00+00:00
[2025-02-23T04:55:20.251+0000] {logging_mixin.py:190} INFO - [2025-02-23T04:55:20.251+0000] {dag.py:4180} INFO - Setting next_dagrun for example_subdag_operator.section-1 to None, run_after=None
[2025-02-23T04:55:20.252+0000] {logging_mixin.py:190} INFO - [2025-02-23T04:55:20.252+0000] {dag.py:4180} INFO - Setting next_dagrun for example_subdag_operator.section-2 to None, run_after=None
[2025-02-23T04:55:20.257+0000] {logging_mixin.py:190} INFO - [2025-02-23T04:55:20.257+0000] {dag.py:3239} INFO - Sync 2 DAGs
[2025-02-23T04:55:20.261+0000] {logging_mixin.py:190} INFO - [2025-02-23T04:55:20.261+0000] {dag.py:4180} INFO - Setting next_dagrun for example_subdag_operator.section-1 to None, run_after=None
[2025-02-23T04:55:20.261+0000] {logging_mixin.py:190} INFO - [2025-02-23T04:55:20.261+0000] {dag.py:4180} INFO - Setting next_dagrun for example_subdag_operator.section-2 to None, run_after=None
[2025-02-23T04:55:20.268+0000] {processor.py:208} INFO - Processing /home/airflow/.local/lib/python3.12/site-packages/airflow/example_dags/example_subdag_operator.py took 0.079 seconds
[2025-02-23T04:55:50.441+0000] {processor.py:186} INFO - Started process (PID=1080) to work on /home/airflow/.local/lib/python3.12/site-packages/airflow/example_dags/example_subdag_operator.py
[2025-02-23T04:55:50.442+0000] {processor.py:914} INFO - Processing file /home/airflow/.local/lib/python3.12/site-packages/airflow/example_dags/example_subdag_operator.py for tasks to queue
[2025-02-23T04:55:50.444+0000] {logging_mixin.py:190} INFO - [2025-02-23T04:55:50.443+0000] {dagbag.py:588} INFO - Filling up the DagBag from /home/airflow/.local/lib/python3.12/site-packages/airflow/example_dags/example_subdag_operator.py
[2025-02-23T04:55:50.469+0000] {processor.py:925} INFO - DAG(s) 'example_subdag_operator.section-1', 'example_subdag_operator.section-2', 'example_subdag_operator' retrieved from /home/airflow/.local/lib/python3.12/site-packages/airflow/example_dags/example_subdag_operator.py
[2025-02-23T04:55:50.486+0000] {logging_mixin.py:190} INFO - [2025-02-23T04:55:50.486+0000] {dag.py:3239} INFO - Sync 3 DAGs
[2025-02-23T04:55:50.513+0000] {logging_mixin.py:190} INFO - [2025-02-23T04:55:50.513+0000] {dag.py:4180} INFO - Setting next_dagrun for example_subdag_operator to 2022-01-01 00:00:00+00:00, run_after=2022-01-01 00:00:00+00:00
[2025-02-23T04:55:50.517+0000] {logging_mixin.py:190} INFO - [2025-02-23T04:55:50.517+0000] {dag.py:4180} INFO - Setting next_dagrun for example_subdag_operator.section-1 to None, run_after=None
[2025-02-23T04:55:50.518+0000] {logging_mixin.py:190} INFO - [2025-02-23T04:55:50.518+0000] {dag.py:4180} INFO - Setting next_dagrun for example_subdag_operator.section-2 to None, run_after=None
[2025-02-23T04:55:50.526+0000] {logging_mixin.py:190} INFO - [2025-02-23T04:55:50.526+0000] {dag.py:3239} INFO - Sync 2 DAGs
[2025-02-23T04:55:50.531+0000] {logging_mixin.py:190} INFO - [2025-02-23T04:55:50.531+0000] {dag.py:4180} INFO - Setting next_dagrun for example_subdag_operator.section-1 to None, run_after=None
[2025-02-23T04:55:50.532+0000] {logging_mixin.py:190} INFO - [2025-02-23T04:55:50.532+0000] {dag.py:4180} INFO - Setting next_dagrun for example_subdag_operator.section-2 to None, run_after=None
[2025-02-23T04:55:50.541+0000] {processor.py:208} INFO - Processing /home/airflow/.local/lib/python3.12/site-packages/airflow/example_dags/example_subdag_operator.py took 0.106 seconds
[2025-02-23T04:56:20.650+0000] {processor.py:186} INFO - Started process (PID=1143) to work on /home/airflow/.local/lib/python3.12/site-packages/airflow/example_dags/example_subdag_operator.py
[2025-02-23T04:56:20.650+0000] {processor.py:914} INFO - Processing file /home/airflow/.local/lib/python3.12/site-packages/airflow/example_dags/example_subdag_operator.py for tasks to queue
[2025-02-23T04:56:20.652+0000] {logging_mixin.py:190} INFO - [2025-02-23T04:56:20.652+0000] {dagbag.py:588} INFO - Filling up the DagBag from /home/airflow/.local/lib/python3.12/site-packages/airflow/example_dags/example_subdag_operator.py
[2025-02-23T04:56:20.681+0000] {processor.py:925} INFO - DAG(s) 'example_subdag_operator.section-1', 'example_subdag_operator.section-2', 'example_subdag_operator' retrieved from /home/airflow/.local/lib/python3.12/site-packages/airflow/example_dags/example_subdag_operator.py
[2025-02-23T04:56:20.694+0000] {logging_mixin.py:190} INFO - [2025-02-23T04:56:20.694+0000] {dag.py:3239} INFO - Sync 3 DAGs
[2025-02-23T04:56:20.717+0000] {logging_mixin.py:190} INFO - [2025-02-23T04:56:20.717+0000] {dag.py:4180} INFO - Setting next_dagrun for example_subdag_operator to 2022-01-01 00:00:00+00:00, run_after=2022-01-01 00:00:00+00:00
[2025-02-23T04:56:20.720+0000] {logging_mixin.py:190} INFO - [2025-02-23T04:56:20.720+0000] {dag.py:4180} INFO - Setting next_dagrun for example_subdag_operator.section-1 to None, run_after=None
[2025-02-23T04:56:20.722+0000] {logging_mixin.py:190} INFO - [2025-02-23T04:56:20.721+0000] {dag.py:4180} INFO - Setting next_dagrun for example_subdag_operator.section-2 to None, run_after=None
[2025-02-23T04:56:20.728+0000] {logging_mixin.py:190} INFO - [2025-02-23T04:56:20.728+0000] {dag.py:3239} INFO - Sync 2 DAGs
[2025-02-23T04:56:20.736+0000] {logging_mixin.py:190} INFO - [2025-02-23T04:56:20.736+0000] {dag.py:4180} INFO - Setting next_dagrun for example_subdag_operator.section-1 to None, run_after=None
[2025-02-23T04:56:20.736+0000] {logging_mixin.py:190} INFO - [2025-02-23T04:56:20.736+0000] {dag.py:4180} INFO - Setting next_dagrun for example_subdag_operator.section-2 to None, run_after=None
[2025-02-23T04:56:20.743+0000] {processor.py:208} INFO - Processing /home/airflow/.local/lib/python3.12/site-packages/airflow/example_dags/example_subdag_operator.py took 0.099 seconds
[2025-02-23T04:56:50.928+0000] {processor.py:186} INFO - Started process (PID=1206) to work on /home/airflow/.local/lib/python3.12/site-packages/airflow/example_dags/example_subdag_operator.py
[2025-02-23T04:56:50.928+0000] {processor.py:914} INFO - Processing file /home/airflow/.local/lib/python3.12/site-packages/airflow/example_dags/example_subdag_operator.py for tasks to queue
[2025-02-23T04:56:50.930+0000] {logging_mixin.py:190} INFO - [2025-02-23T04:56:50.930+0000] {dagbag.py:588} INFO - Filling up the DagBag from /home/airflow/.local/lib/python3.12/site-packages/airflow/example_dags/example_subdag_operator.py
[2025-02-23T04:56:50.952+0000] {processor.py:925} INFO - DAG(s) 'example_subdag_operator.section-1', 'example_subdag_operator.section-2', 'example_subdag_operator' retrieved from /home/airflow/.local/lib/python3.12/site-packages/airflow/example_dags/example_subdag_operator.py
[2025-02-23T04:56:50.964+0000] {logging_mixin.py:190} INFO - [2025-02-23T04:56:50.964+0000] {dag.py:3239} INFO - Sync 3 DAGs
[2025-02-23T04:56:50.983+0000] {logging_mixin.py:190} INFO - [2025-02-23T04:56:50.983+0000] {dag.py:4180} INFO - Setting next_dagrun for example_subdag_operator to 2022-01-01 00:00:00+00:00, run_after=2022-01-01 00:00:00+00:00
[2025-02-23T04:56:50.986+0000] {logging_mixin.py:190} INFO - [2025-02-23T04:56:50.986+0000] {dag.py:4180} INFO - Setting next_dagrun for example_subdag_operator.section-1 to None, run_after=None
[2025-02-23T04:56:50.988+0000] {logging_mixin.py:190} INFO - [2025-02-23T04:56:50.988+0000] {dag.py:4180} INFO - Setting next_dagrun for example_subdag_operator.section-2 to None, run_after=None
[2025-02-23T04:56:50.993+0000] {logging_mixin.py:190} INFO - [2025-02-23T04:56:50.993+0000] {dag.py:3239} INFO - Sync 2 DAGs
[2025-02-23T04:56:50.997+0000] {logging_mixin.py:190} INFO - [2025-02-23T04:56:50.997+0000] {dag.py:4180} INFO - Setting next_dagrun for example_subdag_operator.section-1 to None, run_after=None
[2025-02-23T04:56:50.997+0000] {logging_mixin.py:190} INFO - [2025-02-23T04:56:50.997+0000] {dag.py:4180} INFO - Setting next_dagrun for example_subdag_operator.section-2 to None, run_after=None
[2025-02-23T04:56:51.004+0000] {processor.py:208} INFO - Processing /home/airflow/.local/lib/python3.12/site-packages/airflow/example_dags/example_subdag_operator.py took 0.081 seconds
[2025-02-23T04:57:21.189+0000] {processor.py:186} INFO - Started process (PID=1269) to work on /home/airflow/.local/lib/python3.12/site-packages/airflow/example_dags/example_subdag_operator.py
[2025-02-23T04:57:21.190+0000] {processor.py:914} INFO - Processing file /home/airflow/.local/lib/python3.12/site-packages/airflow/example_dags/example_subdag_operator.py for tasks to queue
[2025-02-23T04:57:21.191+0000] {logging_mixin.py:190} INFO - [2025-02-23T04:57:21.191+0000] {dagbag.py:588} INFO - Filling up the DagBag from /home/airflow/.local/lib/python3.12/site-packages/airflow/example_dags/example_subdag_operator.py
[2025-02-23T04:57:21.214+0000] {processor.py:925} INFO - DAG(s) 'example_subdag_operator.section-1', 'example_subdag_operator.section-2', 'example_subdag_operator' retrieved from /home/airflow/.local/lib/python3.12/site-packages/airflow/example_dags/example_subdag_operator.py
[2025-02-23T04:57:21.230+0000] {logging_mixin.py:190} INFO - [2025-02-23T04:57:21.230+0000] {dag.py:3239} INFO - Sync 3 DAGs
[2025-02-23T04:57:21.250+0000] {logging_mixin.py:190} INFO - [2025-02-23T04:57:21.250+0000] {dag.py:4180} INFO - Setting next_dagrun for example_subdag_operator to 2022-01-01 00:00:00+00:00, run_after=2022-01-01 00:00:00+00:00
[2025-02-23T04:57:21.253+0000] {logging_mixin.py:190} INFO - [2025-02-23T04:57:21.253+0000] {dag.py:4180} INFO - Setting next_dagrun for example_subdag_operator.section-1 to None, run_after=None
[2025-02-23T04:57:21.254+0000] {logging_mixin.py:190} INFO - [2025-02-23T04:57:21.254+0000] {dag.py:4180} INFO - Setting next_dagrun for example_subdag_operator.section-2 to None, run_after=None
[2025-02-23T04:57:21.259+0000] {logging_mixin.py:190} INFO - [2025-02-23T04:57:21.259+0000] {dag.py:3239} INFO - Sync 2 DAGs
[2025-02-23T04:57:21.263+0000] {logging_mixin.py:190} INFO - [2025-02-23T04:57:21.262+0000] {dag.py:4180} INFO - Setting next_dagrun for example_subdag_operator.section-1 to None, run_after=None
[2025-02-23T04:57:21.263+0000] {logging_mixin.py:190} INFO - [2025-02-23T04:57:21.263+0000] {dag.py:4180} INFO - Setting next_dagrun for example_subdag_operator.section-2 to None, run_after=None
[2025-02-23T04:57:21.270+0000] {processor.py:208} INFO - Processing /home/airflow/.local/lib/python3.12/site-packages/airflow/example_dags/example_subdag_operator.py took 0.085 seconds
[2025-02-23T04:57:51.762+0000] {processor.py:186} INFO - Started process (PID=1333) to work on /home/airflow/.local/lib/python3.12/site-packages/airflow/example_dags/example_subdag_operator.py
[2025-02-23T04:57:51.763+0000] {processor.py:914} INFO - Processing file /home/airflow/.local/lib/python3.12/site-packages/airflow/example_dags/example_subdag_operator.py for tasks to queue
[2025-02-23T04:57:51.764+0000] {logging_mixin.py:190} INFO - [2025-02-23T04:57:51.764+0000] {dagbag.py:588} INFO - Filling up the DagBag from /home/airflow/.local/lib/python3.12/site-packages/airflow/example_dags/example_subdag_operator.py
[2025-02-23T04:57:51.785+0000] {processor.py:925} INFO - DAG(s) 'example_subdag_operator.section-1', 'example_subdag_operator.section-2', 'example_subdag_operator' retrieved from /home/airflow/.local/lib/python3.12/site-packages/airflow/example_dags/example_subdag_operator.py
[2025-02-23T04:57:51.801+0000] {logging_mixin.py:190} INFO - [2025-02-23T04:57:51.801+0000] {dag.py:3239} INFO - Sync 3 DAGs
[2025-02-23T04:57:51.821+0000] {logging_mixin.py:190} INFO - [2025-02-23T04:57:51.821+0000] {dag.py:4180} INFO - Setting next_dagrun for example_subdag_operator to 2022-01-01 00:00:00+00:00, run_after=2022-01-01 00:00:00+00:00
[2025-02-23T04:57:51.824+0000] {logging_mixin.py:190} INFO - [2025-02-23T04:57:51.824+0000] {dag.py:4180} INFO - Setting next_dagrun for example_subdag_operator.section-1 to None, run_after=None
[2025-02-23T04:57:51.825+0000] {logging_mixin.py:190} INFO - [2025-02-23T04:57:51.825+0000] {dag.py:4180} INFO - Setting next_dagrun for example_subdag_operator.section-2 to None, run_after=None
[2025-02-23T04:57:51.830+0000] {logging_mixin.py:190} INFO - [2025-02-23T04:57:51.829+0000] {dag.py:3239} INFO - Sync 2 DAGs
[2025-02-23T04:57:51.834+0000] {logging_mixin.py:190} INFO - [2025-02-23T04:57:51.833+0000] {dag.py:4180} INFO - Setting next_dagrun for example_subdag_operator.section-1 to None, run_after=None
[2025-02-23T04:57:51.834+0000] {logging_mixin.py:190} INFO - [2025-02-23T04:57:51.834+0000] {dag.py:4180} INFO - Setting next_dagrun for example_subdag_operator.section-2 to None, run_after=None
[2025-02-23T04:57:51.841+0000] {processor.py:208} INFO - Processing /home/airflow/.local/lib/python3.12/site-packages/airflow/example_dags/example_subdag_operator.py took 0.083 seconds
[2025-02-23T04:58:22.226+0000] {processor.py:186} INFO - Started process (PID=1396) to work on /home/airflow/.local/lib/python3.12/site-packages/airflow/example_dags/example_subdag_operator.py
[2025-02-23T04:58:22.227+0000] {processor.py:914} INFO - Processing file /home/airflow/.local/lib/python3.12/site-packages/airflow/example_dags/example_subdag_operator.py for tasks to queue
[2025-02-23T04:58:22.229+0000] {logging_mixin.py:190} INFO - [2025-02-23T04:58:22.228+0000] {dagbag.py:588} INFO - Filling up the DagBag from /home/airflow/.local/lib/python3.12/site-packages/airflow/example_dags/example_subdag_operator.py
[2025-02-23T04:58:22.252+0000] {processor.py:925} INFO - DAG(s) 'example_subdag_operator.section-1', 'example_subdag_operator.section-2', 'example_subdag_operator' retrieved from /home/airflow/.local/lib/python3.12/site-packages/airflow/example_dags/example_subdag_operator.py
[2025-02-23T04:58:22.267+0000] {logging_mixin.py:190} INFO - [2025-02-23T04:58:22.267+0000] {dag.py:3239} INFO - Sync 3 DAGs
[2025-02-23T04:58:22.288+0000] {logging_mixin.py:190} INFO - [2025-02-23T04:58:22.288+0000] {dag.py:4180} INFO - Setting next_dagrun for example_subdag_operator to 2022-01-01 00:00:00+00:00, run_after=2022-01-01 00:00:00+00:00
[2025-02-23T04:58:22.291+0000] {logging_mixin.py:190} INFO - [2025-02-23T04:58:22.291+0000] {dag.py:4180} INFO - Setting next_dagrun for example_subdag_operator.section-1 to None, run_after=None
[2025-02-23T04:58:22.292+0000] {logging_mixin.py:190} INFO - [2025-02-23T04:58:22.292+0000] {dag.py:4180} INFO - Setting next_dagrun for example_subdag_operator.section-2 to None, run_after=None
[2025-02-23T04:58:22.297+0000] {logging_mixin.py:190} INFO - [2025-02-23T04:58:22.297+0000] {dag.py:3239} INFO - Sync 2 DAGs
[2025-02-23T04:58:22.301+0000] {logging_mixin.py:190} INFO - [2025-02-23T04:58:22.301+0000] {dag.py:4180} INFO - Setting next_dagrun for example_subdag_operator.section-1 to None, run_after=None
[2025-02-23T04:58:22.301+0000] {logging_mixin.py:190} INFO - [2025-02-23T04:58:22.301+0000] {dag.py:4180} INFO - Setting next_dagrun for example_subdag_operator.section-2 to None, run_after=None
[2025-02-23T04:58:22.309+0000] {processor.py:208} INFO - Processing /home/airflow/.local/lib/python3.12/site-packages/airflow/example_dags/example_subdag_operator.py took 0.087 seconds
