[2025-02-23T04:47:51.520+0000] {processor.py:186} INFO - Started process (PID=99) to work on /home/airflow/.local/lib/python3.12/site-packages/airflow/example_dags/example_sensors.py
[2025-02-23T04:47:51.521+0000] {processor.py:914} INFO - Processing file /home/airflow/.local/lib/python3.12/site-packages/airflow/example_dags/example_sensors.py for tasks to queue
[2025-02-23T04:47:51.523+0000] {logging_mixin.py:190} INFO - [2025-02-23T04:47:51.523+0000] {dagbag.py:588} INFO - Filling up the DagBag from /home/airflow/.local/lib/python3.12/site-packages/airflow/example_dags/example_sensors.py
[2025-02-23T04:47:51.537+0000] {processor.py:925} INFO - DAG(s) 'example_sensors' retrieved from /home/airflow/.local/lib/python3.12/site-packages/airflow/example_dags/example_sensors.py
[2025-02-23T04:47:51.667+0000] {logging_mixin.py:190} INFO - [2025-02-23T04:47:51.666+0000] {override.py:1911} INFO - Created Permission View: can delete on DAG:example_sensors
[2025-02-23T04:47:51.675+0000] {logging_mixin.py:190} INFO - [2025-02-23T04:47:51.675+0000] {override.py:1911} INFO - Created Permission View: can edit on DAG:example_sensors
[2025-02-23T04:47:51.681+0000] {logging_mixin.py:190} INFO - [2025-02-23T04:47:51.681+0000] {override.py:1911} INFO - Created Permission View: can read on DAG:example_sensors
[2025-02-23T04:47:51.687+0000] {logging_mixin.py:190} INFO - [2025-02-23T04:47:51.686+0000] {override.py:1911} INFO - Created Permission View: can create on DAG Run:example_sensors
[2025-02-23T04:47:51.692+0000] {logging_mixin.py:190} INFO - [2025-02-23T04:47:51.692+0000] {override.py:1911} INFO - Created Permission View: menu access on DAG Run:example_sensors
[2025-02-23T04:47:51.698+0000] {logging_mixin.py:190} INFO - [2025-02-23T04:47:51.698+0000] {override.py:1911} INFO - Created Permission View: can delete on DAG Run:example_sensors
[2025-02-23T04:47:51.703+0000] {logging_mixin.py:190} INFO - [2025-02-23T04:47:51.703+0000] {override.py:1911} INFO - Created Permission View: can read on DAG Run:example_sensors
[2025-02-23T04:47:51.704+0000] {logging_mixin.py:190} INFO - [2025-02-23T04:47:51.704+0000] {dag.py:3239} INFO - Sync 1 DAGs
[2025-02-23T04:47:51.720+0000] {logging_mixin.py:190} INFO - [2025-02-23T04:47:51.720+0000] {dag.py:3262} INFO - Creating ORM DAG for example_sensors
[2025-02-23T04:47:51.721+0000] {logging_mixin.py:190} INFO - [2025-02-23T04:47:51.721+0000] {dag.py:4180} INFO - Setting next_dagrun for example_sensors to None, run_after=None
[2025-02-23T04:47:51.736+0000] {processor.py:208} INFO - Processing /home/airflow/.local/lib/python3.12/site-packages/airflow/example_dags/example_sensors.py took 0.222 seconds
[2025-02-23T04:48:22.175+0000] {processor.py:186} INFO - Started process (PID=160) to work on /home/airflow/.local/lib/python3.12/site-packages/airflow/example_dags/example_sensors.py
[2025-02-23T04:48:22.176+0000] {processor.py:914} INFO - Processing file /home/airflow/.local/lib/python3.12/site-packages/airflow/example_dags/example_sensors.py for tasks to queue
[2025-02-23T04:48:22.178+0000] {logging_mixin.py:190} INFO - [2025-02-23T04:48:22.177+0000] {dagbag.py:588} INFO - Filling up the DagBag from /home/airflow/.local/lib/python3.12/site-packages/airflow/example_dags/example_sensors.py
[2025-02-23T04:48:22.186+0000] {processor.py:925} INFO - DAG(s) 'example_sensors' retrieved from /home/airflow/.local/lib/python3.12/site-packages/airflow/example_dags/example_sensors.py
[2025-02-23T04:48:22.206+0000] {logging_mixin.py:190} INFO - [2025-02-23T04:48:22.205+0000] {dag.py:3239} INFO - Sync 1 DAGs
[2025-02-23T04:48:22.216+0000] {logging_mixin.py:190} INFO - [2025-02-23T04:48:22.216+0000] {dag.py:4180} INFO - Setting next_dagrun for example_sensors to None, run_after=None
[2025-02-23T04:48:22.229+0000] {processor.py:208} INFO - Processing /home/airflow/.local/lib/python3.12/site-packages/airflow/example_dags/example_sensors.py took 0.058 seconds
[2025-02-23T04:48:52.490+0000] {processor.py:186} INFO - Started process (PID=222) to work on /home/airflow/.local/lib/python3.12/site-packages/airflow/example_dags/example_sensors.py
[2025-02-23T04:48:52.490+0000] {processor.py:914} INFO - Processing file /home/airflow/.local/lib/python3.12/site-packages/airflow/example_dags/example_sensors.py for tasks to queue
[2025-02-23T04:48:52.492+0000] {logging_mixin.py:190} INFO - [2025-02-23T04:48:52.492+0000] {dagbag.py:588} INFO - Filling up the DagBag from /home/airflow/.local/lib/python3.12/site-packages/airflow/example_dags/example_sensors.py
[2025-02-23T04:48:52.501+0000] {processor.py:925} INFO - DAG(s) 'example_sensors' retrieved from /home/airflow/.local/lib/python3.12/site-packages/airflow/example_dags/example_sensors.py
[2025-02-23T04:48:52.520+0000] {logging_mixin.py:190} INFO - [2025-02-23T04:48:52.520+0000] {dag.py:3239} INFO - Sync 1 DAGs
[2025-02-23T04:48:52.531+0000] {logging_mixin.py:190} INFO - [2025-02-23T04:48:52.530+0000] {dag.py:4180} INFO - Setting next_dagrun for example_sensors to None, run_after=None
[2025-02-23T04:48:52.542+0000] {processor.py:208} INFO - Processing /home/airflow/.local/lib/python3.12/site-packages/airflow/example_dags/example_sensors.py took 0.058 seconds
[2025-02-23T04:49:23.210+0000] {processor.py:186} INFO - Started process (PID=285) to work on /home/airflow/.local/lib/python3.12/site-packages/airflow/example_dags/example_sensors.py
[2025-02-23T04:49:23.211+0000] {processor.py:914} INFO - Processing file /home/airflow/.local/lib/python3.12/site-packages/airflow/example_dags/example_sensors.py for tasks to queue
[2025-02-23T04:49:23.212+0000] {logging_mixin.py:190} INFO - [2025-02-23T04:49:23.212+0000] {dagbag.py:588} INFO - Filling up the DagBag from /home/airflow/.local/lib/python3.12/site-packages/airflow/example_dags/example_sensors.py
[2025-02-23T04:49:23.220+0000] {processor.py:925} INFO - DAG(s) 'example_sensors' retrieved from /home/airflow/.local/lib/python3.12/site-packages/airflow/example_dags/example_sensors.py
[2025-02-23T04:49:23.240+0000] {logging_mixin.py:190} INFO - [2025-02-23T04:49:23.240+0000] {dag.py:3239} INFO - Sync 1 DAGs
[2025-02-23T04:49:23.251+0000] {logging_mixin.py:190} INFO - [2025-02-23T04:49:23.251+0000] {dag.py:4180} INFO - Setting next_dagrun for example_sensors to None, run_after=None
[2025-02-23T04:49:23.264+0000] {processor.py:208} INFO - Processing /home/airflow/.local/lib/python3.12/site-packages/airflow/example_dags/example_sensors.py took 0.058 seconds
[2025-02-23T04:49:53.478+0000] {processor.py:186} INFO - Started process (PID=348) to work on /home/airflow/.local/lib/python3.12/site-packages/airflow/example_dags/example_sensors.py
[2025-02-23T04:49:53.479+0000] {processor.py:914} INFO - Processing file /home/airflow/.local/lib/python3.12/site-packages/airflow/example_dags/example_sensors.py for tasks to queue
[2025-02-23T04:49:53.481+0000] {logging_mixin.py:190} INFO - [2025-02-23T04:49:53.480+0000] {dagbag.py:588} INFO - Filling up the DagBag from /home/airflow/.local/lib/python3.12/site-packages/airflow/example_dags/example_sensors.py
[2025-02-23T04:49:53.491+0000] {processor.py:925} INFO - DAG(s) 'example_sensors' retrieved from /home/airflow/.local/lib/python3.12/site-packages/airflow/example_dags/example_sensors.py
[2025-02-23T04:49:53.511+0000] {logging_mixin.py:190} INFO - [2025-02-23T04:49:53.511+0000] {dag.py:3239} INFO - Sync 1 DAGs
[2025-02-23T04:49:53.523+0000] {logging_mixin.py:190} INFO - [2025-02-23T04:49:53.522+0000] {dag.py:4180} INFO - Setting next_dagrun for example_sensors to None, run_after=None
[2025-02-23T04:49:53.535+0000] {processor.py:208} INFO - Processing /home/airflow/.local/lib/python3.12/site-packages/airflow/example_dags/example_sensors.py took 0.064 seconds
[2025-02-23T04:50:24.549+0000] {processor.py:186} INFO - Started process (PID=411) to work on /home/airflow/.local/lib/python3.12/site-packages/airflow/example_dags/example_sensors.py
[2025-02-23T04:50:24.550+0000] {processor.py:914} INFO - Processing file /home/airflow/.local/lib/python3.12/site-packages/airflow/example_dags/example_sensors.py for tasks to queue
[2025-02-23T04:50:24.552+0000] {logging_mixin.py:190} INFO - [2025-02-23T04:50:24.552+0000] {dagbag.py:588} INFO - Filling up the DagBag from /home/airflow/.local/lib/python3.12/site-packages/airflow/example_dags/example_sensors.py
[2025-02-23T04:50:24.563+0000] {processor.py:925} INFO - DAG(s) 'example_sensors' retrieved from /home/airflow/.local/lib/python3.12/site-packages/airflow/example_dags/example_sensors.py
[2025-02-23T04:50:24.591+0000] {logging_mixin.py:190} INFO - [2025-02-23T04:50:24.590+0000] {dag.py:3239} INFO - Sync 1 DAGs
[2025-02-23T04:50:24.606+0000] {logging_mixin.py:190} INFO - [2025-02-23T04:50:24.605+0000] {dag.py:4180} INFO - Setting next_dagrun for example_sensors to None, run_after=None
[2025-02-23T04:50:24.625+0000] {processor.py:208} INFO - Processing /home/airflow/.local/lib/python3.12/site-packages/airflow/example_dags/example_sensors.py took 0.081 seconds
[2025-02-23T04:50:54.846+0000] {processor.py:186} INFO - Started process (PID=473) to work on /home/airflow/.local/lib/python3.12/site-packages/airflow/example_dags/example_sensors.py
[2025-02-23T04:50:54.847+0000] {processor.py:914} INFO - Processing file /home/airflow/.local/lib/python3.12/site-packages/airflow/example_dags/example_sensors.py for tasks to queue
[2025-02-23T04:50:54.849+0000] {logging_mixin.py:190} INFO - [2025-02-23T04:50:54.849+0000] {dagbag.py:588} INFO - Filling up the DagBag from /home/airflow/.local/lib/python3.12/site-packages/airflow/example_dags/example_sensors.py
[2025-02-23T04:50:54.858+0000] {processor.py:925} INFO - DAG(s) 'example_sensors' retrieved from /home/airflow/.local/lib/python3.12/site-packages/airflow/example_dags/example_sensors.py
[2025-02-23T04:50:54.880+0000] {logging_mixin.py:190} INFO - [2025-02-23T04:50:54.879+0000] {dag.py:3239} INFO - Sync 1 DAGs
[2025-02-23T04:50:54.892+0000] {logging_mixin.py:190} INFO - [2025-02-23T04:50:54.892+0000] {dag.py:4180} INFO - Setting next_dagrun for example_sensors to None, run_after=None
[2025-02-23T04:50:54.907+0000] {processor.py:208} INFO - Processing /home/airflow/.local/lib/python3.12/site-packages/airflow/example_dags/example_sensors.py took 0.066 seconds
[2025-02-23T04:51:25.403+0000] {processor.py:186} INFO - Started process (PID=536) to work on /home/airflow/.local/lib/python3.12/site-packages/airflow/example_dags/example_sensors.py
[2025-02-23T04:51:25.404+0000] {processor.py:914} INFO - Processing file /home/airflow/.local/lib/python3.12/site-packages/airflow/example_dags/example_sensors.py for tasks to queue
[2025-02-23T04:51:25.405+0000] {logging_mixin.py:190} INFO - [2025-02-23T04:51:25.405+0000] {dagbag.py:588} INFO - Filling up the DagBag from /home/airflow/.local/lib/python3.12/site-packages/airflow/example_dags/example_sensors.py
[2025-02-23T04:51:25.414+0000] {processor.py:925} INFO - DAG(s) 'example_sensors' retrieved from /home/airflow/.local/lib/python3.12/site-packages/airflow/example_dags/example_sensors.py
[2025-02-23T04:51:25.433+0000] {logging_mixin.py:190} INFO - [2025-02-23T04:51:25.433+0000] {dag.py:3239} INFO - Sync 1 DAGs
[2025-02-23T04:51:25.443+0000] {logging_mixin.py:190} INFO - [2025-02-23T04:51:25.443+0000] {dag.py:4180} INFO - Setting next_dagrun for example_sensors to None, run_after=None
[2025-02-23T04:51:25.455+0000] {processor.py:208} INFO - Processing /home/airflow/.local/lib/python3.12/site-packages/airflow/example_dags/example_sensors.py took 0.057 seconds
[2025-02-23T04:51:55.737+0000] {processor.py:186} INFO - Started process (PID=599) to work on /home/airflow/.local/lib/python3.12/site-packages/airflow/example_dags/example_sensors.py
[2025-02-23T04:51:55.738+0000] {processor.py:914} INFO - Processing file /home/airflow/.local/lib/python3.12/site-packages/airflow/example_dags/example_sensors.py for tasks to queue
[2025-02-23T04:51:55.739+0000] {logging_mixin.py:190} INFO - [2025-02-23T04:51:55.739+0000] {dagbag.py:588} INFO - Filling up the DagBag from /home/airflow/.local/lib/python3.12/site-packages/airflow/example_dags/example_sensors.py
[2025-02-23T04:51:55.747+0000] {processor.py:925} INFO - DAG(s) 'example_sensors' retrieved from /home/airflow/.local/lib/python3.12/site-packages/airflow/example_dags/example_sensors.py
[2025-02-23T04:51:55.766+0000] {logging_mixin.py:190} INFO - [2025-02-23T04:51:55.766+0000] {dag.py:3239} INFO - Sync 1 DAGs
[2025-02-23T04:51:55.777+0000] {logging_mixin.py:190} INFO - [2025-02-23T04:51:55.776+0000] {dag.py:4180} INFO - Setting next_dagrun for example_sensors to None, run_after=None
[2025-02-23T04:51:55.788+0000] {processor.py:208} INFO - Processing /home/airflow/.local/lib/python3.12/site-packages/airflow/example_dags/example_sensors.py took 0.056 seconds
[2025-02-23T04:52:25.993+0000] {processor.py:186} INFO - Started process (PID=662) to work on /home/airflow/.local/lib/python3.12/site-packages/airflow/example_dags/example_sensors.py
[2025-02-23T04:52:25.994+0000] {processor.py:914} INFO - Processing file /home/airflow/.local/lib/python3.12/site-packages/airflow/example_dags/example_sensors.py for tasks to queue
[2025-02-23T04:52:25.996+0000] {logging_mixin.py:190} INFO - [2025-02-23T04:52:25.995+0000] {dagbag.py:588} INFO - Filling up the DagBag from /home/airflow/.local/lib/python3.12/site-packages/airflow/example_dags/example_sensors.py
[2025-02-23T04:52:26.004+0000] {processor.py:925} INFO - DAG(s) 'example_sensors' retrieved from /home/airflow/.local/lib/python3.12/site-packages/airflow/example_dags/example_sensors.py
[2025-02-23T04:52:26.025+0000] {logging_mixin.py:190} INFO - [2025-02-23T04:52:26.025+0000] {dag.py:3239} INFO - Sync 1 DAGs
[2025-02-23T04:52:26.036+0000] {logging_mixin.py:190} INFO - [2025-02-23T04:52:26.036+0000] {dag.py:4180} INFO - Setting next_dagrun for example_sensors to None, run_after=None
[2025-02-23T04:52:26.049+0000] {processor.py:208} INFO - Processing /home/airflow/.local/lib/python3.12/site-packages/airflow/example_dags/example_sensors.py took 0.060 seconds
[2025-02-23T04:52:56.090+0000] {processor.py:186} INFO - Started process (PID=725) to work on /home/airflow/.local/lib/python3.12/site-packages/airflow/example_dags/example_sensors.py
[2025-02-23T04:52:56.091+0000] {processor.py:914} INFO - Processing file /home/airflow/.local/lib/python3.12/site-packages/airflow/example_dags/example_sensors.py for tasks to queue
[2025-02-23T04:52:56.092+0000] {logging_mixin.py:190} INFO - [2025-02-23T04:52:56.092+0000] {dagbag.py:588} INFO - Filling up the DagBag from /home/airflow/.local/lib/python3.12/site-packages/airflow/example_dags/example_sensors.py
[2025-02-23T04:52:56.101+0000] {processor.py:925} INFO - DAG(s) 'example_sensors' retrieved from /home/airflow/.local/lib/python3.12/site-packages/airflow/example_dags/example_sensors.py
[2025-02-23T04:52:56.120+0000] {logging_mixin.py:190} INFO - [2025-02-23T04:52:56.119+0000] {dag.py:3239} INFO - Sync 1 DAGs
[2025-02-23T04:52:56.130+0000] {logging_mixin.py:190} INFO - [2025-02-23T04:52:56.130+0000] {dag.py:4180} INFO - Setting next_dagrun for example_sensors to None, run_after=None
[2025-02-23T04:52:56.142+0000] {processor.py:208} INFO - Processing /home/airflow/.local/lib/python3.12/site-packages/airflow/example_dags/example_sensors.py took 0.056 seconds
[2025-02-23T04:53:26.569+0000] {processor.py:186} INFO - Started process (PID=788) to work on /home/airflow/.local/lib/python3.12/site-packages/airflow/example_dags/example_sensors.py
[2025-02-23T04:53:26.569+0000] {processor.py:914} INFO - Processing file /home/airflow/.local/lib/python3.12/site-packages/airflow/example_dags/example_sensors.py for tasks to queue
[2025-02-23T04:53:26.571+0000] {logging_mixin.py:190} INFO - [2025-02-23T04:53:26.570+0000] {dagbag.py:588} INFO - Filling up the DagBag from /home/airflow/.local/lib/python3.12/site-packages/airflow/example_dags/example_sensors.py
[2025-02-23T04:53:26.579+0000] {processor.py:925} INFO - DAG(s) 'example_sensors' retrieved from /home/airflow/.local/lib/python3.12/site-packages/airflow/example_dags/example_sensors.py
[2025-02-23T04:53:26.598+0000] {logging_mixin.py:190} INFO - [2025-02-23T04:53:26.597+0000] {dag.py:3239} INFO - Sync 1 DAGs
[2025-02-23T04:53:26.608+0000] {logging_mixin.py:190} INFO - [2025-02-23T04:53:26.608+0000] {dag.py:4180} INFO - Setting next_dagrun for example_sensors to None, run_after=None
[2025-02-23T04:53:26.620+0000] {processor.py:208} INFO - Processing /home/airflow/.local/lib/python3.12/site-packages/airflow/example_dags/example_sensors.py took 0.056 seconds
[2025-02-23T04:53:56.809+0000] {processor.py:186} INFO - Started process (PID=852) to work on /home/airflow/.local/lib/python3.12/site-packages/airflow/example_dags/example_sensors.py
[2025-02-23T04:53:56.810+0000] {processor.py:914} INFO - Processing file /home/airflow/.local/lib/python3.12/site-packages/airflow/example_dags/example_sensors.py for tasks to queue
[2025-02-23T04:53:56.812+0000] {logging_mixin.py:190} INFO - [2025-02-23T04:53:56.811+0000] {dagbag.py:588} INFO - Filling up the DagBag from /home/airflow/.local/lib/python3.12/site-packages/airflow/example_dags/example_sensors.py
[2025-02-23T04:53:56.820+0000] {processor.py:925} INFO - DAG(s) 'example_sensors' retrieved from /home/airflow/.local/lib/python3.12/site-packages/airflow/example_dags/example_sensors.py
[2025-02-23T04:53:56.838+0000] {logging_mixin.py:190} INFO - [2025-02-23T04:53:56.838+0000] {dag.py:3239} INFO - Sync 1 DAGs
[2025-02-23T04:53:56.849+0000] {logging_mixin.py:190} INFO - [2025-02-23T04:53:56.849+0000] {dag.py:4180} INFO - Setting next_dagrun for example_sensors to None, run_after=None
[2025-02-23T04:53:56.861+0000] {processor.py:208} INFO - Processing /home/airflow/.local/lib/python3.12/site-packages/airflow/example_dags/example_sensors.py took 0.056 seconds
[2025-02-23T04:54:27.018+0000] {processor.py:186} INFO - Started process (PID=915) to work on /home/airflow/.local/lib/python3.12/site-packages/airflow/example_dags/example_sensors.py
[2025-02-23T04:54:27.018+0000] {processor.py:914} INFO - Processing file /home/airflow/.local/lib/python3.12/site-packages/airflow/example_dags/example_sensors.py for tasks to queue
[2025-02-23T04:54:27.020+0000] {logging_mixin.py:190} INFO - [2025-02-23T04:54:27.019+0000] {dagbag.py:588} INFO - Filling up the DagBag from /home/airflow/.local/lib/python3.12/site-packages/airflow/example_dags/example_sensors.py
[2025-02-23T04:54:27.028+0000] {processor.py:925} INFO - DAG(s) 'example_sensors' retrieved from /home/airflow/.local/lib/python3.12/site-packages/airflow/example_dags/example_sensors.py
[2025-02-23T04:54:27.047+0000] {logging_mixin.py:190} INFO - [2025-02-23T04:54:27.047+0000] {dag.py:3239} INFO - Sync 1 DAGs
[2025-02-23T04:54:27.058+0000] {logging_mixin.py:190} INFO - [2025-02-23T04:54:27.057+0000] {dag.py:4180} INFO - Setting next_dagrun for example_sensors to None, run_after=None
[2025-02-23T04:54:27.069+0000] {processor.py:208} INFO - Processing /home/airflow/.local/lib/python3.12/site-packages/airflow/example_dags/example_sensors.py took 0.056 seconds
[2025-02-23T04:54:57.137+0000] {processor.py:186} INFO - Started process (PID=978) to work on /home/airflow/.local/lib/python3.12/site-packages/airflow/example_dags/example_sensors.py
[2025-02-23T04:54:57.138+0000] {processor.py:914} INFO - Processing file /home/airflow/.local/lib/python3.12/site-packages/airflow/example_dags/example_sensors.py for tasks to queue
[2025-02-23T04:54:57.139+0000] {logging_mixin.py:190} INFO - [2025-02-23T04:54:57.139+0000] {dagbag.py:588} INFO - Filling up the DagBag from /home/airflow/.local/lib/python3.12/site-packages/airflow/example_dags/example_sensors.py
[2025-02-23T04:54:57.148+0000] {processor.py:925} INFO - DAG(s) 'example_sensors' retrieved from /home/airflow/.local/lib/python3.12/site-packages/airflow/example_dags/example_sensors.py
[2025-02-23T04:54:57.167+0000] {logging_mixin.py:190} INFO - [2025-02-23T04:54:57.166+0000] {dag.py:3239} INFO - Sync 1 DAGs
[2025-02-23T04:54:57.177+0000] {logging_mixin.py:190} INFO - [2025-02-23T04:54:57.177+0000] {dag.py:4180} INFO - Setting next_dagrun for example_sensors to None, run_after=None
[2025-02-23T04:54:57.189+0000] {processor.py:208} INFO - Processing /home/airflow/.local/lib/python3.12/site-packages/airflow/example_dags/example_sensors.py took 0.056 seconds
[2025-02-23T04:55:27.350+0000] {processor.py:186} INFO - Started process (PID=1041) to work on /home/airflow/.local/lib/python3.12/site-packages/airflow/example_dags/example_sensors.py
[2025-02-23T04:55:27.351+0000] {processor.py:914} INFO - Processing file /home/airflow/.local/lib/python3.12/site-packages/airflow/example_dags/example_sensors.py for tasks to queue
[2025-02-23T04:55:27.352+0000] {logging_mixin.py:190} INFO - [2025-02-23T04:55:27.352+0000] {dagbag.py:588} INFO - Filling up the DagBag from /home/airflow/.local/lib/python3.12/site-packages/airflow/example_dags/example_sensors.py
[2025-02-23T04:55:27.361+0000] {processor.py:925} INFO - DAG(s) 'example_sensors' retrieved from /home/airflow/.local/lib/python3.12/site-packages/airflow/example_dags/example_sensors.py
[2025-02-23T04:55:27.379+0000] {logging_mixin.py:190} INFO - [2025-02-23T04:55:27.379+0000] {dag.py:3239} INFO - Sync 1 DAGs
[2025-02-23T04:55:27.389+0000] {logging_mixin.py:190} INFO - [2025-02-23T04:55:27.389+0000] {dag.py:4180} INFO - Setting next_dagrun for example_sensors to None, run_after=None
[2025-02-23T04:55:27.402+0000] {processor.py:208} INFO - Processing /home/airflow/.local/lib/python3.12/site-packages/airflow/example_dags/example_sensors.py took 0.056 seconds
[2025-02-23T04:55:57.660+0000] {processor.py:186} INFO - Started process (PID=1104) to work on /home/airflow/.local/lib/python3.12/site-packages/airflow/example_dags/example_sensors.py
[2025-02-23T04:55:57.661+0000] {processor.py:914} INFO - Processing file /home/airflow/.local/lib/python3.12/site-packages/airflow/example_dags/example_sensors.py for tasks to queue
[2025-02-23T04:55:57.663+0000] {logging_mixin.py:190} INFO - [2025-02-23T04:55:57.663+0000] {dagbag.py:588} INFO - Filling up the DagBag from /home/airflow/.local/lib/python3.12/site-packages/airflow/example_dags/example_sensors.py
[2025-02-23T04:55:57.675+0000] {processor.py:925} INFO - DAG(s) 'example_sensors' retrieved from /home/airflow/.local/lib/python3.12/site-packages/airflow/example_dags/example_sensors.py
[2025-02-23T04:55:57.702+0000] {logging_mixin.py:190} INFO - [2025-02-23T04:55:57.702+0000] {dag.py:3239} INFO - Sync 1 DAGs
[2025-02-23T04:55:57.714+0000] {logging_mixin.py:190} INFO - [2025-02-23T04:55:57.714+0000] {dag.py:4180} INFO - Setting next_dagrun for example_sensors to None, run_after=None
[2025-02-23T04:55:57.727+0000] {processor.py:208} INFO - Processing /home/airflow/.local/lib/python3.12/site-packages/airflow/example_dags/example_sensors.py took 0.073 seconds
[2025-02-23T04:56:27.856+0000] {processor.py:186} INFO - Started process (PID=1167) to work on /home/airflow/.local/lib/python3.12/site-packages/airflow/example_dags/example_sensors.py
[2025-02-23T04:56:27.857+0000] {processor.py:914} INFO - Processing file /home/airflow/.local/lib/python3.12/site-packages/airflow/example_dags/example_sensors.py for tasks to queue
[2025-02-23T04:56:27.858+0000] {logging_mixin.py:190} INFO - [2025-02-23T04:56:27.858+0000] {dagbag.py:588} INFO - Filling up the DagBag from /home/airflow/.local/lib/python3.12/site-packages/airflow/example_dags/example_sensors.py
[2025-02-23T04:56:27.866+0000] {processor.py:925} INFO - DAG(s) 'example_sensors' retrieved from /home/airflow/.local/lib/python3.12/site-packages/airflow/example_dags/example_sensors.py
[2025-02-23T04:56:27.887+0000] {logging_mixin.py:190} INFO - [2025-02-23T04:56:27.887+0000] {dag.py:3239} INFO - Sync 1 DAGs
[2025-02-23T04:56:27.899+0000] {logging_mixin.py:190} INFO - [2025-02-23T04:56:27.899+0000] {dag.py:4180} INFO - Setting next_dagrun for example_sensors to None, run_after=None
[2025-02-23T04:56:27.912+0000] {processor.py:208} INFO - Processing /home/airflow/.local/lib/python3.12/site-packages/airflow/example_dags/example_sensors.py took 0.060 seconds
[2025-02-23T04:56:58.168+0000] {processor.py:186} INFO - Started process (PID=1230) to work on /home/airflow/.local/lib/python3.12/site-packages/airflow/example_dags/example_sensors.py
[2025-02-23T04:56:58.168+0000] {processor.py:914} INFO - Processing file /home/airflow/.local/lib/python3.12/site-packages/airflow/example_dags/example_sensors.py for tasks to queue
[2025-02-23T04:56:58.170+0000] {logging_mixin.py:190} INFO - [2025-02-23T04:56:58.170+0000] {dagbag.py:588} INFO - Filling up the DagBag from /home/airflow/.local/lib/python3.12/site-packages/airflow/example_dags/example_sensors.py
[2025-02-23T04:56:58.178+0000] {processor.py:925} INFO - DAG(s) 'example_sensors' retrieved from /home/airflow/.local/lib/python3.12/site-packages/airflow/example_dags/example_sensors.py
[2025-02-23T04:56:58.197+0000] {logging_mixin.py:190} INFO - [2025-02-23T04:56:58.196+0000] {dag.py:3239} INFO - Sync 1 DAGs
[2025-02-23T04:56:58.207+0000] {logging_mixin.py:190} INFO - [2025-02-23T04:56:58.207+0000] {dag.py:4180} INFO - Setting next_dagrun for example_sensors to None, run_after=None
[2025-02-23T04:56:58.219+0000] {processor.py:208} INFO - Processing /home/airflow/.local/lib/python3.12/site-packages/airflow/example_dags/example_sensors.py took 0.056 seconds
[2025-02-23T04:57:28.408+0000] {processor.py:186} INFO - Started process (PID=1293) to work on /home/airflow/.local/lib/python3.12/site-packages/airflow/example_dags/example_sensors.py
[2025-02-23T04:57:28.409+0000] {processor.py:914} INFO - Processing file /home/airflow/.local/lib/python3.12/site-packages/airflow/example_dags/example_sensors.py for tasks to queue
[2025-02-23T04:57:28.411+0000] {logging_mixin.py:190} INFO - [2025-02-23T04:57:28.411+0000] {dagbag.py:588} INFO - Filling up the DagBag from /home/airflow/.local/lib/python3.12/site-packages/airflow/example_dags/example_sensors.py
[2025-02-23T04:57:28.423+0000] {processor.py:925} INFO - DAG(s) 'example_sensors' retrieved from /home/airflow/.local/lib/python3.12/site-packages/airflow/example_dags/example_sensors.py
[2025-02-23T04:57:28.452+0000] {logging_mixin.py:190} INFO - [2025-02-23T04:57:28.451+0000] {dag.py:3239} INFO - Sync 1 DAGs
[2025-02-23T04:57:28.468+0000] {logging_mixin.py:190} INFO - [2025-02-23T04:57:28.468+0000] {dag.py:4180} INFO - Setting next_dagrun for example_sensors to None, run_after=None
[2025-02-23T04:57:28.486+0000] {processor.py:208} INFO - Processing /home/airflow/.local/lib/python3.12/site-packages/airflow/example_dags/example_sensors.py took 0.084 seconds
[2025-02-23T04:57:58.792+0000] {processor.py:186} INFO - Started process (PID=1357) to work on /home/airflow/.local/lib/python3.12/site-packages/airflow/example_dags/example_sensors.py
[2025-02-23T04:57:58.793+0000] {processor.py:914} INFO - Processing file /home/airflow/.local/lib/python3.12/site-packages/airflow/example_dags/example_sensors.py for tasks to queue
[2025-02-23T04:57:58.794+0000] {logging_mixin.py:190} INFO - [2025-02-23T04:57:58.794+0000] {dagbag.py:588} INFO - Filling up the DagBag from /home/airflow/.local/lib/python3.12/site-packages/airflow/example_dags/example_sensors.py
[2025-02-23T04:57:58.802+0000] {processor.py:925} INFO - DAG(s) 'example_sensors' retrieved from /home/airflow/.local/lib/python3.12/site-packages/airflow/example_dags/example_sensors.py
[2025-02-23T04:57:58.821+0000] {logging_mixin.py:190} INFO - [2025-02-23T04:57:58.821+0000] {dag.py:3239} INFO - Sync 1 DAGs
[2025-02-23T04:57:58.831+0000] {logging_mixin.py:190} INFO - [2025-02-23T04:57:58.831+0000] {dag.py:4180} INFO - Setting next_dagrun for example_sensors to None, run_after=None
[2025-02-23T04:57:58.844+0000] {processor.py:208} INFO - Processing /home/airflow/.local/lib/python3.12/site-packages/airflow/example_dags/example_sensors.py took 0.056 seconds
[2025-02-23T04:58:29.286+0000] {processor.py:186} INFO - Started process (PID=1420) to work on /home/airflow/.local/lib/python3.12/site-packages/airflow/example_dags/example_sensors.py
[2025-02-23T04:58:29.287+0000] {processor.py:914} INFO - Processing file /home/airflow/.local/lib/python3.12/site-packages/airflow/example_dags/example_sensors.py for tasks to queue
[2025-02-23T04:58:29.288+0000] {logging_mixin.py:190} INFO - [2025-02-23T04:58:29.288+0000] {dagbag.py:588} INFO - Filling up the DagBag from /home/airflow/.local/lib/python3.12/site-packages/airflow/example_dags/example_sensors.py
[2025-02-23T04:58:29.296+0000] {processor.py:925} INFO - DAG(s) 'example_sensors' retrieved from /home/airflow/.local/lib/python3.12/site-packages/airflow/example_dags/example_sensors.py
[2025-02-23T04:58:29.315+0000] {logging_mixin.py:190} INFO - [2025-02-23T04:58:29.315+0000] {dag.py:3239} INFO - Sync 1 DAGs
[2025-02-23T04:58:29.326+0000] {logging_mixin.py:190} INFO - [2025-02-23T04:58:29.325+0000] {dag.py:4180} INFO - Setting next_dagrun for example_sensors to None, run_after=None
[2025-02-23T04:58:29.337+0000] {processor.py:208} INFO - Processing /home/airflow/.local/lib/python3.12/site-packages/airflow/example_dags/example_sensors.py took 0.055 seconds
