[2025-02-23T04:47:48.802+0000] {processor.py:186} INFO - Started process (PID=86) to work on /home/airflow/.local/lib/python3.12/site-packages/airflow/example_dags/example_xcomargs.py
[2025-02-23T04:47:48.803+0000] {processor.py:914} INFO - Processing file /home/airflow/.local/lib/python3.12/site-packages/airflow/example_dags/example_xcomargs.py for tasks to queue
[2025-02-23T04:47:48.805+0000] {logging_mixin.py:190} INFO - [2025-02-23T04:47:48.804+0000] {dagbag.py:588} INFO - Filling up the DagBag from /home/airflow/.local/lib/python3.12/site-packages/airflow/example_dags/example_xcomargs.py
[2025-02-23T04:47:48.815+0000] {processor.py:925} INFO - DAG(s) 'example_xcom_args_with_operators', 'example_xcom_args' retrieved from /home/airflow/.local/lib/python3.12/site-packages/airflow/example_dags/example_xcomargs.py
[2025-02-23T04:47:48.978+0000] {logging_mixin.py:190} INFO - [2025-02-23T04:47:48.977+0000] {override.py:1911} INFO - Created Permission View: can delete on DAG:example_xcom_args_with_operators
[2025-02-23T04:47:48.986+0000] {logging_mixin.py:190} INFO - [2025-02-23T04:47:48.986+0000] {override.py:1911} INFO - Created Permission View: can edit on DAG:example_xcom_args_with_operators
[2025-02-23T04:47:48.991+0000] {logging_mixin.py:190} INFO - [2025-02-23T04:47:48.991+0000] {override.py:1911} INFO - Created Permission View: can read on DAG:example_xcom_args_with_operators
[2025-02-23T04:47:48.996+0000] {logging_mixin.py:190} INFO - [2025-02-23T04:47:48.996+0000] {override.py:1911} INFO - Created Permission View: can create on DAG Run:example_xcom_args_with_operators
[2025-02-23T04:47:49.001+0000] {logging_mixin.py:190} INFO - [2025-02-23T04:47:49.000+0000] {override.py:1911} INFO - Created Permission View: menu access on DAG Run:example_xcom_args_with_operators
[2025-02-23T04:47:49.005+0000] {logging_mixin.py:190} INFO - [2025-02-23T04:47:49.005+0000] {override.py:1911} INFO - Created Permission View: can delete on DAG Run:example_xcom_args_with_operators
[2025-02-23T04:47:49.010+0000] {logging_mixin.py:190} INFO - [2025-02-23T04:47:49.010+0000] {override.py:1911} INFO - Created Permission View: can read on DAG Run:example_xcom_args_with_operators
[2025-02-23T04:47:49.020+0000] {logging_mixin.py:190} INFO - [2025-02-23T04:47:49.019+0000] {override.py:1911} INFO - Created Permission View: can delete on DAG:example_xcom_args
[2025-02-23T04:47:49.024+0000] {logging_mixin.py:190} INFO - [2025-02-23T04:47:49.024+0000] {override.py:1911} INFO - Created Permission View: can edit on DAG:example_xcom_args
[2025-02-23T04:47:49.028+0000] {logging_mixin.py:190} INFO - [2025-02-23T04:47:49.028+0000] {override.py:1911} INFO - Created Permission View: can read on DAG:example_xcom_args
[2025-02-23T04:47:49.033+0000] {logging_mixin.py:190} INFO - [2025-02-23T04:47:49.032+0000] {override.py:1911} INFO - Created Permission View: can create on DAG Run:example_xcom_args
[2025-02-23T04:47:49.037+0000] {logging_mixin.py:190} INFO - [2025-02-23T04:47:49.037+0000] {override.py:1911} INFO - Created Permission View: menu access on DAG Run:example_xcom_args
[2025-02-23T04:47:49.041+0000] {logging_mixin.py:190} INFO - [2025-02-23T04:47:49.041+0000] {override.py:1911} INFO - Created Permission View: can delete on DAG Run:example_xcom_args
[2025-02-23T04:47:49.046+0000] {logging_mixin.py:190} INFO - [2025-02-23T04:47:49.046+0000] {override.py:1911} INFO - Created Permission View: can read on DAG Run:example_xcom_args
[2025-02-23T04:47:49.046+0000] {logging_mixin.py:190} INFO - [2025-02-23T04:47:49.046+0000] {dag.py:3239} INFO - Sync 2 DAGs
[2025-02-23T04:47:49.060+0000] {logging_mixin.py:190} INFO - [2025-02-23T04:47:49.060+0000] {dag.py:3262} INFO - Creating ORM DAG for example_xcom_args_with_operators
[2025-02-23T04:47:49.061+0000] {logging_mixin.py:190} INFO - [2025-02-23T04:47:49.060+0000] {dag.py:3262} INFO - Creating ORM DAG for example_xcom_args
[2025-02-23T04:47:49.061+0000] {logging_mixin.py:190} INFO - [2025-02-23T04:47:49.061+0000] {dag.py:4180} INFO - Setting next_dagrun for example_xcom_args to None, run_after=None
[2025-02-23T04:47:49.062+0000] {logging_mixin.py:190} INFO - [2025-02-23T04:47:49.062+0000] {dag.py:4180} INFO - Setting next_dagrun for example_xcom_args_with_operators to None, run_after=None
[2025-02-23T04:47:49.077+0000] {processor.py:208} INFO - Processing /home/airflow/.local/lib/python3.12/site-packages/airflow/example_dags/example_xcomargs.py took 0.280 seconds
[2025-02-23T04:48:19.439+0000] {processor.py:186} INFO - Started process (PID=148) to work on /home/airflow/.local/lib/python3.12/site-packages/airflow/example_dags/example_xcomargs.py
[2025-02-23T04:48:19.440+0000] {processor.py:914} INFO - Processing file /home/airflow/.local/lib/python3.12/site-packages/airflow/example_dags/example_xcomargs.py for tasks to queue
[2025-02-23T04:48:19.442+0000] {logging_mixin.py:190} INFO - [2025-02-23T04:48:19.441+0000] {dagbag.py:588} INFO - Filling up the DagBag from /home/airflow/.local/lib/python3.12/site-packages/airflow/example_dags/example_xcomargs.py
[2025-02-23T04:48:19.449+0000] {processor.py:925} INFO - DAG(s) 'example_xcom_args_with_operators', 'example_xcom_args' retrieved from /home/airflow/.local/lib/python3.12/site-packages/airflow/example_dags/example_xcomargs.py
[2025-02-23T04:48:19.471+0000] {logging_mixin.py:190} INFO - [2025-02-23T04:48:19.470+0000] {dag.py:3239} INFO - Sync 2 DAGs
[2025-02-23T04:48:19.486+0000] {logging_mixin.py:190} INFO - [2025-02-23T04:48:19.486+0000] {dag.py:4180} INFO - Setting next_dagrun for example_xcom_args to None, run_after=None
[2025-02-23T04:48:19.489+0000] {logging_mixin.py:190} INFO - [2025-02-23T04:48:19.489+0000] {dag.py:4180} INFO - Setting next_dagrun for example_xcom_args_with_operators to None, run_after=None
[2025-02-23T04:48:19.502+0000] {processor.py:208} INFO - Processing /home/airflow/.local/lib/python3.12/site-packages/airflow/example_dags/example_xcomargs.py took 0.067 seconds
[2025-02-23T04:48:49.908+0000] {processor.py:186} INFO - Started process (PID=210) to work on /home/airflow/.local/lib/python3.12/site-packages/airflow/example_dags/example_xcomargs.py
[2025-02-23T04:48:49.908+0000] {processor.py:914} INFO - Processing file /home/airflow/.local/lib/python3.12/site-packages/airflow/example_dags/example_xcomargs.py for tasks to queue
[2025-02-23T04:48:49.910+0000] {logging_mixin.py:190} INFO - [2025-02-23T04:48:49.910+0000] {dagbag.py:588} INFO - Filling up the DagBag from /home/airflow/.local/lib/python3.12/site-packages/airflow/example_dags/example_xcomargs.py
[2025-02-23T04:48:49.918+0000] {processor.py:925} INFO - DAG(s) 'example_xcom_args_with_operators', 'example_xcom_args' retrieved from /home/airflow/.local/lib/python3.12/site-packages/airflow/example_dags/example_xcomargs.py
[2025-02-23T04:48:49.936+0000] {logging_mixin.py:190} INFO - [2025-02-23T04:48:49.936+0000] {dag.py:3239} INFO - Sync 2 DAGs
[2025-02-23T04:48:49.947+0000] {logging_mixin.py:190} INFO - [2025-02-23T04:48:49.947+0000] {dag.py:4180} INFO - Setting next_dagrun for example_xcom_args to None, run_after=None
[2025-02-23T04:48:49.950+0000] {logging_mixin.py:190} INFO - [2025-02-23T04:48:49.950+0000] {dag.py:4180} INFO - Setting next_dagrun for example_xcom_args_with_operators to None, run_after=None
[2025-02-23T04:48:49.960+0000] {processor.py:208} INFO - Processing /home/airflow/.local/lib/python3.12/site-packages/airflow/example_dags/example_xcomargs.py took 0.057 seconds
[2025-02-23T04:49:20.250+0000] {processor.py:186} INFO - Started process (PID=273) to work on /home/airflow/.local/lib/python3.12/site-packages/airflow/example_dags/example_xcomargs.py
[2025-02-23T04:49:20.250+0000] {processor.py:914} INFO - Processing file /home/airflow/.local/lib/python3.12/site-packages/airflow/example_dags/example_xcomargs.py for tasks to queue
[2025-02-23T04:49:20.253+0000] {logging_mixin.py:190} INFO - [2025-02-23T04:49:20.252+0000] {dagbag.py:588} INFO - Filling up the DagBag from /home/airflow/.local/lib/python3.12/site-packages/airflow/example_dags/example_xcomargs.py
[2025-02-23T04:49:20.263+0000] {processor.py:925} INFO - DAG(s) 'example_xcom_args_with_operators', 'example_xcom_args' retrieved from /home/airflow/.local/lib/python3.12/site-packages/airflow/example_dags/example_xcomargs.py
[2025-02-23T04:49:20.287+0000] {logging_mixin.py:190} INFO - [2025-02-23T04:49:20.287+0000] {dag.py:3239} INFO - Sync 2 DAGs
[2025-02-23T04:49:20.307+0000] {logging_mixin.py:190} INFO - [2025-02-23T04:49:20.307+0000] {dag.py:4180} INFO - Setting next_dagrun for example_xcom_args to None, run_after=None
[2025-02-23T04:49:20.313+0000] {logging_mixin.py:190} INFO - [2025-02-23T04:49:20.313+0000] {dag.py:4180} INFO - Setting next_dagrun for example_xcom_args_with_operators to None, run_after=None
[2025-02-23T04:49:20.325+0000] {processor.py:208} INFO - Processing /home/airflow/.local/lib/python3.12/site-packages/airflow/example_dags/example_xcomargs.py took 0.080 seconds
[2025-02-23T04:49:50.507+0000] {processor.py:186} INFO - Started process (PID=336) to work on /home/airflow/.local/lib/python3.12/site-packages/airflow/example_dags/example_xcomargs.py
[2025-02-23T04:49:50.508+0000] {processor.py:914} INFO - Processing file /home/airflow/.local/lib/python3.12/site-packages/airflow/example_dags/example_xcomargs.py for tasks to queue
[2025-02-23T04:49:50.510+0000] {logging_mixin.py:190} INFO - [2025-02-23T04:49:50.509+0000] {dagbag.py:588} INFO - Filling up the DagBag from /home/airflow/.local/lib/python3.12/site-packages/airflow/example_dags/example_xcomargs.py
[2025-02-23T04:49:50.517+0000] {processor.py:925} INFO - DAG(s) 'example_xcom_args', 'example_xcom_args_with_operators' retrieved from /home/airflow/.local/lib/python3.12/site-packages/airflow/example_dags/example_xcomargs.py
[2025-02-23T04:49:50.534+0000] {logging_mixin.py:190} INFO - [2025-02-23T04:49:50.534+0000] {dag.py:3239} INFO - Sync 2 DAGs
[2025-02-23T04:49:50.546+0000] {logging_mixin.py:190} INFO - [2025-02-23T04:49:50.546+0000] {dag.py:4180} INFO - Setting next_dagrun for example_xcom_args to None, run_after=None
[2025-02-23T04:49:50.549+0000] {logging_mixin.py:190} INFO - [2025-02-23T04:49:50.548+0000] {dag.py:4180} INFO - Setting next_dagrun for example_xcom_args_with_operators to None, run_after=None
[2025-02-23T04:49:50.560+0000] {processor.py:208} INFO - Processing /home/airflow/.local/lib/python3.12/site-packages/airflow/example_dags/example_xcomargs.py took 0.057 seconds
[2025-02-23T04:50:20.791+0000] {processor.py:186} INFO - Started process (PID=399) to work on /home/airflow/.local/lib/python3.12/site-packages/airflow/example_dags/example_xcomargs.py
[2025-02-23T04:50:20.792+0000] {processor.py:914} INFO - Processing file /home/airflow/.local/lib/python3.12/site-packages/airflow/example_dags/example_xcomargs.py for tasks to queue
[2025-02-23T04:50:20.794+0000] {logging_mixin.py:190} INFO - [2025-02-23T04:50:20.794+0000] {dagbag.py:588} INFO - Filling up the DagBag from /home/airflow/.local/lib/python3.12/site-packages/airflow/example_dags/example_xcomargs.py
[2025-02-23T04:50:20.805+0000] {processor.py:925} INFO - DAG(s) 'example_xcom_args_with_operators', 'example_xcom_args' retrieved from /home/airflow/.local/lib/python3.12/site-packages/airflow/example_dags/example_xcomargs.py
[2025-02-23T04:50:20.829+0000] {logging_mixin.py:190} INFO - [2025-02-23T04:50:20.829+0000] {dag.py:3239} INFO - Sync 2 DAGs
[2025-02-23T04:50:20.846+0000] {logging_mixin.py:190} INFO - [2025-02-23T04:50:20.845+0000] {dag.py:4180} INFO - Setting next_dagrun for example_xcom_args to None, run_after=None
[2025-02-23T04:50:20.849+0000] {logging_mixin.py:190} INFO - [2025-02-23T04:50:20.849+0000] {dag.py:4180} INFO - Setting next_dagrun for example_xcom_args_with_operators to None, run_after=None
[2025-02-23T04:50:20.860+0000] {processor.py:208} INFO - Processing /home/airflow/.local/lib/python3.12/site-packages/airflow/example_dags/example_xcomargs.py took 0.075 seconds
[2025-02-23T04:50:51.339+0000] {processor.py:186} INFO - Started process (PID=462) to work on /home/airflow/.local/lib/python3.12/site-packages/airflow/example_dags/example_xcomargs.py
[2025-02-23T04:50:51.339+0000] {processor.py:914} INFO - Processing file /home/airflow/.local/lib/python3.12/site-packages/airflow/example_dags/example_xcomargs.py for tasks to queue
[2025-02-23T04:50:51.341+0000] {logging_mixin.py:190} INFO - [2025-02-23T04:50:51.341+0000] {dagbag.py:588} INFO - Filling up the DagBag from /home/airflow/.local/lib/python3.12/site-packages/airflow/example_dags/example_xcomargs.py
[2025-02-23T04:50:51.350+0000] {processor.py:925} INFO - DAG(s) 'example_xcom_args_with_operators', 'example_xcom_args' retrieved from /home/airflow/.local/lib/python3.12/site-packages/airflow/example_dags/example_xcomargs.py
[2025-02-23T04:50:51.371+0000] {logging_mixin.py:190} INFO - [2025-02-23T04:50:51.371+0000] {dag.py:3239} INFO - Sync 2 DAGs
[2025-02-23T04:50:51.387+0000] {logging_mixin.py:190} INFO - [2025-02-23T04:50:51.387+0000] {dag.py:4180} INFO - Setting next_dagrun for example_xcom_args to None, run_after=None
[2025-02-23T04:50:51.391+0000] {logging_mixin.py:190} INFO - [2025-02-23T04:50:51.390+0000] {dag.py:4180} INFO - Setting next_dagrun for example_xcom_args_with_operators to None, run_after=None
[2025-02-23T04:50:51.405+0000] {processor.py:208} INFO - Processing /home/airflow/.local/lib/python3.12/site-packages/airflow/example_dags/example_xcomargs.py took 0.071 seconds
[2025-02-23T04:51:21.935+0000] {processor.py:186} INFO - Started process (PID=525) to work on /home/airflow/.local/lib/python3.12/site-packages/airflow/example_dags/example_xcomargs.py
[2025-02-23T04:51:21.935+0000] {processor.py:914} INFO - Processing file /home/airflow/.local/lib/python3.12/site-packages/airflow/example_dags/example_xcomargs.py for tasks to queue
[2025-02-23T04:51:21.937+0000] {logging_mixin.py:190} INFO - [2025-02-23T04:51:21.937+0000] {dagbag.py:588} INFO - Filling up the DagBag from /home/airflow/.local/lib/python3.12/site-packages/airflow/example_dags/example_xcomargs.py
[2025-02-23T04:51:21.945+0000] {processor.py:925} INFO - DAG(s) 'example_xcom_args_with_operators', 'example_xcom_args' retrieved from /home/airflow/.local/lib/python3.12/site-packages/airflow/example_dags/example_xcomargs.py
[2025-02-23T04:51:21.963+0000] {logging_mixin.py:190} INFO - [2025-02-23T04:51:21.962+0000] {dag.py:3239} INFO - Sync 2 DAGs
[2025-02-23T04:51:21.974+0000] {logging_mixin.py:190} INFO - [2025-02-23T04:51:21.973+0000] {dag.py:4180} INFO - Setting next_dagrun for example_xcom_args to None, run_after=None
[2025-02-23T04:51:21.976+0000] {logging_mixin.py:190} INFO - [2025-02-23T04:51:21.976+0000] {dag.py:4180} INFO - Setting next_dagrun for example_xcom_args_with_operators to None, run_after=None
[2025-02-23T04:51:21.987+0000] {processor.py:208} INFO - Processing /home/airflow/.local/lib/python3.12/site-packages/airflow/example_dags/example_xcomargs.py took 0.056 seconds
[2025-02-23T04:51:52.249+0000] {processor.py:186} INFO - Started process (PID=588) to work on /home/airflow/.local/lib/python3.12/site-packages/airflow/example_dags/example_xcomargs.py
[2025-02-23T04:51:52.250+0000] {processor.py:914} INFO - Processing file /home/airflow/.local/lib/python3.12/site-packages/airflow/example_dags/example_xcomargs.py for tasks to queue
[2025-02-23T04:51:52.252+0000] {logging_mixin.py:190} INFO - [2025-02-23T04:51:52.251+0000] {dagbag.py:588} INFO - Filling up the DagBag from /home/airflow/.local/lib/python3.12/site-packages/airflow/example_dags/example_xcomargs.py
[2025-02-23T04:51:52.259+0000] {processor.py:925} INFO - DAG(s) 'example_xcom_args_with_operators', 'example_xcom_args' retrieved from /home/airflow/.local/lib/python3.12/site-packages/airflow/example_dags/example_xcomargs.py
[2025-02-23T04:51:52.279+0000] {logging_mixin.py:190} INFO - [2025-02-23T04:51:52.278+0000] {dag.py:3239} INFO - Sync 2 DAGs
[2025-02-23T04:51:52.292+0000] {logging_mixin.py:190} INFO - [2025-02-23T04:51:52.291+0000] {dag.py:4180} INFO - Setting next_dagrun for example_xcom_args to None, run_after=None
[2025-02-23T04:51:52.295+0000] {logging_mixin.py:190} INFO - [2025-02-23T04:51:52.295+0000] {dag.py:4180} INFO - Setting next_dagrun for example_xcom_args_with_operators to None, run_after=None
[2025-02-23T04:51:52.309+0000] {processor.py:208} INFO - Processing /home/airflow/.local/lib/python3.12/site-packages/airflow/example_dags/example_xcomargs.py took 0.064 seconds
[2025-02-23T04:52:22.470+0000] {processor.py:186} INFO - Started process (PID=651) to work on /home/airflow/.local/lib/python3.12/site-packages/airflow/example_dags/example_xcomargs.py
[2025-02-23T04:52:22.471+0000] {processor.py:914} INFO - Processing file /home/airflow/.local/lib/python3.12/site-packages/airflow/example_dags/example_xcomargs.py for tasks to queue
[2025-02-23T04:52:22.472+0000] {logging_mixin.py:190} INFO - [2025-02-23T04:52:22.472+0000] {dagbag.py:588} INFO - Filling up the DagBag from /home/airflow/.local/lib/python3.12/site-packages/airflow/example_dags/example_xcomargs.py
[2025-02-23T04:52:22.480+0000] {processor.py:925} INFO - DAG(s) 'example_xcom_args_with_operators', 'example_xcom_args' retrieved from /home/airflow/.local/lib/python3.12/site-packages/airflow/example_dags/example_xcomargs.py
[2025-02-23T04:52:22.504+0000] {logging_mixin.py:190} INFO - [2025-02-23T04:52:22.503+0000] {dag.py:3239} INFO - Sync 2 DAGs
[2025-02-23T04:52:22.520+0000] {logging_mixin.py:190} INFO - [2025-02-23T04:52:22.520+0000] {dag.py:4180} INFO - Setting next_dagrun for example_xcom_args to None, run_after=None
[2025-02-23T04:52:22.524+0000] {logging_mixin.py:190} INFO - [2025-02-23T04:52:22.524+0000] {dag.py:4180} INFO - Setting next_dagrun for example_xcom_args_with_operators to None, run_after=None
[2025-02-23T04:52:22.538+0000] {processor.py:208} INFO - Processing /home/airflow/.local/lib/python3.12/site-packages/airflow/example_dags/example_xcomargs.py took 0.073 seconds
[2025-02-23T04:52:52.613+0000] {processor.py:186} INFO - Started process (PID=714) to work on /home/airflow/.local/lib/python3.12/site-packages/airflow/example_dags/example_xcomargs.py
[2025-02-23T04:52:52.614+0000] {processor.py:914} INFO - Processing file /home/airflow/.local/lib/python3.12/site-packages/airflow/example_dags/example_xcomargs.py for tasks to queue
[2025-02-23T04:52:52.615+0000] {logging_mixin.py:190} INFO - [2025-02-23T04:52:52.615+0000] {dagbag.py:588} INFO - Filling up the DagBag from /home/airflow/.local/lib/python3.12/site-packages/airflow/example_dags/example_xcomargs.py
[2025-02-23T04:52:52.623+0000] {processor.py:925} INFO - DAG(s) 'example_xcom_args', 'example_xcom_args_with_operators' retrieved from /home/airflow/.local/lib/python3.12/site-packages/airflow/example_dags/example_xcomargs.py
[2025-02-23T04:52:52.642+0000] {logging_mixin.py:190} INFO - [2025-02-23T04:52:52.641+0000] {dag.py:3239} INFO - Sync 2 DAGs
[2025-02-23T04:52:52.655+0000] {logging_mixin.py:190} INFO - [2025-02-23T04:52:52.655+0000] {dag.py:4180} INFO - Setting next_dagrun for example_xcom_args to None, run_after=None
[2025-02-23T04:52:52.657+0000] {logging_mixin.py:190} INFO - [2025-02-23T04:52:52.657+0000] {dag.py:4180} INFO - Setting next_dagrun for example_xcom_args_with_operators to None, run_after=None
[2025-02-23T04:52:52.669+0000] {processor.py:208} INFO - Processing /home/airflow/.local/lib/python3.12/site-packages/airflow/example_dags/example_xcomargs.py took 0.060 seconds
[2025-02-23T04:53:23.062+0000] {processor.py:186} INFO - Started process (PID=777) to work on /home/airflow/.local/lib/python3.12/site-packages/airflow/example_dags/example_xcomargs.py
[2025-02-23T04:53:23.063+0000] {processor.py:914} INFO - Processing file /home/airflow/.local/lib/python3.12/site-packages/airflow/example_dags/example_xcomargs.py for tasks to queue
[2025-02-23T04:53:23.064+0000] {logging_mixin.py:190} INFO - [2025-02-23T04:53:23.064+0000] {dagbag.py:588} INFO - Filling up the DagBag from /home/airflow/.local/lib/python3.12/site-packages/airflow/example_dags/example_xcomargs.py
[2025-02-23T04:53:23.072+0000] {processor.py:925} INFO - DAG(s) 'example_xcom_args_with_operators', 'example_xcom_args' retrieved from /home/airflow/.local/lib/python3.12/site-packages/airflow/example_dags/example_xcomargs.py
[2025-02-23T04:53:23.093+0000] {logging_mixin.py:190} INFO - [2025-02-23T04:53:23.093+0000] {dag.py:3239} INFO - Sync 2 DAGs
[2025-02-23T04:53:23.105+0000] {logging_mixin.py:190} INFO - [2025-02-23T04:53:23.104+0000] {dag.py:4180} INFO - Setting next_dagrun for example_xcom_args to None, run_after=None
[2025-02-23T04:53:23.107+0000] {logging_mixin.py:190} INFO - [2025-02-23T04:53:23.107+0000] {dag.py:4180} INFO - Setting next_dagrun for example_xcom_args_with_operators to None, run_after=None
[2025-02-23T04:53:23.119+0000] {processor.py:208} INFO - Processing /home/airflow/.local/lib/python3.12/site-packages/airflow/example_dags/example_xcomargs.py took 0.063 seconds
[2025-02-23T04:53:53.259+0000] {processor.py:186} INFO - Started process (PID=841) to work on /home/airflow/.local/lib/python3.12/site-packages/airflow/example_dags/example_xcomargs.py
[2025-02-23T04:53:53.260+0000] {processor.py:914} INFO - Processing file /home/airflow/.local/lib/python3.12/site-packages/airflow/example_dags/example_xcomargs.py for tasks to queue
[2025-02-23T04:53:53.261+0000] {logging_mixin.py:190} INFO - [2025-02-23T04:53:53.261+0000] {dagbag.py:588} INFO - Filling up the DagBag from /home/airflow/.local/lib/python3.12/site-packages/airflow/example_dags/example_xcomargs.py
[2025-02-23T04:53:53.268+0000] {processor.py:925} INFO - DAG(s) 'example_xcom_args_with_operators', 'example_xcom_args' retrieved from /home/airflow/.local/lib/python3.12/site-packages/airflow/example_dags/example_xcomargs.py
[2025-02-23T04:53:53.287+0000] {logging_mixin.py:190} INFO - [2025-02-23T04:53:53.287+0000] {dag.py:3239} INFO - Sync 2 DAGs
[2025-02-23T04:53:53.299+0000] {logging_mixin.py:190} INFO - [2025-02-23T04:53:53.299+0000] {dag.py:4180} INFO - Setting next_dagrun for example_xcom_args to None, run_after=None
[2025-02-23T04:53:53.302+0000] {logging_mixin.py:190} INFO - [2025-02-23T04:53:53.302+0000] {dag.py:4180} INFO - Setting next_dagrun for example_xcom_args_with_operators to None, run_after=None
[2025-02-23T04:53:53.314+0000] {processor.py:208} INFO - Processing /home/airflow/.local/lib/python3.12/site-packages/airflow/example_dags/example_xcomargs.py took 0.059 seconds
[2025-02-23T04:54:23.400+0000] {processor.py:186} INFO - Started process (PID=904) to work on /home/airflow/.local/lib/python3.12/site-packages/airflow/example_dags/example_xcomargs.py
[2025-02-23T04:54:23.401+0000] {processor.py:914} INFO - Processing file /home/airflow/.local/lib/python3.12/site-packages/airflow/example_dags/example_xcomargs.py for tasks to queue
[2025-02-23T04:54:23.402+0000] {logging_mixin.py:190} INFO - [2025-02-23T04:54:23.402+0000] {dagbag.py:588} INFO - Filling up the DagBag from /home/airflow/.local/lib/python3.12/site-packages/airflow/example_dags/example_xcomargs.py
[2025-02-23T04:54:23.410+0000] {processor.py:925} INFO - DAG(s) 'example_xcom_args_with_operators', 'example_xcom_args' retrieved from /home/airflow/.local/lib/python3.12/site-packages/airflow/example_dags/example_xcomargs.py
[2025-02-23T04:54:23.431+0000] {logging_mixin.py:190} INFO - [2025-02-23T04:54:23.431+0000] {dag.py:3239} INFO - Sync 2 DAGs
[2025-02-23T04:54:23.445+0000] {logging_mixin.py:190} INFO - [2025-02-23T04:54:23.445+0000] {dag.py:4180} INFO - Setting next_dagrun for example_xcom_args to None, run_after=None
[2025-02-23T04:54:23.448+0000] {logging_mixin.py:190} INFO - [2025-02-23T04:54:23.448+0000] {dag.py:4180} INFO - Setting next_dagrun for example_xcom_args_with_operators to None, run_after=None
[2025-02-23T04:54:23.459+0000] {processor.py:208} INFO - Processing /home/airflow/.local/lib/python3.12/site-packages/airflow/example_dags/example_xcomargs.py took 0.063 seconds
[2025-02-23T04:54:53.587+0000] {processor.py:186} INFO - Started process (PID=967) to work on /home/airflow/.local/lib/python3.12/site-packages/airflow/example_dags/example_xcomargs.py
[2025-02-23T04:54:53.588+0000] {processor.py:914} INFO - Processing file /home/airflow/.local/lib/python3.12/site-packages/airflow/example_dags/example_xcomargs.py for tasks to queue
[2025-02-23T04:54:53.590+0000] {logging_mixin.py:190} INFO - [2025-02-23T04:54:53.589+0000] {dagbag.py:588} INFO - Filling up the DagBag from /home/airflow/.local/lib/python3.12/site-packages/airflow/example_dags/example_xcomargs.py
[2025-02-23T04:54:53.598+0000] {processor.py:925} INFO - DAG(s) 'example_xcom_args', 'example_xcom_args_with_operators' retrieved from /home/airflow/.local/lib/python3.12/site-packages/airflow/example_dags/example_xcomargs.py
[2025-02-23T04:54:53.621+0000] {logging_mixin.py:190} INFO - [2025-02-23T04:54:53.621+0000] {dag.py:3239} INFO - Sync 2 DAGs
[2025-02-23T04:54:53.633+0000] {logging_mixin.py:190} INFO - [2025-02-23T04:54:53.633+0000] {dag.py:4180} INFO - Setting next_dagrun for example_xcom_args to None, run_after=None
[2025-02-23T04:54:53.636+0000] {logging_mixin.py:190} INFO - [2025-02-23T04:54:53.636+0000] {dag.py:4180} INFO - Setting next_dagrun for example_xcom_args_with_operators to None, run_after=None
[2025-02-23T04:54:53.648+0000] {processor.py:208} INFO - Processing /home/airflow/.local/lib/python3.12/site-packages/airflow/example_dags/example_xcomargs.py took 0.065 seconds
[2025-02-23T04:55:23.820+0000] {processor.py:186} INFO - Started process (PID=1030) to work on /home/airflow/.local/lib/python3.12/site-packages/airflow/example_dags/example_xcomargs.py
[2025-02-23T04:55:23.820+0000] {processor.py:914} INFO - Processing file /home/airflow/.local/lib/python3.12/site-packages/airflow/example_dags/example_xcomargs.py for tasks to queue
[2025-02-23T04:55:23.822+0000] {logging_mixin.py:190} INFO - [2025-02-23T04:55:23.822+0000] {dagbag.py:588} INFO - Filling up the DagBag from /home/airflow/.local/lib/python3.12/site-packages/airflow/example_dags/example_xcomargs.py
[2025-02-23T04:55:23.830+0000] {processor.py:925} INFO - DAG(s) 'example_xcom_args', 'example_xcom_args_with_operators' retrieved from /home/airflow/.local/lib/python3.12/site-packages/airflow/example_dags/example_xcomargs.py
[2025-02-23T04:55:23.847+0000] {logging_mixin.py:190} INFO - [2025-02-23T04:55:23.847+0000] {dag.py:3239} INFO - Sync 2 DAGs
[2025-02-23T04:55:23.860+0000] {logging_mixin.py:190} INFO - [2025-02-23T04:55:23.859+0000] {dag.py:4180} INFO - Setting next_dagrun for example_xcom_args to None, run_after=None
[2025-02-23T04:55:23.862+0000] {logging_mixin.py:190} INFO - [2025-02-23T04:55:23.862+0000] {dag.py:4180} INFO - Setting next_dagrun for example_xcom_args_with_operators to None, run_after=None
[2025-02-23T04:55:23.874+0000] {processor.py:208} INFO - Processing /home/airflow/.local/lib/python3.12/site-packages/airflow/example_dags/example_xcomargs.py took 0.060 seconds
[2025-02-23T04:55:54.179+0000] {processor.py:186} INFO - Started process (PID=1093) to work on /home/airflow/.local/lib/python3.12/site-packages/airflow/example_dags/example_xcomargs.py
[2025-02-23T04:55:54.180+0000] {processor.py:914} INFO - Processing file /home/airflow/.local/lib/python3.12/site-packages/airflow/example_dags/example_xcomargs.py for tasks to queue
[2025-02-23T04:55:54.181+0000] {logging_mixin.py:190} INFO - [2025-02-23T04:55:54.181+0000] {dagbag.py:588} INFO - Filling up the DagBag from /home/airflow/.local/lib/python3.12/site-packages/airflow/example_dags/example_xcomargs.py
[2025-02-23T04:55:54.189+0000] {processor.py:925} INFO - DAG(s) 'example_xcom_args', 'example_xcom_args_with_operators' retrieved from /home/airflow/.local/lib/python3.12/site-packages/airflow/example_dags/example_xcomargs.py
[2025-02-23T04:55:54.209+0000] {logging_mixin.py:190} INFO - [2025-02-23T04:55:54.208+0000] {dag.py:3239} INFO - Sync 2 DAGs
[2025-02-23T04:55:54.220+0000] {logging_mixin.py:190} INFO - [2025-02-23T04:55:54.220+0000] {dag.py:4180} INFO - Setting next_dagrun for example_xcom_args to None, run_after=None
[2025-02-23T04:55:54.223+0000] {logging_mixin.py:190} INFO - [2025-02-23T04:55:54.223+0000] {dag.py:4180} INFO - Setting next_dagrun for example_xcom_args_with_operators to None, run_after=None
[2025-02-23T04:55:54.234+0000] {processor.py:208} INFO - Processing /home/airflow/.local/lib/python3.12/site-packages/airflow/example_dags/example_xcomargs.py took 0.058 seconds
[2025-02-23T04:56:24.436+0000] {processor.py:186} INFO - Started process (PID=1156) to work on /home/airflow/.local/lib/python3.12/site-packages/airflow/example_dags/example_xcomargs.py
[2025-02-23T04:56:24.437+0000] {processor.py:914} INFO - Processing file /home/airflow/.local/lib/python3.12/site-packages/airflow/example_dags/example_xcomargs.py for tasks to queue
[2025-02-23T04:56:24.439+0000] {logging_mixin.py:190} INFO - [2025-02-23T04:56:24.438+0000] {dagbag.py:588} INFO - Filling up the DagBag from /home/airflow/.local/lib/python3.12/site-packages/airflow/example_dags/example_xcomargs.py
[2025-02-23T04:56:24.446+0000] {processor.py:925} INFO - DAG(s) 'example_xcom_args_with_operators', 'example_xcom_args' retrieved from /home/airflow/.local/lib/python3.12/site-packages/airflow/example_dags/example_xcomargs.py
[2025-02-23T04:56:24.465+0000] {logging_mixin.py:190} INFO - [2025-02-23T04:56:24.465+0000] {dag.py:3239} INFO - Sync 2 DAGs
[2025-02-23T04:56:24.477+0000] {logging_mixin.py:190} INFO - [2025-02-23T04:56:24.477+0000] {dag.py:4180} INFO - Setting next_dagrun for example_xcom_args to None, run_after=None
[2025-02-23T04:56:24.479+0000] {logging_mixin.py:190} INFO - [2025-02-23T04:56:24.479+0000] {dag.py:4180} INFO - Setting next_dagrun for example_xcom_args_with_operators to None, run_after=None
[2025-02-23T04:56:24.495+0000] {processor.py:208} INFO - Processing /home/airflow/.local/lib/python3.12/site-packages/airflow/example_dags/example_xcomargs.py took 0.064 seconds
[2025-02-23T04:56:54.551+0000] {processor.py:186} INFO - Started process (PID=1219) to work on /home/airflow/.local/lib/python3.12/site-packages/airflow/example_dags/example_xcomargs.py
[2025-02-23T04:56:54.552+0000] {processor.py:914} INFO - Processing file /home/airflow/.local/lib/python3.12/site-packages/airflow/example_dags/example_xcomargs.py for tasks to queue
[2025-02-23T04:56:54.553+0000] {logging_mixin.py:190} INFO - [2025-02-23T04:56:54.553+0000] {dagbag.py:588} INFO - Filling up the DagBag from /home/airflow/.local/lib/python3.12/site-packages/airflow/example_dags/example_xcomargs.py
[2025-02-23T04:56:54.561+0000] {processor.py:925} INFO - DAG(s) 'example_xcom_args', 'example_xcom_args_with_operators' retrieved from /home/airflow/.local/lib/python3.12/site-packages/airflow/example_dags/example_xcomargs.py
[2025-02-23T04:56:54.578+0000] {logging_mixin.py:190} INFO - [2025-02-23T04:56:54.578+0000] {dag.py:3239} INFO - Sync 2 DAGs
[2025-02-23T04:56:54.589+0000] {logging_mixin.py:190} INFO - [2025-02-23T04:56:54.589+0000] {dag.py:4180} INFO - Setting next_dagrun for example_xcom_args to None, run_after=None
[2025-02-23T04:56:54.591+0000] {logging_mixin.py:190} INFO - [2025-02-23T04:56:54.591+0000] {dag.py:4180} INFO - Setting next_dagrun for example_xcom_args_with_operators to None, run_after=None
[2025-02-23T04:56:54.602+0000] {processor.py:208} INFO - Processing /home/airflow/.local/lib/python3.12/site-packages/airflow/example_dags/example_xcomargs.py took 0.055 seconds
[2025-02-23T04:57:24.770+0000] {processor.py:186} INFO - Started process (PID=1282) to work on /home/airflow/.local/lib/python3.12/site-packages/airflow/example_dags/example_xcomargs.py
[2025-02-23T04:57:24.770+0000] {processor.py:914} INFO - Processing file /home/airflow/.local/lib/python3.12/site-packages/airflow/example_dags/example_xcomargs.py for tasks to queue
[2025-02-23T04:57:24.772+0000] {logging_mixin.py:190} INFO - [2025-02-23T04:57:24.772+0000] {dagbag.py:588} INFO - Filling up the DagBag from /home/airflow/.local/lib/python3.12/site-packages/airflow/example_dags/example_xcomargs.py
[2025-02-23T04:57:24.779+0000] {processor.py:925} INFO - DAG(s) 'example_xcom_args', 'example_xcom_args_with_operators' retrieved from /home/airflow/.local/lib/python3.12/site-packages/airflow/example_dags/example_xcomargs.py
[2025-02-23T04:57:24.800+0000] {logging_mixin.py:190} INFO - [2025-02-23T04:57:24.799+0000] {dag.py:3239} INFO - Sync 2 DAGs
[2025-02-23T04:57:24.815+0000] {logging_mixin.py:190} INFO - [2025-02-23T04:57:24.815+0000] {dag.py:4180} INFO - Setting next_dagrun for example_xcom_args to None, run_after=None
[2025-02-23T04:57:24.819+0000] {logging_mixin.py:190} INFO - [2025-02-23T04:57:24.819+0000] {dag.py:4180} INFO - Setting next_dagrun for example_xcom_args_with_operators to None, run_after=None
[2025-02-23T04:57:24.832+0000] {processor.py:208} INFO - Processing /home/airflow/.local/lib/python3.12/site-packages/airflow/example_dags/example_xcomargs.py took 0.066 seconds
[2025-02-23T04:57:55.303+0000] {processor.py:186} INFO - Started process (PID=1346) to work on /home/airflow/.local/lib/python3.12/site-packages/airflow/example_dags/example_xcomargs.py
[2025-02-23T04:57:55.304+0000] {processor.py:914} INFO - Processing file /home/airflow/.local/lib/python3.12/site-packages/airflow/example_dags/example_xcomargs.py for tasks to queue
[2025-02-23T04:57:55.305+0000] {logging_mixin.py:190} INFO - [2025-02-23T04:57:55.305+0000] {dagbag.py:588} INFO - Filling up the DagBag from /home/airflow/.local/lib/python3.12/site-packages/airflow/example_dags/example_xcomargs.py
[2025-02-23T04:57:55.313+0000] {processor.py:925} INFO - DAG(s) 'example_xcom_args', 'example_xcom_args_with_operators' retrieved from /home/airflow/.local/lib/python3.12/site-packages/airflow/example_dags/example_xcomargs.py
[2025-02-23T04:57:55.333+0000] {logging_mixin.py:190} INFO - [2025-02-23T04:57:55.333+0000] {dag.py:3239} INFO - Sync 2 DAGs
[2025-02-23T04:57:55.349+0000] {logging_mixin.py:190} INFO - [2025-02-23T04:57:55.348+0000] {dag.py:4180} INFO - Setting next_dagrun for example_xcom_args to None, run_after=None
[2025-02-23T04:57:55.352+0000] {logging_mixin.py:190} INFO - [2025-02-23T04:57:55.352+0000] {dag.py:4180} INFO - Setting next_dagrun for example_xcom_args_with_operators to None, run_after=None
[2025-02-23T04:57:55.365+0000] {processor.py:208} INFO - Processing /home/airflow/.local/lib/python3.12/site-packages/airflow/example_dags/example_xcomargs.py took 0.066 seconds
[2025-02-23T04:58:25.810+0000] {processor.py:186} INFO - Started process (PID=1409) to work on /home/airflow/.local/lib/python3.12/site-packages/airflow/example_dags/example_xcomargs.py
[2025-02-23T04:58:25.810+0000] {processor.py:914} INFO - Processing file /home/airflow/.local/lib/python3.12/site-packages/airflow/example_dags/example_xcomargs.py for tasks to queue
[2025-02-23T04:58:25.812+0000] {logging_mixin.py:190} INFO - [2025-02-23T04:58:25.811+0000] {dagbag.py:588} INFO - Filling up the DagBag from /home/airflow/.local/lib/python3.12/site-packages/airflow/example_dags/example_xcomargs.py
[2025-02-23T04:58:25.819+0000] {processor.py:925} INFO - DAG(s) 'example_xcom_args_with_operators', 'example_xcom_args' retrieved from /home/airflow/.local/lib/python3.12/site-packages/airflow/example_dags/example_xcomargs.py
[2025-02-23T04:58:25.838+0000] {logging_mixin.py:190} INFO - [2025-02-23T04:58:25.838+0000] {dag.py:3239} INFO - Sync 2 DAGs
[2025-02-23T04:58:25.849+0000] {logging_mixin.py:190} INFO - [2025-02-23T04:58:25.849+0000] {dag.py:4180} INFO - Setting next_dagrun for example_xcom_args to None, run_after=None
[2025-02-23T04:58:25.852+0000] {logging_mixin.py:190} INFO - [2025-02-23T04:58:25.852+0000] {dag.py:4180} INFO - Setting next_dagrun for example_xcom_args_with_operators to None, run_after=None
[2025-02-23T04:58:25.863+0000] {processor.py:208} INFO - Processing /home/airflow/.local/lib/python3.12/site-packages/airflow/example_dags/example_xcomargs.py took 0.058 seconds
