[2025-02-23T04:47:53.727+0000] {processor.py:186} INFO - Started process (PID=110) to work on /home/airflow/.local/lib/python3.12/site-packages/airflow/example_dags/example_python_operator.py
[2025-02-23T04:47:53.728+0000] {processor.py:914} INFO - Processing file /home/airflow/.local/lib/python3.12/site-packages/airflow/example_dags/example_python_operator.py for tasks to queue
[2025-02-23T04:47:53.730+0000] {logging_mixin.py:190} INFO - [2025-02-23T04:47:53.730+0000] {dagbag.py:588} INFO - Filling up the DagBag from /home/airflow/.local/lib/python3.12/site-packages/airflow/example_dags/example_python_operator.py
[2025-02-23T04:47:53.745+0000] {processor.py:925} INFO - DAG(s) 'example_python_operator' retrieved from /home/airflow/.local/lib/python3.12/site-packages/airflow/example_dags/example_python_operator.py
[2025-02-23T04:47:53.868+0000] {logging_mixin.py:190} INFO - [2025-02-23T04:47:53.867+0000] {override.py:1911} INFO - Created Permission View: can delete on DAG:example_python_operator
[2025-02-23T04:47:53.876+0000] {logging_mixin.py:190} INFO - [2025-02-23T04:47:53.875+0000] {override.py:1911} INFO - Created Permission View: can edit on DAG:example_python_operator
[2025-02-23T04:47:53.881+0000] {logging_mixin.py:190} INFO - [2025-02-23T04:47:53.881+0000] {override.py:1911} INFO - Created Permission View: can read on DAG:example_python_operator
[2025-02-23T04:47:53.886+0000] {logging_mixin.py:190} INFO - [2025-02-23T04:47:53.886+0000] {override.py:1911} INFO - Created Permission View: can create on DAG Run:example_python_operator
[2025-02-23T04:47:53.892+0000] {logging_mixin.py:190} INFO - [2025-02-23T04:47:53.891+0000] {override.py:1911} INFO - Created Permission View: menu access on DAG Run:example_python_operator
[2025-02-23T04:47:53.897+0000] {logging_mixin.py:190} INFO - [2025-02-23T04:47:53.897+0000] {override.py:1911} INFO - Created Permission View: can delete on DAG Run:example_python_operator
[2025-02-23T04:47:53.901+0000] {logging_mixin.py:190} INFO - [2025-02-23T04:47:53.901+0000] {override.py:1911} INFO - Created Permission View: can read on DAG Run:example_python_operator
[2025-02-23T04:47:53.902+0000] {logging_mixin.py:190} INFO - [2025-02-23T04:47:53.902+0000] {dag.py:3239} INFO - Sync 1 DAGs
[2025-02-23T04:47:53.913+0000] {logging_mixin.py:190} INFO - [2025-02-23T04:47:53.912+0000] {dag.py:3262} INFO - Creating ORM DAG for example_python_operator
[2025-02-23T04:47:53.913+0000] {logging_mixin.py:190} INFO - [2025-02-23T04:47:53.913+0000] {dag.py:4180} INFO - Setting next_dagrun for example_python_operator to None, run_after=None
[2025-02-23T04:47:53.926+0000] {processor.py:208} INFO - Processing /home/airflow/.local/lib/python3.12/site-packages/airflow/example_dags/example_python_operator.py took 0.205 seconds
[2025-02-23T04:48:24.191+0000] {processor.py:186} INFO - Started process (PID=172) to work on /home/airflow/.local/lib/python3.12/site-packages/airflow/example_dags/example_python_operator.py
[2025-02-23T04:48:24.192+0000] {processor.py:914} INFO - Processing file /home/airflow/.local/lib/python3.12/site-packages/airflow/example_dags/example_python_operator.py for tasks to queue
[2025-02-23T04:48:24.194+0000] {logging_mixin.py:190} INFO - [2025-02-23T04:48:24.193+0000] {dagbag.py:588} INFO - Filling up the DagBag from /home/airflow/.local/lib/python3.12/site-packages/airflow/example_dags/example_python_operator.py
[2025-02-23T04:48:24.205+0000] {processor.py:925} INFO - DAG(s) 'example_python_operator' retrieved from /home/airflow/.local/lib/python3.12/site-packages/airflow/example_dags/example_python_operator.py
[2025-02-23T04:48:24.222+0000] {logging_mixin.py:190} INFO - [2025-02-23T04:48:24.222+0000] {dag.py:3239} INFO - Sync 1 DAGs
[2025-02-23T04:48:24.236+0000] {logging_mixin.py:190} INFO - [2025-02-23T04:48:24.236+0000] {dag.py:4180} INFO - Setting next_dagrun for example_python_operator to None, run_after=None
[2025-02-23T04:48:24.252+0000] {processor.py:208} INFO - Processing /home/airflow/.local/lib/python3.12/site-packages/airflow/example_dags/example_python_operator.py took 0.066 seconds
[2025-02-23T04:48:54.847+0000] {processor.py:186} INFO - Started process (PID=235) to work on /home/airflow/.local/lib/python3.12/site-packages/airflow/example_dags/example_python_operator.py
[2025-02-23T04:48:54.848+0000] {processor.py:914} INFO - Processing file /home/airflow/.local/lib/python3.12/site-packages/airflow/example_dags/example_python_operator.py for tasks to queue
[2025-02-23T04:48:54.849+0000] {logging_mixin.py:190} INFO - [2025-02-23T04:48:54.849+0000] {dagbag.py:588} INFO - Filling up the DagBag from /home/airflow/.local/lib/python3.12/site-packages/airflow/example_dags/example_python_operator.py
[2025-02-23T04:48:54.860+0000] {processor.py:925} INFO - DAG(s) 'example_python_operator' retrieved from /home/airflow/.local/lib/python3.12/site-packages/airflow/example_dags/example_python_operator.py
[2025-02-23T04:48:54.887+0000] {logging_mixin.py:190} INFO - [2025-02-23T04:48:54.886+0000] {dag.py:3239} INFO - Sync 1 DAGs
[2025-02-23T04:48:54.898+0000] {logging_mixin.py:190} INFO - [2025-02-23T04:48:54.898+0000] {dag.py:4180} INFO - Setting next_dagrun for example_python_operator to None, run_after=None
[2025-02-23T04:48:54.911+0000] {processor.py:208} INFO - Processing /home/airflow/.local/lib/python3.12/site-packages/airflow/example_dags/example_python_operator.py took 0.068 seconds
[2025-02-23T04:49:25.634+0000] {processor.py:186} INFO - Started process (PID=298) to work on /home/airflow/.local/lib/python3.12/site-packages/airflow/example_dags/example_python_operator.py
[2025-02-23T04:49:25.635+0000] {processor.py:914} INFO - Processing file /home/airflow/.local/lib/python3.12/site-packages/airflow/example_dags/example_python_operator.py for tasks to queue
[2025-02-23T04:49:25.637+0000] {logging_mixin.py:190} INFO - [2025-02-23T04:49:25.636+0000] {dagbag.py:588} INFO - Filling up the DagBag from /home/airflow/.local/lib/python3.12/site-packages/airflow/example_dags/example_python_operator.py
[2025-02-23T04:49:25.646+0000] {processor.py:925} INFO - DAG(s) 'example_python_operator' retrieved from /home/airflow/.local/lib/python3.12/site-packages/airflow/example_dags/example_python_operator.py
[2025-02-23T04:49:25.667+0000] {logging_mixin.py:190} INFO - [2025-02-23T04:49:25.666+0000] {dag.py:3239} INFO - Sync 1 DAGs
[2025-02-23T04:49:25.678+0000] {logging_mixin.py:190} INFO - [2025-02-23T04:49:25.678+0000] {dag.py:4180} INFO - Setting next_dagrun for example_python_operator to None, run_after=None
[2025-02-23T04:49:25.692+0000] {processor.py:208} INFO - Processing /home/airflow/.local/lib/python3.12/site-packages/airflow/example_dags/example_python_operator.py took 0.063 seconds
[2025-02-23T04:49:56.732+0000] {processor.py:186} INFO - Started process (PID=361) to work on /home/airflow/.local/lib/python3.12/site-packages/airflow/example_dags/example_python_operator.py
[2025-02-23T04:49:56.733+0000] {processor.py:914} INFO - Processing file /home/airflow/.local/lib/python3.12/site-packages/airflow/example_dags/example_python_operator.py for tasks to queue
[2025-02-23T04:49:56.735+0000] {logging_mixin.py:190} INFO - [2025-02-23T04:49:56.735+0000] {dagbag.py:588} INFO - Filling up the DagBag from /home/airflow/.local/lib/python3.12/site-packages/airflow/example_dags/example_python_operator.py
[2025-02-23T04:49:56.748+0000] {processor.py:925} INFO - DAG(s) 'example_python_operator' retrieved from /home/airflow/.local/lib/python3.12/site-packages/airflow/example_dags/example_python_operator.py
[2025-02-23T04:49:56.768+0000] {logging_mixin.py:190} INFO - [2025-02-23T04:49:56.767+0000] {dag.py:3239} INFO - Sync 1 DAGs
[2025-02-23T04:49:56.789+0000] {logging_mixin.py:190} INFO - [2025-02-23T04:49:56.789+0000] {dag.py:4180} INFO - Setting next_dagrun for example_python_operator to None, run_after=None
[2025-02-23T04:49:56.806+0000] {processor.py:208} INFO - Processing /home/airflow/.local/lib/python3.12/site-packages/airflow/example_dags/example_python_operator.py took 0.081 seconds
[2025-02-23T04:50:27.775+0000] {processor.py:186} INFO - Started process (PID=424) to work on /home/airflow/.local/lib/python3.12/site-packages/airflow/example_dags/example_python_operator.py
[2025-02-23T04:50:27.777+0000] {processor.py:914} INFO - Processing file /home/airflow/.local/lib/python3.12/site-packages/airflow/example_dags/example_python_operator.py for tasks to queue
[2025-02-23T04:50:27.780+0000] {logging_mixin.py:190} INFO - [2025-02-23T04:50:27.780+0000] {dagbag.py:588} INFO - Filling up the DagBag from /home/airflow/.local/lib/python3.12/site-packages/airflow/example_dags/example_python_operator.py
[2025-02-23T04:50:27.801+0000] {processor.py:925} INFO - DAG(s) 'example_python_operator' retrieved from /home/airflow/.local/lib/python3.12/site-packages/airflow/example_dags/example_python_operator.py
[2025-02-23T04:50:27.827+0000] {logging_mixin.py:190} INFO - [2025-02-23T04:50:27.827+0000] {dag.py:3239} INFO - Sync 1 DAGs
[2025-02-23T04:50:27.844+0000] {logging_mixin.py:190} INFO - [2025-02-23T04:50:27.844+0000] {dag.py:4180} INFO - Setting next_dagrun for example_python_operator to None, run_after=None
[2025-02-23T04:50:27.861+0000] {processor.py:208} INFO - Processing /home/airflow/.local/lib/python3.12/site-packages/airflow/example_dags/example_python_operator.py took 0.093 seconds
[2025-02-23T04:50:59.454+0000] {processor.py:186} INFO - Started process (PID=487) to work on /home/airflow/.local/lib/python3.12/site-packages/airflow/example_dags/example_python_operator.py
[2025-02-23T04:50:59.455+0000] {processor.py:914} INFO - Processing file /home/airflow/.local/lib/python3.12/site-packages/airflow/example_dags/example_python_operator.py for tasks to queue
[2025-02-23T04:50:59.457+0000] {logging_mixin.py:190} INFO - [2025-02-23T04:50:59.457+0000] {dagbag.py:588} INFO - Filling up the DagBag from /home/airflow/.local/lib/python3.12/site-packages/airflow/example_dags/example_python_operator.py
[2025-02-23T04:50:59.469+0000] {processor.py:925} INFO - DAG(s) 'example_python_operator' retrieved from /home/airflow/.local/lib/python3.12/site-packages/airflow/example_dags/example_python_operator.py
[2025-02-23T04:50:59.493+0000] {logging_mixin.py:190} INFO - [2025-02-23T04:50:59.492+0000] {dag.py:3239} INFO - Sync 1 DAGs
[2025-02-23T04:50:59.507+0000] {logging_mixin.py:190} INFO - [2025-02-23T04:50:59.507+0000] {dag.py:4180} INFO - Setting next_dagrun for example_python_operator to None, run_after=None
[2025-02-23T04:50:59.523+0000] {processor.py:208} INFO - Processing /home/airflow/.local/lib/python3.12/site-packages/airflow/example_dags/example_python_operator.py took 0.074 seconds
[2025-02-23T04:51:29.852+0000] {processor.py:186} INFO - Started process (PID=550) to work on /home/airflow/.local/lib/python3.12/site-packages/airflow/example_dags/example_python_operator.py
[2025-02-23T04:51:29.853+0000] {processor.py:914} INFO - Processing file /home/airflow/.local/lib/python3.12/site-packages/airflow/example_dags/example_python_operator.py for tasks to queue
[2025-02-23T04:51:29.855+0000] {logging_mixin.py:190} INFO - [2025-02-23T04:51:29.855+0000] {dagbag.py:588} INFO - Filling up the DagBag from /home/airflow/.local/lib/python3.12/site-packages/airflow/example_dags/example_python_operator.py
[2025-02-23T04:51:29.868+0000] {processor.py:925} INFO - DAG(s) 'example_python_operator' retrieved from /home/airflow/.local/lib/python3.12/site-packages/airflow/example_dags/example_python_operator.py
[2025-02-23T04:51:29.893+0000] {logging_mixin.py:190} INFO - [2025-02-23T04:51:29.893+0000] {dag.py:3239} INFO - Sync 1 DAGs
[2025-02-23T04:51:29.910+0000] {logging_mixin.py:190} INFO - [2025-02-23T04:51:29.909+0000] {dag.py:4180} INFO - Setting next_dagrun for example_python_operator to None, run_after=None
[2025-02-23T04:51:29.927+0000] {processor.py:208} INFO - Processing /home/airflow/.local/lib/python3.12/site-packages/airflow/example_dags/example_python_operator.py took 0.081 seconds
[2025-02-23T04:52:01.412+0000] {processor.py:186} INFO - Started process (PID=613) to work on /home/airflow/.local/lib/python3.12/site-packages/airflow/example_dags/example_python_operator.py
[2025-02-23T04:52:01.413+0000] {processor.py:914} INFO - Processing file /home/airflow/.local/lib/python3.12/site-packages/airflow/example_dags/example_python_operator.py for tasks to queue
[2025-02-23T04:52:01.414+0000] {logging_mixin.py:190} INFO - [2025-02-23T04:52:01.414+0000] {dagbag.py:588} INFO - Filling up the DagBag from /home/airflow/.local/lib/python3.12/site-packages/airflow/example_dags/example_python_operator.py
[2025-02-23T04:52:01.424+0000] {processor.py:925} INFO - DAG(s) 'example_python_operator' retrieved from /home/airflow/.local/lib/python3.12/site-packages/airflow/example_dags/example_python_operator.py
[2025-02-23T04:52:01.440+0000] {logging_mixin.py:190} INFO - [2025-02-23T04:52:01.440+0000] {dag.py:3239} INFO - Sync 1 DAGs
[2025-02-23T04:52:01.451+0000] {logging_mixin.py:190} INFO - [2025-02-23T04:52:01.451+0000] {dag.py:4180} INFO - Setting next_dagrun for example_python_operator to None, run_after=None
[2025-02-23T04:52:01.463+0000] {processor.py:208} INFO - Processing /home/airflow/.local/lib/python3.12/site-packages/airflow/example_dags/example_python_operator.py took 0.055 seconds
[2025-02-23T04:52:32.071+0000] {processor.py:186} INFO - Started process (PID=676) to work on /home/airflow/.local/lib/python3.12/site-packages/airflow/example_dags/example_python_operator.py
[2025-02-23T04:52:32.071+0000] {processor.py:914} INFO - Processing file /home/airflow/.local/lib/python3.12/site-packages/airflow/example_dags/example_python_operator.py for tasks to queue
[2025-02-23T04:52:32.074+0000] {logging_mixin.py:190} INFO - [2025-02-23T04:52:32.073+0000] {dagbag.py:588} INFO - Filling up the DagBag from /home/airflow/.local/lib/python3.12/site-packages/airflow/example_dags/example_python_operator.py
[2025-02-23T04:52:32.087+0000] {processor.py:925} INFO - DAG(s) 'example_python_operator' retrieved from /home/airflow/.local/lib/python3.12/site-packages/airflow/example_dags/example_python_operator.py
[2025-02-23T04:52:32.112+0000] {logging_mixin.py:190} INFO - [2025-02-23T04:52:32.112+0000] {dag.py:3239} INFO - Sync 1 DAGs
[2025-02-23T04:52:32.129+0000] {logging_mixin.py:190} INFO - [2025-02-23T04:52:32.129+0000] {dag.py:4180} INFO - Setting next_dagrun for example_python_operator to None, run_after=None
[2025-02-23T04:52:32.146+0000] {processor.py:208} INFO - Processing /home/airflow/.local/lib/python3.12/site-packages/airflow/example_dags/example_python_operator.py took 0.081 seconds
[2025-02-23T04:53:02.872+0000] {processor.py:186} INFO - Started process (PID=739) to work on /home/airflow/.local/lib/python3.12/site-packages/airflow/example_dags/example_python_operator.py
[2025-02-23T04:53:02.872+0000] {processor.py:914} INFO - Processing file /home/airflow/.local/lib/python3.12/site-packages/airflow/example_dags/example_python_operator.py for tasks to queue
[2025-02-23T04:53:02.874+0000] {logging_mixin.py:190} INFO - [2025-02-23T04:53:02.874+0000] {dagbag.py:588} INFO - Filling up the DagBag from /home/airflow/.local/lib/python3.12/site-packages/airflow/example_dags/example_python_operator.py
[2025-02-23T04:53:02.883+0000] {processor.py:925} INFO - DAG(s) 'example_python_operator' retrieved from /home/airflow/.local/lib/python3.12/site-packages/airflow/example_dags/example_python_operator.py
[2025-02-23T04:53:02.902+0000] {logging_mixin.py:190} INFO - [2025-02-23T04:53:02.902+0000] {dag.py:3239} INFO - Sync 1 DAGs
[2025-02-23T04:53:02.917+0000] {logging_mixin.py:190} INFO - [2025-02-23T04:53:02.917+0000] {dag.py:4180} INFO - Setting next_dagrun for example_python_operator to None, run_after=None
[2025-02-23T04:53:02.933+0000] {processor.py:208} INFO - Processing /home/airflow/.local/lib/python3.12/site-packages/airflow/example_dags/example_python_operator.py took 0.066 seconds
[2025-02-23T04:53:34.252+0000] {processor.py:186} INFO - Started process (PID=802) to work on /home/airflow/.local/lib/python3.12/site-packages/airflow/example_dags/example_python_operator.py
[2025-02-23T04:53:34.252+0000] {processor.py:914} INFO - Processing file /home/airflow/.local/lib/python3.12/site-packages/airflow/example_dags/example_python_operator.py for tasks to queue
[2025-02-23T04:53:34.254+0000] {logging_mixin.py:190} INFO - [2025-02-23T04:53:34.254+0000] {dagbag.py:588} INFO - Filling up the DagBag from /home/airflow/.local/lib/python3.12/site-packages/airflow/example_dags/example_python_operator.py
[2025-02-23T04:53:34.267+0000] {processor.py:925} INFO - DAG(s) 'example_python_operator' retrieved from /home/airflow/.local/lib/python3.12/site-packages/airflow/example_dags/example_python_operator.py
[2025-02-23T04:53:34.295+0000] {logging_mixin.py:190} INFO - [2025-02-23T04:53:34.295+0000] {dag.py:3239} INFO - Sync 1 DAGs
[2025-02-23T04:53:34.310+0000] {logging_mixin.py:190} INFO - [2025-02-23T04:53:34.310+0000] {dag.py:4180} INFO - Setting next_dagrun for example_python_operator to None, run_after=None
[2025-02-23T04:53:34.322+0000] {processor.py:208} INFO - Processing /home/airflow/.local/lib/python3.12/site-packages/airflow/example_dags/example_python_operator.py took 0.076 seconds
[2025-02-23T04:54:05.537+0000] {processor.py:186} INFO - Started process (PID=866) to work on /home/airflow/.local/lib/python3.12/site-packages/airflow/example_dags/example_python_operator.py
[2025-02-23T04:54:05.538+0000] {processor.py:914} INFO - Processing file /home/airflow/.local/lib/python3.12/site-packages/airflow/example_dags/example_python_operator.py for tasks to queue
[2025-02-23T04:54:05.540+0000] {logging_mixin.py:190} INFO - [2025-02-23T04:54:05.539+0000] {dagbag.py:588} INFO - Filling up the DagBag from /home/airflow/.local/lib/python3.12/site-packages/airflow/example_dags/example_python_operator.py
[2025-02-23T04:54:05.550+0000] {processor.py:925} INFO - DAG(s) 'example_python_operator' retrieved from /home/airflow/.local/lib/python3.12/site-packages/airflow/example_dags/example_python_operator.py
[2025-02-23T04:54:05.570+0000] {logging_mixin.py:190} INFO - [2025-02-23T04:54:05.570+0000] {dag.py:3239} INFO - Sync 1 DAGs
[2025-02-23T04:54:05.585+0000] {logging_mixin.py:190} INFO - [2025-02-23T04:54:05.585+0000] {dag.py:4180} INFO - Setting next_dagrun for example_python_operator to None, run_after=None
[2025-02-23T04:54:05.601+0000] {processor.py:208} INFO - Processing /home/airflow/.local/lib/python3.12/site-packages/airflow/example_dags/example_python_operator.py took 0.069 seconds
[2025-02-23T04:54:36.746+0000] {processor.py:186} INFO - Started process (PID=929) to work on /home/airflow/.local/lib/python3.12/site-packages/airflow/example_dags/example_python_operator.py
[2025-02-23T04:54:36.747+0000] {processor.py:914} INFO - Processing file /home/airflow/.local/lib/python3.12/site-packages/airflow/example_dags/example_python_operator.py for tasks to queue
[2025-02-23T04:54:36.749+0000] {logging_mixin.py:190} INFO - [2025-02-23T04:54:36.749+0000] {dagbag.py:588} INFO - Filling up the DagBag from /home/airflow/.local/lib/python3.12/site-packages/airflow/example_dags/example_python_operator.py
[2025-02-23T04:54:36.760+0000] {processor.py:925} INFO - DAG(s) 'example_python_operator' retrieved from /home/airflow/.local/lib/python3.12/site-packages/airflow/example_dags/example_python_operator.py
[2025-02-23T04:54:36.780+0000] {logging_mixin.py:190} INFO - [2025-02-23T04:54:36.780+0000] {dag.py:3239} INFO - Sync 1 DAGs
[2025-02-23T04:54:36.795+0000] {logging_mixin.py:190} INFO - [2025-02-23T04:54:36.795+0000] {dag.py:4180} INFO - Setting next_dagrun for example_python_operator to None, run_after=None
[2025-02-23T04:54:36.811+0000] {processor.py:208} INFO - Processing /home/airflow/.local/lib/python3.12/site-packages/airflow/example_dags/example_python_operator.py took 0.069 seconds
[2025-02-23T04:55:07.874+0000] {processor.py:186} INFO - Started process (PID=992) to work on /home/airflow/.local/lib/python3.12/site-packages/airflow/example_dags/example_python_operator.py
[2025-02-23T04:55:07.875+0000] {processor.py:914} INFO - Processing file /home/airflow/.local/lib/python3.12/site-packages/airflow/example_dags/example_python_operator.py for tasks to queue
[2025-02-23T04:55:07.877+0000] {logging_mixin.py:190} INFO - [2025-02-23T04:55:07.877+0000] {dagbag.py:588} INFO - Filling up the DagBag from /home/airflow/.local/lib/python3.12/site-packages/airflow/example_dags/example_python_operator.py
[2025-02-23T04:55:07.889+0000] {processor.py:925} INFO - DAG(s) 'example_python_operator' retrieved from /home/airflow/.local/lib/python3.12/site-packages/airflow/example_dags/example_python_operator.py
[2025-02-23T04:55:07.910+0000] {logging_mixin.py:190} INFO - [2025-02-23T04:55:07.910+0000] {dag.py:3239} INFO - Sync 1 DAGs
[2025-02-23T04:55:07.926+0000] {logging_mixin.py:190} INFO - [2025-02-23T04:55:07.926+0000] {dag.py:4180} INFO - Setting next_dagrun for example_python_operator to None, run_after=None
[2025-02-23T04:55:07.942+0000] {processor.py:208} INFO - Processing /home/airflow/.local/lib/python3.12/site-packages/airflow/example_dags/example_python_operator.py took 0.072 seconds
[2025-02-23T04:55:39.104+0000] {processor.py:186} INFO - Started process (PID=1055) to work on /home/airflow/.local/lib/python3.12/site-packages/airflow/example_dags/example_python_operator.py
[2025-02-23T04:55:39.105+0000] {processor.py:914} INFO - Processing file /home/airflow/.local/lib/python3.12/site-packages/airflow/example_dags/example_python_operator.py for tasks to queue
[2025-02-23T04:55:39.106+0000] {logging_mixin.py:190} INFO - [2025-02-23T04:55:39.106+0000] {dagbag.py:588} INFO - Filling up the DagBag from /home/airflow/.local/lib/python3.12/site-packages/airflow/example_dags/example_python_operator.py
[2025-02-23T04:55:39.117+0000] {processor.py:925} INFO - DAG(s) 'example_python_operator' retrieved from /home/airflow/.local/lib/python3.12/site-packages/airflow/example_dags/example_python_operator.py
[2025-02-23T04:55:39.134+0000] {logging_mixin.py:190} INFO - [2025-02-23T04:55:39.134+0000] {dag.py:3239} INFO - Sync 1 DAGs
[2025-02-23T04:55:39.144+0000] {logging_mixin.py:190} INFO - [2025-02-23T04:55:39.144+0000] {dag.py:4180} INFO - Setting next_dagrun for example_python_operator to None, run_after=None
[2025-02-23T04:55:39.159+0000] {processor.py:208} INFO - Processing /home/airflow/.local/lib/python3.12/site-packages/airflow/example_dags/example_python_operator.py took 0.060 seconds
[2025-02-23T04:56:10.346+0000] {processor.py:186} INFO - Started process (PID=1118) to work on /home/airflow/.local/lib/python3.12/site-packages/airflow/example_dags/example_python_operator.py
[2025-02-23T04:56:10.346+0000] {processor.py:914} INFO - Processing file /home/airflow/.local/lib/python3.12/site-packages/airflow/example_dags/example_python_operator.py for tasks to queue
[2025-02-23T04:56:10.348+0000] {logging_mixin.py:190} INFO - [2025-02-23T04:56:10.348+0000] {dagbag.py:588} INFO - Filling up the DagBag from /home/airflow/.local/lib/python3.12/site-packages/airflow/example_dags/example_python_operator.py
[2025-02-23T04:56:10.361+0000] {processor.py:925} INFO - DAG(s) 'example_python_operator' retrieved from /home/airflow/.local/lib/python3.12/site-packages/airflow/example_dags/example_python_operator.py
[2025-02-23T04:56:10.378+0000] {logging_mixin.py:190} INFO - [2025-02-23T04:56:10.378+0000] {dag.py:3239} INFO - Sync 1 DAGs
[2025-02-23T04:56:10.389+0000] {logging_mixin.py:190} INFO - [2025-02-23T04:56:10.389+0000] {dag.py:4180} INFO - Setting next_dagrun for example_python_operator to None, run_after=None
[2025-02-23T04:56:10.402+0000] {processor.py:208} INFO - Processing /home/airflow/.local/lib/python3.12/site-packages/airflow/example_dags/example_python_operator.py took 0.062 seconds
[2025-02-23T04:56:41.660+0000] {processor.py:186} INFO - Started process (PID=1181) to work on /home/airflow/.local/lib/python3.12/site-packages/airflow/example_dags/example_python_operator.py
[2025-02-23T04:56:41.661+0000] {processor.py:914} INFO - Processing file /home/airflow/.local/lib/python3.12/site-packages/airflow/example_dags/example_python_operator.py for tasks to queue
[2025-02-23T04:56:41.662+0000] {logging_mixin.py:190} INFO - [2025-02-23T04:56:41.662+0000] {dagbag.py:588} INFO - Filling up the DagBag from /home/airflow/.local/lib/python3.12/site-packages/airflow/example_dags/example_python_operator.py
[2025-02-23T04:56:41.673+0000] {processor.py:925} INFO - DAG(s) 'example_python_operator' retrieved from /home/airflow/.local/lib/python3.12/site-packages/airflow/example_dags/example_python_operator.py
[2025-02-23T04:56:41.690+0000] {logging_mixin.py:190} INFO - [2025-02-23T04:56:41.690+0000] {dag.py:3239} INFO - Sync 1 DAGs
[2025-02-23T04:56:41.701+0000] {logging_mixin.py:190} INFO - [2025-02-23T04:56:41.701+0000] {dag.py:4180} INFO - Setting next_dagrun for example_python_operator to None, run_after=None
[2025-02-23T04:56:41.714+0000] {processor.py:208} INFO - Processing /home/airflow/.local/lib/python3.12/site-packages/airflow/example_dags/example_python_operator.py took 0.058 seconds
[2025-02-23T04:57:13.030+0000] {processor.py:186} INFO - Started process (PID=1244) to work on /home/airflow/.local/lib/python3.12/site-packages/airflow/example_dags/example_python_operator.py
[2025-02-23T04:57:13.031+0000] {processor.py:914} INFO - Processing file /home/airflow/.local/lib/python3.12/site-packages/airflow/example_dags/example_python_operator.py for tasks to queue
[2025-02-23T04:57:13.033+0000] {logging_mixin.py:190} INFO - [2025-02-23T04:57:13.032+0000] {dagbag.py:588} INFO - Filling up the DagBag from /home/airflow/.local/lib/python3.12/site-packages/airflow/example_dags/example_python_operator.py
[2025-02-23T04:57:13.042+0000] {processor.py:925} INFO - DAG(s) 'example_python_operator' retrieved from /home/airflow/.local/lib/python3.12/site-packages/airflow/example_dags/example_python_operator.py
[2025-02-23T04:57:13.058+0000] {logging_mixin.py:190} INFO - [2025-02-23T04:57:13.058+0000] {dag.py:3239} INFO - Sync 1 DAGs
[2025-02-23T04:57:13.069+0000] {logging_mixin.py:190} INFO - [2025-02-23T04:57:13.069+0000] {dag.py:4180} INFO - Setting next_dagrun for example_python_operator to None, run_after=None
[2025-02-23T04:57:13.082+0000] {processor.py:208} INFO - Processing /home/airflow/.local/lib/python3.12/site-packages/airflow/example_dags/example_python_operator.py took 0.056 seconds
[2025-02-23T04:57:44.321+0000] {processor.py:186} INFO - Started process (PID=1307) to work on /home/airflow/.local/lib/python3.12/site-packages/airflow/example_dags/example_python_operator.py
[2025-02-23T04:57:44.321+0000] {processor.py:914} INFO - Processing file /home/airflow/.local/lib/python3.12/site-packages/airflow/example_dags/example_python_operator.py for tasks to queue
[2025-02-23T04:57:44.323+0000] {logging_mixin.py:190} INFO - [2025-02-23T04:57:44.323+0000] {dagbag.py:588} INFO - Filling up the DagBag from /home/airflow/.local/lib/python3.12/site-packages/airflow/example_dags/example_python_operator.py
[2025-02-23T04:57:44.332+0000] {processor.py:925} INFO - DAG(s) 'example_python_operator' retrieved from /home/airflow/.local/lib/python3.12/site-packages/airflow/example_dags/example_python_operator.py
[2025-02-23T04:57:44.353+0000] {logging_mixin.py:190} INFO - [2025-02-23T04:57:44.353+0000] {dag.py:3239} INFO - Sync 1 DAGs
[2025-02-23T04:57:44.368+0000] {logging_mixin.py:190} INFO - [2025-02-23T04:57:44.367+0000] {dag.py:4180} INFO - Setting next_dagrun for example_python_operator to None, run_after=None
[2025-02-23T04:57:44.380+0000] {processor.py:208} INFO - Processing /home/airflow/.local/lib/python3.12/site-packages/airflow/example_dags/example_python_operator.py took 0.063 seconds
[2025-02-23T04:58:15.491+0000] {processor.py:186} INFO - Started process (PID=1371) to work on /home/airflow/.local/lib/python3.12/site-packages/airflow/example_dags/example_python_operator.py
[2025-02-23T04:58:15.491+0000] {processor.py:914} INFO - Processing file /home/airflow/.local/lib/python3.12/site-packages/airflow/example_dags/example_python_operator.py for tasks to queue
[2025-02-23T04:58:15.493+0000] {logging_mixin.py:190} INFO - [2025-02-23T04:58:15.493+0000] {dagbag.py:588} INFO - Filling up the DagBag from /home/airflow/.local/lib/python3.12/site-packages/airflow/example_dags/example_python_operator.py
[2025-02-23T04:58:15.503+0000] {processor.py:925} INFO - DAG(s) 'example_python_operator' retrieved from /home/airflow/.local/lib/python3.12/site-packages/airflow/example_dags/example_python_operator.py
[2025-02-23T04:58:15.523+0000] {logging_mixin.py:190} INFO - [2025-02-23T04:58:15.523+0000] {dag.py:3239} INFO - Sync 1 DAGs
[2025-02-23T04:58:15.535+0000] {logging_mixin.py:190} INFO - [2025-02-23T04:58:15.535+0000] {dag.py:4180} INFO - Setting next_dagrun for example_python_operator to None, run_after=None
[2025-02-23T04:58:15.548+0000] {processor.py:208} INFO - Processing /home/airflow/.local/lib/python3.12/site-packages/airflow/example_dags/example_python_operator.py took 0.062 seconds
[2025-02-23T04:58:47.045+0000] {processor.py:186} INFO - Started process (PID=1440) to work on /home/airflow/.local/lib/python3.12/site-packages/airflow/example_dags/example_python_operator.py
[2025-02-23T04:58:47.046+0000] {processor.py:914} INFO - Processing file /home/airflow/.local/lib/python3.12/site-packages/airflow/example_dags/example_python_operator.py for tasks to queue
[2025-02-23T04:58:47.048+0000] {logging_mixin.py:190} INFO - [2025-02-23T04:58:47.048+0000] {dagbag.py:588} INFO - Filling up the DagBag from /home/airflow/.local/lib/python3.12/site-packages/airflow/example_dags/example_python_operator.py
[2025-02-23T04:58:47.058+0000] {processor.py:925} INFO - DAG(s) 'example_python_operator' retrieved from /home/airflow/.local/lib/python3.12/site-packages/airflow/example_dags/example_python_operator.py
[2025-02-23T04:58:47.074+0000] {logging_mixin.py:190} INFO - [2025-02-23T04:58:47.074+0000] {dag.py:3239} INFO - Sync 1 DAGs
[2025-02-23T04:58:47.090+0000] {logging_mixin.py:190} INFO - [2025-02-23T04:58:47.090+0000] {dag.py:4180} INFO - Setting next_dagrun for example_python_operator to None, run_after=None
[2025-02-23T04:58:47.106+0000] {processor.py:208} INFO - Processing /home/airflow/.local/lib/python3.12/site-packages/airflow/example_dags/example_python_operator.py took 0.067 seconds
