[2025-02-23T04:47:46.592+0000] {processor.py:186} INFO - Started process (PID=80) to work on /home/airflow/.local/lib/python3.12/site-packages/airflow/example_dags/example_skip_dag.py
[2025-02-23T04:47:46.593+0000] {processor.py:914} INFO - Processing file /home/airflow/.local/lib/python3.12/site-packages/airflow/example_dags/example_skip_dag.py for tasks to queue
[2025-02-23T04:47:46.603+0000] {logging_mixin.py:190} INFO - [2025-02-23T04:47:46.602+0000] {dagbag.py:588} INFO - Filling up the DagBag from /home/airflow/.local/lib/python3.12/site-packages/airflow/example_dags/example_skip_dag.py
[2025-02-23T04:47:46.619+0000] {processor.py:925} INFO - DAG(s) 'example_skip_dag' retrieved from /home/airflow/.local/lib/python3.12/site-packages/airflow/example_dags/example_skip_dag.py
[2025-02-23T04:47:47.445+0000] {logging_mixin.py:190} INFO - [2025-02-23T04:47:47.445+0000] {override.py:1911} INFO - Created Permission View: can delete on DAG:example_skip_dag
[2025-02-23T04:47:47.454+0000] {logging_mixin.py:190} INFO - [2025-02-23T04:47:47.453+0000] {override.py:1911} INFO - Created Permission View: can edit on DAG:example_skip_dag
[2025-02-23T04:47:47.458+0000] {logging_mixin.py:190} INFO - [2025-02-23T04:47:47.458+0000] {override.py:1911} INFO - Created Permission View: can read on DAG:example_skip_dag
[2025-02-23T04:47:47.462+0000] {logging_mixin.py:190} INFO - [2025-02-23T04:47:47.462+0000] {override.py:1911} INFO - Created Permission View: can create on DAG Run:example_skip_dag
[2025-02-23T04:47:47.467+0000] {logging_mixin.py:190} INFO - [2025-02-23T04:47:47.467+0000] {override.py:1911} INFO - Created Permission View: menu access on DAG Run:example_skip_dag
[2025-02-23T04:47:47.471+0000] {logging_mixin.py:190} INFO - [2025-02-23T04:47:47.471+0000] {override.py:1911} INFO - Created Permission View: can delete on DAG Run:example_skip_dag
[2025-02-23T04:47:47.476+0000] {logging_mixin.py:190} INFO - [2025-02-23T04:47:47.476+0000] {override.py:1911} INFO - Created Permission View: can read on DAG Run:example_skip_dag
[2025-02-23T04:47:47.477+0000] {logging_mixin.py:190} INFO - [2025-02-23T04:47:47.477+0000] {dag.py:3239} INFO - Sync 1 DAGs
[2025-02-23T04:47:47.492+0000] {logging_mixin.py:190} INFO - [2025-02-23T04:47:47.492+0000] {dag.py:3262} INFO - Creating ORM DAG for example_skip_dag
[2025-02-23T04:47:47.503+0000] {logging_mixin.py:190} INFO - [2025-02-23T04:47:47.503+0000] {dag.py:4180} INFO - Setting next_dagrun for example_skip_dag to 2025-02-22 00:00:00+00:00, run_after=2025-02-23 00:00:00+00:00
[2025-02-23T04:47:47.527+0000] {processor.py:208} INFO - Processing /home/airflow/.local/lib/python3.12/site-packages/airflow/example_dags/example_skip_dag.py took 0.948 seconds
[2025-02-23T04:48:18.052+0000] {processor.py:186} INFO - Started process (PID=141) to work on /home/airflow/.local/lib/python3.12/site-packages/airflow/example_dags/example_skip_dag.py
[2025-02-23T04:48:18.053+0000] {processor.py:914} INFO - Processing file /home/airflow/.local/lib/python3.12/site-packages/airflow/example_dags/example_skip_dag.py for tasks to queue
[2025-02-23T04:48:18.054+0000] {logging_mixin.py:190} INFO - [2025-02-23T04:48:18.054+0000] {dagbag.py:588} INFO - Filling up the DagBag from /home/airflow/.local/lib/python3.12/site-packages/airflow/example_dags/example_skip_dag.py
[2025-02-23T04:48:18.061+0000] {processor.py:925} INFO - DAG(s) 'example_skip_dag' retrieved from /home/airflow/.local/lib/python3.12/site-packages/airflow/example_dags/example_skip_dag.py
[2025-02-23T04:48:18.077+0000] {logging_mixin.py:190} INFO - [2025-02-23T04:48:18.077+0000] {dag.py:3239} INFO - Sync 1 DAGs
[2025-02-23T04:48:18.096+0000] {logging_mixin.py:190} INFO - [2025-02-23T04:48:18.096+0000] {dag.py:4180} INFO - Setting next_dagrun for example_skip_dag to 2025-02-22 00:00:00+00:00, run_after=2025-02-23 00:00:00+00:00
[2025-02-23T04:48:18.111+0000] {processor.py:208} INFO - Processing /home/airflow/.local/lib/python3.12/site-packages/airflow/example_dags/example_skip_dag.py took 0.063 seconds
[2025-02-23T04:48:48.625+0000] {processor.py:186} INFO - Started process (PID=204) to work on /home/airflow/.local/lib/python3.12/site-packages/airflow/example_dags/example_skip_dag.py
[2025-02-23T04:48:48.626+0000] {processor.py:914} INFO - Processing file /home/airflow/.local/lib/python3.12/site-packages/airflow/example_dags/example_skip_dag.py for tasks to queue
[2025-02-23T04:48:48.628+0000] {logging_mixin.py:190} INFO - [2025-02-23T04:48:48.627+0000] {dagbag.py:588} INFO - Filling up the DagBag from /home/airflow/.local/lib/python3.12/site-packages/airflow/example_dags/example_skip_dag.py
[2025-02-23T04:48:48.635+0000] {processor.py:925} INFO - DAG(s) 'example_skip_dag' retrieved from /home/airflow/.local/lib/python3.12/site-packages/airflow/example_dags/example_skip_dag.py
[2025-02-23T04:48:48.656+0000] {logging_mixin.py:190} INFO - [2025-02-23T04:48:48.656+0000] {dag.py:3239} INFO - Sync 1 DAGs
[2025-02-23T04:48:48.680+0000] {logging_mixin.py:190} INFO - [2025-02-23T04:48:48.680+0000] {dag.py:4180} INFO - Setting next_dagrun for example_skip_dag to 2025-02-22 00:00:00+00:00, run_after=2025-02-23 00:00:00+00:00
[2025-02-23T04:48:48.696+0000] {processor.py:208} INFO - Processing /home/airflow/.local/lib/python3.12/site-packages/airflow/example_dags/example_skip_dag.py took 0.076 seconds
[2025-02-23T04:49:19.016+0000] {processor.py:186} INFO - Started process (PID=267) to work on /home/airflow/.local/lib/python3.12/site-packages/airflow/example_dags/example_skip_dag.py
[2025-02-23T04:49:19.017+0000] {processor.py:914} INFO - Processing file /home/airflow/.local/lib/python3.12/site-packages/airflow/example_dags/example_skip_dag.py for tasks to queue
[2025-02-23T04:49:19.019+0000] {logging_mixin.py:190} INFO - [2025-02-23T04:49:19.019+0000] {dagbag.py:588} INFO - Filling up the DagBag from /home/airflow/.local/lib/python3.12/site-packages/airflow/example_dags/example_skip_dag.py
[2025-02-23T04:49:19.027+0000] {processor.py:925} INFO - DAG(s) 'example_skip_dag' retrieved from /home/airflow/.local/lib/python3.12/site-packages/airflow/example_dags/example_skip_dag.py
[2025-02-23T04:49:19.046+0000] {logging_mixin.py:190} INFO - [2025-02-23T04:49:19.046+0000] {dag.py:3239} INFO - Sync 1 DAGs
[2025-02-23T04:49:19.070+0000] {logging_mixin.py:190} INFO - [2025-02-23T04:49:19.070+0000] {dag.py:4180} INFO - Setting next_dagrun for example_skip_dag to 2025-02-22 00:00:00+00:00, run_after=2025-02-23 00:00:00+00:00
[2025-02-23T04:49:19.087+0000] {processor.py:208} INFO - Processing /home/airflow/.local/lib/python3.12/site-packages/airflow/example_dags/example_skip_dag.py took 0.077 seconds
[2025-02-23T04:49:49.219+0000] {processor.py:186} INFO - Started process (PID=330) to work on /home/airflow/.local/lib/python3.12/site-packages/airflow/example_dags/example_skip_dag.py
[2025-02-23T04:49:49.219+0000] {processor.py:914} INFO - Processing file /home/airflow/.local/lib/python3.12/site-packages/airflow/example_dags/example_skip_dag.py for tasks to queue
[2025-02-23T04:49:49.221+0000] {logging_mixin.py:190} INFO - [2025-02-23T04:49:49.221+0000] {dagbag.py:588} INFO - Filling up the DagBag from /home/airflow/.local/lib/python3.12/site-packages/airflow/example_dags/example_skip_dag.py
[2025-02-23T04:49:49.229+0000] {processor.py:925} INFO - DAG(s) 'example_skip_dag' retrieved from /home/airflow/.local/lib/python3.12/site-packages/airflow/example_dags/example_skip_dag.py
[2025-02-23T04:49:49.251+0000] {logging_mixin.py:190} INFO - [2025-02-23T04:49:49.250+0000] {dag.py:3239} INFO - Sync 1 DAGs
[2025-02-23T04:49:49.276+0000] {logging_mixin.py:190} INFO - [2025-02-23T04:49:49.276+0000] {dag.py:4180} INFO - Setting next_dagrun for example_skip_dag to 2025-02-22 00:00:00+00:00, run_after=2025-02-23 00:00:00+00:00
[2025-02-23T04:49:49.291+0000] {processor.py:208} INFO - Processing /home/airflow/.local/lib/python3.12/site-packages/airflow/example_dags/example_skip_dag.py took 0.076 seconds
[2025-02-23T04:50:19.568+0000] {processor.py:186} INFO - Started process (PID=393) to work on /home/airflow/.local/lib/python3.12/site-packages/airflow/example_dags/example_skip_dag.py
[2025-02-23T04:50:19.569+0000] {processor.py:914} INFO - Processing file /home/airflow/.local/lib/python3.12/site-packages/airflow/example_dags/example_skip_dag.py for tasks to queue
[2025-02-23T04:50:19.571+0000] {logging_mixin.py:190} INFO - [2025-02-23T04:50:19.570+0000] {dagbag.py:588} INFO - Filling up the DagBag from /home/airflow/.local/lib/python3.12/site-packages/airflow/example_dags/example_skip_dag.py
[2025-02-23T04:50:19.578+0000] {processor.py:925} INFO - DAG(s) 'example_skip_dag' retrieved from /home/airflow/.local/lib/python3.12/site-packages/airflow/example_dags/example_skip_dag.py
[2025-02-23T04:50:19.596+0000] {logging_mixin.py:190} INFO - [2025-02-23T04:50:19.596+0000] {dag.py:3239} INFO - Sync 1 DAGs
[2025-02-23T04:50:19.615+0000] {logging_mixin.py:190} INFO - [2025-02-23T04:50:19.615+0000] {dag.py:4180} INFO - Setting next_dagrun for example_skip_dag to 2025-02-22 00:00:00+00:00, run_after=2025-02-23 00:00:00+00:00
[2025-02-23T04:50:19.630+0000] {processor.py:208} INFO - Processing /home/airflow/.local/lib/python3.12/site-packages/airflow/example_dags/example_skip_dag.py took 0.067 seconds
[2025-02-23T04:50:50.049+0000] {processor.py:186} INFO - Started process (PID=456) to work on /home/airflow/.local/lib/python3.12/site-packages/airflow/example_dags/example_skip_dag.py
[2025-02-23T04:50:50.050+0000] {processor.py:914} INFO - Processing file /home/airflow/.local/lib/python3.12/site-packages/airflow/example_dags/example_skip_dag.py for tasks to queue
[2025-02-23T04:50:50.052+0000] {logging_mixin.py:190} INFO - [2025-02-23T04:50:50.052+0000] {dagbag.py:588} INFO - Filling up the DagBag from /home/airflow/.local/lib/python3.12/site-packages/airflow/example_dags/example_skip_dag.py
[2025-02-23T04:50:50.061+0000] {processor.py:925} INFO - DAG(s) 'example_skip_dag' retrieved from /home/airflow/.local/lib/python3.12/site-packages/airflow/example_dags/example_skip_dag.py
[2025-02-23T04:50:50.078+0000] {logging_mixin.py:190} INFO - [2025-02-23T04:50:50.078+0000] {dag.py:3239} INFO - Sync 1 DAGs
[2025-02-23T04:50:50.097+0000] {logging_mixin.py:190} INFO - [2025-02-23T04:50:50.096+0000] {dag.py:4180} INFO - Setting next_dagrun for example_skip_dag to 2025-02-22 00:00:00+00:00, run_after=2025-02-23 00:00:00+00:00
[2025-02-23T04:50:50.112+0000] {processor.py:208} INFO - Processing /home/airflow/.local/lib/python3.12/site-packages/airflow/example_dags/example_skip_dag.py took 0.067 seconds
[2025-02-23T04:51:20.660+0000] {processor.py:186} INFO - Started process (PID=519) to work on /home/airflow/.local/lib/python3.12/site-packages/airflow/example_dags/example_skip_dag.py
[2025-02-23T04:51:20.661+0000] {processor.py:914} INFO - Processing file /home/airflow/.local/lib/python3.12/site-packages/airflow/example_dags/example_skip_dag.py for tasks to queue
[2025-02-23T04:51:20.663+0000] {logging_mixin.py:190} INFO - [2025-02-23T04:51:20.662+0000] {dagbag.py:588} INFO - Filling up the DagBag from /home/airflow/.local/lib/python3.12/site-packages/airflow/example_dags/example_skip_dag.py
[2025-02-23T04:51:20.671+0000] {processor.py:925} INFO - DAG(s) 'example_skip_dag' retrieved from /home/airflow/.local/lib/python3.12/site-packages/airflow/example_dags/example_skip_dag.py
[2025-02-23T04:51:20.693+0000] {logging_mixin.py:190} INFO - [2025-02-23T04:51:20.693+0000] {dag.py:3239} INFO - Sync 1 DAGs
[2025-02-23T04:51:20.717+0000] {logging_mixin.py:190} INFO - [2025-02-23T04:51:20.716+0000] {dag.py:4180} INFO - Setting next_dagrun for example_skip_dag to 2025-02-22 00:00:00+00:00, run_after=2025-02-23 00:00:00+00:00
[2025-02-23T04:51:20.729+0000] {processor.py:208} INFO - Processing /home/airflow/.local/lib/python3.12/site-packages/airflow/example_dags/example_skip_dag.py took 0.073 seconds
[2025-02-23T04:51:50.982+0000] {processor.py:186} INFO - Started process (PID=582) to work on /home/airflow/.local/lib/python3.12/site-packages/airflow/example_dags/example_skip_dag.py
[2025-02-23T04:51:50.983+0000] {processor.py:914} INFO - Processing file /home/airflow/.local/lib/python3.12/site-packages/airflow/example_dags/example_skip_dag.py for tasks to queue
[2025-02-23T04:51:50.985+0000] {logging_mixin.py:190} INFO - [2025-02-23T04:51:50.984+0000] {dagbag.py:588} INFO - Filling up the DagBag from /home/airflow/.local/lib/python3.12/site-packages/airflow/example_dags/example_skip_dag.py
[2025-02-23T04:51:50.993+0000] {processor.py:925} INFO - DAG(s) 'example_skip_dag' retrieved from /home/airflow/.local/lib/python3.12/site-packages/airflow/example_dags/example_skip_dag.py
[2025-02-23T04:51:51.013+0000] {logging_mixin.py:190} INFO - [2025-02-23T04:51:51.013+0000] {dag.py:3239} INFO - Sync 1 DAGs
[2025-02-23T04:51:51.036+0000] {logging_mixin.py:190} INFO - [2025-02-23T04:51:51.036+0000] {dag.py:4180} INFO - Setting next_dagrun for example_skip_dag to 2025-02-22 00:00:00+00:00, run_after=2025-02-23 00:00:00+00:00
[2025-02-23T04:51:51.050+0000] {processor.py:208} INFO - Processing /home/airflow/.local/lib/python3.12/site-packages/airflow/example_dags/example_skip_dag.py took 0.074 seconds
[2025-02-23T04:52:21.190+0000] {processor.py:186} INFO - Started process (PID=645) to work on /home/airflow/.local/lib/python3.12/site-packages/airflow/example_dags/example_skip_dag.py
[2025-02-23T04:52:21.191+0000] {processor.py:914} INFO - Processing file /home/airflow/.local/lib/python3.12/site-packages/airflow/example_dags/example_skip_dag.py for tasks to queue
[2025-02-23T04:52:21.192+0000] {logging_mixin.py:190} INFO - [2025-02-23T04:52:21.192+0000] {dagbag.py:588} INFO - Filling up the DagBag from /home/airflow/.local/lib/python3.12/site-packages/airflow/example_dags/example_skip_dag.py
[2025-02-23T04:52:21.199+0000] {processor.py:925} INFO - DAG(s) 'example_skip_dag' retrieved from /home/airflow/.local/lib/python3.12/site-packages/airflow/example_dags/example_skip_dag.py
[2025-02-23T04:52:21.218+0000] {logging_mixin.py:190} INFO - [2025-02-23T04:52:21.218+0000] {dag.py:3239} INFO - Sync 1 DAGs
[2025-02-23T04:52:21.238+0000] {logging_mixin.py:190} INFO - [2025-02-23T04:52:21.238+0000] {dag.py:4180} INFO - Setting next_dagrun for example_skip_dag to 2025-02-22 00:00:00+00:00, run_after=2025-02-23 00:00:00+00:00
[2025-02-23T04:52:21.252+0000] {processor.py:208} INFO - Processing /home/airflow/.local/lib/python3.12/site-packages/airflow/example_dags/example_skip_dag.py took 0.067 seconds
[2025-02-23T04:52:51.328+0000] {processor.py:186} INFO - Started process (PID=708) to work on /home/airflow/.local/lib/python3.12/site-packages/airflow/example_dags/example_skip_dag.py
[2025-02-23T04:52:51.328+0000] {processor.py:914} INFO - Processing file /home/airflow/.local/lib/python3.12/site-packages/airflow/example_dags/example_skip_dag.py for tasks to queue
[2025-02-23T04:52:51.330+0000] {logging_mixin.py:190} INFO - [2025-02-23T04:52:51.330+0000] {dagbag.py:588} INFO - Filling up the DagBag from /home/airflow/.local/lib/python3.12/site-packages/airflow/example_dags/example_skip_dag.py
[2025-02-23T04:52:51.337+0000] {processor.py:925} INFO - DAG(s) 'example_skip_dag' retrieved from /home/airflow/.local/lib/python3.12/site-packages/airflow/example_dags/example_skip_dag.py
[2025-02-23T04:52:51.355+0000] {logging_mixin.py:190} INFO - [2025-02-23T04:52:51.355+0000] {dag.py:3239} INFO - Sync 1 DAGs
[2025-02-23T04:52:51.379+0000] {logging_mixin.py:190} INFO - [2025-02-23T04:52:51.379+0000] {dag.py:4180} INFO - Setting next_dagrun for example_skip_dag to 2025-02-22 00:00:00+00:00, run_after=2025-02-23 00:00:00+00:00
[2025-02-23T04:52:51.396+0000] {processor.py:208} INFO - Processing /home/airflow/.local/lib/python3.12/site-packages/airflow/example_dags/example_skip_dag.py took 0.072 seconds
[2025-02-23T04:53:21.795+0000] {processor.py:186} INFO - Started process (PID=771) to work on /home/airflow/.local/lib/python3.12/site-packages/airflow/example_dags/example_skip_dag.py
[2025-02-23T04:53:21.795+0000] {processor.py:914} INFO - Processing file /home/airflow/.local/lib/python3.12/site-packages/airflow/example_dags/example_skip_dag.py for tasks to queue
[2025-02-23T04:53:21.797+0000] {logging_mixin.py:190} INFO - [2025-02-23T04:53:21.797+0000] {dagbag.py:588} INFO - Filling up the DagBag from /home/airflow/.local/lib/python3.12/site-packages/airflow/example_dags/example_skip_dag.py
[2025-02-23T04:53:21.803+0000] {processor.py:925} INFO - DAG(s) 'example_skip_dag' retrieved from /home/airflow/.local/lib/python3.12/site-packages/airflow/example_dags/example_skip_dag.py
[2025-02-23T04:53:21.821+0000] {logging_mixin.py:190} INFO - [2025-02-23T04:53:21.821+0000] {dag.py:3239} INFO - Sync 1 DAGs
[2025-02-23T04:53:21.844+0000] {logging_mixin.py:190} INFO - [2025-02-23T04:53:21.844+0000] {dag.py:4180} INFO - Setting next_dagrun for example_skip_dag to 2025-02-22 00:00:00+00:00, run_after=2025-02-23 00:00:00+00:00
[2025-02-23T04:53:21.859+0000] {processor.py:208} INFO - Processing /home/airflow/.local/lib/python3.12/site-packages/airflow/example_dags/example_skip_dag.py took 0.068 seconds
[2025-02-23T04:53:51.999+0000] {processor.py:186} INFO - Started process (PID=835) to work on /home/airflow/.local/lib/python3.12/site-packages/airflow/example_dags/example_skip_dag.py
[2025-02-23T04:53:51.999+0000] {processor.py:914} INFO - Processing file /home/airflow/.local/lib/python3.12/site-packages/airflow/example_dags/example_skip_dag.py for tasks to queue
[2025-02-23T04:53:52.001+0000] {logging_mixin.py:190} INFO - [2025-02-23T04:53:52.001+0000] {dagbag.py:588} INFO - Filling up the DagBag from /home/airflow/.local/lib/python3.12/site-packages/airflow/example_dags/example_skip_dag.py
[2025-02-23T04:53:52.009+0000] {processor.py:925} INFO - DAG(s) 'example_skip_dag' retrieved from /home/airflow/.local/lib/python3.12/site-packages/airflow/example_dags/example_skip_dag.py
[2025-02-23T04:53:52.024+0000] {logging_mixin.py:190} INFO - [2025-02-23T04:53:52.024+0000] {dag.py:3239} INFO - Sync 1 DAGs
[2025-02-23T04:53:52.042+0000] {logging_mixin.py:190} INFO - [2025-02-23T04:53:52.042+0000] {dag.py:4180} INFO - Setting next_dagrun for example_skip_dag to 2025-02-22 00:00:00+00:00, run_after=2025-02-23 00:00:00+00:00
[2025-02-23T04:53:52.053+0000] {processor.py:208} INFO - Processing /home/airflow/.local/lib/python3.12/site-packages/airflow/example_dags/example_skip_dag.py took 0.061 seconds
[2025-02-23T04:54:22.136+0000] {processor.py:186} INFO - Started process (PID=898) to work on /home/airflow/.local/lib/python3.12/site-packages/airflow/example_dags/example_skip_dag.py
[2025-02-23T04:54:22.136+0000] {processor.py:914} INFO - Processing file /home/airflow/.local/lib/python3.12/site-packages/airflow/example_dags/example_skip_dag.py for tasks to queue
[2025-02-23T04:54:22.138+0000] {logging_mixin.py:190} INFO - [2025-02-23T04:54:22.138+0000] {dagbag.py:588} INFO - Filling up the DagBag from /home/airflow/.local/lib/python3.12/site-packages/airflow/example_dags/example_skip_dag.py
[2025-02-23T04:54:22.144+0000] {processor.py:925} INFO - DAG(s) 'example_skip_dag' retrieved from /home/airflow/.local/lib/python3.12/site-packages/airflow/example_dags/example_skip_dag.py
[2025-02-23T04:54:22.163+0000] {logging_mixin.py:190} INFO - [2025-02-23T04:54:22.163+0000] {dag.py:3239} INFO - Sync 1 DAGs
[2025-02-23T04:54:22.181+0000] {logging_mixin.py:190} INFO - [2025-02-23T04:54:22.181+0000] {dag.py:4180} INFO - Setting next_dagrun for example_skip_dag to 2025-02-22 00:00:00+00:00, run_after=2025-02-23 00:00:00+00:00
[2025-02-23T04:54:22.193+0000] {processor.py:208} INFO - Processing /home/airflow/.local/lib/python3.12/site-packages/airflow/example_dags/example_skip_dag.py took 0.062 seconds
[2025-02-23T04:54:52.301+0000] {processor.py:186} INFO - Started process (PID=961) to work on /home/airflow/.local/lib/python3.12/site-packages/airflow/example_dags/example_skip_dag.py
[2025-02-23T04:54:52.301+0000] {processor.py:914} INFO - Processing file /home/airflow/.local/lib/python3.12/site-packages/airflow/example_dags/example_skip_dag.py for tasks to queue
[2025-02-23T04:54:52.303+0000] {logging_mixin.py:190} INFO - [2025-02-23T04:54:52.302+0000] {dagbag.py:588} INFO - Filling up the DagBag from /home/airflow/.local/lib/python3.12/site-packages/airflow/example_dags/example_skip_dag.py
[2025-02-23T04:54:52.309+0000] {processor.py:925} INFO - DAG(s) 'example_skip_dag' retrieved from /home/airflow/.local/lib/python3.12/site-packages/airflow/example_dags/example_skip_dag.py
[2025-02-23T04:54:52.328+0000] {logging_mixin.py:190} INFO - [2025-02-23T04:54:52.327+0000] {dag.py:3239} INFO - Sync 1 DAGs
[2025-02-23T04:54:52.351+0000] {logging_mixin.py:190} INFO - [2025-02-23T04:54:52.350+0000] {dag.py:4180} INFO - Setting next_dagrun for example_skip_dag to 2025-02-22 00:00:00+00:00, run_after=2025-02-23 00:00:00+00:00
[2025-02-23T04:54:52.365+0000] {processor.py:208} INFO - Processing /home/airflow/.local/lib/python3.12/site-packages/airflow/example_dags/example_skip_dag.py took 0.069 seconds
[2025-02-23T04:55:22.548+0000] {processor.py:186} INFO - Started process (PID=1024) to work on /home/airflow/.local/lib/python3.12/site-packages/airflow/example_dags/example_skip_dag.py
[2025-02-23T04:55:22.548+0000] {processor.py:914} INFO - Processing file /home/airflow/.local/lib/python3.12/site-packages/airflow/example_dags/example_skip_dag.py for tasks to queue
[2025-02-23T04:55:22.550+0000] {logging_mixin.py:190} INFO - [2025-02-23T04:55:22.550+0000] {dagbag.py:588} INFO - Filling up the DagBag from /home/airflow/.local/lib/python3.12/site-packages/airflow/example_dags/example_skip_dag.py
[2025-02-23T04:55:22.556+0000] {processor.py:925} INFO - DAG(s) 'example_skip_dag' retrieved from /home/airflow/.local/lib/python3.12/site-packages/airflow/example_dags/example_skip_dag.py
[2025-02-23T04:55:22.575+0000] {logging_mixin.py:190} INFO - [2025-02-23T04:55:22.575+0000] {dag.py:3239} INFO - Sync 1 DAGs
[2025-02-23T04:55:22.598+0000] {logging_mixin.py:190} INFO - [2025-02-23T04:55:22.598+0000] {dag.py:4180} INFO - Setting next_dagrun for example_skip_dag to 2025-02-22 00:00:00+00:00, run_after=2025-02-23 00:00:00+00:00
[2025-02-23T04:55:22.612+0000] {processor.py:208} INFO - Processing /home/airflow/.local/lib/python3.12/site-packages/airflow/example_dags/example_skip_dag.py took 0.069 seconds
[2025-02-23T04:55:52.887+0000] {processor.py:186} INFO - Started process (PID=1087) to work on /home/airflow/.local/lib/python3.12/site-packages/airflow/example_dags/example_skip_dag.py
[2025-02-23T04:55:52.887+0000] {processor.py:914} INFO - Processing file /home/airflow/.local/lib/python3.12/site-packages/airflow/example_dags/example_skip_dag.py for tasks to queue
[2025-02-23T04:55:52.889+0000] {logging_mixin.py:190} INFO - [2025-02-23T04:55:52.889+0000] {dagbag.py:588} INFO - Filling up the DagBag from /home/airflow/.local/lib/python3.12/site-packages/airflow/example_dags/example_skip_dag.py
[2025-02-23T04:55:52.895+0000] {processor.py:925} INFO - DAG(s) 'example_skip_dag' retrieved from /home/airflow/.local/lib/python3.12/site-packages/airflow/example_dags/example_skip_dag.py
[2025-02-23T04:55:52.914+0000] {logging_mixin.py:190} INFO - [2025-02-23T04:55:52.914+0000] {dag.py:3239} INFO - Sync 1 DAGs
[2025-02-23T04:55:52.937+0000] {logging_mixin.py:190} INFO - [2025-02-23T04:55:52.937+0000] {dag.py:4180} INFO - Setting next_dagrun for example_skip_dag to 2025-02-22 00:00:00+00:00, run_after=2025-02-23 00:00:00+00:00
[2025-02-23T04:55:52.951+0000] {processor.py:208} INFO - Processing /home/airflow/.local/lib/python3.12/site-packages/airflow/example_dags/example_skip_dag.py took 0.069 seconds
[2025-02-23T04:56:23.031+0000] {processor.py:186} INFO - Started process (PID=1150) to work on /home/airflow/.local/lib/python3.12/site-packages/airflow/example_dags/example_skip_dag.py
[2025-02-23T04:56:23.032+0000] {processor.py:914} INFO - Processing file /home/airflow/.local/lib/python3.12/site-packages/airflow/example_dags/example_skip_dag.py for tasks to queue
[2025-02-23T04:56:23.034+0000] {logging_mixin.py:190} INFO - [2025-02-23T04:56:23.033+0000] {dagbag.py:588} INFO - Filling up the DagBag from /home/airflow/.local/lib/python3.12/site-packages/airflow/example_dags/example_skip_dag.py
[2025-02-23T04:56:23.041+0000] {processor.py:925} INFO - DAG(s) 'example_skip_dag' retrieved from /home/airflow/.local/lib/python3.12/site-packages/airflow/example_dags/example_skip_dag.py
[2025-02-23T04:56:23.067+0000] {logging_mixin.py:190} INFO - [2025-02-23T04:56:23.067+0000] {dag.py:3239} INFO - Sync 1 DAGs
[2025-02-23T04:56:23.090+0000] {logging_mixin.py:190} INFO - [2025-02-23T04:56:23.090+0000] {dag.py:4180} INFO - Setting next_dagrun for example_skip_dag to 2025-02-22 00:00:00+00:00, run_after=2025-02-23 00:00:00+00:00
[2025-02-23T04:56:23.105+0000] {processor.py:208} INFO - Processing /home/airflow/.local/lib/python3.12/site-packages/airflow/example_dags/example_skip_dag.py took 0.079 seconds
[2025-02-23T04:56:53.242+0000] {processor.py:186} INFO - Started process (PID=1213) to work on /home/airflow/.local/lib/python3.12/site-packages/airflow/example_dags/example_skip_dag.py
[2025-02-23T04:56:53.243+0000] {processor.py:914} INFO - Processing file /home/airflow/.local/lib/python3.12/site-packages/airflow/example_dags/example_skip_dag.py for tasks to queue
[2025-02-23T04:56:53.244+0000] {logging_mixin.py:190} INFO - [2025-02-23T04:56:53.244+0000] {dagbag.py:588} INFO - Filling up the DagBag from /home/airflow/.local/lib/python3.12/site-packages/airflow/example_dags/example_skip_dag.py
[2025-02-23T04:56:53.251+0000] {processor.py:925} INFO - DAG(s) 'example_skip_dag' retrieved from /home/airflow/.local/lib/python3.12/site-packages/airflow/example_dags/example_skip_dag.py
[2025-02-23T04:56:53.269+0000] {logging_mixin.py:190} INFO - [2025-02-23T04:56:53.268+0000] {dag.py:3239} INFO - Sync 1 DAGs
[2025-02-23T04:56:53.289+0000] {logging_mixin.py:190} INFO - [2025-02-23T04:56:53.288+0000] {dag.py:4180} INFO - Setting next_dagrun for example_skip_dag to 2025-02-22 00:00:00+00:00, run_after=2025-02-23 00:00:00+00:00
[2025-02-23T04:56:53.304+0000] {processor.py:208} INFO - Processing /home/airflow/.local/lib/python3.12/site-packages/airflow/example_dags/example_skip_dag.py took 0.066 seconds
[2025-02-23T04:57:23.512+0000] {processor.py:186} INFO - Started process (PID=1276) to work on /home/airflow/.local/lib/python3.12/site-packages/airflow/example_dags/example_skip_dag.py
[2025-02-23T04:57:23.512+0000] {processor.py:914} INFO - Processing file /home/airflow/.local/lib/python3.12/site-packages/airflow/example_dags/example_skip_dag.py for tasks to queue
[2025-02-23T04:57:23.514+0000] {logging_mixin.py:190} INFO - [2025-02-23T04:57:23.514+0000] {dagbag.py:588} INFO - Filling up the DagBag from /home/airflow/.local/lib/python3.12/site-packages/airflow/example_dags/example_skip_dag.py
[2025-02-23T04:57:23.520+0000] {processor.py:925} INFO - DAG(s) 'example_skip_dag' retrieved from /home/airflow/.local/lib/python3.12/site-packages/airflow/example_dags/example_skip_dag.py
[2025-02-23T04:57:23.537+0000] {logging_mixin.py:190} INFO - [2025-02-23T04:57:23.537+0000] {dag.py:3239} INFO - Sync 1 DAGs
[2025-02-23T04:57:23.555+0000] {logging_mixin.py:190} INFO - [2025-02-23T04:57:23.555+0000] {dag.py:4180} INFO - Setting next_dagrun for example_skip_dag to 2025-02-22 00:00:00+00:00, run_after=2025-02-23 00:00:00+00:00
[2025-02-23T04:57:23.568+0000] {processor.py:208} INFO - Processing /home/airflow/.local/lib/python3.12/site-packages/airflow/example_dags/example_skip_dag.py took 0.060 seconds
[2025-02-23T04:57:54.109+0000] {processor.py:186} INFO - Started process (PID=1340) to work on /home/airflow/.local/lib/python3.12/site-packages/airflow/example_dags/example_skip_dag.py
[2025-02-23T04:57:54.110+0000] {processor.py:914} INFO - Processing file /home/airflow/.local/lib/python3.12/site-packages/airflow/example_dags/example_skip_dag.py for tasks to queue
[2025-02-23T04:57:54.112+0000] {logging_mixin.py:190} INFO - [2025-02-23T04:57:54.111+0000] {dagbag.py:588} INFO - Filling up the DagBag from /home/airflow/.local/lib/python3.12/site-packages/airflow/example_dags/example_skip_dag.py
[2025-02-23T04:57:54.120+0000] {processor.py:925} INFO - DAG(s) 'example_skip_dag' retrieved from /home/airflow/.local/lib/python3.12/site-packages/airflow/example_dags/example_skip_dag.py
[2025-02-23T04:57:54.140+0000] {logging_mixin.py:190} INFO - [2025-02-23T04:57:54.140+0000] {dag.py:3239} INFO - Sync 1 DAGs
[2025-02-23T04:57:54.160+0000] {logging_mixin.py:190} INFO - [2025-02-23T04:57:54.160+0000] {dag.py:4180} INFO - Setting next_dagrun for example_skip_dag to 2025-02-22 00:00:00+00:00, run_after=2025-02-23 00:00:00+00:00
[2025-02-23T04:57:54.175+0000] {processor.py:208} INFO - Processing /home/airflow/.local/lib/python3.12/site-packages/airflow/example_dags/example_skip_dag.py took 0.070 seconds
[2025-02-23T04:58:24.550+0000] {processor.py:186} INFO - Started process (PID=1403) to work on /home/airflow/.local/lib/python3.12/site-packages/airflow/example_dags/example_skip_dag.py
[2025-02-23T04:58:24.550+0000] {processor.py:914} INFO - Processing file /home/airflow/.local/lib/python3.12/site-packages/airflow/example_dags/example_skip_dag.py for tasks to queue
[2025-02-23T04:58:24.552+0000] {logging_mixin.py:190} INFO - [2025-02-23T04:58:24.552+0000] {dagbag.py:588} INFO - Filling up the DagBag from /home/airflow/.local/lib/python3.12/site-packages/airflow/example_dags/example_skip_dag.py
[2025-02-23T04:58:24.559+0000] {processor.py:925} INFO - DAG(s) 'example_skip_dag' retrieved from /home/airflow/.local/lib/python3.12/site-packages/airflow/example_dags/example_skip_dag.py
[2025-02-23T04:58:24.575+0000] {logging_mixin.py:190} INFO - [2025-02-23T04:58:24.575+0000] {dag.py:3239} INFO - Sync 1 DAGs
[2025-02-23T04:58:24.594+0000] {logging_mixin.py:190} INFO - [2025-02-23T04:58:24.594+0000] {dag.py:4180} INFO - Setting next_dagrun for example_skip_dag to 2025-02-22 00:00:00+00:00, run_after=2025-02-23 00:00:00+00:00
[2025-02-23T04:58:24.608+0000] {processor.py:208} INFO - Processing /home/airflow/.local/lib/python3.12/site-packages/airflow/example_dags/example_skip_dag.py took 0.063 seconds
