[2025-02-23T04:47:52.772+0000] {processor.py:186} INFO - Started process (PID=103) to work on /home/airflow/.local/lib/python3.12/site-packages/airflow/example_dags/example_latest_only_with_trigger.py
[2025-02-23T04:47:52.773+0000] {processor.py:914} INFO - Processing file /home/airflow/.local/lib/python3.12/site-packages/airflow/example_dags/example_latest_only_with_trigger.py for tasks to queue
[2025-02-23T04:47:52.775+0000] {logging_mixin.py:190} INFO - [2025-02-23T04:47:52.774+0000] {dagbag.py:588} INFO - Filling up the DagBag from /home/airflow/.local/lib/python3.12/site-packages/airflow/example_dags/example_latest_only_with_trigger.py
[2025-02-23T04:47:52.781+0000] {processor.py:925} INFO - DAG(s) 'latest_only_with_trigger' retrieved from /home/airflow/.local/lib/python3.12/site-packages/airflow/example_dags/example_latest_only_with_trigger.py
[2025-02-23T04:47:52.876+0000] {logging_mixin.py:190} INFO - [2025-02-23T04:47:52.875+0000] {override.py:1911} INFO - Created Permission View: can delete on DAG:latest_only_with_trigger
[2025-02-23T04:47:52.884+0000] {logging_mixin.py:190} INFO - [2025-02-23T04:47:52.883+0000] {override.py:1911} INFO - Created Permission View: can edit on DAG:latest_only_with_trigger
[2025-02-23T04:47:52.888+0000] {logging_mixin.py:190} INFO - [2025-02-23T04:47:52.888+0000] {override.py:1911} INFO - Created Permission View: can read on DAG:latest_only_with_trigger
[2025-02-23T04:47:52.893+0000] {logging_mixin.py:190} INFO - [2025-02-23T04:47:52.893+0000] {override.py:1911} INFO - Created Permission View: can create on DAG Run:latest_only_with_trigger
[2025-02-23T04:47:52.899+0000] {logging_mixin.py:190} INFO - [2025-02-23T04:47:52.899+0000] {override.py:1911} INFO - Created Permission View: menu access on DAG Run:latest_only_with_trigger
[2025-02-23T04:47:52.904+0000] {logging_mixin.py:190} INFO - [2025-02-23T04:47:52.904+0000] {override.py:1911} INFO - Created Permission View: can delete on DAG Run:latest_only_with_trigger
[2025-02-23T04:47:52.909+0000] {logging_mixin.py:190} INFO - [2025-02-23T04:47:52.909+0000] {override.py:1911} INFO - Created Permission View: can read on DAG Run:latest_only_with_trigger
[2025-02-23T04:47:52.910+0000] {logging_mixin.py:190} INFO - [2025-02-23T04:47:52.910+0000] {dag.py:3239} INFO - Sync 1 DAGs
[2025-02-23T04:47:52.927+0000] {logging_mixin.py:190} INFO - [2025-02-23T04:47:52.927+0000] {dag.py:3262} INFO - Creating ORM DAG for latest_only_with_trigger
[2025-02-23T04:47:52.938+0000] {logging_mixin.py:190} INFO - [2025-02-23T04:47:52.937+0000] {dag.py:4180} INFO - Setting next_dagrun for latest_only_with_trigger to 2025-02-23 00:00:00+00:00, run_after=2025-02-23 04:00:00+00:00
[2025-02-23T04:47:52.952+0000] {processor.py:208} INFO - Processing /home/airflow/.local/lib/python3.12/site-packages/airflow/example_dags/example_latest_only_with_trigger.py took 0.186 seconds
[2025-02-23T04:48:23.853+0000] {processor.py:186} INFO - Started process (PID=165) to work on /home/airflow/.local/lib/python3.12/site-packages/airflow/example_dags/example_latest_only_with_trigger.py
[2025-02-23T04:48:23.853+0000] {processor.py:914} INFO - Processing file /home/airflow/.local/lib/python3.12/site-packages/airflow/example_dags/example_latest_only_with_trigger.py for tasks to queue
[2025-02-23T04:48:23.855+0000] {logging_mixin.py:190} INFO - [2025-02-23T04:48:23.855+0000] {dagbag.py:588} INFO - Filling up the DagBag from /home/airflow/.local/lib/python3.12/site-packages/airflow/example_dags/example_latest_only_with_trigger.py
[2025-02-23T04:48:23.861+0000] {processor.py:925} INFO - DAG(s) 'latest_only_with_trigger' retrieved from /home/airflow/.local/lib/python3.12/site-packages/airflow/example_dags/example_latest_only_with_trigger.py
[2025-02-23T04:48:23.879+0000] {logging_mixin.py:190} INFO - [2025-02-23T04:48:23.879+0000] {dag.py:3239} INFO - Sync 1 DAGs
[2025-02-23T04:48:23.898+0000] {logging_mixin.py:190} INFO - [2025-02-23T04:48:23.898+0000] {dag.py:4180} INFO - Setting next_dagrun for latest_only_with_trigger to 2025-02-23 00:00:00+00:00, run_after=2025-02-23 04:00:00+00:00
[2025-02-23T04:48:23.915+0000] {processor.py:208} INFO - Processing /home/airflow/.local/lib/python3.12/site-packages/airflow/example_dags/example_latest_only_with_trigger.py took 0.066 seconds
[2025-02-23T04:48:54.332+0000] {processor.py:186} INFO - Started process (PID=228) to work on /home/airflow/.local/lib/python3.12/site-packages/airflow/example_dags/example_latest_only_with_trigger.py
[2025-02-23T04:48:54.333+0000] {processor.py:914} INFO - Processing file /home/airflow/.local/lib/python3.12/site-packages/airflow/example_dags/example_latest_only_with_trigger.py for tasks to queue
[2025-02-23T04:48:54.334+0000] {logging_mixin.py:190} INFO - [2025-02-23T04:48:54.334+0000] {dagbag.py:588} INFO - Filling up the DagBag from /home/airflow/.local/lib/python3.12/site-packages/airflow/example_dags/example_latest_only_with_trigger.py
[2025-02-23T04:48:54.340+0000] {processor.py:925} INFO - DAG(s) 'latest_only_with_trigger' retrieved from /home/airflow/.local/lib/python3.12/site-packages/airflow/example_dags/example_latest_only_with_trigger.py
[2025-02-23T04:48:54.359+0000] {logging_mixin.py:190} INFO - [2025-02-23T04:48:54.358+0000] {dag.py:3239} INFO - Sync 1 DAGs
[2025-02-23T04:48:54.382+0000] {logging_mixin.py:190} INFO - [2025-02-23T04:48:54.382+0000] {dag.py:4180} INFO - Setting next_dagrun for latest_only_with_trigger to 2025-02-23 00:00:00+00:00, run_after=2025-02-23 04:00:00+00:00
[2025-02-23T04:48:54.397+0000] {processor.py:208} INFO - Processing /home/airflow/.local/lib/python3.12/site-packages/airflow/example_dags/example_latest_only_with_trigger.py took 0.070 seconds
[2025-02-23T04:49:25.029+0000] {processor.py:186} INFO - Started process (PID=291) to work on /home/airflow/.local/lib/python3.12/site-packages/airflow/example_dags/example_latest_only_with_trigger.py
[2025-02-23T04:49:25.029+0000] {processor.py:914} INFO - Processing file /home/airflow/.local/lib/python3.12/site-packages/airflow/example_dags/example_latest_only_with_trigger.py for tasks to queue
[2025-02-23T04:49:25.031+0000] {logging_mixin.py:190} INFO - [2025-02-23T04:49:25.030+0000] {dagbag.py:588} INFO - Filling up the DagBag from /home/airflow/.local/lib/python3.12/site-packages/airflow/example_dags/example_latest_only_with_trigger.py
[2025-02-23T04:49:25.036+0000] {processor.py:925} INFO - DAG(s) 'latest_only_with_trigger' retrieved from /home/airflow/.local/lib/python3.12/site-packages/airflow/example_dags/example_latest_only_with_trigger.py
[2025-02-23T04:49:25.056+0000] {logging_mixin.py:190} INFO - [2025-02-23T04:49:25.056+0000] {dag.py:3239} INFO - Sync 1 DAGs
[2025-02-23T04:49:25.082+0000] {logging_mixin.py:190} INFO - [2025-02-23T04:49:25.082+0000] {dag.py:4180} INFO - Setting next_dagrun for latest_only_with_trigger to 2025-02-23 00:00:00+00:00, run_after=2025-02-23 04:00:00+00:00
[2025-02-23T04:49:25.096+0000] {processor.py:208} INFO - Processing /home/airflow/.local/lib/python3.12/site-packages/airflow/example_dags/example_latest_only_with_trigger.py took 0.072 seconds
[2025-02-23T04:49:56.205+0000] {processor.py:186} INFO - Started process (PID=353) to work on /home/airflow/.local/lib/python3.12/site-packages/airflow/example_dags/example_latest_only_with_trigger.py
[2025-02-23T04:49:56.206+0000] {processor.py:914} INFO - Processing file /home/airflow/.local/lib/python3.12/site-packages/airflow/example_dags/example_latest_only_with_trigger.py for tasks to queue
[2025-02-23T04:49:56.207+0000] {logging_mixin.py:190} INFO - [2025-02-23T04:49:56.207+0000] {dagbag.py:588} INFO - Filling up the DagBag from /home/airflow/.local/lib/python3.12/site-packages/airflow/example_dags/example_latest_only_with_trigger.py
[2025-02-23T04:49:56.214+0000] {processor.py:925} INFO - DAG(s) 'latest_only_with_trigger' retrieved from /home/airflow/.local/lib/python3.12/site-packages/airflow/example_dags/example_latest_only_with_trigger.py
[2025-02-23T04:49:56.230+0000] {logging_mixin.py:190} INFO - [2025-02-23T04:49:56.230+0000] {dag.py:3239} INFO - Sync 1 DAGs
[2025-02-23T04:49:56.250+0000] {logging_mixin.py:190} INFO - [2025-02-23T04:49:56.250+0000] {dag.py:4180} INFO - Setting next_dagrun for latest_only_with_trigger to 2025-02-23 00:00:00+00:00, run_after=2025-02-23 04:00:00+00:00
[2025-02-23T04:49:56.265+0000] {processor.py:208} INFO - Processing /home/airflow/.local/lib/python3.12/site-packages/airflow/example_dags/example_latest_only_with_trigger.py took 0.064 seconds
[2025-02-23T04:50:27.345+0000] {processor.py:186} INFO - Started process (PID=416) to work on /home/airflow/.local/lib/python3.12/site-packages/airflow/example_dags/example_latest_only_with_trigger.py
[2025-02-23T04:50:27.346+0000] {processor.py:914} INFO - Processing file /home/airflow/.local/lib/python3.12/site-packages/airflow/example_dags/example_latest_only_with_trigger.py for tasks to queue
[2025-02-23T04:50:27.347+0000] {logging_mixin.py:190} INFO - [2025-02-23T04:50:27.347+0000] {dagbag.py:588} INFO - Filling up the DagBag from /home/airflow/.local/lib/python3.12/site-packages/airflow/example_dags/example_latest_only_with_trigger.py
[2025-02-23T04:50:27.353+0000] {processor.py:925} INFO - DAG(s) 'latest_only_with_trigger' retrieved from /home/airflow/.local/lib/python3.12/site-packages/airflow/example_dags/example_latest_only_with_trigger.py
[2025-02-23T04:50:27.368+0000] {logging_mixin.py:190} INFO - [2025-02-23T04:50:27.368+0000] {dag.py:3239} INFO - Sync 1 DAGs
[2025-02-23T04:50:27.387+0000] {logging_mixin.py:190} INFO - [2025-02-23T04:50:27.387+0000] {dag.py:4180} INFO - Setting next_dagrun for latest_only_with_trigger to 2025-02-23 00:00:00+00:00, run_after=2025-02-23 04:00:00+00:00
[2025-02-23T04:50:27.400+0000] {processor.py:208} INFO - Processing /home/airflow/.local/lib/python3.12/site-packages/airflow/example_dags/example_latest_only_with_trigger.py took 0.059 seconds
[2025-02-23T04:50:58.451+0000] {processor.py:186} INFO - Started process (PID=479) to work on /home/airflow/.local/lib/python3.12/site-packages/airflow/example_dags/example_latest_only_with_trigger.py
[2025-02-23T04:50:58.451+0000] {processor.py:914} INFO - Processing file /home/airflow/.local/lib/python3.12/site-packages/airflow/example_dags/example_latest_only_with_trigger.py for tasks to queue
[2025-02-23T04:50:58.453+0000] {logging_mixin.py:190} INFO - [2025-02-23T04:50:58.453+0000] {dagbag.py:588} INFO - Filling up the DagBag from /home/airflow/.local/lib/python3.12/site-packages/airflow/example_dags/example_latest_only_with_trigger.py
[2025-02-23T04:50:58.461+0000] {processor.py:925} INFO - DAG(s) 'latest_only_with_trigger' retrieved from /home/airflow/.local/lib/python3.12/site-packages/airflow/example_dags/example_latest_only_with_trigger.py
[2025-02-23T04:50:58.492+0000] {logging_mixin.py:190} INFO - [2025-02-23T04:50:58.491+0000] {dag.py:3239} INFO - Sync 1 DAGs
[2025-02-23T04:50:58.522+0000] {logging_mixin.py:190} INFO - [2025-02-23T04:50:58.521+0000] {dag.py:4180} INFO - Setting next_dagrun for latest_only_with_trigger to 2025-02-23 00:00:00+00:00, run_after=2025-02-23 04:00:00+00:00
[2025-02-23T04:50:58.537+0000] {processor.py:208} INFO - Processing /home/airflow/.local/lib/python3.12/site-packages/airflow/example_dags/example_latest_only_with_trigger.py took 0.091 seconds
[2025-02-23T04:51:29.228+0000] {processor.py:186} INFO - Started process (PID=542) to work on /home/airflow/.local/lib/python3.12/site-packages/airflow/example_dags/example_latest_only_with_trigger.py
[2025-02-23T04:51:29.229+0000] {processor.py:914} INFO - Processing file /home/airflow/.local/lib/python3.12/site-packages/airflow/example_dags/example_latest_only_with_trigger.py for tasks to queue
[2025-02-23T04:51:29.231+0000] {logging_mixin.py:190} INFO - [2025-02-23T04:51:29.230+0000] {dagbag.py:588} INFO - Filling up the DagBag from /home/airflow/.local/lib/python3.12/site-packages/airflow/example_dags/example_latest_only_with_trigger.py
[2025-02-23T04:51:29.239+0000] {processor.py:925} INFO - DAG(s) 'latest_only_with_trigger' retrieved from /home/airflow/.local/lib/python3.12/site-packages/airflow/example_dags/example_latest_only_with_trigger.py
[2025-02-23T04:51:29.257+0000] {logging_mixin.py:190} INFO - [2025-02-23T04:51:29.257+0000] {dag.py:3239} INFO - Sync 1 DAGs
[2025-02-23T04:51:29.282+0000] {logging_mixin.py:190} INFO - [2025-02-23T04:51:29.282+0000] {dag.py:4180} INFO - Setting next_dagrun for latest_only_with_trigger to 2025-02-23 00:00:00+00:00, run_after=2025-02-23 04:00:00+00:00
[2025-02-23T04:51:29.297+0000] {processor.py:208} INFO - Processing /home/airflow/.local/lib/python3.12/site-packages/airflow/example_dags/example_latest_only_with_trigger.py took 0.075 seconds
[2025-02-23T04:52:00.387+0000] {processor.py:186} INFO - Started process (PID=605) to work on /home/airflow/.local/lib/python3.12/site-packages/airflow/example_dags/example_latest_only_with_trigger.py
[2025-02-23T04:52:00.388+0000] {processor.py:914} INFO - Processing file /home/airflow/.local/lib/python3.12/site-packages/airflow/example_dags/example_latest_only_with_trigger.py for tasks to queue
[2025-02-23T04:52:00.389+0000] {logging_mixin.py:190} INFO - [2025-02-23T04:52:00.389+0000] {dagbag.py:588} INFO - Filling up the DagBag from /home/airflow/.local/lib/python3.12/site-packages/airflow/example_dags/example_latest_only_with_trigger.py
[2025-02-23T04:52:00.396+0000] {processor.py:925} INFO - DAG(s) 'latest_only_with_trigger' retrieved from /home/airflow/.local/lib/python3.12/site-packages/airflow/example_dags/example_latest_only_with_trigger.py
[2025-02-23T04:52:00.413+0000] {logging_mixin.py:190} INFO - [2025-02-23T04:52:00.412+0000] {dag.py:3239} INFO - Sync 1 DAGs
[2025-02-23T04:52:00.431+0000] {logging_mixin.py:190} INFO - [2025-02-23T04:52:00.431+0000] {dag.py:4180} INFO - Setting next_dagrun for latest_only_with_trigger to 2025-02-23 00:00:00+00:00, run_after=2025-02-23 04:00:00+00:00
[2025-02-23T04:52:00.444+0000] {processor.py:208} INFO - Processing /home/airflow/.local/lib/python3.12/site-packages/airflow/example_dags/example_latest_only_with_trigger.py took 0.062 seconds
[2025-02-23T04:52:31.346+0000] {processor.py:186} INFO - Started process (PID=668) to work on /home/airflow/.local/lib/python3.12/site-packages/airflow/example_dags/example_latest_only_with_trigger.py
[2025-02-23T04:52:31.347+0000] {processor.py:914} INFO - Processing file /home/airflow/.local/lib/python3.12/site-packages/airflow/example_dags/example_latest_only_with_trigger.py for tasks to queue
[2025-02-23T04:52:31.348+0000] {logging_mixin.py:190} INFO - [2025-02-23T04:52:31.348+0000] {dagbag.py:588} INFO - Filling up the DagBag from /home/airflow/.local/lib/python3.12/site-packages/airflow/example_dags/example_latest_only_with_trigger.py
[2025-02-23T04:52:31.354+0000] {processor.py:925} INFO - DAG(s) 'latest_only_with_trigger' retrieved from /home/airflow/.local/lib/python3.12/site-packages/airflow/example_dags/example_latest_only_with_trigger.py
[2025-02-23T04:52:31.372+0000] {logging_mixin.py:190} INFO - [2025-02-23T04:52:31.372+0000] {dag.py:3239} INFO - Sync 1 DAGs
[2025-02-23T04:52:31.391+0000] {logging_mixin.py:190} INFO - [2025-02-23T04:52:31.390+0000] {dag.py:4180} INFO - Setting next_dagrun for latest_only_with_trigger to 2025-02-23 00:00:00+00:00, run_after=2025-02-23 04:00:00+00:00
[2025-02-23T04:52:31.405+0000] {processor.py:208} INFO - Processing /home/airflow/.local/lib/python3.12/site-packages/airflow/example_dags/example_latest_only_with_trigger.py took 0.063 seconds
[2025-02-23T04:53:02.402+0000] {processor.py:186} INFO - Started process (PID=731) to work on /home/airflow/.local/lib/python3.12/site-packages/airflow/example_dags/example_latest_only_with_trigger.py
[2025-02-23T04:53:02.403+0000] {processor.py:914} INFO - Processing file /home/airflow/.local/lib/python3.12/site-packages/airflow/example_dags/example_latest_only_with_trigger.py for tasks to queue
[2025-02-23T04:53:02.405+0000] {logging_mixin.py:190} INFO - [2025-02-23T04:53:02.404+0000] {dagbag.py:588} INFO - Filling up the DagBag from /home/airflow/.local/lib/python3.12/site-packages/airflow/example_dags/example_latest_only_with_trigger.py
[2025-02-23T04:53:02.410+0000] {processor.py:925} INFO - DAG(s) 'latest_only_with_trigger' retrieved from /home/airflow/.local/lib/python3.12/site-packages/airflow/example_dags/example_latest_only_with_trigger.py
[2025-02-23T04:53:02.426+0000] {logging_mixin.py:190} INFO - [2025-02-23T04:53:02.426+0000] {dag.py:3239} INFO - Sync 1 DAGs
[2025-02-23T04:53:02.444+0000] {logging_mixin.py:190} INFO - [2025-02-23T04:53:02.444+0000] {dag.py:4180} INFO - Setting next_dagrun for latest_only_with_trigger to 2025-02-23 00:00:00+00:00, run_after=2025-02-23 04:00:00+00:00
[2025-02-23T04:53:02.457+0000] {processor.py:208} INFO - Processing /home/airflow/.local/lib/python3.12/site-packages/airflow/example_dags/example_latest_only_with_trigger.py took 0.058 seconds
[2025-02-23T04:53:33.456+0000] {processor.py:186} INFO - Started process (PID=794) to work on /home/airflow/.local/lib/python3.12/site-packages/airflow/example_dags/example_latest_only_with_trigger.py
[2025-02-23T04:53:33.457+0000] {processor.py:914} INFO - Processing file /home/airflow/.local/lib/python3.12/site-packages/airflow/example_dags/example_latest_only_with_trigger.py for tasks to queue
[2025-02-23T04:53:33.458+0000] {logging_mixin.py:190} INFO - [2025-02-23T04:53:33.458+0000] {dagbag.py:588} INFO - Filling up the DagBag from /home/airflow/.local/lib/python3.12/site-packages/airflow/example_dags/example_latest_only_with_trigger.py
[2025-02-23T04:53:33.464+0000] {processor.py:925} INFO - DAG(s) 'latest_only_with_trigger' retrieved from /home/airflow/.local/lib/python3.12/site-packages/airflow/example_dags/example_latest_only_with_trigger.py
[2025-02-23T04:53:33.482+0000] {logging_mixin.py:190} INFO - [2025-02-23T04:53:33.482+0000] {dag.py:3239} INFO - Sync 1 DAGs
[2025-02-23T04:53:33.505+0000] {logging_mixin.py:190} INFO - [2025-02-23T04:53:33.505+0000] {dag.py:4180} INFO - Setting next_dagrun for latest_only_with_trigger to 2025-02-23 00:00:00+00:00, run_after=2025-02-23 04:00:00+00:00
[2025-02-23T04:53:33.521+0000] {processor.py:208} INFO - Processing /home/airflow/.local/lib/python3.12/site-packages/airflow/example_dags/example_latest_only_with_trigger.py took 0.069 seconds
[2025-02-23T04:54:04.543+0000] {processor.py:186} INFO - Started process (PID=857) to work on /home/airflow/.local/lib/python3.12/site-packages/airflow/example_dags/example_latest_only_with_trigger.py
[2025-02-23T04:54:04.543+0000] {processor.py:914} INFO - Processing file /home/airflow/.local/lib/python3.12/site-packages/airflow/example_dags/example_latest_only_with_trigger.py for tasks to queue
[2025-02-23T04:54:04.545+0000] {logging_mixin.py:190} INFO - [2025-02-23T04:54:04.545+0000] {dagbag.py:588} INFO - Filling up the DagBag from /home/airflow/.local/lib/python3.12/site-packages/airflow/example_dags/example_latest_only_with_trigger.py
[2025-02-23T04:54:04.550+0000] {processor.py:925} INFO - DAG(s) 'latest_only_with_trigger' retrieved from /home/airflow/.local/lib/python3.12/site-packages/airflow/example_dags/example_latest_only_with_trigger.py
[2025-02-23T04:54:04.565+0000] {logging_mixin.py:190} INFO - [2025-02-23T04:54:04.565+0000] {dag.py:3239} INFO - Sync 1 DAGs
[2025-02-23T04:54:04.584+0000] {logging_mixin.py:190} INFO - [2025-02-23T04:54:04.583+0000] {dag.py:4180} INFO - Setting next_dagrun for latest_only_with_trigger to 2025-02-23 00:00:00+00:00, run_after=2025-02-23 04:00:00+00:00
[2025-02-23T04:54:04.598+0000] {processor.py:208} INFO - Processing /home/airflow/.local/lib/python3.12/site-packages/airflow/example_dags/example_latest_only_with_trigger.py took 0.059 seconds
[2025-02-23T04:54:35.754+0000] {processor.py:186} INFO - Started process (PID=920) to work on /home/airflow/.local/lib/python3.12/site-packages/airflow/example_dags/example_latest_only_with_trigger.py
[2025-02-23T04:54:35.755+0000] {processor.py:914} INFO - Processing file /home/airflow/.local/lib/python3.12/site-packages/airflow/example_dags/example_latest_only_with_trigger.py for tasks to queue
[2025-02-23T04:54:35.757+0000] {logging_mixin.py:190} INFO - [2025-02-23T04:54:35.757+0000] {dagbag.py:588} INFO - Filling up the DagBag from /home/airflow/.local/lib/python3.12/site-packages/airflow/example_dags/example_latest_only_with_trigger.py
[2025-02-23T04:54:35.764+0000] {processor.py:925} INFO - DAG(s) 'latest_only_with_trigger' retrieved from /home/airflow/.local/lib/python3.12/site-packages/airflow/example_dags/example_latest_only_with_trigger.py
[2025-02-23T04:54:35.780+0000] {logging_mixin.py:190} INFO - [2025-02-23T04:54:35.780+0000] {dag.py:3239} INFO - Sync 1 DAGs
[2025-02-23T04:54:35.798+0000] {logging_mixin.py:190} INFO - [2025-02-23T04:54:35.798+0000] {dag.py:4180} INFO - Setting next_dagrun for latest_only_with_trigger to 2025-02-23 00:00:00+00:00, run_after=2025-02-23 04:00:00+00:00
[2025-02-23T04:54:35.813+0000] {processor.py:208} INFO - Processing /home/airflow/.local/lib/python3.12/site-packages/airflow/example_dags/example_latest_only_with_trigger.py took 0.065 seconds
[2025-02-23T04:55:06.858+0000] {processor.py:186} INFO - Started process (PID=983) to work on /home/airflow/.local/lib/python3.12/site-packages/airflow/example_dags/example_latest_only_with_trigger.py
[2025-02-23T04:55:06.858+0000] {processor.py:914} INFO - Processing file /home/airflow/.local/lib/python3.12/site-packages/airflow/example_dags/example_latest_only_with_trigger.py for tasks to queue
[2025-02-23T04:55:06.860+0000] {logging_mixin.py:190} INFO - [2025-02-23T04:55:06.860+0000] {dagbag.py:588} INFO - Filling up the DagBag from /home/airflow/.local/lib/python3.12/site-packages/airflow/example_dags/example_latest_only_with_trigger.py
[2025-02-23T04:55:06.865+0000] {processor.py:925} INFO - DAG(s) 'latest_only_with_trigger' retrieved from /home/airflow/.local/lib/python3.12/site-packages/airflow/example_dags/example_latest_only_with_trigger.py
[2025-02-23T04:55:06.882+0000] {logging_mixin.py:190} INFO - [2025-02-23T04:55:06.882+0000] {dag.py:3239} INFO - Sync 1 DAGs
[2025-02-23T04:55:06.904+0000] {logging_mixin.py:190} INFO - [2025-02-23T04:55:06.904+0000] {dag.py:4180} INFO - Setting next_dagrun for latest_only_with_trigger to 2025-02-23 00:00:00+00:00, run_after=2025-02-23 04:00:00+00:00
[2025-02-23T04:55:06.917+0000] {processor.py:208} INFO - Processing /home/airflow/.local/lib/python3.12/site-packages/airflow/example_dags/example_latest_only_with_trigger.py took 0.063 seconds
[2025-02-23T04:55:38.070+0000] {processor.py:186} INFO - Started process (PID=1046) to work on /home/airflow/.local/lib/python3.12/site-packages/airflow/example_dags/example_latest_only_with_trigger.py
[2025-02-23T04:55:38.070+0000] {processor.py:914} INFO - Processing file /home/airflow/.local/lib/python3.12/site-packages/airflow/example_dags/example_latest_only_with_trigger.py for tasks to queue
[2025-02-23T04:55:38.072+0000] {logging_mixin.py:190} INFO - [2025-02-23T04:55:38.072+0000] {dagbag.py:588} INFO - Filling up the DagBag from /home/airflow/.local/lib/python3.12/site-packages/airflow/example_dags/example_latest_only_with_trigger.py
[2025-02-23T04:55:38.077+0000] {processor.py:925} INFO - DAG(s) 'latest_only_with_trigger' retrieved from /home/airflow/.local/lib/python3.12/site-packages/airflow/example_dags/example_latest_only_with_trigger.py
[2025-02-23T04:55:38.093+0000] {logging_mixin.py:190} INFO - [2025-02-23T04:55:38.092+0000] {dag.py:3239} INFO - Sync 1 DAGs
[2025-02-23T04:55:38.110+0000] {logging_mixin.py:190} INFO - [2025-02-23T04:55:38.109+0000] {dag.py:4180} INFO - Setting next_dagrun for latest_only_with_trigger to 2025-02-23 00:00:00+00:00, run_after=2025-02-23 04:00:00+00:00
[2025-02-23T04:55:38.123+0000] {processor.py:208} INFO - Processing /home/airflow/.local/lib/python3.12/site-packages/airflow/example_dags/example_latest_only_with_trigger.py took 0.058 seconds
[2025-02-23T04:56:09.403+0000] {processor.py:186} INFO - Started process (PID=1109) to work on /home/airflow/.local/lib/python3.12/site-packages/airflow/example_dags/example_latest_only_with_trigger.py
[2025-02-23T04:56:09.404+0000] {processor.py:914} INFO - Processing file /home/airflow/.local/lib/python3.12/site-packages/airflow/example_dags/example_latest_only_with_trigger.py for tasks to queue
[2025-02-23T04:56:09.405+0000] {logging_mixin.py:190} INFO - [2025-02-23T04:56:09.405+0000] {dagbag.py:588} INFO - Filling up the DagBag from /home/airflow/.local/lib/python3.12/site-packages/airflow/example_dags/example_latest_only_with_trigger.py
[2025-02-23T04:56:09.412+0000] {processor.py:925} INFO - DAG(s) 'latest_only_with_trigger' retrieved from /home/airflow/.local/lib/python3.12/site-packages/airflow/example_dags/example_latest_only_with_trigger.py
[2025-02-23T04:56:09.427+0000] {logging_mixin.py:190} INFO - [2025-02-23T04:56:09.427+0000] {dag.py:3239} INFO - Sync 1 DAGs
[2025-02-23T04:56:09.444+0000] {logging_mixin.py:190} INFO - [2025-02-23T04:56:09.444+0000] {dag.py:4180} INFO - Setting next_dagrun for latest_only_with_trigger to 2025-02-23 00:00:00+00:00, run_after=2025-02-23 04:00:00+00:00
[2025-02-23T04:56:09.456+0000] {processor.py:208} INFO - Processing /home/airflow/.local/lib/python3.12/site-packages/airflow/example_dags/example_latest_only_with_trigger.py took 0.057 seconds
[2025-02-23T04:56:40.714+0000] {processor.py:186} INFO - Started process (PID=1172) to work on /home/airflow/.local/lib/python3.12/site-packages/airflow/example_dags/example_latest_only_with_trigger.py
[2025-02-23T04:56:40.715+0000] {processor.py:914} INFO - Processing file /home/airflow/.local/lib/python3.12/site-packages/airflow/example_dags/example_latest_only_with_trigger.py for tasks to queue
[2025-02-23T04:56:40.717+0000] {logging_mixin.py:190} INFO - [2025-02-23T04:56:40.716+0000] {dagbag.py:588} INFO - Filling up the DagBag from /home/airflow/.local/lib/python3.12/site-packages/airflow/example_dags/example_latest_only_with_trigger.py
[2025-02-23T04:56:40.722+0000] {processor.py:925} INFO - DAG(s) 'latest_only_with_trigger' retrieved from /home/airflow/.local/lib/python3.12/site-packages/airflow/example_dags/example_latest_only_with_trigger.py
[2025-02-23T04:56:40.738+0000] {logging_mixin.py:190} INFO - [2025-02-23T04:56:40.738+0000] {dag.py:3239} INFO - Sync 1 DAGs
[2025-02-23T04:56:40.758+0000] {logging_mixin.py:190} INFO - [2025-02-23T04:56:40.758+0000] {dag.py:4180} INFO - Setting next_dagrun for latest_only_with_trigger to 2025-02-23 00:00:00+00:00, run_after=2025-02-23 04:00:00+00:00
[2025-02-23T04:56:40.772+0000] {processor.py:208} INFO - Processing /home/airflow/.local/lib/python3.12/site-packages/airflow/example_dags/example_latest_only_with_trigger.py took 0.062 seconds
[2025-02-23T04:57:11.910+0000] {processor.py:186} INFO - Started process (PID=1235) to work on /home/airflow/.local/lib/python3.12/site-packages/airflow/example_dags/example_latest_only_with_trigger.py
[2025-02-23T04:57:11.911+0000] {processor.py:914} INFO - Processing file /home/airflow/.local/lib/python3.12/site-packages/airflow/example_dags/example_latest_only_with_trigger.py for tasks to queue
[2025-02-23T04:57:11.912+0000] {logging_mixin.py:190} INFO - [2025-02-23T04:57:11.912+0000] {dagbag.py:588} INFO - Filling up the DagBag from /home/airflow/.local/lib/python3.12/site-packages/airflow/example_dags/example_latest_only_with_trigger.py
[2025-02-23T04:57:11.918+0000] {processor.py:925} INFO - DAG(s) 'latest_only_with_trigger' retrieved from /home/airflow/.local/lib/python3.12/site-packages/airflow/example_dags/example_latest_only_with_trigger.py
[2025-02-23T04:57:11.933+0000] {logging_mixin.py:190} INFO - [2025-02-23T04:57:11.932+0000] {dag.py:3239} INFO - Sync 1 DAGs
[2025-02-23T04:57:11.952+0000] {logging_mixin.py:190} INFO - [2025-02-23T04:57:11.952+0000] {dag.py:4180} INFO - Setting next_dagrun for latest_only_with_trigger to 2025-02-23 00:00:00+00:00, run_after=2025-02-23 04:00:00+00:00
[2025-02-23T04:57:11.965+0000] {processor.py:208} INFO - Processing /home/airflow/.local/lib/python3.12/site-packages/airflow/example_dags/example_latest_only_with_trigger.py took 0.059 seconds
[2025-02-23T04:57:43.199+0000] {processor.py:186} INFO - Started process (PID=1298) to work on /home/airflow/.local/lib/python3.12/site-packages/airflow/example_dags/example_latest_only_with_trigger.py
[2025-02-23T04:57:43.200+0000] {processor.py:914} INFO - Processing file /home/airflow/.local/lib/python3.12/site-packages/airflow/example_dags/example_latest_only_with_trigger.py for tasks to queue
[2025-02-23T04:57:43.202+0000] {logging_mixin.py:190} INFO - [2025-02-23T04:57:43.201+0000] {dagbag.py:588} INFO - Filling up the DagBag from /home/airflow/.local/lib/python3.12/site-packages/airflow/example_dags/example_latest_only_with_trigger.py
[2025-02-23T04:57:43.208+0000] {processor.py:925} INFO - DAG(s) 'latest_only_with_trigger' retrieved from /home/airflow/.local/lib/python3.12/site-packages/airflow/example_dags/example_latest_only_with_trigger.py
[2025-02-23T04:57:43.226+0000] {logging_mixin.py:190} INFO - [2025-02-23T04:57:43.226+0000] {dag.py:3239} INFO - Sync 1 DAGs
[2025-02-23T04:57:43.246+0000] {logging_mixin.py:190} INFO - [2025-02-23T04:57:43.246+0000] {dag.py:4180} INFO - Setting next_dagrun for latest_only_with_trigger to 2025-02-23 00:00:00+00:00, run_after=2025-02-23 04:00:00+00:00
[2025-02-23T04:57:43.259+0000] {processor.py:208} INFO - Processing /home/airflow/.local/lib/python3.12/site-packages/airflow/example_dags/example_latest_only_with_trigger.py took 0.065 seconds
[2025-02-23T04:58:14.560+0000] {processor.py:186} INFO - Started process (PID=1362) to work on /home/airflow/.local/lib/python3.12/site-packages/airflow/example_dags/example_latest_only_with_trigger.py
[2025-02-23T04:58:14.560+0000] {processor.py:914} INFO - Processing file /home/airflow/.local/lib/python3.12/site-packages/airflow/example_dags/example_latest_only_with_trigger.py for tasks to queue
[2025-02-23T04:58:14.562+0000] {logging_mixin.py:190} INFO - [2025-02-23T04:58:14.562+0000] {dagbag.py:588} INFO - Filling up the DagBag from /home/airflow/.local/lib/python3.12/site-packages/airflow/example_dags/example_latest_only_with_trigger.py
[2025-02-23T04:58:14.568+0000] {processor.py:925} INFO - DAG(s) 'latest_only_with_trigger' retrieved from /home/airflow/.local/lib/python3.12/site-packages/airflow/example_dags/example_latest_only_with_trigger.py
[2025-02-23T04:58:14.584+0000] {logging_mixin.py:190} INFO - [2025-02-23T04:58:14.584+0000] {dag.py:3239} INFO - Sync 1 DAGs
[2025-02-23T04:58:14.602+0000] {logging_mixin.py:190} INFO - [2025-02-23T04:58:14.602+0000] {dag.py:4180} INFO - Setting next_dagrun for latest_only_with_trigger to 2025-02-23 00:00:00+00:00, run_after=2025-02-23 04:00:00+00:00
[2025-02-23T04:58:14.614+0000] {processor.py:208} INFO - Processing /home/airflow/.local/lib/python3.12/site-packages/airflow/example_dags/example_latest_only_with_trigger.py took 0.058 seconds
[2025-02-23T04:58:46.686+0000] {processor.py:186} INFO - Started process (PID=1433) to work on /home/airflow/.local/lib/python3.12/site-packages/airflow/example_dags/example_latest_only_with_trigger.py
[2025-02-23T04:58:46.686+0000] {processor.py:914} INFO - Processing file /home/airflow/.local/lib/python3.12/site-packages/airflow/example_dags/example_latest_only_with_trigger.py for tasks to queue
[2025-02-23T04:58:46.688+0000] {logging_mixin.py:190} INFO - [2025-02-23T04:58:46.687+0000] {dagbag.py:588} INFO - Filling up the DagBag from /home/airflow/.local/lib/python3.12/site-packages/airflow/example_dags/example_latest_only_with_trigger.py
[2025-02-23T04:58:46.693+0000] {processor.py:925} INFO - DAG(s) 'latest_only_with_trigger' retrieved from /home/airflow/.local/lib/python3.12/site-packages/airflow/example_dags/example_latest_only_with_trigger.py
[2025-02-23T04:58:46.710+0000] {logging_mixin.py:190} INFO - [2025-02-23T04:58:46.710+0000] {dag.py:3239} INFO - Sync 1 DAGs
[2025-02-23T04:58:46.733+0000] {logging_mixin.py:190} INFO - [2025-02-23T04:58:46.733+0000] {dag.py:4180} INFO - Setting next_dagrun for latest_only_with_trigger to 2025-02-23 00:00:00+00:00, run_after=2025-02-23 04:00:00+00:00
[2025-02-23T04:58:46.747+0000] {processor.py:208} INFO - Processing /home/airflow/.local/lib/python3.12/site-packages/airflow/example_dags/example_latest_only_with_trigger.py took 0.066 seconds
