[2025-02-23T04:47:45.733+0000] {processor.py:186} INFO - Started process (PID=77) to work on /home/airflow/.local/lib/python3.12/site-packages/airflow/example_dags/example_branch_python_dop_operator_3.py
[2025-02-23T04:47:45.734+0000] {processor.py:914} INFO - Processing file /home/airflow/.local/lib/python3.12/site-packages/airflow/example_dags/example_branch_python_dop_operator_3.py for tasks to queue
[2025-02-23T04:47:45.736+0000] {logging_mixin.py:190} INFO - [2025-02-23T04:47:45.736+0000] {dagbag.py:588} INFO - Filling up the DagBag from /home/airflow/.local/lib/python3.12/site-packages/airflow/example_dags/example_branch_python_dop_operator_3.py
[2025-02-23T04:47:45.749+0000] {processor.py:925} INFO - DAG(s) 'example_branch_dop_operator_v3' retrieved from /home/airflow/.local/lib/python3.12/site-packages/airflow/example_dags/example_branch_python_dop_operator_3.py
[2025-02-23T04:47:46.004+0000] {logging_mixin.py:190} INFO - [2025-02-23T04:47:46.003+0000] {override.py:1911} INFO - Created Permission View: can delete on DAG:example_branch_dop_operator_v3
[2025-02-23T04:47:46.015+0000] {logging_mixin.py:190} INFO - [2025-02-23T04:47:46.015+0000] {override.py:1911} INFO - Created Permission View: can edit on DAG:example_branch_dop_operator_v3
[2025-02-23T04:47:46.029+0000] {logging_mixin.py:190} INFO - [2025-02-23T04:47:46.029+0000] {override.py:1911} INFO - Created Permission View: can read on DAG:example_branch_dop_operator_v3
[2025-02-23T04:47:46.066+0000] {logging_mixin.py:190} INFO - [2025-02-23T04:47:46.066+0000] {override.py:1911} INFO - Created Permission View: can create on DAG Run:example_branch_dop_operator_v3
[2025-02-23T04:47:46.098+0000] {logging_mixin.py:190} INFO - [2025-02-23T04:47:46.097+0000] {override.py:1911} INFO - Created Permission View: menu access on DAG Run:example_branch_dop_operator_v3
[2025-02-23T04:47:46.110+0000] {logging_mixin.py:190} INFO - [2025-02-23T04:47:46.110+0000] {override.py:1911} INFO - Created Permission View: can delete on DAG Run:example_branch_dop_operator_v3
[2025-02-23T04:47:46.124+0000] {logging_mixin.py:190} INFO - [2025-02-23T04:47:46.123+0000] {override.py:1911} INFO - Created Permission View: can read on DAG Run:example_branch_dop_operator_v3
[2025-02-23T04:47:46.124+0000] {logging_mixin.py:190} INFO - [2025-02-23T04:47:46.124+0000] {dag.py:3239} INFO - Sync 1 DAGs
[2025-02-23T04:47:46.143+0000] {logging_mixin.py:190} INFO - [2025-02-23T04:47:46.143+0000] {dag.py:3262} INFO - Creating ORM DAG for example_branch_dop_operator_v3
[2025-02-23T04:47:46.167+0000] {logging_mixin.py:190} INFO - [2025-02-23T04:47:46.167+0000] {dag.py:4180} INFO - Setting next_dagrun for example_branch_dop_operator_v3 to 2025-02-23 04:46:00+00:00, run_after=2025-02-23 04:47:00+00:00
[2025-02-23T04:47:46.182+0000] {processor.py:208} INFO - Processing /home/airflow/.local/lib/python3.12/site-packages/airflow/example_dags/example_branch_python_dop_operator_3.py took 0.457 seconds
[2025-02-23T04:48:16.965+0000] {processor.py:186} INFO - Started process (PID=139) to work on /home/airflow/.local/lib/python3.12/site-packages/airflow/example_dags/example_branch_python_dop_operator_3.py
[2025-02-23T04:48:16.966+0000] {processor.py:914} INFO - Processing file /home/airflow/.local/lib/python3.12/site-packages/airflow/example_dags/example_branch_python_dop_operator_3.py for tasks to queue
[2025-02-23T04:48:16.968+0000] {logging_mixin.py:190} INFO - [2025-02-23T04:48:16.968+0000] {dagbag.py:588} INFO - Filling up the DagBag from /home/airflow/.local/lib/python3.12/site-packages/airflow/example_dags/example_branch_python_dop_operator_3.py
[2025-02-23T04:48:16.976+0000] {processor.py:925} INFO - DAG(s) 'example_branch_dop_operator_v3' retrieved from /home/airflow/.local/lib/python3.12/site-packages/airflow/example_dags/example_branch_python_dop_operator_3.py
[2025-02-23T04:48:16.992+0000] {logging_mixin.py:190} INFO - [2025-02-23T04:48:16.992+0000] {dag.py:3239} INFO - Sync 1 DAGs
[2025-02-23T04:48:17.015+0000] {logging_mixin.py:190} INFO - [2025-02-23T04:48:17.014+0000] {dag.py:4180} INFO - Setting next_dagrun for example_branch_dop_operator_v3 to 2025-02-23 04:47:00+00:00, run_after=2025-02-23 04:48:00+00:00
[2025-02-23T04:48:17.028+0000] {processor.py:208} INFO - Processing /home/airflow/.local/lib/python3.12/site-packages/airflow/example_dags/example_branch_python_dop_operator_3.py took 0.067 seconds
[2025-02-23T04:48:47.529+0000] {processor.py:186} INFO - Started process (PID=202) to work on /home/airflow/.local/lib/python3.12/site-packages/airflow/example_dags/example_branch_python_dop_operator_3.py
[2025-02-23T04:48:47.530+0000] {processor.py:914} INFO - Processing file /home/airflow/.local/lib/python3.12/site-packages/airflow/example_dags/example_branch_python_dop_operator_3.py for tasks to queue
[2025-02-23T04:48:47.531+0000] {logging_mixin.py:190} INFO - [2025-02-23T04:48:47.531+0000] {dagbag.py:588} INFO - Filling up the DagBag from /home/airflow/.local/lib/python3.12/site-packages/airflow/example_dags/example_branch_python_dop_operator_3.py
[2025-02-23T04:48:47.541+0000] {processor.py:925} INFO - DAG(s) 'example_branch_dop_operator_v3' retrieved from /home/airflow/.local/lib/python3.12/site-packages/airflow/example_dags/example_branch_python_dop_operator_3.py
[2025-02-23T04:48:47.560+0000] {logging_mixin.py:190} INFO - [2025-02-23T04:48:47.560+0000] {dag.py:3239} INFO - Sync 1 DAGs
[2025-02-23T04:48:47.580+0000] {logging_mixin.py:190} INFO - [2025-02-23T04:48:47.580+0000] {dag.py:4180} INFO - Setting next_dagrun for example_branch_dop_operator_v3 to 2025-02-23 04:47:00+00:00, run_after=2025-02-23 04:48:00+00:00
[2025-02-23T04:48:47.594+0000] {processor.py:208} INFO - Processing /home/airflow/.local/lib/python3.12/site-packages/airflow/example_dags/example_branch_python_dop_operator_3.py took 0.069 seconds
[2025-02-23T04:49:17.919+0000] {processor.py:186} INFO - Started process (PID=265) to work on /home/airflow/.local/lib/python3.12/site-packages/airflow/example_dags/example_branch_python_dop_operator_3.py
[2025-02-23T04:49:17.919+0000] {processor.py:914} INFO - Processing file /home/airflow/.local/lib/python3.12/site-packages/airflow/example_dags/example_branch_python_dop_operator_3.py for tasks to queue
[2025-02-23T04:49:17.921+0000] {logging_mixin.py:190} INFO - [2025-02-23T04:49:17.921+0000] {dagbag.py:588} INFO - Filling up the DagBag from /home/airflow/.local/lib/python3.12/site-packages/airflow/example_dags/example_branch_python_dop_operator_3.py
[2025-02-23T04:49:17.929+0000] {processor.py:925} INFO - DAG(s) 'example_branch_dop_operator_v3' retrieved from /home/airflow/.local/lib/python3.12/site-packages/airflow/example_dags/example_branch_python_dop_operator_3.py
[2025-02-23T04:49:17.945+0000] {logging_mixin.py:190} INFO - [2025-02-23T04:49:17.945+0000] {dag.py:3239} INFO - Sync 1 DAGs
[2025-02-23T04:49:17.967+0000] {logging_mixin.py:190} INFO - [2025-02-23T04:49:17.966+0000] {dag.py:4180} INFO - Setting next_dagrun for example_branch_dop_operator_v3 to 2025-02-23 04:48:00+00:00, run_after=2025-02-23 04:49:00+00:00
[2025-02-23T04:49:17.979+0000] {processor.py:208} INFO - Processing /home/airflow/.local/lib/python3.12/site-packages/airflow/example_dags/example_branch_python_dop_operator_3.py took 0.065 seconds
[2025-02-23T04:49:48.125+0000] {processor.py:186} INFO - Started process (PID=328) to work on /home/airflow/.local/lib/python3.12/site-packages/airflow/example_dags/example_branch_python_dop_operator_3.py
[2025-02-23T04:49:48.126+0000] {processor.py:914} INFO - Processing file /home/airflow/.local/lib/python3.12/site-packages/airflow/example_dags/example_branch_python_dop_operator_3.py for tasks to queue
[2025-02-23T04:49:48.128+0000] {logging_mixin.py:190} INFO - [2025-02-23T04:49:48.127+0000] {dagbag.py:588} INFO - Filling up the DagBag from /home/airflow/.local/lib/python3.12/site-packages/airflow/example_dags/example_branch_python_dop_operator_3.py
[2025-02-23T04:49:48.135+0000] {processor.py:925} INFO - DAG(s) 'example_branch_dop_operator_v3' retrieved from /home/airflow/.local/lib/python3.12/site-packages/airflow/example_dags/example_branch_python_dop_operator_3.py
[2025-02-23T04:49:48.151+0000] {logging_mixin.py:190} INFO - [2025-02-23T04:49:48.151+0000] {dag.py:3239} INFO - Sync 1 DAGs
[2025-02-23T04:49:48.171+0000] {logging_mixin.py:190} INFO - [2025-02-23T04:49:48.171+0000] {dag.py:4180} INFO - Setting next_dagrun for example_branch_dop_operator_v3 to 2025-02-23 04:48:00+00:00, run_after=2025-02-23 04:49:00+00:00
[2025-02-23T04:49:48.186+0000] {processor.py:208} INFO - Processing /home/airflow/.local/lib/python3.12/site-packages/airflow/example_dags/example_branch_python_dop_operator_3.py took 0.067 seconds
[2025-02-23T04:50:18.533+0000] {processor.py:186} INFO - Started process (PID=391) to work on /home/airflow/.local/lib/python3.12/site-packages/airflow/example_dags/example_branch_python_dop_operator_3.py
[2025-02-23T04:50:18.535+0000] {processor.py:914} INFO - Processing file /home/airflow/.local/lib/python3.12/site-packages/airflow/example_dags/example_branch_python_dop_operator_3.py for tasks to queue
[2025-02-23T04:50:18.538+0000] {logging_mixin.py:190} INFO - [2025-02-23T04:50:18.538+0000] {dagbag.py:588} INFO - Filling up the DagBag from /home/airflow/.local/lib/python3.12/site-packages/airflow/example_dags/example_branch_python_dop_operator_3.py
[2025-02-23T04:50:18.551+0000] {processor.py:925} INFO - DAG(s) 'example_branch_dop_operator_v3' retrieved from /home/airflow/.local/lib/python3.12/site-packages/airflow/example_dags/example_branch_python_dop_operator_3.py
[2025-02-23T04:50:18.569+0000] {logging_mixin.py:190} INFO - [2025-02-23T04:50:18.569+0000] {dag.py:3239} INFO - Sync 1 DAGs
[2025-02-23T04:50:18.591+0000] {logging_mixin.py:190} INFO - [2025-02-23T04:50:18.591+0000] {dag.py:4180} INFO - Setting next_dagrun for example_branch_dop_operator_v3 to 2025-02-23 04:49:00+00:00, run_after=2025-02-23 04:50:00+00:00
[2025-02-23T04:50:18.604+0000] {processor.py:208} INFO - Processing /home/airflow/.local/lib/python3.12/site-packages/airflow/example_dags/example_branch_python_dop_operator_3.py took 0.077 seconds
[2025-02-23T04:50:48.958+0000] {processor.py:186} INFO - Started process (PID=454) to work on /home/airflow/.local/lib/python3.12/site-packages/airflow/example_dags/example_branch_python_dop_operator_3.py
[2025-02-23T04:50:48.958+0000] {processor.py:914} INFO - Processing file /home/airflow/.local/lib/python3.12/site-packages/airflow/example_dags/example_branch_python_dop_operator_3.py for tasks to queue
[2025-02-23T04:50:48.960+0000] {logging_mixin.py:190} INFO - [2025-02-23T04:50:48.960+0000] {dagbag.py:588} INFO - Filling up the DagBag from /home/airflow/.local/lib/python3.12/site-packages/airflow/example_dags/example_branch_python_dop_operator_3.py
[2025-02-23T04:50:48.968+0000] {processor.py:925} INFO - DAG(s) 'example_branch_dop_operator_v3' retrieved from /home/airflow/.local/lib/python3.12/site-packages/airflow/example_dags/example_branch_python_dop_operator_3.py
[2025-02-23T04:50:48.985+0000] {logging_mixin.py:190} INFO - [2025-02-23T04:50:48.985+0000] {dag.py:3239} INFO - Sync 1 DAGs
[2025-02-23T04:50:49.012+0000] {logging_mixin.py:190} INFO - [2025-02-23T04:50:49.012+0000] {dag.py:4180} INFO - Setting next_dagrun for example_branch_dop_operator_v3 to 2025-02-23 04:49:00+00:00, run_after=2025-02-23 04:50:00+00:00
[2025-02-23T04:50:49.028+0000] {processor.py:208} INFO - Processing /home/airflow/.local/lib/python3.12/site-packages/airflow/example_dags/example_branch_python_dop_operator_3.py took 0.075 seconds
[2025-02-23T04:51:19.565+0000] {processor.py:186} INFO - Started process (PID=517) to work on /home/airflow/.local/lib/python3.12/site-packages/airflow/example_dags/example_branch_python_dop_operator_3.py
[2025-02-23T04:51:19.565+0000] {processor.py:914} INFO - Processing file /home/airflow/.local/lib/python3.12/site-packages/airflow/example_dags/example_branch_python_dop_operator_3.py for tasks to queue
[2025-02-23T04:51:19.567+0000] {logging_mixin.py:190} INFO - [2025-02-23T04:51:19.567+0000] {dagbag.py:588} INFO - Filling up the DagBag from /home/airflow/.local/lib/python3.12/site-packages/airflow/example_dags/example_branch_python_dop_operator_3.py
[2025-02-23T04:51:19.576+0000] {processor.py:925} INFO - DAG(s) 'example_branch_dop_operator_v3' retrieved from /home/airflow/.local/lib/python3.12/site-packages/airflow/example_dags/example_branch_python_dop_operator_3.py
[2025-02-23T04:51:19.595+0000] {logging_mixin.py:190} INFO - [2025-02-23T04:51:19.595+0000] {dag.py:3239} INFO - Sync 1 DAGs
[2025-02-23T04:51:19.626+0000] {logging_mixin.py:190} INFO - [2025-02-23T04:51:19.626+0000] {dag.py:4180} INFO - Setting next_dagrun for example_branch_dop_operator_v3 to 2025-02-23 04:50:00+00:00, run_after=2025-02-23 04:51:00+00:00
[2025-02-23T04:51:19.640+0000] {processor.py:208} INFO - Processing /home/airflow/.local/lib/python3.12/site-packages/airflow/example_dags/example_branch_python_dop_operator_3.py took 0.081 seconds
[2025-02-23T04:51:49.889+0000] {processor.py:186} INFO - Started process (PID=580) to work on /home/airflow/.local/lib/python3.12/site-packages/airflow/example_dags/example_branch_python_dop_operator_3.py
[2025-02-23T04:51:49.890+0000] {processor.py:914} INFO - Processing file /home/airflow/.local/lib/python3.12/site-packages/airflow/example_dags/example_branch_python_dop_operator_3.py for tasks to queue
[2025-02-23T04:51:49.892+0000] {logging_mixin.py:190} INFO - [2025-02-23T04:51:49.891+0000] {dagbag.py:588} INFO - Filling up the DagBag from /home/airflow/.local/lib/python3.12/site-packages/airflow/example_dags/example_branch_python_dop_operator_3.py
[2025-02-23T04:51:49.899+0000] {processor.py:925} INFO - DAG(s) 'example_branch_dop_operator_v3' retrieved from /home/airflow/.local/lib/python3.12/site-packages/airflow/example_dags/example_branch_python_dop_operator_3.py
[2025-02-23T04:51:49.916+0000] {logging_mixin.py:190} INFO - [2025-02-23T04:51:49.916+0000] {dag.py:3239} INFO - Sync 1 DAGs
[2025-02-23T04:51:49.943+0000] {logging_mixin.py:190} INFO - [2025-02-23T04:51:49.943+0000] {dag.py:4180} INFO - Setting next_dagrun for example_branch_dop_operator_v3 to 2025-02-23 04:50:00+00:00, run_after=2025-02-23 04:51:00+00:00
[2025-02-23T04:51:49.957+0000] {processor.py:208} INFO - Processing /home/airflow/.local/lib/python3.12/site-packages/airflow/example_dags/example_branch_python_dop_operator_3.py took 0.072 seconds
[2025-02-23T04:52:20.089+0000] {processor.py:186} INFO - Started process (PID=643) to work on /home/airflow/.local/lib/python3.12/site-packages/airflow/example_dags/example_branch_python_dop_operator_3.py
[2025-02-23T04:52:20.090+0000] {processor.py:914} INFO - Processing file /home/airflow/.local/lib/python3.12/site-packages/airflow/example_dags/example_branch_python_dop_operator_3.py for tasks to queue
[2025-02-23T04:52:20.092+0000] {logging_mixin.py:190} INFO - [2025-02-23T04:52:20.092+0000] {dagbag.py:588} INFO - Filling up the DagBag from /home/airflow/.local/lib/python3.12/site-packages/airflow/example_dags/example_branch_python_dop_operator_3.py
[2025-02-23T04:52:20.105+0000] {processor.py:925} INFO - DAG(s) 'example_branch_dop_operator_v3' retrieved from /home/airflow/.local/lib/python3.12/site-packages/airflow/example_dags/example_branch_python_dop_operator_3.py
[2025-02-23T04:52:20.126+0000] {logging_mixin.py:190} INFO - [2025-02-23T04:52:20.126+0000] {dag.py:3239} INFO - Sync 1 DAGs
[2025-02-23T04:52:20.150+0000] {logging_mixin.py:190} INFO - [2025-02-23T04:52:20.150+0000] {dag.py:4180} INFO - Setting next_dagrun for example_branch_dop_operator_v3 to 2025-02-23 04:51:00+00:00, run_after=2025-02-23 04:52:00+00:00
[2025-02-23T04:52:20.167+0000] {processor.py:208} INFO - Processing /home/airflow/.local/lib/python3.12/site-packages/airflow/example_dags/example_branch_python_dop_operator_3.py took 0.084 seconds
[2025-02-23T04:52:50.247+0000] {processor.py:186} INFO - Started process (PID=706) to work on /home/airflow/.local/lib/python3.12/site-packages/airflow/example_dags/example_branch_python_dop_operator_3.py
[2025-02-23T04:52:50.248+0000] {processor.py:914} INFO - Processing file /home/airflow/.local/lib/python3.12/site-packages/airflow/example_dags/example_branch_python_dop_operator_3.py for tasks to queue
[2025-02-23T04:52:50.250+0000] {logging_mixin.py:190} INFO - [2025-02-23T04:52:50.249+0000] {dagbag.py:588} INFO - Filling up the DagBag from /home/airflow/.local/lib/python3.12/site-packages/airflow/example_dags/example_branch_python_dop_operator_3.py
[2025-02-23T04:52:50.260+0000] {processor.py:925} INFO - DAG(s) 'example_branch_dop_operator_v3' retrieved from /home/airflow/.local/lib/python3.12/site-packages/airflow/example_dags/example_branch_python_dop_operator_3.py
[2025-02-23T04:52:50.275+0000] {logging_mixin.py:190} INFO - [2025-02-23T04:52:50.275+0000] {dag.py:3239} INFO - Sync 1 DAGs
[2025-02-23T04:52:50.295+0000] {logging_mixin.py:190} INFO - [2025-02-23T04:52:50.295+0000] {dag.py:4180} INFO - Setting next_dagrun for example_branch_dop_operator_v3 to 2025-02-23 04:51:00+00:00, run_after=2025-02-23 04:52:00+00:00
[2025-02-23T04:52:50.307+0000] {processor.py:208} INFO - Processing /home/airflow/.local/lib/python3.12/site-packages/airflow/example_dags/example_branch_python_dop_operator_3.py took 0.065 seconds
[2025-02-23T04:53:20.707+0000] {processor.py:186} INFO - Started process (PID=769) to work on /home/airflow/.local/lib/python3.12/site-packages/airflow/example_dags/example_branch_python_dop_operator_3.py
[2025-02-23T04:53:20.708+0000] {processor.py:914} INFO - Processing file /home/airflow/.local/lib/python3.12/site-packages/airflow/example_dags/example_branch_python_dop_operator_3.py for tasks to queue
[2025-02-23T04:53:20.710+0000] {logging_mixin.py:190} INFO - [2025-02-23T04:53:20.709+0000] {dagbag.py:588} INFO - Filling up the DagBag from /home/airflow/.local/lib/python3.12/site-packages/airflow/example_dags/example_branch_python_dop_operator_3.py
[2025-02-23T04:53:20.718+0000] {processor.py:925} INFO - DAG(s) 'example_branch_dop_operator_v3' retrieved from /home/airflow/.local/lib/python3.12/site-packages/airflow/example_dags/example_branch_python_dop_operator_3.py
[2025-02-23T04:53:20.737+0000] {logging_mixin.py:190} INFO - [2025-02-23T04:53:20.737+0000] {dag.py:3239} INFO - Sync 1 DAGs
[2025-02-23T04:53:20.758+0000] {logging_mixin.py:190} INFO - [2025-02-23T04:53:20.758+0000] {dag.py:4180} INFO - Setting next_dagrun for example_branch_dop_operator_v3 to 2025-02-23 04:52:00+00:00, run_after=2025-02-23 04:53:00+00:00
[2025-02-23T04:53:20.771+0000] {processor.py:208} INFO - Processing /home/airflow/.local/lib/python3.12/site-packages/airflow/example_dags/example_branch_python_dop_operator_3.py took 0.067 seconds
[2025-02-23T04:53:50.901+0000] {processor.py:186} INFO - Started process (PID=833) to work on /home/airflow/.local/lib/python3.12/site-packages/airflow/example_dags/example_branch_python_dop_operator_3.py
[2025-02-23T04:53:50.902+0000] {processor.py:914} INFO - Processing file /home/airflow/.local/lib/python3.12/site-packages/airflow/example_dags/example_branch_python_dop_operator_3.py for tasks to queue
[2025-02-23T04:53:50.903+0000] {logging_mixin.py:190} INFO - [2025-02-23T04:53:50.903+0000] {dagbag.py:588} INFO - Filling up the DagBag from /home/airflow/.local/lib/python3.12/site-packages/airflow/example_dags/example_branch_python_dop_operator_3.py
[2025-02-23T04:53:50.911+0000] {processor.py:925} INFO - DAG(s) 'example_branch_dop_operator_v3' retrieved from /home/airflow/.local/lib/python3.12/site-packages/airflow/example_dags/example_branch_python_dop_operator_3.py
[2025-02-23T04:53:50.926+0000] {logging_mixin.py:190} INFO - [2025-02-23T04:53:50.926+0000] {dag.py:3239} INFO - Sync 1 DAGs
[2025-02-23T04:53:50.959+0000] {logging_mixin.py:190} INFO - [2025-02-23T04:53:50.958+0000] {dag.py:4180} INFO - Setting next_dagrun for example_branch_dop_operator_v3 to 2025-02-23 04:52:00+00:00, run_after=2025-02-23 04:53:00+00:00
[2025-02-23T04:53:50.983+0000] {processor.py:208} INFO - Processing /home/airflow/.local/lib/python3.12/site-packages/airflow/example_dags/example_branch_python_dop_operator_3.py took 0.086 seconds
[2025-02-23T04:54:21.055+0000] {processor.py:186} INFO - Started process (PID=896) to work on /home/airflow/.local/lib/python3.12/site-packages/airflow/example_dags/example_branch_python_dop_operator_3.py
[2025-02-23T04:54:21.055+0000] {processor.py:914} INFO - Processing file /home/airflow/.local/lib/python3.12/site-packages/airflow/example_dags/example_branch_python_dop_operator_3.py for tasks to queue
[2025-02-23T04:54:21.057+0000] {logging_mixin.py:190} INFO - [2025-02-23T04:54:21.057+0000] {dagbag.py:588} INFO - Filling up the DagBag from /home/airflow/.local/lib/python3.12/site-packages/airflow/example_dags/example_branch_python_dop_operator_3.py
[2025-02-23T04:54:21.065+0000] {processor.py:925} INFO - DAG(s) 'example_branch_dop_operator_v3' retrieved from /home/airflow/.local/lib/python3.12/site-packages/airflow/example_dags/example_branch_python_dop_operator_3.py
[2025-02-23T04:54:21.081+0000] {logging_mixin.py:190} INFO - [2025-02-23T04:54:21.081+0000] {dag.py:3239} INFO - Sync 1 DAGs
[2025-02-23T04:54:21.103+0000] {logging_mixin.py:190} INFO - [2025-02-23T04:54:21.103+0000] {dag.py:4180} INFO - Setting next_dagrun for example_branch_dop_operator_v3 to 2025-02-23 04:53:00+00:00, run_after=2025-02-23 04:54:00+00:00
[2025-02-23T04:54:21.115+0000] {processor.py:208} INFO - Processing /home/airflow/.local/lib/python3.12/site-packages/airflow/example_dags/example_branch_python_dop_operator_3.py took 0.065 seconds
[2025-02-23T04:54:51.209+0000] {processor.py:186} INFO - Started process (PID=959) to work on /home/airflow/.local/lib/python3.12/site-packages/airflow/example_dags/example_branch_python_dop_operator_3.py
[2025-02-23T04:54:51.210+0000] {processor.py:914} INFO - Processing file /home/airflow/.local/lib/python3.12/site-packages/airflow/example_dags/example_branch_python_dop_operator_3.py for tasks to queue
[2025-02-23T04:54:51.212+0000] {logging_mixin.py:190} INFO - [2025-02-23T04:54:51.211+0000] {dagbag.py:588} INFO - Filling up the DagBag from /home/airflow/.local/lib/python3.12/site-packages/airflow/example_dags/example_branch_python_dop_operator_3.py
[2025-02-23T04:54:51.219+0000] {processor.py:925} INFO - DAG(s) 'example_branch_dop_operator_v3' retrieved from /home/airflow/.local/lib/python3.12/site-packages/airflow/example_dags/example_branch_python_dop_operator_3.py
[2025-02-23T04:54:51.238+0000] {logging_mixin.py:190} INFO - [2025-02-23T04:54:51.237+0000] {dag.py:3239} INFO - Sync 1 DAGs
[2025-02-23T04:54:51.265+0000] {logging_mixin.py:190} INFO - [2025-02-23T04:54:51.264+0000] {dag.py:4180} INFO - Setting next_dagrun for example_branch_dop_operator_v3 to 2025-02-23 04:53:00+00:00, run_after=2025-02-23 04:54:00+00:00
[2025-02-23T04:54:51.279+0000] {processor.py:208} INFO - Processing /home/airflow/.local/lib/python3.12/site-packages/airflow/example_dags/example_branch_python_dop_operator_3.py took 0.074 seconds
[2025-02-23T04:55:21.453+0000] {processor.py:186} INFO - Started process (PID=1022) to work on /home/airflow/.local/lib/python3.12/site-packages/airflow/example_dags/example_branch_python_dop_operator_3.py
[2025-02-23T04:55:21.454+0000] {processor.py:914} INFO - Processing file /home/airflow/.local/lib/python3.12/site-packages/airflow/example_dags/example_branch_python_dop_operator_3.py for tasks to queue
[2025-02-23T04:55:21.455+0000] {logging_mixin.py:190} INFO - [2025-02-23T04:55:21.455+0000] {dagbag.py:588} INFO - Filling up the DagBag from /home/airflow/.local/lib/python3.12/site-packages/airflow/example_dags/example_branch_python_dop_operator_3.py
[2025-02-23T04:55:21.464+0000] {processor.py:925} INFO - DAG(s) 'example_branch_dop_operator_v3' retrieved from /home/airflow/.local/lib/python3.12/site-packages/airflow/example_dags/example_branch_python_dop_operator_3.py
[2025-02-23T04:55:21.481+0000] {logging_mixin.py:190} INFO - [2025-02-23T04:55:21.480+0000] {dag.py:3239} INFO - Sync 1 DAGs
[2025-02-23T04:55:21.509+0000] {logging_mixin.py:190} INFO - [2025-02-23T04:55:21.509+0000] {dag.py:4180} INFO - Setting next_dagrun for example_branch_dop_operator_v3 to 2025-02-23 04:54:00+00:00, run_after=2025-02-23 04:55:00+00:00
[2025-02-23T04:55:21.524+0000] {processor.py:208} INFO - Processing /home/airflow/.local/lib/python3.12/site-packages/airflow/example_dags/example_branch_python_dop_operator_3.py took 0.075 seconds
[2025-02-23T04:55:51.792+0000] {processor.py:186} INFO - Started process (PID=1085) to work on /home/airflow/.local/lib/python3.12/site-packages/airflow/example_dags/example_branch_python_dop_operator_3.py
[2025-02-23T04:55:51.793+0000] {processor.py:914} INFO - Processing file /home/airflow/.local/lib/python3.12/site-packages/airflow/example_dags/example_branch_python_dop_operator_3.py for tasks to queue
[2025-02-23T04:55:51.795+0000] {logging_mixin.py:190} INFO - [2025-02-23T04:55:51.795+0000] {dagbag.py:588} INFO - Filling up the DagBag from /home/airflow/.local/lib/python3.12/site-packages/airflow/example_dags/example_branch_python_dop_operator_3.py
[2025-02-23T04:55:51.804+0000] {processor.py:925} INFO - DAG(s) 'example_branch_dop_operator_v3' retrieved from /home/airflow/.local/lib/python3.12/site-packages/airflow/example_dags/example_branch_python_dop_operator_3.py
[2025-02-23T04:55:51.820+0000] {logging_mixin.py:190} INFO - [2025-02-23T04:55:51.820+0000] {dag.py:3239} INFO - Sync 1 DAGs
[2025-02-23T04:55:51.847+0000] {logging_mixin.py:190} INFO - [2025-02-23T04:55:51.847+0000] {dag.py:4180} INFO - Setting next_dagrun for example_branch_dop_operator_v3 to 2025-02-23 04:54:00+00:00, run_after=2025-02-23 04:55:00+00:00
[2025-02-23T04:55:51.861+0000] {processor.py:208} INFO - Processing /home/airflow/.local/lib/python3.12/site-packages/airflow/example_dags/example_branch_python_dop_operator_3.py took 0.074 seconds
[2025-02-23T04:56:21.911+0000] {processor.py:186} INFO - Started process (PID=1148) to work on /home/airflow/.local/lib/python3.12/site-packages/airflow/example_dags/example_branch_python_dop_operator_3.py
[2025-02-23T04:56:21.912+0000] {processor.py:914} INFO - Processing file /home/airflow/.local/lib/python3.12/site-packages/airflow/example_dags/example_branch_python_dop_operator_3.py for tasks to queue
[2025-02-23T04:56:21.914+0000] {logging_mixin.py:190} INFO - [2025-02-23T04:56:21.913+0000] {dagbag.py:588} INFO - Filling up the DagBag from /home/airflow/.local/lib/python3.12/site-packages/airflow/example_dags/example_branch_python_dop_operator_3.py
[2025-02-23T04:56:21.925+0000] {processor.py:925} INFO - DAG(s) 'example_branch_dop_operator_v3' retrieved from /home/airflow/.local/lib/python3.12/site-packages/airflow/example_dags/example_branch_python_dop_operator_3.py
[2025-02-23T04:56:21.946+0000] {logging_mixin.py:190} INFO - [2025-02-23T04:56:21.946+0000] {dag.py:3239} INFO - Sync 1 DAGs
[2025-02-23T04:56:21.979+0000] {logging_mixin.py:190} INFO - [2025-02-23T04:56:21.979+0000] {dag.py:4180} INFO - Setting next_dagrun for example_branch_dop_operator_v3 to 2025-02-23 04:55:00+00:00, run_after=2025-02-23 04:56:00+00:00
[2025-02-23T04:56:21.992+0000] {processor.py:208} INFO - Processing /home/airflow/.local/lib/python3.12/site-packages/airflow/example_dags/example_branch_python_dop_operator_3.py took 0.087 seconds
[2025-02-23T04:56:52.159+0000] {processor.py:186} INFO - Started process (PID=1211) to work on /home/airflow/.local/lib/python3.12/site-packages/airflow/example_dags/example_branch_python_dop_operator_3.py
[2025-02-23T04:56:52.160+0000] {processor.py:914} INFO - Processing file /home/airflow/.local/lib/python3.12/site-packages/airflow/example_dags/example_branch_python_dop_operator_3.py for tasks to queue
[2025-02-23T04:56:52.162+0000] {logging_mixin.py:190} INFO - [2025-02-23T04:56:52.161+0000] {dagbag.py:588} INFO - Filling up the DagBag from /home/airflow/.local/lib/python3.12/site-packages/airflow/example_dags/example_branch_python_dop_operator_3.py
[2025-02-23T04:56:52.169+0000] {processor.py:925} INFO - DAG(s) 'example_branch_dop_operator_v3' retrieved from /home/airflow/.local/lib/python3.12/site-packages/airflow/example_dags/example_branch_python_dop_operator_3.py
[2025-02-23T04:56:52.185+0000] {logging_mixin.py:190} INFO - [2025-02-23T04:56:52.185+0000] {dag.py:3239} INFO - Sync 1 DAGs
[2025-02-23T04:56:52.207+0000] {logging_mixin.py:190} INFO - [2025-02-23T04:56:52.207+0000] {dag.py:4180} INFO - Setting next_dagrun for example_branch_dop_operator_v3 to 2025-02-23 04:55:00+00:00, run_after=2025-02-23 04:56:00+00:00
[2025-02-23T04:56:52.220+0000] {processor.py:208} INFO - Processing /home/airflow/.local/lib/python3.12/site-packages/airflow/example_dags/example_branch_python_dop_operator_3.py took 0.065 seconds
[2025-02-23T04:57:22.430+0000] {processor.py:186} INFO - Started process (PID=1274) to work on /home/airflow/.local/lib/python3.12/site-packages/airflow/example_dags/example_branch_python_dop_operator_3.py
[2025-02-23T04:57:22.431+0000] {processor.py:914} INFO - Processing file /home/airflow/.local/lib/python3.12/site-packages/airflow/example_dags/example_branch_python_dop_operator_3.py for tasks to queue
[2025-02-23T04:57:22.432+0000] {logging_mixin.py:190} INFO - [2025-02-23T04:57:22.432+0000] {dagbag.py:588} INFO - Filling up the DagBag from /home/airflow/.local/lib/python3.12/site-packages/airflow/example_dags/example_branch_python_dop_operator_3.py
[2025-02-23T04:57:22.440+0000] {processor.py:925} INFO - DAG(s) 'example_branch_dop_operator_v3' retrieved from /home/airflow/.local/lib/python3.12/site-packages/airflow/example_dags/example_branch_python_dop_operator_3.py
[2025-02-23T04:57:22.457+0000] {logging_mixin.py:190} INFO - [2025-02-23T04:57:22.457+0000] {dag.py:3239} INFO - Sync 1 DAGs
[2025-02-23T04:57:22.479+0000] {logging_mixin.py:190} INFO - [2025-02-23T04:57:22.479+0000] {dag.py:4180} INFO - Setting next_dagrun for example_branch_dop_operator_v3 to 2025-02-23 04:56:00+00:00, run_after=2025-02-23 04:57:00+00:00
[2025-02-23T04:57:22.493+0000] {processor.py:208} INFO - Processing /home/airflow/.local/lib/python3.12/site-packages/airflow/example_dags/example_branch_python_dop_operator_3.py took 0.067 seconds
[2025-02-23T04:57:53.022+0000] {processor.py:186} INFO - Started process (PID=1338) to work on /home/airflow/.local/lib/python3.12/site-packages/airflow/example_dags/example_branch_python_dop_operator_3.py
[2025-02-23T04:57:53.023+0000] {processor.py:914} INFO - Processing file /home/airflow/.local/lib/python3.12/site-packages/airflow/example_dags/example_branch_python_dop_operator_3.py for tasks to queue
[2025-02-23T04:57:53.025+0000] {logging_mixin.py:190} INFO - [2025-02-23T04:57:53.025+0000] {dagbag.py:588} INFO - Filling up the DagBag from /home/airflow/.local/lib/python3.12/site-packages/airflow/example_dags/example_branch_python_dop_operator_3.py
[2025-02-23T04:57:53.035+0000] {processor.py:925} INFO - DAG(s) 'example_branch_dop_operator_v3' retrieved from /home/airflow/.local/lib/python3.12/site-packages/airflow/example_dags/example_branch_python_dop_operator_3.py
[2025-02-23T04:57:53.055+0000] {logging_mixin.py:190} INFO - [2025-02-23T04:57:53.055+0000] {dag.py:3239} INFO - Sync 1 DAGs
[2025-02-23T04:57:53.074+0000] {logging_mixin.py:190} INFO - [2025-02-23T04:57:53.074+0000] {dag.py:4180} INFO - Setting next_dagrun for example_branch_dop_operator_v3 to 2025-02-23 04:56:00+00:00, run_after=2025-02-23 04:57:00+00:00
[2025-02-23T04:57:53.087+0000] {processor.py:208} INFO - Processing /home/airflow/.local/lib/python3.12/site-packages/airflow/example_dags/example_branch_python_dop_operator_3.py took 0.071 seconds
[2025-02-23T04:58:23.466+0000] {processor.py:186} INFO - Started process (PID=1401) to work on /home/airflow/.local/lib/python3.12/site-packages/airflow/example_dags/example_branch_python_dop_operator_3.py
[2025-02-23T04:58:23.467+0000] {processor.py:914} INFO - Processing file /home/airflow/.local/lib/python3.12/site-packages/airflow/example_dags/example_branch_python_dop_operator_3.py for tasks to queue
[2025-02-23T04:58:23.468+0000] {logging_mixin.py:190} INFO - [2025-02-23T04:58:23.468+0000] {dagbag.py:588} INFO - Filling up the DagBag from /home/airflow/.local/lib/python3.12/site-packages/airflow/example_dags/example_branch_python_dop_operator_3.py
[2025-02-23T04:58:23.476+0000] {processor.py:925} INFO - DAG(s) 'example_branch_dop_operator_v3' retrieved from /home/airflow/.local/lib/python3.12/site-packages/airflow/example_dags/example_branch_python_dop_operator_3.py
[2025-02-23T04:58:23.493+0000] {logging_mixin.py:190} INFO - [2025-02-23T04:58:23.493+0000] {dag.py:3239} INFO - Sync 1 DAGs
[2025-02-23T04:58:23.513+0000] {logging_mixin.py:190} INFO - [2025-02-23T04:58:23.513+0000] {dag.py:4180} INFO - Setting next_dagrun for example_branch_dop_operator_v3 to 2025-02-23 04:57:00+00:00, run_after=2025-02-23 04:58:00+00:00
[2025-02-23T04:58:23.527+0000] {processor.py:208} INFO - Processing /home/airflow/.local/lib/python3.12/site-packages/airflow/example_dags/example_branch_python_dop_operator_3.py took 0.065 seconds
