[2025-02-23T04:47:52.547+0000] {processor.py:186} INFO - Started process (PID=101) to work on /home/airflow/.local/lib/python3.12/site-packages/airflow/example_dags/example_trigger_target_dag.py
[2025-02-23T04:47:52.547+0000] {processor.py:914} INFO - Processing file /home/airflow/.local/lib/python3.12/site-packages/airflow/example_dags/example_trigger_target_dag.py for tasks to queue
[2025-02-23T04:47:52.549+0000] {logging_mixin.py:190} INFO - [2025-02-23T04:47:52.549+0000] {dagbag.py:588} INFO - Filling up the DagBag from /home/airflow/.local/lib/python3.12/site-packages/airflow/example_dags/example_trigger_target_dag.py
[2025-02-23T04:47:52.558+0000] {processor.py:925} INFO - DAG(s) 'example_trigger_target_dag' retrieved from /home/airflow/.local/lib/python3.12/site-packages/airflow/example_dags/example_trigger_target_dag.py
[2025-02-23T04:47:52.681+0000] {logging_mixin.py:190} INFO - [2025-02-23T04:47:52.680+0000] {override.py:1911} INFO - Created Permission View: can delete on DAG:example_trigger_target_dag
[2025-02-23T04:47:52.689+0000] {logging_mixin.py:190} INFO - [2025-02-23T04:47:52.689+0000] {override.py:1911} INFO - Created Permission View: can edit on DAG:example_trigger_target_dag
[2025-02-23T04:47:52.695+0000] {logging_mixin.py:190} INFO - [2025-02-23T04:47:52.695+0000] {override.py:1911} INFO - Created Permission View: can read on DAG:example_trigger_target_dag
[2025-02-23T04:47:52.700+0000] {logging_mixin.py:190} INFO - [2025-02-23T04:47:52.700+0000] {override.py:1911} INFO - Created Permission View: can create on DAG Run:example_trigger_target_dag
[2025-02-23T04:47:52.706+0000] {logging_mixin.py:190} INFO - [2025-02-23T04:47:52.706+0000] {override.py:1911} INFO - Created Permission View: menu access on DAG Run:example_trigger_target_dag
[2025-02-23T04:47:52.711+0000] {logging_mixin.py:190} INFO - [2025-02-23T04:47:52.711+0000] {override.py:1911} INFO - Created Permission View: can delete on DAG Run:example_trigger_target_dag
[2025-02-23T04:47:52.716+0000] {logging_mixin.py:190} INFO - [2025-02-23T04:47:52.716+0000] {override.py:1911} INFO - Created Permission View: can read on DAG Run:example_trigger_target_dag
[2025-02-23T04:47:52.716+0000] {logging_mixin.py:190} INFO - [2025-02-23T04:47:52.716+0000] {dag.py:3239} INFO - Sync 1 DAGs
[2025-02-23T04:47:52.731+0000] {logging_mixin.py:190} INFO - [2025-02-23T04:47:52.731+0000] {dag.py:3262} INFO - Creating ORM DAG for example_trigger_target_dag
[2025-02-23T04:47:52.732+0000] {logging_mixin.py:190} INFO - [2025-02-23T04:47:52.732+0000] {dag.py:4180} INFO - Setting next_dagrun for example_trigger_target_dag to None, run_after=None
[2025-02-23T04:47:52.744+0000] {processor.py:208} INFO - Processing /home/airflow/.local/lib/python3.12/site-packages/airflow/example_dags/example_trigger_target_dag.py took 0.203 seconds
[2025-02-23T04:48:23.676+0000] {processor.py:186} INFO - Started process (PID=163) to work on /home/airflow/.local/lib/python3.12/site-packages/airflow/example_dags/example_trigger_target_dag.py
[2025-02-23T04:48:23.677+0000] {processor.py:914} INFO - Processing file /home/airflow/.local/lib/python3.12/site-packages/airflow/example_dags/example_trigger_target_dag.py for tasks to queue
[2025-02-23T04:48:23.679+0000] {logging_mixin.py:190} INFO - [2025-02-23T04:48:23.678+0000] {dagbag.py:588} INFO - Filling up the DagBag from /home/airflow/.local/lib/python3.12/site-packages/airflow/example_dags/example_trigger_target_dag.py
[2025-02-23T04:48:23.686+0000] {processor.py:925} INFO - DAG(s) 'example_trigger_target_dag' retrieved from /home/airflow/.local/lib/python3.12/site-packages/airflow/example_dags/example_trigger_target_dag.py
[2025-02-23T04:48:23.702+0000] {logging_mixin.py:190} INFO - [2025-02-23T04:48:23.702+0000] {dag.py:3239} INFO - Sync 1 DAGs
[2025-02-23T04:48:23.715+0000] {logging_mixin.py:190} INFO - [2025-02-23T04:48:23.715+0000] {dag.py:4180} INFO - Setting next_dagrun for example_trigger_target_dag to None, run_after=None
[2025-02-23T04:48:23.731+0000] {processor.py:208} INFO - Processing /home/airflow/.local/lib/python3.12/site-packages/airflow/example_dags/example_trigger_target_dag.py took 0.061 seconds
[2025-02-23T04:48:54.144+0000] {processor.py:186} INFO - Started process (PID=226) to work on /home/airflow/.local/lib/python3.12/site-packages/airflow/example_dags/example_trigger_target_dag.py
[2025-02-23T04:48:54.144+0000] {processor.py:914} INFO - Processing file /home/airflow/.local/lib/python3.12/site-packages/airflow/example_dags/example_trigger_target_dag.py for tasks to queue
[2025-02-23T04:48:54.146+0000] {logging_mixin.py:190} INFO - [2025-02-23T04:48:54.146+0000] {dagbag.py:588} INFO - Filling up the DagBag from /home/airflow/.local/lib/python3.12/site-packages/airflow/example_dags/example_trigger_target_dag.py
[2025-02-23T04:48:54.152+0000] {processor.py:925} INFO - DAG(s) 'example_trigger_target_dag' retrieved from /home/airflow/.local/lib/python3.12/site-packages/airflow/example_dags/example_trigger_target_dag.py
[2025-02-23T04:48:54.166+0000] {logging_mixin.py:190} INFO - [2025-02-23T04:48:54.166+0000] {dag.py:3239} INFO - Sync 1 DAGs
[2025-02-23T04:48:54.177+0000] {logging_mixin.py:190} INFO - [2025-02-23T04:48:54.177+0000] {dag.py:4180} INFO - Setting next_dagrun for example_trigger_target_dag to None, run_after=None
[2025-02-23T04:48:54.191+0000] {processor.py:208} INFO - Processing /home/airflow/.local/lib/python3.12/site-packages/airflow/example_dags/example_trigger_target_dag.py took 0.052 seconds
[2025-02-23T04:49:24.851+0000] {processor.py:186} INFO - Started process (PID=288) to work on /home/airflow/.local/lib/python3.12/site-packages/airflow/example_dags/example_trigger_target_dag.py
[2025-02-23T04:49:24.851+0000] {processor.py:914} INFO - Processing file /home/airflow/.local/lib/python3.12/site-packages/airflow/example_dags/example_trigger_target_dag.py for tasks to queue
[2025-02-23T04:49:24.853+0000] {logging_mixin.py:190} INFO - [2025-02-23T04:49:24.853+0000] {dagbag.py:588} INFO - Filling up the DagBag from /home/airflow/.local/lib/python3.12/site-packages/airflow/example_dags/example_trigger_target_dag.py
[2025-02-23T04:49:24.859+0000] {processor.py:925} INFO - DAG(s) 'example_trigger_target_dag' retrieved from /home/airflow/.local/lib/python3.12/site-packages/airflow/example_dags/example_trigger_target_dag.py
[2025-02-23T04:49:24.876+0000] {logging_mixin.py:190} INFO - [2025-02-23T04:49:24.876+0000] {dag.py:3239} INFO - Sync 1 DAGs
[2025-02-23T04:49:24.889+0000] {logging_mixin.py:190} INFO - [2025-02-23T04:49:24.889+0000] {dag.py:4180} INFO - Setting next_dagrun for example_trigger_target_dag to None, run_after=None
[2025-02-23T04:49:24.902+0000] {processor.py:208} INFO - Processing /home/airflow/.local/lib/python3.12/site-packages/airflow/example_dags/example_trigger_target_dag.py took 0.056 seconds
[2025-02-23T04:49:56.128+0000] {processor.py:186} INFO - Started process (PID=351) to work on /home/airflow/.local/lib/python3.12/site-packages/airflow/example_dags/example_trigger_target_dag.py
[2025-02-23T04:49:56.129+0000] {processor.py:914} INFO - Processing file /home/airflow/.local/lib/python3.12/site-packages/airflow/example_dags/example_trigger_target_dag.py for tasks to queue
[2025-02-23T04:49:56.130+0000] {logging_mixin.py:190} INFO - [2025-02-23T04:49:56.130+0000] {dagbag.py:588} INFO - Filling up the DagBag from /home/airflow/.local/lib/python3.12/site-packages/airflow/example_dags/example_trigger_target_dag.py
[2025-02-23T04:49:56.136+0000] {processor.py:925} INFO - DAG(s) 'example_trigger_target_dag' retrieved from /home/airflow/.local/lib/python3.12/site-packages/airflow/example_dags/example_trigger_target_dag.py
[2025-02-23T04:49:56.153+0000] {logging_mixin.py:190} INFO - [2025-02-23T04:49:56.152+0000] {dag.py:3239} INFO - Sync 1 DAGs
[2025-02-23T04:49:56.165+0000] {logging_mixin.py:190} INFO - [2025-02-23T04:49:56.165+0000] {dag.py:4180} INFO - Setting next_dagrun for example_trigger_target_dag to None, run_after=None
[2025-02-23T04:49:56.180+0000] {processor.py:208} INFO - Processing /home/airflow/.local/lib/python3.12/site-packages/airflow/example_dags/example_trigger_target_dag.py took 0.056 seconds
[2025-02-23T04:50:27.274+0000] {processor.py:186} INFO - Started process (PID=414) to work on /home/airflow/.local/lib/python3.12/site-packages/airflow/example_dags/example_trigger_target_dag.py
[2025-02-23T04:50:27.275+0000] {processor.py:914} INFO - Processing file /home/airflow/.local/lib/python3.12/site-packages/airflow/example_dags/example_trigger_target_dag.py for tasks to queue
[2025-02-23T04:50:27.276+0000] {logging_mixin.py:190} INFO - [2025-02-23T04:50:27.276+0000] {dagbag.py:588} INFO - Filling up the DagBag from /home/airflow/.local/lib/python3.12/site-packages/airflow/example_dags/example_trigger_target_dag.py
[2025-02-23T04:50:27.282+0000] {processor.py:925} INFO - DAG(s) 'example_trigger_target_dag' retrieved from /home/airflow/.local/lib/python3.12/site-packages/airflow/example_dags/example_trigger_target_dag.py
[2025-02-23T04:50:27.297+0000] {logging_mixin.py:190} INFO - [2025-02-23T04:50:27.297+0000] {dag.py:3239} INFO - Sync 1 DAGs
[2025-02-23T04:50:27.308+0000] {logging_mixin.py:190} INFO - [2025-02-23T04:50:27.308+0000] {dag.py:4180} INFO - Setting next_dagrun for example_trigger_target_dag to None, run_after=None
[2025-02-23T04:50:27.321+0000] {processor.py:208} INFO - Processing /home/airflow/.local/lib/python3.12/site-packages/airflow/example_dags/example_trigger_target_dag.py took 0.052 seconds
[2025-02-23T04:50:58.351+0000] {processor.py:186} INFO - Started process (PID=477) to work on /home/airflow/.local/lib/python3.12/site-packages/airflow/example_dags/example_trigger_target_dag.py
[2025-02-23T04:50:58.351+0000] {processor.py:914} INFO - Processing file /home/airflow/.local/lib/python3.12/site-packages/airflow/example_dags/example_trigger_target_dag.py for tasks to queue
[2025-02-23T04:50:58.353+0000] {logging_mixin.py:190} INFO - [2025-02-23T04:50:58.353+0000] {dagbag.py:588} INFO - Filling up the DagBag from /home/airflow/.local/lib/python3.12/site-packages/airflow/example_dags/example_trigger_target_dag.py
[2025-02-23T04:50:58.359+0000] {processor.py:925} INFO - DAG(s) 'example_trigger_target_dag' retrieved from /home/airflow/.local/lib/python3.12/site-packages/airflow/example_dags/example_trigger_target_dag.py
[2025-02-23T04:50:58.381+0000] {logging_mixin.py:190} INFO - [2025-02-23T04:50:58.380+0000] {dag.py:3239} INFO - Sync 1 DAGs
[2025-02-23T04:50:58.397+0000] {logging_mixin.py:190} INFO - [2025-02-23T04:50:58.397+0000] {dag.py:4180} INFO - Setting next_dagrun for example_trigger_target_dag to None, run_after=None
[2025-02-23T04:50:58.418+0000] {processor.py:208} INFO - Processing /home/airflow/.local/lib/python3.12/site-packages/airflow/example_dags/example_trigger_target_dag.py took 0.071 seconds
[2025-02-23T04:51:29.129+0000] {processor.py:186} INFO - Started process (PID=540) to work on /home/airflow/.local/lib/python3.12/site-packages/airflow/example_dags/example_trigger_target_dag.py
[2025-02-23T04:51:29.130+0000] {processor.py:914} INFO - Processing file /home/airflow/.local/lib/python3.12/site-packages/airflow/example_dags/example_trigger_target_dag.py for tasks to queue
[2025-02-23T04:51:29.132+0000] {logging_mixin.py:190} INFO - [2025-02-23T04:51:29.131+0000] {dagbag.py:588} INFO - Filling up the DagBag from /home/airflow/.local/lib/python3.12/site-packages/airflow/example_dags/example_trigger_target_dag.py
[2025-02-23T04:51:29.139+0000] {processor.py:925} INFO - DAG(s) 'example_trigger_target_dag' retrieved from /home/airflow/.local/lib/python3.12/site-packages/airflow/example_dags/example_trigger_target_dag.py
[2025-02-23T04:51:29.158+0000] {logging_mixin.py:190} INFO - [2025-02-23T04:51:29.158+0000] {dag.py:3239} INFO - Sync 1 DAGs
[2025-02-23T04:51:29.174+0000] {logging_mixin.py:190} INFO - [2025-02-23T04:51:29.173+0000] {dag.py:4180} INFO - Setting next_dagrun for example_trigger_target_dag to None, run_after=None
[2025-02-23T04:51:29.192+0000] {processor.py:208} INFO - Processing /home/airflow/.local/lib/python3.12/site-packages/airflow/example_dags/example_trigger_target_dag.py took 0.069 seconds
[2025-02-23T04:52:00.302+0000] {processor.py:186} INFO - Started process (PID=603) to work on /home/airflow/.local/lib/python3.12/site-packages/airflow/example_dags/example_trigger_target_dag.py
[2025-02-23T04:52:00.303+0000] {processor.py:914} INFO - Processing file /home/airflow/.local/lib/python3.12/site-packages/airflow/example_dags/example_trigger_target_dag.py for tasks to queue
[2025-02-23T04:52:00.307+0000] {logging_mixin.py:190} INFO - [2025-02-23T04:52:00.307+0000] {dagbag.py:588} INFO - Filling up the DagBag from /home/airflow/.local/lib/python3.12/site-packages/airflow/example_dags/example_trigger_target_dag.py
[2025-02-23T04:52:00.315+0000] {processor.py:925} INFO - DAG(s) 'example_trigger_target_dag' retrieved from /home/airflow/.local/lib/python3.12/site-packages/airflow/example_dags/example_trigger_target_dag.py
[2025-02-23T04:52:00.333+0000] {logging_mixin.py:190} INFO - [2025-02-23T04:52:00.333+0000] {dag.py:3239} INFO - Sync 1 DAGs
[2025-02-23T04:52:00.344+0000] {logging_mixin.py:190} INFO - [2025-02-23T04:52:00.344+0000] {dag.py:4180} INFO - Setting next_dagrun for example_trigger_target_dag to None, run_after=None
[2025-02-23T04:52:00.358+0000] {processor.py:208} INFO - Processing /home/airflow/.local/lib/python3.12/site-packages/airflow/example_dags/example_trigger_target_dag.py took 0.062 seconds
[2025-02-23T04:52:31.265+0000] {processor.py:186} INFO - Started process (PID=666) to work on /home/airflow/.local/lib/python3.12/site-packages/airflow/example_dags/example_trigger_target_dag.py
[2025-02-23T04:52:31.265+0000] {processor.py:914} INFO - Processing file /home/airflow/.local/lib/python3.12/site-packages/airflow/example_dags/example_trigger_target_dag.py for tasks to queue
[2025-02-23T04:52:31.267+0000] {logging_mixin.py:190} INFO - [2025-02-23T04:52:31.267+0000] {dagbag.py:588} INFO - Filling up the DagBag from /home/airflow/.local/lib/python3.12/site-packages/airflow/example_dags/example_trigger_target_dag.py
[2025-02-23T04:52:31.275+0000] {processor.py:925} INFO - DAG(s) 'example_trigger_target_dag' retrieved from /home/airflow/.local/lib/python3.12/site-packages/airflow/example_dags/example_trigger_target_dag.py
[2025-02-23T04:52:31.293+0000] {logging_mixin.py:190} INFO - [2025-02-23T04:52:31.293+0000] {dag.py:3239} INFO - Sync 1 DAGs
[2025-02-23T04:52:31.306+0000] {logging_mixin.py:190} INFO - [2025-02-23T04:52:31.306+0000] {dag.py:4180} INFO - Setting next_dagrun for example_trigger_target_dag to None, run_after=None
[2025-02-23T04:52:31.319+0000] {processor.py:208} INFO - Processing /home/airflow/.local/lib/python3.12/site-packages/airflow/example_dags/example_trigger_target_dag.py took 0.060 seconds
[2025-02-23T04:53:02.325+0000] {processor.py:186} INFO - Started process (PID=729) to work on /home/airflow/.local/lib/python3.12/site-packages/airflow/example_dags/example_trigger_target_dag.py
[2025-02-23T04:53:02.326+0000] {processor.py:914} INFO - Processing file /home/airflow/.local/lib/python3.12/site-packages/airflow/example_dags/example_trigger_target_dag.py for tasks to queue
[2025-02-23T04:53:02.328+0000] {logging_mixin.py:190} INFO - [2025-02-23T04:53:02.327+0000] {dagbag.py:588} INFO - Filling up the DagBag from /home/airflow/.local/lib/python3.12/site-packages/airflow/example_dags/example_trigger_target_dag.py
[2025-02-23T04:53:02.335+0000] {processor.py:925} INFO - DAG(s) 'example_trigger_target_dag' retrieved from /home/airflow/.local/lib/python3.12/site-packages/airflow/example_dags/example_trigger_target_dag.py
[2025-02-23T04:53:02.352+0000] {logging_mixin.py:190} INFO - [2025-02-23T04:53:02.352+0000] {dag.py:3239} INFO - Sync 1 DAGs
[2025-02-23T04:53:02.364+0000] {logging_mixin.py:190} INFO - [2025-02-23T04:53:02.363+0000] {dag.py:4180} INFO - Setting next_dagrun for example_trigger_target_dag to None, run_after=None
[2025-02-23T04:53:02.377+0000] {processor.py:208} INFO - Processing /home/airflow/.local/lib/python3.12/site-packages/airflow/example_dags/example_trigger_target_dag.py took 0.056 seconds
[2025-02-23T04:53:33.275+0000] {processor.py:186} INFO - Started process (PID=792) to work on /home/airflow/.local/lib/python3.12/site-packages/airflow/example_dags/example_trigger_target_dag.py
[2025-02-23T04:53:33.276+0000] {processor.py:914} INFO - Processing file /home/airflow/.local/lib/python3.12/site-packages/airflow/example_dags/example_trigger_target_dag.py for tasks to queue
[2025-02-23T04:53:33.278+0000] {logging_mixin.py:190} INFO - [2025-02-23T04:53:33.277+0000] {dagbag.py:588} INFO - Filling up the DagBag from /home/airflow/.local/lib/python3.12/site-packages/airflow/example_dags/example_trigger_target_dag.py
[2025-02-23T04:53:33.286+0000] {processor.py:925} INFO - DAG(s) 'example_trigger_target_dag' retrieved from /home/airflow/.local/lib/python3.12/site-packages/airflow/example_dags/example_trigger_target_dag.py
[2025-02-23T04:53:33.306+0000] {logging_mixin.py:190} INFO - [2025-02-23T04:53:33.305+0000] {dag.py:3239} INFO - Sync 1 DAGs
[2025-02-23T04:53:33.320+0000] {logging_mixin.py:190} INFO - [2025-02-23T04:53:33.320+0000] {dag.py:4180} INFO - Setting next_dagrun for example_trigger_target_dag to None, run_after=None
[2025-02-23T04:53:33.333+0000] {processor.py:208} INFO - Processing /home/airflow/.local/lib/python3.12/site-packages/airflow/example_dags/example_trigger_target_dag.py took 0.062 seconds
[2025-02-23T04:54:04.464+0000] {processor.py:186} INFO - Started process (PID=855) to work on /home/airflow/.local/lib/python3.12/site-packages/airflow/example_dags/example_trigger_target_dag.py
[2025-02-23T04:54:04.465+0000] {processor.py:914} INFO - Processing file /home/airflow/.local/lib/python3.12/site-packages/airflow/example_dags/example_trigger_target_dag.py for tasks to queue
[2025-02-23T04:54:04.467+0000] {logging_mixin.py:190} INFO - [2025-02-23T04:54:04.467+0000] {dagbag.py:588} INFO - Filling up the DagBag from /home/airflow/.local/lib/python3.12/site-packages/airflow/example_dags/example_trigger_target_dag.py
[2025-02-23T04:54:04.473+0000] {processor.py:925} INFO - DAG(s) 'example_trigger_target_dag' retrieved from /home/airflow/.local/lib/python3.12/site-packages/airflow/example_dags/example_trigger_target_dag.py
[2025-02-23T04:54:04.488+0000] {logging_mixin.py:190} INFO - [2025-02-23T04:54:04.488+0000] {dag.py:3239} INFO - Sync 1 DAGs
[2025-02-23T04:54:04.499+0000] {logging_mixin.py:190} INFO - [2025-02-23T04:54:04.499+0000] {dag.py:4180} INFO - Setting next_dagrun for example_trigger_target_dag to None, run_after=None
[2025-02-23T04:54:04.515+0000] {processor.py:208} INFO - Processing /home/airflow/.local/lib/python3.12/site-packages/airflow/example_dags/example_trigger_target_dag.py took 0.056 seconds
[2025-02-23T04:54:35.679+0000] {processor.py:186} INFO - Started process (PID=918) to work on /home/airflow/.local/lib/python3.12/site-packages/airflow/example_dags/example_trigger_target_dag.py
[2025-02-23T04:54:35.680+0000] {processor.py:914} INFO - Processing file /home/airflow/.local/lib/python3.12/site-packages/airflow/example_dags/example_trigger_target_dag.py for tasks to queue
[2025-02-23T04:54:35.682+0000] {logging_mixin.py:190} INFO - [2025-02-23T04:54:35.681+0000] {dagbag.py:588} INFO - Filling up the DagBag from /home/airflow/.local/lib/python3.12/site-packages/airflow/example_dags/example_trigger_target_dag.py
[2025-02-23T04:54:35.688+0000] {processor.py:925} INFO - DAG(s) 'example_trigger_target_dag' retrieved from /home/airflow/.local/lib/python3.12/site-packages/airflow/example_dags/example_trigger_target_dag.py
[2025-02-23T04:54:35.703+0000] {logging_mixin.py:190} INFO - [2025-02-23T04:54:35.703+0000] {dag.py:3239} INFO - Sync 1 DAGs
[2025-02-23T04:54:35.715+0000] {logging_mixin.py:190} INFO - [2025-02-23T04:54:35.715+0000] {dag.py:4180} INFO - Setting next_dagrun for example_trigger_target_dag to None, run_after=None
[2025-02-23T04:54:35.727+0000] {processor.py:208} INFO - Processing /home/airflow/.local/lib/python3.12/site-packages/airflow/example_dags/example_trigger_target_dag.py took 0.055 seconds
[2025-02-23T04:55:06.775+0000] {processor.py:186} INFO - Started process (PID=981) to work on /home/airflow/.local/lib/python3.12/site-packages/airflow/example_dags/example_trigger_target_dag.py
[2025-02-23T04:55:06.776+0000] {processor.py:914} INFO - Processing file /home/airflow/.local/lib/python3.12/site-packages/airflow/example_dags/example_trigger_target_dag.py for tasks to queue
[2025-02-23T04:55:06.778+0000] {logging_mixin.py:190} INFO - [2025-02-23T04:55:06.778+0000] {dagbag.py:588} INFO - Filling up the DagBag from /home/airflow/.local/lib/python3.12/site-packages/airflow/example_dags/example_trigger_target_dag.py
[2025-02-23T04:55:06.786+0000] {processor.py:925} INFO - DAG(s) 'example_trigger_target_dag' retrieved from /home/airflow/.local/lib/python3.12/site-packages/airflow/example_dags/example_trigger_target_dag.py
[2025-02-23T04:55:06.806+0000] {logging_mixin.py:190} INFO - [2025-02-23T04:55:06.806+0000] {dag.py:3239} INFO - Sync 1 DAGs
[2025-02-23T04:55:06.817+0000] {logging_mixin.py:190} INFO - [2025-02-23T04:55:06.817+0000] {dag.py:4180} INFO - Setting next_dagrun for example_trigger_target_dag to None, run_after=None
[2025-02-23T04:55:06.833+0000] {processor.py:208} INFO - Processing /home/airflow/.local/lib/python3.12/site-packages/airflow/example_dags/example_trigger_target_dag.py took 0.063 seconds
[2025-02-23T04:55:37.988+0000] {processor.py:186} INFO - Started process (PID=1044) to work on /home/airflow/.local/lib/python3.12/site-packages/airflow/example_dags/example_trigger_target_dag.py
[2025-02-23T04:55:37.989+0000] {processor.py:914} INFO - Processing file /home/airflow/.local/lib/python3.12/site-packages/airflow/example_dags/example_trigger_target_dag.py for tasks to queue
[2025-02-23T04:55:37.990+0000] {logging_mixin.py:190} INFO - [2025-02-23T04:55:37.990+0000] {dagbag.py:588} INFO - Filling up the DagBag from /home/airflow/.local/lib/python3.12/site-packages/airflow/example_dags/example_trigger_target_dag.py
[2025-02-23T04:55:37.996+0000] {processor.py:925} INFO - DAG(s) 'example_trigger_target_dag' retrieved from /home/airflow/.local/lib/python3.12/site-packages/airflow/example_dags/example_trigger_target_dag.py
[2025-02-23T04:55:38.012+0000] {logging_mixin.py:190} INFO - [2025-02-23T04:55:38.012+0000] {dag.py:3239} INFO - Sync 1 DAGs
[2025-02-23T04:55:38.027+0000] {logging_mixin.py:190} INFO - [2025-02-23T04:55:38.026+0000] {dag.py:4180} INFO - Setting next_dagrun for example_trigger_target_dag to None, run_after=None
[2025-02-23T04:55:38.042+0000] {processor.py:208} INFO - Processing /home/airflow/.local/lib/python3.12/site-packages/airflow/example_dags/example_trigger_target_dag.py took 0.058 seconds
[2025-02-23T04:56:09.323+0000] {processor.py:186} INFO - Started process (PID=1107) to work on /home/airflow/.local/lib/python3.12/site-packages/airflow/example_dags/example_trigger_target_dag.py
[2025-02-23T04:56:09.323+0000] {processor.py:914} INFO - Processing file /home/airflow/.local/lib/python3.12/site-packages/airflow/example_dags/example_trigger_target_dag.py for tasks to queue
[2025-02-23T04:56:09.325+0000] {logging_mixin.py:190} INFO - [2025-02-23T04:56:09.325+0000] {dagbag.py:588} INFO - Filling up the DagBag from /home/airflow/.local/lib/python3.12/site-packages/airflow/example_dags/example_trigger_target_dag.py
[2025-02-23T04:56:09.331+0000] {processor.py:925} INFO - DAG(s) 'example_trigger_target_dag' retrieved from /home/airflow/.local/lib/python3.12/site-packages/airflow/example_dags/example_trigger_target_dag.py
[2025-02-23T04:56:09.349+0000] {logging_mixin.py:190} INFO - [2025-02-23T04:56:09.348+0000] {dag.py:3239} INFO - Sync 1 DAGs
[2025-02-23T04:56:09.361+0000] {logging_mixin.py:190} INFO - [2025-02-23T04:56:09.361+0000] {dag.py:4180} INFO - Setting next_dagrun for example_trigger_target_dag to None, run_after=None
[2025-02-23T04:56:09.375+0000] {processor.py:208} INFO - Processing /home/airflow/.local/lib/python3.12/site-packages/airflow/example_dags/example_trigger_target_dag.py took 0.056 seconds
[2025-02-23T04:56:40.637+0000] {processor.py:186} INFO - Started process (PID=1170) to work on /home/airflow/.local/lib/python3.12/site-packages/airflow/example_dags/example_trigger_target_dag.py
[2025-02-23T04:56:40.638+0000] {processor.py:914} INFO - Processing file /home/airflow/.local/lib/python3.12/site-packages/airflow/example_dags/example_trigger_target_dag.py for tasks to queue
[2025-02-23T04:56:40.640+0000] {logging_mixin.py:190} INFO - [2025-02-23T04:56:40.639+0000] {dagbag.py:588} INFO - Filling up the DagBag from /home/airflow/.local/lib/python3.12/site-packages/airflow/example_dags/example_trigger_target_dag.py
[2025-02-23T04:56:40.646+0000] {processor.py:925} INFO - DAG(s) 'example_trigger_target_dag' retrieved from /home/airflow/.local/lib/python3.12/site-packages/airflow/example_dags/example_trigger_target_dag.py
[2025-02-23T04:56:40.661+0000] {logging_mixin.py:190} INFO - [2025-02-23T04:56:40.661+0000] {dag.py:3239} INFO - Sync 1 DAGs
[2025-02-23T04:56:40.676+0000] {logging_mixin.py:190} INFO - [2025-02-23T04:56:40.676+0000] {dag.py:4180} INFO - Setting next_dagrun for example_trigger_target_dag to None, run_after=None
[2025-02-23T04:56:40.692+0000] {processor.py:208} INFO - Processing /home/airflow/.local/lib/python3.12/site-packages/airflow/example_dags/example_trigger_target_dag.py took 0.059 seconds
[2025-02-23T04:57:11.831+0000] {processor.py:186} INFO - Started process (PID=1233) to work on /home/airflow/.local/lib/python3.12/site-packages/airflow/example_dags/example_trigger_target_dag.py
[2025-02-23T04:57:11.832+0000] {processor.py:914} INFO - Processing file /home/airflow/.local/lib/python3.12/site-packages/airflow/example_dags/example_trigger_target_dag.py for tasks to queue
[2025-02-23T04:57:11.834+0000] {logging_mixin.py:190} INFO - [2025-02-23T04:57:11.833+0000] {dagbag.py:588} INFO - Filling up the DagBag from /home/airflow/.local/lib/python3.12/site-packages/airflow/example_dags/example_trigger_target_dag.py
[2025-02-23T04:57:11.840+0000] {processor.py:925} INFO - DAG(s) 'example_trigger_target_dag' retrieved from /home/airflow/.local/lib/python3.12/site-packages/airflow/example_dags/example_trigger_target_dag.py
[2025-02-23T04:57:11.857+0000] {logging_mixin.py:190} INFO - [2025-02-23T04:57:11.857+0000] {dag.py:3239} INFO - Sync 1 DAGs
[2025-02-23T04:57:11.870+0000] {logging_mixin.py:190} INFO - [2025-02-23T04:57:11.870+0000] {dag.py:4180} INFO - Setting next_dagrun for example_trigger_target_dag to None, run_after=None
[2025-02-23T04:57:11.884+0000] {processor.py:208} INFO - Processing /home/airflow/.local/lib/python3.12/site-packages/airflow/example_dags/example_trigger_target_dag.py took 0.057 seconds
[2025-02-23T04:57:43.124+0000] {processor.py:186} INFO - Started process (PID=1296) to work on /home/airflow/.local/lib/python3.12/site-packages/airflow/example_dags/example_trigger_target_dag.py
[2025-02-23T04:57:43.125+0000] {processor.py:914} INFO - Processing file /home/airflow/.local/lib/python3.12/site-packages/airflow/example_dags/example_trigger_target_dag.py for tasks to queue
[2025-02-23T04:57:43.126+0000] {logging_mixin.py:190} INFO - [2025-02-23T04:57:43.126+0000] {dagbag.py:588} INFO - Filling up the DagBag from /home/airflow/.local/lib/python3.12/site-packages/airflow/example_dags/example_trigger_target_dag.py
[2025-02-23T04:57:43.133+0000] {processor.py:925} INFO - DAG(s) 'example_trigger_target_dag' retrieved from /home/airflow/.local/lib/python3.12/site-packages/airflow/example_dags/example_trigger_target_dag.py
[2025-02-23T04:57:43.148+0000] {logging_mixin.py:190} INFO - [2025-02-23T04:57:43.147+0000] {dag.py:3239} INFO - Sync 1 DAGs
[2025-02-23T04:57:43.159+0000] {logging_mixin.py:190} INFO - [2025-02-23T04:57:43.159+0000] {dag.py:4180} INFO - Setting next_dagrun for example_trigger_target_dag to None, run_after=None
[2025-02-23T04:57:43.172+0000] {processor.py:208} INFO - Processing /home/airflow/.local/lib/python3.12/site-packages/airflow/example_dags/example_trigger_target_dag.py took 0.052 seconds
[2025-02-23T04:58:14.484+0000] {processor.py:186} INFO - Started process (PID=1360) to work on /home/airflow/.local/lib/python3.12/site-packages/airflow/example_dags/example_trigger_target_dag.py
[2025-02-23T04:58:14.485+0000] {processor.py:914} INFO - Processing file /home/airflow/.local/lib/python3.12/site-packages/airflow/example_dags/example_trigger_target_dag.py for tasks to queue
[2025-02-23T04:58:14.486+0000] {logging_mixin.py:190} INFO - [2025-02-23T04:58:14.486+0000] {dagbag.py:588} INFO - Filling up the DagBag from /home/airflow/.local/lib/python3.12/site-packages/airflow/example_dags/example_trigger_target_dag.py
[2025-02-23T04:58:14.493+0000] {processor.py:925} INFO - DAG(s) 'example_trigger_target_dag' retrieved from /home/airflow/.local/lib/python3.12/site-packages/airflow/example_dags/example_trigger_target_dag.py
[2025-02-23T04:58:14.510+0000] {logging_mixin.py:190} INFO - [2025-02-23T04:58:14.510+0000] {dag.py:3239} INFO - Sync 1 DAGs
[2025-02-23T04:58:14.522+0000] {logging_mixin.py:190} INFO - [2025-02-23T04:58:14.521+0000] {dag.py:4180} INFO - Setting next_dagrun for example_trigger_target_dag to None, run_after=None
[2025-02-23T04:58:14.535+0000] {processor.py:208} INFO - Processing /home/airflow/.local/lib/python3.12/site-packages/airflow/example_dags/example_trigger_target_dag.py took 0.057 seconds
[2025-02-23T04:58:46.611+0000] {processor.py:186} INFO - Started process (PID=1431) to work on /home/airflow/.local/lib/python3.12/site-packages/airflow/example_dags/example_trigger_target_dag.py
[2025-02-23T04:58:46.612+0000] {processor.py:914} INFO - Processing file /home/airflow/.local/lib/python3.12/site-packages/airflow/example_dags/example_trigger_target_dag.py for tasks to queue
[2025-02-23T04:58:46.613+0000] {logging_mixin.py:190} INFO - [2025-02-23T04:58:46.613+0000] {dagbag.py:588} INFO - Filling up the DagBag from /home/airflow/.local/lib/python3.12/site-packages/airflow/example_dags/example_trigger_target_dag.py
[2025-02-23T04:58:46.619+0000] {processor.py:925} INFO - DAG(s) 'example_trigger_target_dag' retrieved from /home/airflow/.local/lib/python3.12/site-packages/airflow/example_dags/example_trigger_target_dag.py
[2025-02-23T04:58:46.633+0000] {logging_mixin.py:190} INFO - [2025-02-23T04:58:46.633+0000] {dag.py:3239} INFO - Sync 1 DAGs
[2025-02-23T04:58:46.643+0000] {logging_mixin.py:190} INFO - [2025-02-23T04:58:46.643+0000] {dag.py:4180} INFO - Setting next_dagrun for example_trigger_target_dag to None, run_after=None
[2025-02-23T04:58:46.656+0000] {processor.py:208} INFO - Processing /home/airflow/.local/lib/python3.12/site-packages/airflow/example_dags/example_trigger_target_dag.py took 0.049 seconds
