[2025-02-23T04:47:50.585+0000] {processor.py:186} INFO - Started process (PID=95) to work on /home/airflow/.local/lib/python3.12/site-packages/airflow/example_dags/example_python_decorator.py
[2025-02-23T04:47:50.586+0000] {processor.py:914} INFO - Processing file /home/airflow/.local/lib/python3.12/site-packages/airflow/example_dags/example_python_decorator.py for tasks to queue
[2025-02-23T04:47:50.588+0000] {logging_mixin.py:190} INFO - [2025-02-23T04:47:50.587+0000] {dagbag.py:588} INFO - Filling up the DagBag from /home/airflow/.local/lib/python3.12/site-packages/airflow/example_dags/example_python_decorator.py
[2025-02-23T04:47:50.603+0000] {processor.py:925} INFO - DAG(s) 'example_python_decorator' retrieved from /home/airflow/.local/lib/python3.12/site-packages/airflow/example_dags/example_python_decorator.py
[2025-02-23T04:47:50.736+0000] {logging_mixin.py:190} INFO - [2025-02-23T04:47:50.735+0000] {override.py:1911} INFO - Created Permission View: can delete on DAG:example_python_decorator
[2025-02-23T04:47:50.752+0000] {logging_mixin.py:190} INFO - [2025-02-23T04:47:50.751+0000] {override.py:1911} INFO - Created Permission View: can edit on DAG:example_python_decorator
[2025-02-23T04:47:50.760+0000] {logging_mixin.py:190} INFO - [2025-02-23T04:47:50.760+0000] {override.py:1911} INFO - Created Permission View: can read on DAG:example_python_decorator
[2025-02-23T04:47:50.766+0000] {logging_mixin.py:190} INFO - [2025-02-23T04:47:50.765+0000] {override.py:1911} INFO - Created Permission View: can create on DAG Run:example_python_decorator
[2025-02-23T04:47:50.777+0000] {logging_mixin.py:190} INFO - [2025-02-23T04:47:50.776+0000] {override.py:1911} INFO - Created Permission View: menu access on DAG Run:example_python_decorator
[2025-02-23T04:47:50.782+0000] {logging_mixin.py:190} INFO - [2025-02-23T04:47:50.782+0000] {override.py:1911} INFO - Created Permission View: can delete on DAG Run:example_python_decorator
[2025-02-23T04:47:50.787+0000] {logging_mixin.py:190} INFO - [2025-02-23T04:47:50.787+0000] {override.py:1911} INFO - Created Permission View: can read on DAG Run:example_python_decorator
[2025-02-23T04:47:50.788+0000] {logging_mixin.py:190} INFO - [2025-02-23T04:47:50.788+0000] {dag.py:3239} INFO - Sync 1 DAGs
[2025-02-23T04:47:50.804+0000] {logging_mixin.py:190} INFO - [2025-02-23T04:47:50.803+0000] {dag.py:3262} INFO - Creating ORM DAG for example_python_decorator
[2025-02-23T04:47:50.804+0000] {logging_mixin.py:190} INFO - [2025-02-23T04:47:50.804+0000] {dag.py:4180} INFO - Setting next_dagrun for example_python_decorator to None, run_after=None
[2025-02-23T04:47:50.820+0000] {processor.py:208} INFO - Processing /home/airflow/.local/lib/python3.12/site-packages/airflow/example_dags/example_python_decorator.py took 0.241 seconds
[2025-02-23T04:48:21.006+0000] {processor.py:186} INFO - Started process (PID=156) to work on /home/airflow/.local/lib/python3.12/site-packages/airflow/example_dags/example_python_decorator.py
[2025-02-23T04:48:21.007+0000] {processor.py:914} INFO - Processing file /home/airflow/.local/lib/python3.12/site-packages/airflow/example_dags/example_python_decorator.py for tasks to queue
[2025-02-23T04:48:21.009+0000] {logging_mixin.py:190} INFO - [2025-02-23T04:48:21.008+0000] {dagbag.py:588} INFO - Filling up the DagBag from /home/airflow/.local/lib/python3.12/site-packages/airflow/example_dags/example_python_decorator.py
[2025-02-23T04:48:21.020+0000] {processor.py:925} INFO - DAG(s) 'example_python_decorator' retrieved from /home/airflow/.local/lib/python3.12/site-packages/airflow/example_dags/example_python_decorator.py
[2025-02-23T04:48:21.035+0000] {logging_mixin.py:190} INFO - [2025-02-23T04:48:21.035+0000] {dag.py:3239} INFO - Sync 1 DAGs
[2025-02-23T04:48:21.046+0000] {logging_mixin.py:190} INFO - [2025-02-23T04:48:21.046+0000] {dag.py:4180} INFO - Setting next_dagrun for example_python_decorator to None, run_after=None
[2025-02-23T04:48:21.058+0000] {processor.py:208} INFO - Processing /home/airflow/.local/lib/python3.12/site-packages/airflow/example_dags/example_python_decorator.py took 0.056 seconds
[2025-02-23T04:48:51.386+0000] {processor.py:186} INFO - Started process (PID=219) to work on /home/airflow/.local/lib/python3.12/site-packages/airflow/example_dags/example_python_decorator.py
[2025-02-23T04:48:51.386+0000] {processor.py:914} INFO - Processing file /home/airflow/.local/lib/python3.12/site-packages/airflow/example_dags/example_python_decorator.py for tasks to queue
[2025-02-23T04:48:51.388+0000] {logging_mixin.py:190} INFO - [2025-02-23T04:48:51.387+0000] {dagbag.py:588} INFO - Filling up the DagBag from /home/airflow/.local/lib/python3.12/site-packages/airflow/example_dags/example_python_decorator.py
[2025-02-23T04:48:51.399+0000] {processor.py:925} INFO - DAG(s) 'example_python_decorator' retrieved from /home/airflow/.local/lib/python3.12/site-packages/airflow/example_dags/example_python_decorator.py
[2025-02-23T04:48:51.415+0000] {logging_mixin.py:190} INFO - [2025-02-23T04:48:51.415+0000] {dag.py:3239} INFO - Sync 1 DAGs
[2025-02-23T04:48:51.426+0000] {logging_mixin.py:190} INFO - [2025-02-23T04:48:51.426+0000] {dag.py:4180} INFO - Setting next_dagrun for example_python_decorator to None, run_after=None
[2025-02-23T04:48:51.438+0000] {processor.py:208} INFO - Processing /home/airflow/.local/lib/python3.12/site-packages/airflow/example_dags/example_python_decorator.py took 0.057 seconds
[2025-02-23T04:49:22.016+0000] {processor.py:186} INFO - Started process (PID=282) to work on /home/airflow/.local/lib/python3.12/site-packages/airflow/example_dags/example_python_decorator.py
[2025-02-23T04:49:22.016+0000] {processor.py:914} INFO - Processing file /home/airflow/.local/lib/python3.12/site-packages/airflow/example_dags/example_python_decorator.py for tasks to queue
[2025-02-23T04:49:22.018+0000] {logging_mixin.py:190} INFO - [2025-02-23T04:49:22.018+0000] {dagbag.py:588} INFO - Filling up the DagBag from /home/airflow/.local/lib/python3.12/site-packages/airflow/example_dags/example_python_decorator.py
[2025-02-23T04:49:22.033+0000] {processor.py:925} INFO - DAG(s) 'example_python_decorator' retrieved from /home/airflow/.local/lib/python3.12/site-packages/airflow/example_dags/example_python_decorator.py
[2025-02-23T04:49:22.055+0000] {logging_mixin.py:190} INFO - [2025-02-23T04:49:22.055+0000] {dag.py:3239} INFO - Sync 1 DAGs
[2025-02-23T04:49:22.070+0000] {logging_mixin.py:190} INFO - [2025-02-23T04:49:22.070+0000] {dag.py:4180} INFO - Setting next_dagrun for example_python_decorator to None, run_after=None
[2025-02-23T04:49:22.086+0000] {processor.py:208} INFO - Processing /home/airflow/.local/lib/python3.12/site-packages/airflow/example_dags/example_python_decorator.py took 0.075 seconds
[2025-02-23T04:49:53.160+0000] {processor.py:186} INFO - Started process (PID=345) to work on /home/airflow/.local/lib/python3.12/site-packages/airflow/example_dags/example_python_decorator.py
[2025-02-23T04:49:53.160+0000] {processor.py:914} INFO - Processing file /home/airflow/.local/lib/python3.12/site-packages/airflow/example_dags/example_python_decorator.py for tasks to queue
[2025-02-23T04:49:53.162+0000] {logging_mixin.py:190} INFO - [2025-02-23T04:49:53.162+0000] {dagbag.py:588} INFO - Filling up the DagBag from /home/airflow/.local/lib/python3.12/site-packages/airflow/example_dags/example_python_decorator.py
[2025-02-23T04:49:53.177+0000] {processor.py:925} INFO - DAG(s) 'example_python_decorator' retrieved from /home/airflow/.local/lib/python3.12/site-packages/airflow/example_dags/example_python_decorator.py
[2025-02-23T04:49:53.202+0000] {logging_mixin.py:190} INFO - [2025-02-23T04:49:53.202+0000] {dag.py:3239} INFO - Sync 1 DAGs
[2025-02-23T04:49:53.220+0000] {logging_mixin.py:190} INFO - [2025-02-23T04:49:53.220+0000] {dag.py:4180} INFO - Setting next_dagrun for example_python_decorator to None, run_after=None
[2025-02-23T04:49:53.237+0000] {processor.py:208} INFO - Processing /home/airflow/.local/lib/python3.12/site-packages/airflow/example_dags/example_python_decorator.py took 0.083 seconds
[2025-02-23T04:50:24.208+0000] {processor.py:186} INFO - Started process (PID=408) to work on /home/airflow/.local/lib/python3.12/site-packages/airflow/example_dags/example_python_decorator.py
[2025-02-23T04:50:24.209+0000] {processor.py:914} INFO - Processing file /home/airflow/.local/lib/python3.12/site-packages/airflow/example_dags/example_python_decorator.py for tasks to queue
[2025-02-23T04:50:24.212+0000] {logging_mixin.py:190} INFO - [2025-02-23T04:50:24.212+0000] {dagbag.py:588} INFO - Filling up the DagBag from /home/airflow/.local/lib/python3.12/site-packages/airflow/example_dags/example_python_decorator.py
[2025-02-23T04:50:24.238+0000] {processor.py:925} INFO - DAG(s) 'example_python_decorator' retrieved from /home/airflow/.local/lib/python3.12/site-packages/airflow/example_dags/example_python_decorator.py
[2025-02-23T04:50:24.264+0000] {logging_mixin.py:190} INFO - [2025-02-23T04:50:24.263+0000] {dag.py:3239} INFO - Sync 1 DAGs
[2025-02-23T04:50:24.280+0000] {logging_mixin.py:190} INFO - [2025-02-23T04:50:24.280+0000] {dag.py:4180} INFO - Setting next_dagrun for example_python_decorator to None, run_after=None
[2025-02-23T04:50:24.298+0000] {processor.py:208} INFO - Processing /home/airflow/.local/lib/python3.12/site-packages/airflow/example_dags/example_python_decorator.py took 0.097 seconds
[2025-02-23T04:50:54.729+0000] {processor.py:186} INFO - Started process (PID=470) to work on /home/airflow/.local/lib/python3.12/site-packages/airflow/example_dags/example_python_decorator.py
[2025-02-23T04:50:54.730+0000] {processor.py:914} INFO - Processing file /home/airflow/.local/lib/python3.12/site-packages/airflow/example_dags/example_python_decorator.py for tasks to queue
[2025-02-23T04:50:54.732+0000] {logging_mixin.py:190} INFO - [2025-02-23T04:50:54.732+0000] {dagbag.py:588} INFO - Filling up the DagBag from /home/airflow/.local/lib/python3.12/site-packages/airflow/example_dags/example_python_decorator.py
[2025-02-23T04:50:54.750+0000] {processor.py:925} INFO - DAG(s) 'example_python_decorator' retrieved from /home/airflow/.local/lib/python3.12/site-packages/airflow/example_dags/example_python_decorator.py
[2025-02-23T04:50:54.775+0000] {logging_mixin.py:190} INFO - [2025-02-23T04:50:54.774+0000] {dag.py:3239} INFO - Sync 1 DAGs
[2025-02-23T04:50:54.791+0000] {logging_mixin.py:190} INFO - [2025-02-23T04:50:54.791+0000] {dag.py:4180} INFO - Setting next_dagrun for example_python_decorator to None, run_after=None
[2025-02-23T04:50:54.809+0000] {processor.py:208} INFO - Processing /home/airflow/.local/lib/python3.12/site-packages/airflow/example_dags/example_python_decorator.py took 0.086 seconds
[2025-02-23T04:51:25.254+0000] {processor.py:186} INFO - Started process (PID=533) to work on /home/airflow/.local/lib/python3.12/site-packages/airflow/example_dags/example_python_decorator.py
[2025-02-23T04:51:25.254+0000] {processor.py:914} INFO - Processing file /home/airflow/.local/lib/python3.12/site-packages/airflow/example_dags/example_python_decorator.py for tasks to queue
[2025-02-23T04:51:25.256+0000] {logging_mixin.py:190} INFO - [2025-02-23T04:51:25.256+0000] {dagbag.py:588} INFO - Filling up the DagBag from /home/airflow/.local/lib/python3.12/site-packages/airflow/example_dags/example_python_decorator.py
[2025-02-23T04:51:25.267+0000] {processor.py:925} INFO - DAG(s) 'example_python_decorator' retrieved from /home/airflow/.local/lib/python3.12/site-packages/airflow/example_dags/example_python_decorator.py
[2025-02-23T04:51:25.287+0000] {logging_mixin.py:190} INFO - [2025-02-23T04:51:25.287+0000] {dag.py:3239} INFO - Sync 1 DAGs
[2025-02-23T04:51:25.300+0000] {logging_mixin.py:190} INFO - [2025-02-23T04:51:25.300+0000] {dag.py:4180} INFO - Setting next_dagrun for example_python_decorator to None, run_after=None
[2025-02-23T04:51:25.314+0000] {processor.py:208} INFO - Processing /home/airflow/.local/lib/python3.12/site-packages/airflow/example_dags/example_python_decorator.py took 0.065 seconds
[2025-02-23T04:51:55.597+0000] {processor.py:186} INFO - Started process (PID=596) to work on /home/airflow/.local/lib/python3.12/site-packages/airflow/example_dags/example_python_decorator.py
[2025-02-23T04:51:55.597+0000] {processor.py:914} INFO - Processing file /home/airflow/.local/lib/python3.12/site-packages/airflow/example_dags/example_python_decorator.py for tasks to queue
[2025-02-23T04:51:55.599+0000] {logging_mixin.py:190} INFO - [2025-02-23T04:51:55.599+0000] {dagbag.py:588} INFO - Filling up the DagBag from /home/airflow/.local/lib/python3.12/site-packages/airflow/example_dags/example_python_decorator.py
[2025-02-23T04:51:55.610+0000] {processor.py:925} INFO - DAG(s) 'example_python_decorator' retrieved from /home/airflow/.local/lib/python3.12/site-packages/airflow/example_dags/example_python_decorator.py
[2025-02-23T04:51:55.626+0000] {logging_mixin.py:190} INFO - [2025-02-23T04:51:55.626+0000] {dag.py:3239} INFO - Sync 1 DAGs
[2025-02-23T04:51:55.636+0000] {logging_mixin.py:190} INFO - [2025-02-23T04:51:55.636+0000] {dag.py:4180} INFO - Setting next_dagrun for example_python_decorator to None, run_after=None
[2025-02-23T04:51:55.650+0000] {processor.py:208} INFO - Processing /home/airflow/.local/lib/python3.12/site-packages/airflow/example_dags/example_python_decorator.py took 0.057 seconds
[2025-02-23T04:52:25.841+0000] {processor.py:186} INFO - Started process (PID=659) to work on /home/airflow/.local/lib/python3.12/site-packages/airflow/example_dags/example_python_decorator.py
[2025-02-23T04:52:25.841+0000] {processor.py:914} INFO - Processing file /home/airflow/.local/lib/python3.12/site-packages/airflow/example_dags/example_python_decorator.py for tasks to queue
[2025-02-23T04:52:25.843+0000] {logging_mixin.py:190} INFO - [2025-02-23T04:52:25.843+0000] {dagbag.py:588} INFO - Filling up the DagBag from /home/airflow/.local/lib/python3.12/site-packages/airflow/example_dags/example_python_decorator.py
[2025-02-23T04:52:25.854+0000] {processor.py:925} INFO - DAG(s) 'example_python_decorator' retrieved from /home/airflow/.local/lib/python3.12/site-packages/airflow/example_dags/example_python_decorator.py
[2025-02-23T04:52:25.872+0000] {logging_mixin.py:190} INFO - [2025-02-23T04:52:25.872+0000] {dag.py:3239} INFO - Sync 1 DAGs
[2025-02-23T04:52:25.885+0000] {logging_mixin.py:190} INFO - [2025-02-23T04:52:25.884+0000] {dag.py:4180} INFO - Setting next_dagrun for example_python_decorator to None, run_after=None
[2025-02-23T04:52:25.899+0000] {processor.py:208} INFO - Processing /home/airflow/.local/lib/python3.12/site-packages/airflow/example_dags/example_python_decorator.py took 0.063 seconds
[2025-02-23T04:52:55.938+0000] {processor.py:186} INFO - Started process (PID=722) to work on /home/airflow/.local/lib/python3.12/site-packages/airflow/example_dags/example_python_decorator.py
[2025-02-23T04:52:55.938+0000] {processor.py:914} INFO - Processing file /home/airflow/.local/lib/python3.12/site-packages/airflow/example_dags/example_python_decorator.py for tasks to queue
[2025-02-23T04:52:55.940+0000] {logging_mixin.py:190} INFO - [2025-02-23T04:52:55.939+0000] {dagbag.py:588} INFO - Filling up the DagBag from /home/airflow/.local/lib/python3.12/site-packages/airflow/example_dags/example_python_decorator.py
[2025-02-23T04:52:55.950+0000] {processor.py:925} INFO - DAG(s) 'example_python_decorator' retrieved from /home/airflow/.local/lib/python3.12/site-packages/airflow/example_dags/example_python_decorator.py
[2025-02-23T04:52:55.971+0000] {logging_mixin.py:190} INFO - [2025-02-23T04:52:55.971+0000] {dag.py:3239} INFO - Sync 1 DAGs
[2025-02-23T04:52:55.985+0000] {logging_mixin.py:190} INFO - [2025-02-23T04:52:55.984+0000] {dag.py:4180} INFO - Setting next_dagrun for example_python_decorator to None, run_after=None
[2025-02-23T04:52:55.999+0000] {processor.py:208} INFO - Processing /home/airflow/.local/lib/python3.12/site-packages/airflow/example_dags/example_python_decorator.py took 0.066 seconds
[2025-02-23T04:53:26.393+0000] {processor.py:186} INFO - Started process (PID=785) to work on /home/airflow/.local/lib/python3.12/site-packages/airflow/example_dags/example_python_decorator.py
[2025-02-23T04:53:26.394+0000] {processor.py:914} INFO - Processing file /home/airflow/.local/lib/python3.12/site-packages/airflow/example_dags/example_python_decorator.py for tasks to queue
[2025-02-23T04:53:26.395+0000] {logging_mixin.py:190} INFO - [2025-02-23T04:53:26.395+0000] {dagbag.py:588} INFO - Filling up the DagBag from /home/airflow/.local/lib/python3.12/site-packages/airflow/example_dags/example_python_decorator.py
[2025-02-23T04:53:26.408+0000] {processor.py:925} INFO - DAG(s) 'example_python_decorator' retrieved from /home/airflow/.local/lib/python3.12/site-packages/airflow/example_dags/example_python_decorator.py
[2025-02-23T04:53:26.430+0000] {logging_mixin.py:190} INFO - [2025-02-23T04:53:26.429+0000] {dag.py:3239} INFO - Sync 1 DAGs
[2025-02-23T04:53:26.445+0000] {logging_mixin.py:190} INFO - [2025-02-23T04:53:26.445+0000] {dag.py:4180} INFO - Setting next_dagrun for example_python_decorator to None, run_after=None
[2025-02-23T04:53:26.467+0000] {processor.py:208} INFO - Processing /home/airflow/.local/lib/python3.12/site-packages/airflow/example_dags/example_python_decorator.py took 0.078 seconds
[2025-02-23T04:53:56.657+0000] {processor.py:186} INFO - Started process (PID=849) to work on /home/airflow/.local/lib/python3.12/site-packages/airflow/example_dags/example_python_decorator.py
[2025-02-23T04:53:56.658+0000] {processor.py:914} INFO - Processing file /home/airflow/.local/lib/python3.12/site-packages/airflow/example_dags/example_python_decorator.py for tasks to queue
[2025-02-23T04:53:56.659+0000] {logging_mixin.py:190} INFO - [2025-02-23T04:53:56.659+0000] {dagbag.py:588} INFO - Filling up the DagBag from /home/airflow/.local/lib/python3.12/site-packages/airflow/example_dags/example_python_decorator.py
[2025-02-23T04:53:56.673+0000] {processor.py:925} INFO - DAG(s) 'example_python_decorator' retrieved from /home/airflow/.local/lib/python3.12/site-packages/airflow/example_dags/example_python_decorator.py
[2025-02-23T04:53:56.695+0000] {logging_mixin.py:190} INFO - [2025-02-23T04:53:56.695+0000] {dag.py:3239} INFO - Sync 1 DAGs
[2025-02-23T04:53:56.709+0000] {logging_mixin.py:190} INFO - [2025-02-23T04:53:56.709+0000] {dag.py:4180} INFO - Setting next_dagrun for example_python_decorator to None, run_after=None
[2025-02-23T04:53:56.722+0000] {processor.py:208} INFO - Processing /home/airflow/.local/lib/python3.12/site-packages/airflow/example_dags/example_python_decorator.py took 0.069 seconds
[2025-02-23T04:54:26.878+0000] {processor.py:186} INFO - Started process (PID=912) to work on /home/airflow/.local/lib/python3.12/site-packages/airflow/example_dags/example_python_decorator.py
[2025-02-23T04:54:26.878+0000] {processor.py:914} INFO - Processing file /home/airflow/.local/lib/python3.12/site-packages/airflow/example_dags/example_python_decorator.py for tasks to queue
[2025-02-23T04:54:26.880+0000] {logging_mixin.py:190} INFO - [2025-02-23T04:54:26.880+0000] {dagbag.py:588} INFO - Filling up the DagBag from /home/airflow/.local/lib/python3.12/site-packages/airflow/example_dags/example_python_decorator.py
[2025-02-23T04:54:26.891+0000] {processor.py:925} INFO - DAG(s) 'example_python_decorator' retrieved from /home/airflow/.local/lib/python3.12/site-packages/airflow/example_dags/example_python_decorator.py
[2025-02-23T04:54:26.907+0000] {logging_mixin.py:190} INFO - [2025-02-23T04:54:26.907+0000] {dag.py:3239} INFO - Sync 1 DAGs
[2025-02-23T04:54:26.917+0000] {logging_mixin.py:190} INFO - [2025-02-23T04:54:26.917+0000] {dag.py:4180} INFO - Setting next_dagrun for example_python_decorator to None, run_after=None
[2025-02-23T04:54:26.929+0000] {processor.py:208} INFO - Processing /home/airflow/.local/lib/python3.12/site-packages/airflow/example_dags/example_python_decorator.py took 0.056 seconds
[2025-02-23T04:54:56.988+0000] {processor.py:186} INFO - Started process (PID=975) to work on /home/airflow/.local/lib/python3.12/site-packages/airflow/example_dags/example_python_decorator.py
[2025-02-23T04:54:56.988+0000] {processor.py:914} INFO - Processing file /home/airflow/.local/lib/python3.12/site-packages/airflow/example_dags/example_python_decorator.py for tasks to queue
[2025-02-23T04:54:56.990+0000] {logging_mixin.py:190} INFO - [2025-02-23T04:54:56.990+0000] {dagbag.py:588} INFO - Filling up the DagBag from /home/airflow/.local/lib/python3.12/site-packages/airflow/example_dags/example_python_decorator.py
[2025-02-23T04:54:57.000+0000] {processor.py:925} INFO - DAG(s) 'example_python_decorator' retrieved from /home/airflow/.local/lib/python3.12/site-packages/airflow/example_dags/example_python_decorator.py
[2025-02-23T04:54:57.017+0000] {logging_mixin.py:190} INFO - [2025-02-23T04:54:57.017+0000] {dag.py:3239} INFO - Sync 1 DAGs
[2025-02-23T04:54:57.033+0000] {logging_mixin.py:190} INFO - [2025-02-23T04:54:57.033+0000] {dag.py:4180} INFO - Setting next_dagrun for example_python_decorator to None, run_after=None
[2025-02-23T04:54:57.050+0000] {processor.py:208} INFO - Processing /home/airflow/.local/lib/python3.12/site-packages/airflow/example_dags/example_python_decorator.py took 0.066 seconds
[2025-02-23T04:55:27.192+0000] {processor.py:186} INFO - Started process (PID=1038) to work on /home/airflow/.local/lib/python3.12/site-packages/airflow/example_dags/example_python_decorator.py
[2025-02-23T04:55:27.193+0000] {processor.py:914} INFO - Processing file /home/airflow/.local/lib/python3.12/site-packages/airflow/example_dags/example_python_decorator.py for tasks to queue
[2025-02-23T04:55:27.195+0000] {logging_mixin.py:190} INFO - [2025-02-23T04:55:27.194+0000] {dagbag.py:588} INFO - Filling up the DagBag from /home/airflow/.local/lib/python3.12/site-packages/airflow/example_dags/example_python_decorator.py
[2025-02-23T04:55:27.210+0000] {processor.py:925} INFO - DAG(s) 'example_python_decorator' retrieved from /home/airflow/.local/lib/python3.12/site-packages/airflow/example_dags/example_python_decorator.py
[2025-02-23T04:55:27.233+0000] {logging_mixin.py:190} INFO - [2025-02-23T04:55:27.233+0000] {dag.py:3239} INFO - Sync 1 DAGs
[2025-02-23T04:55:27.246+0000] {logging_mixin.py:190} INFO - [2025-02-23T04:55:27.246+0000] {dag.py:4180} INFO - Setting next_dagrun for example_python_decorator to None, run_after=None
[2025-02-23T04:55:27.261+0000] {processor.py:208} INFO - Processing /home/airflow/.local/lib/python3.12/site-packages/airflow/example_dags/example_python_decorator.py took 0.074 seconds
[2025-02-23T04:55:57.514+0000] {processor.py:186} INFO - Started process (PID=1101) to work on /home/airflow/.local/lib/python3.12/site-packages/airflow/example_dags/example_python_decorator.py
[2025-02-23T04:55:57.515+0000] {processor.py:914} INFO - Processing file /home/airflow/.local/lib/python3.12/site-packages/airflow/example_dags/example_python_decorator.py for tasks to queue
[2025-02-23T04:55:57.517+0000] {logging_mixin.py:190} INFO - [2025-02-23T04:55:57.516+0000] {dagbag.py:588} INFO - Filling up the DagBag from /home/airflow/.local/lib/python3.12/site-packages/airflow/example_dags/example_python_decorator.py
[2025-02-23T04:55:57.527+0000] {processor.py:925} INFO - DAG(s) 'example_python_decorator' retrieved from /home/airflow/.local/lib/python3.12/site-packages/airflow/example_dags/example_python_decorator.py
[2025-02-23T04:55:57.544+0000] {logging_mixin.py:190} INFO - [2025-02-23T04:55:57.543+0000] {dag.py:3239} INFO - Sync 1 DAGs
[2025-02-23T04:55:57.554+0000] {logging_mixin.py:190} INFO - [2025-02-23T04:55:57.554+0000] {dag.py:4180} INFO - Setting next_dagrun for example_python_decorator to None, run_after=None
[2025-02-23T04:55:57.567+0000] {processor.py:208} INFO - Processing /home/airflow/.local/lib/python3.12/site-packages/airflow/example_dags/example_python_decorator.py took 0.056 seconds
[2025-02-23T04:56:27.770+0000] {processor.py:186} INFO - Started process (PID=1164) to work on /home/airflow/.local/lib/python3.12/site-packages/airflow/example_dags/example_python_decorator.py
[2025-02-23T04:56:27.770+0000] {processor.py:914} INFO - Processing file /home/airflow/.local/lib/python3.12/site-packages/airflow/example_dags/example_python_decorator.py for tasks to queue
[2025-02-23T04:56:27.772+0000] {logging_mixin.py:190} INFO - [2025-02-23T04:56:27.771+0000] {dagbag.py:588} INFO - Filling up the DagBag from /home/airflow/.local/lib/python3.12/site-packages/airflow/example_dags/example_python_decorator.py
[2025-02-23T04:56:27.783+0000] {processor.py:925} INFO - DAG(s) 'example_python_decorator' retrieved from /home/airflow/.local/lib/python3.12/site-packages/airflow/example_dags/example_python_decorator.py
[2025-02-23T04:56:27.799+0000] {logging_mixin.py:190} INFO - [2025-02-23T04:56:27.799+0000] {dag.py:3239} INFO - Sync 1 DAGs
[2025-02-23T04:56:27.811+0000] {logging_mixin.py:190} INFO - [2025-02-23T04:56:27.811+0000] {dag.py:4180} INFO - Setting next_dagrun for example_python_decorator to None, run_after=None
[2025-02-23T04:56:27.825+0000] {processor.py:208} INFO - Processing /home/airflow/.local/lib/python3.12/site-packages/airflow/example_dags/example_python_decorator.py took 0.060 seconds
[2025-02-23T04:56:58.002+0000] {processor.py:186} INFO - Started process (PID=1227) to work on /home/airflow/.local/lib/python3.12/site-packages/airflow/example_dags/example_python_decorator.py
[2025-02-23T04:56:58.003+0000] {processor.py:914} INFO - Processing file /home/airflow/.local/lib/python3.12/site-packages/airflow/example_dags/example_python_decorator.py for tasks to queue
[2025-02-23T04:56:58.005+0000] {logging_mixin.py:190} INFO - [2025-02-23T04:56:58.004+0000] {dagbag.py:588} INFO - Filling up the DagBag from /home/airflow/.local/lib/python3.12/site-packages/airflow/example_dags/example_python_decorator.py
[2025-02-23T04:56:58.022+0000] {processor.py:925} INFO - DAG(s) 'example_python_decorator' retrieved from /home/airflow/.local/lib/python3.12/site-packages/airflow/example_dags/example_python_decorator.py
[2025-02-23T04:56:58.047+0000] {logging_mixin.py:190} INFO - [2025-02-23T04:56:58.047+0000] {dag.py:3239} INFO - Sync 1 DAGs
[2025-02-23T04:56:58.066+0000] {logging_mixin.py:190} INFO - [2025-02-23T04:56:58.065+0000] {dag.py:4180} INFO - Setting next_dagrun for example_python_decorator to None, run_after=None
[2025-02-23T04:56:58.081+0000] {processor.py:208} INFO - Processing /home/airflow/.local/lib/python3.12/site-packages/airflow/example_dags/example_python_decorator.py took 0.085 seconds
[2025-02-23T04:57:28.204+0000] {processor.py:186} INFO - Started process (PID=1290) to work on /home/airflow/.local/lib/python3.12/site-packages/airflow/example_dags/example_python_decorator.py
[2025-02-23T04:57:28.205+0000] {processor.py:914} INFO - Processing file /home/airflow/.local/lib/python3.12/site-packages/airflow/example_dags/example_python_decorator.py for tasks to queue
[2025-02-23T04:57:28.207+0000] {logging_mixin.py:190} INFO - [2025-02-23T04:57:28.207+0000] {dagbag.py:588} INFO - Filling up the DagBag from /home/airflow/.local/lib/python3.12/site-packages/airflow/example_dags/example_python_decorator.py
[2025-02-23T04:57:28.222+0000] {processor.py:925} INFO - DAG(s) 'example_python_decorator' retrieved from /home/airflow/.local/lib/python3.12/site-packages/airflow/example_dags/example_python_decorator.py
[2025-02-23T04:57:28.246+0000] {logging_mixin.py:190} INFO - [2025-02-23T04:57:28.246+0000] {dag.py:3239} INFO - Sync 1 DAGs
[2025-02-23T04:57:28.263+0000] {logging_mixin.py:190} INFO - [2025-02-23T04:57:28.262+0000] {dag.py:4180} INFO - Setting next_dagrun for example_python_decorator to None, run_after=None
[2025-02-23T04:57:28.280+0000] {processor.py:208} INFO - Processing /home/airflow/.local/lib/python3.12/site-packages/airflow/example_dags/example_python_decorator.py took 0.081 seconds
[2025-02-23T04:57:58.649+0000] {processor.py:186} INFO - Started process (PID=1354) to work on /home/airflow/.local/lib/python3.12/site-packages/airflow/example_dags/example_python_decorator.py
[2025-02-23T04:57:58.649+0000] {processor.py:914} INFO - Processing file /home/airflow/.local/lib/python3.12/site-packages/airflow/example_dags/example_python_decorator.py for tasks to queue
[2025-02-23T04:57:58.651+0000] {logging_mixin.py:190} INFO - [2025-02-23T04:57:58.651+0000] {dagbag.py:588} INFO - Filling up the DagBag from /home/airflow/.local/lib/python3.12/site-packages/airflow/example_dags/example_python_decorator.py
[2025-02-23T04:57:58.662+0000] {processor.py:925} INFO - DAG(s) 'example_python_decorator' retrieved from /home/airflow/.local/lib/python3.12/site-packages/airflow/example_dags/example_python_decorator.py
[2025-02-23T04:57:58.679+0000] {logging_mixin.py:190} INFO - [2025-02-23T04:57:58.679+0000] {dag.py:3239} INFO - Sync 1 DAGs
[2025-02-23T04:57:58.691+0000] {logging_mixin.py:190} INFO - [2025-02-23T04:57:58.691+0000] {dag.py:4180} INFO - Setting next_dagrun for example_python_decorator to None, run_after=None
[2025-02-23T04:57:58.704+0000] {processor.py:208} INFO - Processing /home/airflow/.local/lib/python3.12/site-packages/airflow/example_dags/example_python_decorator.py took 0.060 seconds
[2025-02-23T04:58:29.129+0000] {processor.py:186} INFO - Started process (PID=1417) to work on /home/airflow/.local/lib/python3.12/site-packages/airflow/example_dags/example_python_decorator.py
[2025-02-23T04:58:29.129+0000] {processor.py:914} INFO - Processing file /home/airflow/.local/lib/python3.12/site-packages/airflow/example_dags/example_python_decorator.py for tasks to queue
[2025-02-23T04:58:29.131+0000] {logging_mixin.py:190} INFO - [2025-02-23T04:58:29.130+0000] {dagbag.py:588} INFO - Filling up the DagBag from /home/airflow/.local/lib/python3.12/site-packages/airflow/example_dags/example_python_decorator.py
[2025-02-23T04:58:29.141+0000] {processor.py:925} INFO - DAG(s) 'example_python_decorator' retrieved from /home/airflow/.local/lib/python3.12/site-packages/airflow/example_dags/example_python_decorator.py
[2025-02-23T04:58:29.158+0000] {logging_mixin.py:190} INFO - [2025-02-23T04:58:29.157+0000] {dag.py:3239} INFO - Sync 1 DAGs
[2025-02-23T04:58:29.168+0000] {logging_mixin.py:190} INFO - [2025-02-23T04:58:29.168+0000] {dag.py:4180} INFO - Setting next_dagrun for example_python_decorator to None, run_after=None
[2025-02-23T04:58:29.182+0000] {processor.py:208} INFO - Processing /home/airflow/.local/lib/python3.12/site-packages/airflow/example_dags/example_python_decorator.py took 0.058 seconds
