[2025-02-23T04:47:45.804+0000] {processor.py:186} INFO - Started process (PID=78) to work on /home/airflow/.local/lib/python3.12/site-packages/airflow/example_dags/example_dataset_alias.py
[2025-02-23T04:47:45.805+0000] {processor.py:914} INFO - Processing file /home/airflow/.local/lib/python3.12/site-packages/airflow/example_dags/example_dataset_alias.py for tasks to queue
[2025-02-23T04:47:45.807+0000] {logging_mixin.py:190} INFO - [2025-02-23T04:47:45.807+0000] {dagbag.py:588} INFO - Filling up the DagBag from /home/airflow/.local/lib/python3.12/site-packages/airflow/example_dags/example_dataset_alias.py
[2025-02-23T04:47:48.177+0000] {processor.py:925} INFO - DAG(s) 'dataset_s3_bucket_consumer', 'dataset_alias_example_alias_consumer', 'dataset_s3_bucket_producer', 'dataset_alias_example_alias_producer' retrieved from /home/airflow/.local/lib/python3.12/site-packages/airflow/example_dags/example_dataset_alias.py
[2025-02-23T04:47:48.297+0000] {logging_mixin.py:190} INFO - [2025-02-23T04:47:48.296+0000] {override.py:1911} INFO - Created Permission View: can delete on DAG:dataset_s3_bucket_consumer
[2025-02-23T04:47:48.308+0000] {logging_mixin.py:190} INFO - [2025-02-23T04:47:48.308+0000] {override.py:1911} INFO - Created Permission View: can edit on DAG:dataset_s3_bucket_consumer
[2025-02-23T04:47:48.314+0000] {logging_mixin.py:190} INFO - [2025-02-23T04:47:48.314+0000] {override.py:1911} INFO - Created Permission View: can read on DAG:dataset_s3_bucket_consumer
[2025-02-23T04:47:48.320+0000] {logging_mixin.py:190} INFO - [2025-02-23T04:47:48.320+0000] {override.py:1911} INFO - Created Permission View: can create on DAG Run:dataset_s3_bucket_consumer
[2025-02-23T04:47:48.327+0000] {logging_mixin.py:190} INFO - [2025-02-23T04:47:48.327+0000] {override.py:1911} INFO - Created Permission View: menu access on DAG Run:dataset_s3_bucket_consumer
[2025-02-23T04:47:48.335+0000] {logging_mixin.py:190} INFO - [2025-02-23T04:47:48.334+0000] {override.py:1911} INFO - Created Permission View: can delete on DAG Run:dataset_s3_bucket_consumer
[2025-02-23T04:47:48.341+0000] {logging_mixin.py:190} INFO - [2025-02-23T04:47:48.340+0000] {override.py:1911} INFO - Created Permission View: can read on DAG Run:dataset_s3_bucket_consumer
[2025-02-23T04:47:48.353+0000] {logging_mixin.py:190} INFO - [2025-02-23T04:47:48.352+0000] {override.py:1911} INFO - Created Permission View: can delete on DAG:dataset_alias_example_alias_consumer
[2025-02-23T04:47:48.358+0000] {logging_mixin.py:190} INFO - [2025-02-23T04:47:48.358+0000] {override.py:1911} INFO - Created Permission View: can edit on DAG:dataset_alias_example_alias_consumer
[2025-02-23T04:47:48.363+0000] {logging_mixin.py:190} INFO - [2025-02-23T04:47:48.363+0000] {override.py:1911} INFO - Created Permission View: can read on DAG:dataset_alias_example_alias_consumer
[2025-02-23T04:47:48.369+0000] {logging_mixin.py:190} INFO - [2025-02-23T04:47:48.368+0000] {override.py:1911} INFO - Created Permission View: can create on DAG Run:dataset_alias_example_alias_consumer
[2025-02-23T04:47:48.374+0000] {logging_mixin.py:190} INFO - [2025-02-23T04:47:48.374+0000] {override.py:1911} INFO - Created Permission View: menu access on DAG Run:dataset_alias_example_alias_consumer
[2025-02-23T04:47:48.382+0000] {logging_mixin.py:190} INFO - [2025-02-23T04:47:48.382+0000] {override.py:1911} INFO - Created Permission View: can delete on DAG Run:dataset_alias_example_alias_consumer
[2025-02-23T04:47:48.415+0000] {logging_mixin.py:190} INFO - [2025-02-23T04:47:48.415+0000] {override.py:1911} INFO - Created Permission View: can read on DAG Run:dataset_alias_example_alias_consumer
[2025-02-23T04:47:48.427+0000] {logging_mixin.py:190} INFO - [2025-02-23T04:47:48.427+0000] {override.py:1911} INFO - Created Permission View: can delete on DAG:dataset_s3_bucket_producer
[2025-02-23T04:47:48.433+0000] {logging_mixin.py:190} INFO - [2025-02-23T04:47:48.433+0000] {override.py:1911} INFO - Created Permission View: can edit on DAG:dataset_s3_bucket_producer
[2025-02-23T04:47:48.439+0000] {logging_mixin.py:190} INFO - [2025-02-23T04:47:48.439+0000] {override.py:1911} INFO - Created Permission View: can read on DAG:dataset_s3_bucket_producer
[2025-02-23T04:47:48.457+0000] {logging_mixin.py:190} INFO - [2025-02-23T04:47:48.456+0000] {override.py:1911} INFO - Created Permission View: can create on DAG Run:dataset_s3_bucket_producer
[2025-02-23T04:47:48.521+0000] {logging_mixin.py:190} INFO - [2025-02-23T04:47:48.521+0000] {override.py:1911} INFO - Created Permission View: menu access on DAG Run:dataset_s3_bucket_producer
[2025-02-23T04:47:48.528+0000] {logging_mixin.py:190} INFO - [2025-02-23T04:47:48.527+0000] {override.py:1911} INFO - Created Permission View: can delete on DAG Run:dataset_s3_bucket_producer
[2025-02-23T04:47:48.546+0000] {logging_mixin.py:190} INFO - [2025-02-23T04:47:48.545+0000] {override.py:1911} INFO - Created Permission View: can read on DAG Run:dataset_s3_bucket_producer
[2025-02-23T04:47:48.574+0000] {logging_mixin.py:190} INFO - [2025-02-23T04:47:48.573+0000] {override.py:1911} INFO - Created Permission View: can delete on DAG:dataset_alias_example_alias_producer
[2025-02-23T04:47:48.583+0000] {logging_mixin.py:190} INFO - [2025-02-23T04:47:48.583+0000] {override.py:1911} INFO - Created Permission View: can edit on DAG:dataset_alias_example_alias_producer
[2025-02-23T04:47:48.589+0000] {logging_mixin.py:190} INFO - [2025-02-23T04:47:48.589+0000] {override.py:1911} INFO - Created Permission View: can read on DAG:dataset_alias_example_alias_producer
[2025-02-23T04:47:48.595+0000] {logging_mixin.py:190} INFO - [2025-02-23T04:47:48.595+0000] {override.py:1911} INFO - Created Permission View: can create on DAG Run:dataset_alias_example_alias_producer
[2025-02-23T04:47:48.602+0000] {logging_mixin.py:190} INFO - [2025-02-23T04:47:48.602+0000] {override.py:1911} INFO - Created Permission View: menu access on DAG Run:dataset_alias_example_alias_producer
[2025-02-23T04:47:48.617+0000] {logging_mixin.py:190} INFO - [2025-02-23T04:47:48.617+0000] {override.py:1911} INFO - Created Permission View: can delete on DAG Run:dataset_alias_example_alias_producer
[2025-02-23T04:47:48.628+0000] {logging_mixin.py:190} INFO - [2025-02-23T04:47:48.628+0000] {override.py:1911} INFO - Created Permission View: can read on DAG Run:dataset_alias_example_alias_producer
[2025-02-23T04:47:48.630+0000] {logging_mixin.py:190} INFO - [2025-02-23T04:47:48.629+0000] {dag.py:3239} INFO - Sync 4 DAGs
[2025-02-23T04:47:48.679+0000] {logging_mixin.py:190} INFO - [2025-02-23T04:47:48.678+0000] {dag.py:3262} INFO - Creating ORM DAG for dataset_s3_bucket_producer
[2025-02-23T04:47:48.680+0000] {logging_mixin.py:190} INFO - [2025-02-23T04:47:48.680+0000] {dag.py:3262} INFO - Creating ORM DAG for dataset_alias_example_alias_producer
[2025-02-23T04:47:48.681+0000] {logging_mixin.py:190} INFO - [2025-02-23T04:47:48.680+0000] {dag.py:3262} INFO - Creating ORM DAG for dataset_s3_bucket_consumer
[2025-02-23T04:47:48.684+0000] {logging_mixin.py:190} INFO - [2025-02-23T04:47:48.683+0000] {dag.py:3262} INFO - Creating ORM DAG for dataset_alias_example_alias_consumer
[2025-02-23T04:47:48.694+0000] {logging_mixin.py:190} INFO - [2025-02-23T04:47:48.694+0000] {dag.py:4180} INFO - Setting next_dagrun for dataset_alias_example_alias_consumer to None, run_after=None
[2025-02-23T04:47:48.695+0000] {logging_mixin.py:190} INFO - [2025-02-23T04:47:48.695+0000] {dag.py:4180} INFO - Setting next_dagrun for dataset_alias_example_alias_producer to None, run_after=None
[2025-02-23T04:47:48.696+0000] {logging_mixin.py:190} INFO - [2025-02-23T04:47:48.696+0000] {dag.py:4180} INFO - Setting next_dagrun for dataset_s3_bucket_consumer to None, run_after=None
[2025-02-23T04:47:48.696+0000] {logging_mixin.py:190} INFO - [2025-02-23T04:47:48.696+0000] {dag.py:4180} INFO - Setting next_dagrun for dataset_s3_bucket_producer to None, run_after=None
[2025-02-23T04:47:48.751+0000] {processor.py:208} INFO - Processing /home/airflow/.local/lib/python3.12/site-packages/airflow/example_dags/example_dataset_alias.py took 2.953 seconds
[2025-02-23T04:48:19.143+0000] {processor.py:186} INFO - Started process (PID=144) to work on /home/airflow/.local/lib/python3.12/site-packages/airflow/example_dags/example_dataset_alias.py
[2025-02-23T04:48:19.143+0000] {processor.py:914} INFO - Processing file /home/airflow/.local/lib/python3.12/site-packages/airflow/example_dags/example_dataset_alias.py for tasks to queue
[2025-02-23T04:48:19.146+0000] {logging_mixin.py:190} INFO - [2025-02-23T04:48:19.146+0000] {dagbag.py:588} INFO - Filling up the DagBag from /home/airflow/.local/lib/python3.12/site-packages/airflow/example_dags/example_dataset_alias.py
[2025-02-23T04:48:19.750+0000] {processor.py:925} INFO - DAG(s) 'dataset_s3_bucket_consumer', 'dataset_s3_bucket_producer', 'dataset_alias_example_alias_producer', 'dataset_alias_example_alias_consumer' retrieved from /home/airflow/.local/lib/python3.12/site-packages/airflow/example_dags/example_dataset_alias.py
[2025-02-23T04:48:19.772+0000] {logging_mixin.py:190} INFO - [2025-02-23T04:48:19.771+0000] {dag.py:3239} INFO - Sync 4 DAGs
[2025-02-23T04:48:19.793+0000] {logging_mixin.py:190} INFO - [2025-02-23T04:48:19.793+0000] {dag.py:4180} INFO - Setting next_dagrun for dataset_alias_example_alias_consumer to None, run_after=None
[2025-02-23T04:48:19.795+0000] {logging_mixin.py:190} INFO - [2025-02-23T04:48:19.795+0000] {dag.py:4180} INFO - Setting next_dagrun for dataset_alias_example_alias_producer to None, run_after=None
[2025-02-23T04:48:19.796+0000] {logging_mixin.py:190} INFO - [2025-02-23T04:48:19.796+0000] {dag.py:4180} INFO - Setting next_dagrun for dataset_s3_bucket_consumer to None, run_after=None
[2025-02-23T04:48:19.797+0000] {logging_mixin.py:190} INFO - [2025-02-23T04:48:19.797+0000] {dag.py:4180} INFO - Setting next_dagrun for dataset_s3_bucket_producer to None, run_after=None
[2025-02-23T04:48:19.812+0000] {processor.py:208} INFO - Processing /home/airflow/.local/lib/python3.12/site-packages/airflow/example_dags/example_dataset_alias.py took 0.674 seconds
[2025-02-23T04:48:50.065+0000] {processor.py:186} INFO - Started process (PID=213) to work on /home/airflow/.local/lib/python3.12/site-packages/airflow/example_dags/example_dataset_alias.py
[2025-02-23T04:48:50.065+0000] {processor.py:914} INFO - Processing file /home/airflow/.local/lib/python3.12/site-packages/airflow/example_dags/example_dataset_alias.py for tasks to queue
[2025-02-23T04:48:50.067+0000] {logging_mixin.py:190} INFO - [2025-02-23T04:48:50.067+0000] {dagbag.py:588} INFO - Filling up the DagBag from /home/airflow/.local/lib/python3.12/site-packages/airflow/example_dags/example_dataset_alias.py
[2025-02-23T04:48:50.565+0000] {processor.py:925} INFO - DAG(s) 'dataset_s3_bucket_producer', 'dataset_alias_example_alias_producer', 'dataset_alias_example_alias_consumer', 'dataset_s3_bucket_consumer' retrieved from /home/airflow/.local/lib/python3.12/site-packages/airflow/example_dags/example_dataset_alias.py
[2025-02-23T04:48:50.580+0000] {logging_mixin.py:190} INFO - [2025-02-23T04:48:50.580+0000] {dag.py:3239} INFO - Sync 4 DAGs
[2025-02-23T04:48:50.598+0000] {logging_mixin.py:190} INFO - [2025-02-23T04:48:50.598+0000] {dag.py:4180} INFO - Setting next_dagrun for dataset_alias_example_alias_consumer to None, run_after=None
[2025-02-23T04:48:50.600+0000] {logging_mixin.py:190} INFO - [2025-02-23T04:48:50.600+0000] {dag.py:4180} INFO - Setting next_dagrun for dataset_alias_example_alias_producer to None, run_after=None
[2025-02-23T04:48:50.601+0000] {logging_mixin.py:190} INFO - [2025-02-23T04:48:50.601+0000] {dag.py:4180} INFO - Setting next_dagrun for dataset_s3_bucket_consumer to None, run_after=None
[2025-02-23T04:48:50.602+0000] {logging_mixin.py:190} INFO - [2025-02-23T04:48:50.602+0000] {dag.py:4180} INFO - Setting next_dagrun for dataset_s3_bucket_producer to None, run_after=None
[2025-02-23T04:48:50.618+0000] {processor.py:208} INFO - Processing /home/airflow/.local/lib/python3.12/site-packages/airflow/example_dags/example_dataset_alias.py took 0.557 seconds
[2025-02-23T04:49:21.610+0000] {processor.py:186} INFO - Started process (PID=278) to work on /home/airflow/.local/lib/python3.12/site-packages/airflow/example_dags/example_dataset_alias.py
[2025-02-23T04:49:21.610+0000] {processor.py:914} INFO - Processing file /home/airflow/.local/lib/python3.12/site-packages/airflow/example_dags/example_dataset_alias.py for tasks to queue
[2025-02-23T04:49:21.612+0000] {logging_mixin.py:190} INFO - [2025-02-23T04:49:21.612+0000] {dagbag.py:588} INFO - Filling up the DagBag from /home/airflow/.local/lib/python3.12/site-packages/airflow/example_dags/example_dataset_alias.py
[2025-02-23T04:49:22.217+0000] {processor.py:925} INFO - DAG(s) 'dataset_s3_bucket_producer', 'dataset_alias_example_alias_consumer', 'dataset_alias_example_alias_producer', 'dataset_s3_bucket_consumer' retrieved from /home/airflow/.local/lib/python3.12/site-packages/airflow/example_dags/example_dataset_alias.py
[2025-02-23T04:49:22.232+0000] {logging_mixin.py:190} INFO - [2025-02-23T04:49:22.231+0000] {dag.py:3239} INFO - Sync 4 DAGs
[2025-02-23T04:49:22.255+0000] {logging_mixin.py:190} INFO - [2025-02-23T04:49:22.254+0000] {dag.py:4180} INFO - Setting next_dagrun for dataset_alias_example_alias_consumer to None, run_after=None
[2025-02-23T04:49:22.257+0000] {logging_mixin.py:190} INFO - [2025-02-23T04:49:22.257+0000] {dag.py:4180} INFO - Setting next_dagrun for dataset_alias_example_alias_producer to None, run_after=None
[2025-02-23T04:49:22.258+0000] {logging_mixin.py:190} INFO - [2025-02-23T04:49:22.258+0000] {dag.py:4180} INFO - Setting next_dagrun for dataset_s3_bucket_consumer to None, run_after=None
[2025-02-23T04:49:22.259+0000] {logging_mixin.py:190} INFO - [2025-02-23T04:49:22.259+0000] {dag.py:4180} INFO - Setting next_dagrun for dataset_s3_bucket_producer to None, run_after=None
[2025-02-23T04:49:22.277+0000] {processor.py:208} INFO - Processing /home/airflow/.local/lib/python3.12/site-packages/airflow/example_dags/example_dataset_alias.py took 0.672 seconds
[2025-02-23T04:49:52.827+0000] {processor.py:186} INFO - Started process (PID=342) to work on /home/airflow/.local/lib/python3.12/site-packages/airflow/example_dags/example_dataset_alias.py
[2025-02-23T04:49:52.828+0000] {processor.py:914} INFO - Processing file /home/airflow/.local/lib/python3.12/site-packages/airflow/example_dags/example_dataset_alias.py for tasks to queue
[2025-02-23T04:49:52.829+0000] {logging_mixin.py:190} INFO - [2025-02-23T04:49:52.829+0000] {dagbag.py:588} INFO - Filling up the DagBag from /home/airflow/.local/lib/python3.12/site-packages/airflow/example_dags/example_dataset_alias.py
[2025-02-23T04:49:53.415+0000] {processor.py:925} INFO - DAG(s) 'dataset_s3_bucket_consumer', 'dataset_alias_example_alias_consumer', 'dataset_alias_example_alias_producer', 'dataset_s3_bucket_producer' retrieved from /home/airflow/.local/lib/python3.12/site-packages/airflow/example_dags/example_dataset_alias.py
[2025-02-23T04:49:53.437+0000] {logging_mixin.py:190} INFO - [2025-02-23T04:49:53.436+0000] {dag.py:3239} INFO - Sync 4 DAGs
[2025-02-23T04:49:53.462+0000] {logging_mixin.py:190} INFO - [2025-02-23T04:49:53.461+0000] {dag.py:4180} INFO - Setting next_dagrun for dataset_alias_example_alias_consumer to None, run_after=None
[2025-02-23T04:49:53.463+0000] {logging_mixin.py:190} INFO - [2025-02-23T04:49:53.463+0000] {dag.py:4180} INFO - Setting next_dagrun for dataset_alias_example_alias_producer to None, run_after=None
[2025-02-23T04:49:53.465+0000] {logging_mixin.py:190} INFO - [2025-02-23T04:49:53.464+0000] {dag.py:4180} INFO - Setting next_dagrun for dataset_s3_bucket_consumer to None, run_after=None
[2025-02-23T04:49:53.465+0000] {logging_mixin.py:190} INFO - [2025-02-23T04:49:53.465+0000] {dag.py:4180} INFO - Setting next_dagrun for dataset_s3_bucket_producer to None, run_after=None
[2025-02-23T04:49:53.485+0000] {processor.py:208} INFO - Processing /home/airflow/.local/lib/python3.12/site-packages/airflow/example_dags/example_dataset_alias.py took 0.662 seconds
[2025-02-23T04:50:24.195+0000] {processor.py:186} INFO - Started process (PID=407) to work on /home/airflow/.local/lib/python3.12/site-packages/airflow/example_dags/example_dataset_alias.py
[2025-02-23T04:50:24.195+0000] {processor.py:914} INFO - Processing file /home/airflow/.local/lib/python3.12/site-packages/airflow/example_dags/example_dataset_alias.py for tasks to queue
[2025-02-23T04:50:24.199+0000] {logging_mixin.py:190} INFO - [2025-02-23T04:50:24.199+0000] {dagbag.py:588} INFO - Filling up the DagBag from /home/airflow/.local/lib/python3.12/site-packages/airflow/example_dags/example_dataset_alias.py
[2025-02-23T04:50:24.827+0000] {processor.py:925} INFO - DAG(s) 'dataset_alias_example_alias_producer', 'dataset_s3_bucket_consumer', 'dataset_s3_bucket_producer', 'dataset_alias_example_alias_consumer' retrieved from /home/airflow/.local/lib/python3.12/site-packages/airflow/example_dags/example_dataset_alias.py
[2025-02-23T04:50:24.850+0000] {logging_mixin.py:190} INFO - [2025-02-23T04:50:24.849+0000] {dag.py:3239} INFO - Sync 4 DAGs
[2025-02-23T04:50:24.877+0000] {logging_mixin.py:190} INFO - [2025-02-23T04:50:24.876+0000] {dag.py:4180} INFO - Setting next_dagrun for dataset_alias_example_alias_consumer to None, run_after=None
[2025-02-23T04:50:24.879+0000] {logging_mixin.py:190} INFO - [2025-02-23T04:50:24.879+0000] {dag.py:4180} INFO - Setting next_dagrun for dataset_alias_example_alias_producer to None, run_after=None
[2025-02-23T04:50:24.881+0000] {logging_mixin.py:190} INFO - [2025-02-23T04:50:24.881+0000] {dag.py:4180} INFO - Setting next_dagrun for dataset_s3_bucket_consumer to None, run_after=None
[2025-02-23T04:50:24.882+0000] {logging_mixin.py:190} INFO - [2025-02-23T04:50:24.882+0000] {dag.py:4180} INFO - Setting next_dagrun for dataset_s3_bucket_producer to None, run_after=None
[2025-02-23T04:50:24.903+0000] {processor.py:208} INFO - Processing /home/airflow/.local/lib/python3.12/site-packages/airflow/example_dags/example_dataset_alias.py took 0.715 seconds
[2025-02-23T04:50:55.930+0000] {processor.py:186} INFO - Started process (PID=474) to work on /home/airflow/.local/lib/python3.12/site-packages/airflow/example_dags/example_dataset_alias.py
[2025-02-23T04:50:55.930+0000] {processor.py:914} INFO - Processing file /home/airflow/.local/lib/python3.12/site-packages/airflow/example_dags/example_dataset_alias.py for tasks to queue
[2025-02-23T04:50:55.932+0000] {logging_mixin.py:190} INFO - [2025-02-23T04:50:55.932+0000] {dagbag.py:588} INFO - Filling up the DagBag from /home/airflow/.local/lib/python3.12/site-packages/airflow/example_dags/example_dataset_alias.py
[2025-02-23T04:50:56.440+0000] {processor.py:925} INFO - DAG(s) 'dataset_s3_bucket_producer', 'dataset_s3_bucket_consumer', 'dataset_alias_example_alias_producer', 'dataset_alias_example_alias_consumer' retrieved from /home/airflow/.local/lib/python3.12/site-packages/airflow/example_dags/example_dataset_alias.py
[2025-02-23T04:50:56.456+0000] {logging_mixin.py:190} INFO - [2025-02-23T04:50:56.456+0000] {dag.py:3239} INFO - Sync 4 DAGs
[2025-02-23T04:50:56.481+0000] {logging_mixin.py:190} INFO - [2025-02-23T04:50:56.480+0000] {dag.py:4180} INFO - Setting next_dagrun for dataset_alias_example_alias_consumer to None, run_after=None
[2025-02-23T04:50:56.483+0000] {logging_mixin.py:190} INFO - [2025-02-23T04:50:56.483+0000] {dag.py:4180} INFO - Setting next_dagrun for dataset_alias_example_alias_producer to None, run_after=None
[2025-02-23T04:50:56.484+0000] {logging_mixin.py:190} INFO - [2025-02-23T04:50:56.484+0000] {dag.py:4180} INFO - Setting next_dagrun for dataset_s3_bucket_consumer to None, run_after=None
[2025-02-23T04:50:56.485+0000] {logging_mixin.py:190} INFO - [2025-02-23T04:50:56.485+0000] {dag.py:4180} INFO - Setting next_dagrun for dataset_s3_bucket_producer to None, run_after=None
[2025-02-23T04:50:56.502+0000] {processor.py:208} INFO - Processing /home/airflow/.local/lib/python3.12/site-packages/airflow/example_dags/example_dataset_alias.py took 0.577 seconds
[2025-02-23T04:51:27.421+0000] {processor.py:186} INFO - Started process (PID=537) to work on /home/airflow/.local/lib/python3.12/site-packages/airflow/example_dags/example_dataset_alias.py
[2025-02-23T04:51:27.422+0000] {processor.py:914} INFO - Processing file /home/airflow/.local/lib/python3.12/site-packages/airflow/example_dags/example_dataset_alias.py for tasks to queue
[2025-02-23T04:51:27.424+0000] {logging_mixin.py:190} INFO - [2025-02-23T04:51:27.423+0000] {dagbag.py:588} INFO - Filling up the DagBag from /home/airflow/.local/lib/python3.12/site-packages/airflow/example_dags/example_dataset_alias.py
[2025-02-23T04:51:27.950+0000] {processor.py:925} INFO - DAG(s) 'dataset_s3_bucket_consumer', 'dataset_s3_bucket_producer', 'dataset_alias_example_alias_consumer', 'dataset_alias_example_alias_producer' retrieved from /home/airflow/.local/lib/python3.12/site-packages/airflow/example_dags/example_dataset_alias.py
[2025-02-23T04:51:27.965+0000] {logging_mixin.py:190} INFO - [2025-02-23T04:51:27.965+0000] {dag.py:3239} INFO - Sync 4 DAGs
[2025-02-23T04:51:27.982+0000] {logging_mixin.py:190} INFO - [2025-02-23T04:51:27.982+0000] {dag.py:4180} INFO - Setting next_dagrun for dataset_alias_example_alias_consumer to None, run_after=None
[2025-02-23T04:51:27.984+0000] {logging_mixin.py:190} INFO - [2025-02-23T04:51:27.984+0000] {dag.py:4180} INFO - Setting next_dagrun for dataset_alias_example_alias_producer to None, run_after=None
[2025-02-23T04:51:27.985+0000] {logging_mixin.py:190} INFO - [2025-02-23T04:51:27.985+0000] {dag.py:4180} INFO - Setting next_dagrun for dataset_s3_bucket_consumer to None, run_after=None
[2025-02-23T04:51:27.986+0000] {logging_mixin.py:190} INFO - [2025-02-23T04:51:27.986+0000] {dag.py:4180} INFO - Setting next_dagrun for dataset_s3_bucket_producer to None, run_after=None
[2025-02-23T04:51:28.000+0000] {processor.py:208} INFO - Processing /home/airflow/.local/lib/python3.12/site-packages/airflow/example_dags/example_dataset_alias.py took 0.584 seconds
[2025-02-23T04:51:58.758+0000] {processor.py:186} INFO - Started process (PID=600) to work on /home/airflow/.local/lib/python3.12/site-packages/airflow/example_dags/example_dataset_alias.py
[2025-02-23T04:51:58.758+0000] {processor.py:914} INFO - Processing file /home/airflow/.local/lib/python3.12/site-packages/airflow/example_dags/example_dataset_alias.py for tasks to queue
[2025-02-23T04:51:58.760+0000] {logging_mixin.py:190} INFO - [2025-02-23T04:51:58.760+0000] {dagbag.py:588} INFO - Filling up the DagBag from /home/airflow/.local/lib/python3.12/site-packages/airflow/example_dags/example_dataset_alias.py
[2025-02-23T04:51:59.322+0000] {processor.py:925} INFO - DAG(s) 'dataset_s3_bucket_consumer', 'dataset_s3_bucket_producer', 'dataset_alias_example_alias_producer', 'dataset_alias_example_alias_consumer' retrieved from /home/airflow/.local/lib/python3.12/site-packages/airflow/example_dags/example_dataset_alias.py
[2025-02-23T04:51:59.348+0000] {logging_mixin.py:190} INFO - [2025-02-23T04:51:59.347+0000] {dag.py:3239} INFO - Sync 4 DAGs
[2025-02-23T04:51:59.373+0000] {logging_mixin.py:190} INFO - [2025-02-23T04:51:59.373+0000] {dag.py:4180} INFO - Setting next_dagrun for dataset_alias_example_alias_consumer to None, run_after=None
[2025-02-23T04:51:59.376+0000] {logging_mixin.py:190} INFO - [2025-02-23T04:51:59.376+0000] {dag.py:4180} INFO - Setting next_dagrun for dataset_alias_example_alias_producer to None, run_after=None
[2025-02-23T04:51:59.378+0000] {logging_mixin.py:190} INFO - [2025-02-23T04:51:59.377+0000] {dag.py:4180} INFO - Setting next_dagrun for dataset_s3_bucket_consumer to None, run_after=None
[2025-02-23T04:51:59.379+0000] {logging_mixin.py:190} INFO - [2025-02-23T04:51:59.379+0000] {dag.py:4180} INFO - Setting next_dagrun for dataset_s3_bucket_producer to None, run_after=None
[2025-02-23T04:51:59.400+0000] {processor.py:208} INFO - Processing /home/airflow/.local/lib/python3.12/site-packages/airflow/example_dags/example_dataset_alias.py took 0.647 seconds
[2025-02-23T04:52:30.017+0000] {processor.py:186} INFO - Started process (PID=663) to work on /home/airflow/.local/lib/python3.12/site-packages/airflow/example_dags/example_dataset_alias.py
[2025-02-23T04:52:30.018+0000] {processor.py:914} INFO - Processing file /home/airflow/.local/lib/python3.12/site-packages/airflow/example_dags/example_dataset_alias.py for tasks to queue
[2025-02-23T04:52:30.019+0000] {logging_mixin.py:190} INFO - [2025-02-23T04:52:30.019+0000] {dagbag.py:588} INFO - Filling up the DagBag from /home/airflow/.local/lib/python3.12/site-packages/airflow/example_dags/example_dataset_alias.py
[2025-02-23T04:52:30.562+0000] {processor.py:925} INFO - DAG(s) 'dataset_alias_example_alias_consumer', 'dataset_alias_example_alias_producer', 'dataset_s3_bucket_producer', 'dataset_s3_bucket_consumer' retrieved from /home/airflow/.local/lib/python3.12/site-packages/airflow/example_dags/example_dataset_alias.py
[2025-02-23T04:52:30.577+0000] {logging_mixin.py:190} INFO - [2025-02-23T04:52:30.576+0000] {dag.py:3239} INFO - Sync 4 DAGs
[2025-02-23T04:52:30.595+0000] {logging_mixin.py:190} INFO - [2025-02-23T04:52:30.595+0000] {dag.py:4180} INFO - Setting next_dagrun for dataset_alias_example_alias_consumer to None, run_after=None
[2025-02-23T04:52:30.597+0000] {logging_mixin.py:190} INFO - [2025-02-23T04:52:30.596+0000] {dag.py:4180} INFO - Setting next_dagrun for dataset_alias_example_alias_producer to None, run_after=None
[2025-02-23T04:52:30.598+0000] {logging_mixin.py:190} INFO - [2025-02-23T04:52:30.597+0000] {dag.py:4180} INFO - Setting next_dagrun for dataset_s3_bucket_consumer to None, run_after=None
[2025-02-23T04:52:30.598+0000] {logging_mixin.py:190} INFO - [2025-02-23T04:52:30.598+0000] {dag.py:4180} INFO - Setting next_dagrun for dataset_s3_bucket_producer to None, run_after=None
[2025-02-23T04:52:30.613+0000] {processor.py:208} INFO - Processing /home/airflow/.local/lib/python3.12/site-packages/airflow/example_dags/example_dataset_alias.py took 0.600 seconds
[2025-02-23T04:53:01.120+0000] {processor.py:186} INFO - Started process (PID=726) to work on /home/airflow/.local/lib/python3.12/site-packages/airflow/example_dags/example_dataset_alias.py
[2025-02-23T04:53:01.120+0000] {processor.py:914} INFO - Processing file /home/airflow/.local/lib/python3.12/site-packages/airflow/example_dags/example_dataset_alias.py for tasks to queue
[2025-02-23T04:53:01.122+0000] {logging_mixin.py:190} INFO - [2025-02-23T04:53:01.122+0000] {dagbag.py:588} INFO - Filling up the DagBag from /home/airflow/.local/lib/python3.12/site-packages/airflow/example_dags/example_dataset_alias.py
[2025-02-23T04:53:01.610+0000] {processor.py:925} INFO - DAG(s) 'dataset_s3_bucket_consumer', 'dataset_s3_bucket_producer', 'dataset_alias_example_alias_producer', 'dataset_alias_example_alias_consumer' retrieved from /home/airflow/.local/lib/python3.12/site-packages/airflow/example_dags/example_dataset_alias.py
[2025-02-23T04:53:01.631+0000] {logging_mixin.py:190} INFO - [2025-02-23T04:53:01.630+0000] {dag.py:3239} INFO - Sync 4 DAGs
[2025-02-23T04:53:01.657+0000] {logging_mixin.py:190} INFO - [2025-02-23T04:53:01.657+0000] {dag.py:4180} INFO - Setting next_dagrun for dataset_alias_example_alias_consumer to None, run_after=None
[2025-02-23T04:53:01.659+0000] {logging_mixin.py:190} INFO - [2025-02-23T04:53:01.659+0000] {dag.py:4180} INFO - Setting next_dagrun for dataset_alias_example_alias_producer to None, run_after=None
[2025-02-23T04:53:01.660+0000] {logging_mixin.py:190} INFO - [2025-02-23T04:53:01.660+0000] {dag.py:4180} INFO - Setting next_dagrun for dataset_s3_bucket_consumer to None, run_after=None
[2025-02-23T04:53:01.661+0000] {logging_mixin.py:190} INFO - [2025-02-23T04:53:01.661+0000] {dag.py:4180} INFO - Setting next_dagrun for dataset_s3_bucket_producer to None, run_after=None
[2025-02-23T04:53:01.675+0000] {processor.py:208} INFO - Processing /home/airflow/.local/lib/python3.12/site-packages/airflow/example_dags/example_dataset_alias.py took 0.560 seconds
[2025-02-23T04:53:32.599+0000] {processor.py:186} INFO - Started process (PID=789) to work on /home/airflow/.local/lib/python3.12/site-packages/airflow/example_dags/example_dataset_alias.py
[2025-02-23T04:53:32.600+0000] {processor.py:914} INFO - Processing file /home/airflow/.local/lib/python3.12/site-packages/airflow/example_dags/example_dataset_alias.py for tasks to queue
[2025-02-23T04:53:32.601+0000] {logging_mixin.py:190} INFO - [2025-02-23T04:53:32.601+0000] {dagbag.py:588} INFO - Filling up the DagBag from /home/airflow/.local/lib/python3.12/site-packages/airflow/example_dags/example_dataset_alias.py
[2025-02-23T04:53:33.132+0000] {processor.py:925} INFO - DAG(s) 'dataset_alias_example_alias_producer', 'dataset_s3_bucket_producer', 'dataset_s3_bucket_consumer', 'dataset_alias_example_alias_consumer' retrieved from /home/airflow/.local/lib/python3.12/site-packages/airflow/example_dags/example_dataset_alias.py
[2025-02-23T04:53:33.152+0000] {logging_mixin.py:190} INFO - [2025-02-23T04:53:33.152+0000] {dag.py:3239} INFO - Sync 4 DAGs
[2025-02-23T04:53:33.177+0000] {logging_mixin.py:190} INFO - [2025-02-23T04:53:33.176+0000] {dag.py:4180} INFO - Setting next_dagrun for dataset_alias_example_alias_consumer to None, run_after=None
[2025-02-23T04:53:33.179+0000] {logging_mixin.py:190} INFO - [2025-02-23T04:53:33.179+0000] {dag.py:4180} INFO - Setting next_dagrun for dataset_alias_example_alias_producer to None, run_after=None
[2025-02-23T04:53:33.182+0000] {logging_mixin.py:190} INFO - [2025-02-23T04:53:33.181+0000] {dag.py:4180} INFO - Setting next_dagrun for dataset_s3_bucket_consumer to None, run_after=None
[2025-02-23T04:53:33.183+0000] {logging_mixin.py:190} INFO - [2025-02-23T04:53:33.183+0000] {dag.py:4180} INFO - Setting next_dagrun for dataset_s3_bucket_producer to None, run_after=None
[2025-02-23T04:53:33.201+0000] {processor.py:208} INFO - Processing /home/airflow/.local/lib/python3.12/site-packages/airflow/example_dags/example_dataset_alias.py took 0.606 seconds
[2025-02-23T04:54:03.851+0000] {processor.py:186} INFO - Started process (PID=853) to work on /home/airflow/.local/lib/python3.12/site-packages/airflow/example_dags/example_dataset_alias.py
[2025-02-23T04:54:03.852+0000] {processor.py:914} INFO - Processing file /home/airflow/.local/lib/python3.12/site-packages/airflow/example_dags/example_dataset_alias.py for tasks to queue
[2025-02-23T04:54:03.854+0000] {logging_mixin.py:190} INFO - [2025-02-23T04:54:03.854+0000] {dagbag.py:588} INFO - Filling up the DagBag from /home/airflow/.local/lib/python3.12/site-packages/airflow/example_dags/example_dataset_alias.py
[2025-02-23T04:54:04.360+0000] {processor.py:925} INFO - DAG(s) 'dataset_alias_example_alias_producer', 'dataset_s3_bucket_consumer', 'dataset_alias_example_alias_consumer', 'dataset_s3_bucket_producer' retrieved from /home/airflow/.local/lib/python3.12/site-packages/airflow/example_dags/example_dataset_alias.py
[2025-02-23T04:54:04.380+0000] {logging_mixin.py:190} INFO - [2025-02-23T04:54:04.379+0000] {dag.py:3239} INFO - Sync 4 DAGs
[2025-02-23T04:54:04.404+0000] {logging_mixin.py:190} INFO - [2025-02-23T04:54:04.404+0000] {dag.py:4180} INFO - Setting next_dagrun for dataset_alias_example_alias_consumer to None, run_after=None
[2025-02-23T04:54:04.407+0000] {logging_mixin.py:190} INFO - [2025-02-23T04:54:04.407+0000] {dag.py:4180} INFO - Setting next_dagrun for dataset_alias_example_alias_producer to None, run_after=None
[2025-02-23T04:54:04.408+0000] {logging_mixin.py:190} INFO - [2025-02-23T04:54:04.408+0000] {dag.py:4180} INFO - Setting next_dagrun for dataset_s3_bucket_consumer to None, run_after=None
[2025-02-23T04:54:04.409+0000] {logging_mixin.py:190} INFO - [2025-02-23T04:54:04.409+0000] {dag.py:4180} INFO - Setting next_dagrun for dataset_s3_bucket_producer to None, run_after=None
[2025-02-23T04:54:04.429+0000] {processor.py:208} INFO - Processing /home/airflow/.local/lib/python3.12/site-packages/airflow/example_dags/example_dataset_alias.py took 0.583 seconds
[2025-02-23T04:54:35.059+0000] {processor.py:186} INFO - Started process (PID=916) to work on /home/airflow/.local/lib/python3.12/site-packages/airflow/example_dags/example_dataset_alias.py
[2025-02-23T04:54:35.059+0000] {processor.py:914} INFO - Processing file /home/airflow/.local/lib/python3.12/site-packages/airflow/example_dags/example_dataset_alias.py for tasks to queue
[2025-02-23T04:54:35.061+0000] {logging_mixin.py:190} INFO - [2025-02-23T04:54:35.061+0000] {dagbag.py:588} INFO - Filling up the DagBag from /home/airflow/.local/lib/python3.12/site-packages/airflow/example_dags/example_dataset_alias.py
[2025-02-23T04:54:35.584+0000] {processor.py:925} INFO - DAG(s) 'dataset_alias_example_alias_producer', 'dataset_s3_bucket_producer', 'dataset_alias_example_alias_consumer', 'dataset_s3_bucket_consumer' retrieved from /home/airflow/.local/lib/python3.12/site-packages/airflow/example_dags/example_dataset_alias.py
[2025-02-23T04:54:35.606+0000] {logging_mixin.py:190} INFO - [2025-02-23T04:54:35.605+0000] {dag.py:3239} INFO - Sync 4 DAGs
[2025-02-23T04:54:35.626+0000] {logging_mixin.py:190} INFO - [2025-02-23T04:54:35.626+0000] {dag.py:4180} INFO - Setting next_dagrun for dataset_alias_example_alias_consumer to None, run_after=None
[2025-02-23T04:54:35.628+0000] {logging_mixin.py:190} INFO - [2025-02-23T04:54:35.628+0000] {dag.py:4180} INFO - Setting next_dagrun for dataset_alias_example_alias_producer to None, run_after=None
[2025-02-23T04:54:35.629+0000] {logging_mixin.py:190} INFO - [2025-02-23T04:54:35.629+0000] {dag.py:4180} INFO - Setting next_dagrun for dataset_s3_bucket_consumer to None, run_after=None
[2025-02-23T04:54:35.630+0000] {logging_mixin.py:190} INFO - [2025-02-23T04:54:35.630+0000] {dag.py:4180} INFO - Setting next_dagrun for dataset_s3_bucket_producer to None, run_after=None
[2025-02-23T04:54:35.646+0000] {processor.py:208} INFO - Processing /home/airflow/.local/lib/python3.12/site-packages/airflow/example_dags/example_dataset_alias.py took 0.591 seconds
[2025-02-23T04:55:06.185+0000] {processor.py:186} INFO - Started process (PID=979) to work on /home/airflow/.local/lib/python3.12/site-packages/airflow/example_dags/example_dataset_alias.py
[2025-02-23T04:55:06.186+0000] {processor.py:914} INFO - Processing file /home/airflow/.local/lib/python3.12/site-packages/airflow/example_dags/example_dataset_alias.py for tasks to queue
[2025-02-23T04:55:06.187+0000] {logging_mixin.py:190} INFO - [2025-02-23T04:55:06.187+0000] {dagbag.py:588} INFO - Filling up the DagBag from /home/airflow/.local/lib/python3.12/site-packages/airflow/example_dags/example_dataset_alias.py
[2025-02-23T04:55:06.681+0000] {processor.py:925} INFO - DAG(s) 'dataset_s3_bucket_producer', 'dataset_s3_bucket_consumer', 'dataset_alias_example_alias_consumer', 'dataset_alias_example_alias_producer' retrieved from /home/airflow/.local/lib/python3.12/site-packages/airflow/example_dags/example_dataset_alias.py
[2025-02-23T04:55:06.702+0000] {logging_mixin.py:190} INFO - [2025-02-23T04:55:06.702+0000] {dag.py:3239} INFO - Sync 4 DAGs
[2025-02-23T04:55:06.721+0000] {logging_mixin.py:190} INFO - [2025-02-23T04:55:06.721+0000] {dag.py:4180} INFO - Setting next_dagrun for dataset_alias_example_alias_consumer to None, run_after=None
[2025-02-23T04:55:06.723+0000] {logging_mixin.py:190} INFO - [2025-02-23T04:55:06.723+0000] {dag.py:4180} INFO - Setting next_dagrun for dataset_alias_example_alias_producer to None, run_after=None
[2025-02-23T04:55:06.724+0000] {logging_mixin.py:190} INFO - [2025-02-23T04:55:06.724+0000] {dag.py:4180} INFO - Setting next_dagrun for dataset_s3_bucket_consumer to None, run_after=None
[2025-02-23T04:55:06.725+0000] {logging_mixin.py:190} INFO - [2025-02-23T04:55:06.725+0000] {dag.py:4180} INFO - Setting next_dagrun for dataset_s3_bucket_producer to None, run_after=None
[2025-02-23T04:55:06.742+0000] {processor.py:208} INFO - Processing /home/airflow/.local/lib/python3.12/site-packages/airflow/example_dags/example_dataset_alias.py took 0.561 seconds
[2025-02-23T04:55:37.402+0000] {processor.py:186} INFO - Started process (PID=1042) to work on /home/airflow/.local/lib/python3.12/site-packages/airflow/example_dags/example_dataset_alias.py
[2025-02-23T04:55:37.402+0000] {processor.py:914} INFO - Processing file /home/airflow/.local/lib/python3.12/site-packages/airflow/example_dags/example_dataset_alias.py for tasks to queue
[2025-02-23T04:55:37.404+0000] {logging_mixin.py:190} INFO - [2025-02-23T04:55:37.403+0000] {dagbag.py:588} INFO - Filling up the DagBag from /home/airflow/.local/lib/python3.12/site-packages/airflow/example_dags/example_dataset_alias.py
[2025-02-23T04:55:37.892+0000] {processor.py:925} INFO - DAG(s) 'dataset_s3_bucket_producer', 'dataset_alias_example_alias_consumer', 'dataset_s3_bucket_consumer', 'dataset_alias_example_alias_producer' retrieved from /home/airflow/.local/lib/python3.12/site-packages/airflow/example_dags/example_dataset_alias.py
[2025-02-23T04:55:37.910+0000] {logging_mixin.py:190} INFO - [2025-02-23T04:55:37.909+0000] {dag.py:3239} INFO - Sync 4 DAGs
[2025-02-23T04:55:37.936+0000] {logging_mixin.py:190} INFO - [2025-02-23T04:55:37.936+0000] {dag.py:4180} INFO - Setting next_dagrun for dataset_alias_example_alias_consumer to None, run_after=None
[2025-02-23T04:55:37.939+0000] {logging_mixin.py:190} INFO - [2025-02-23T04:55:37.938+0000] {dag.py:4180} INFO - Setting next_dagrun for dataset_alias_example_alias_producer to None, run_after=None
[2025-02-23T04:55:37.940+0000] {logging_mixin.py:190} INFO - [2025-02-23T04:55:37.940+0000] {dag.py:4180} INFO - Setting next_dagrun for dataset_s3_bucket_consumer to None, run_after=None
[2025-02-23T04:55:37.941+0000] {logging_mixin.py:190} INFO - [2025-02-23T04:55:37.941+0000] {dag.py:4180} INFO - Setting next_dagrun for dataset_s3_bucket_producer to None, run_after=None
[2025-02-23T04:55:37.959+0000] {processor.py:208} INFO - Processing /home/airflow/.local/lib/python3.12/site-packages/airflow/example_dags/example_dataset_alias.py took 0.561 seconds
[2025-02-23T04:56:08.715+0000] {processor.py:186} INFO - Started process (PID=1105) to work on /home/airflow/.local/lib/python3.12/site-packages/airflow/example_dags/example_dataset_alias.py
[2025-02-23T04:56:08.716+0000] {processor.py:914} INFO - Processing file /home/airflow/.local/lib/python3.12/site-packages/airflow/example_dags/example_dataset_alias.py for tasks to queue
[2025-02-23T04:56:08.718+0000] {logging_mixin.py:190} INFO - [2025-02-23T04:56:08.718+0000] {dagbag.py:588} INFO - Filling up the DagBag from /home/airflow/.local/lib/python3.12/site-packages/airflow/example_dags/example_dataset_alias.py
[2025-02-23T04:56:09.236+0000] {processor.py:925} INFO - DAG(s) 'dataset_s3_bucket_consumer', 'dataset_alias_example_alias_producer', 'dataset_alias_example_alias_consumer', 'dataset_s3_bucket_producer' retrieved from /home/airflow/.local/lib/python3.12/site-packages/airflow/example_dags/example_dataset_alias.py
[2025-02-23T04:56:09.255+0000] {logging_mixin.py:190} INFO - [2025-02-23T04:56:09.255+0000] {dag.py:3239} INFO - Sync 4 DAGs
[2025-02-23T04:56:09.273+0000] {logging_mixin.py:190} INFO - [2025-02-23T04:56:09.273+0000] {dag.py:4180} INFO - Setting next_dagrun for dataset_alias_example_alias_consumer to None, run_after=None
[2025-02-23T04:56:09.275+0000] {logging_mixin.py:190} INFO - [2025-02-23T04:56:09.275+0000] {dag.py:4180} INFO - Setting next_dagrun for dataset_alias_example_alias_producer to None, run_after=None
[2025-02-23T04:56:09.276+0000] {logging_mixin.py:190} INFO - [2025-02-23T04:56:09.276+0000] {dag.py:4180} INFO - Setting next_dagrun for dataset_s3_bucket_consumer to None, run_after=None
[2025-02-23T04:56:09.277+0000] {logging_mixin.py:190} INFO - [2025-02-23T04:56:09.277+0000] {dag.py:4180} INFO - Setting next_dagrun for dataset_s3_bucket_producer to None, run_after=None
[2025-02-23T04:56:09.292+0000] {processor.py:208} INFO - Processing /home/airflow/.local/lib/python3.12/site-packages/airflow/example_dags/example_dataset_alias.py took 0.580 seconds
[2025-02-23T04:56:39.975+0000] {processor.py:186} INFO - Started process (PID=1168) to work on /home/airflow/.local/lib/python3.12/site-packages/airflow/example_dags/example_dataset_alias.py
[2025-02-23T04:56:39.975+0000] {processor.py:914} INFO - Processing file /home/airflow/.local/lib/python3.12/site-packages/airflow/example_dags/example_dataset_alias.py for tasks to queue
[2025-02-23T04:56:39.977+0000] {logging_mixin.py:190} INFO - [2025-02-23T04:56:39.977+0000] {dagbag.py:588} INFO - Filling up the DagBag from /home/airflow/.local/lib/python3.12/site-packages/airflow/example_dags/example_dataset_alias.py
[2025-02-23T04:56:40.524+0000] {processor.py:925} INFO - DAG(s) 'dataset_alias_example_alias_producer', 'dataset_s3_bucket_consumer', 'dataset_s3_bucket_producer', 'dataset_alias_example_alias_consumer' retrieved from /home/airflow/.local/lib/python3.12/site-packages/airflow/example_dags/example_dataset_alias.py
[2025-02-23T04:56:40.545+0000] {logging_mixin.py:190} INFO - [2025-02-23T04:56:40.544+0000] {dag.py:3239} INFO - Sync 4 DAGs
[2025-02-23T04:56:40.571+0000] {logging_mixin.py:190} INFO - [2025-02-23T04:56:40.571+0000] {dag.py:4180} INFO - Setting next_dagrun for dataset_alias_example_alias_consumer to None, run_after=None
[2025-02-23T04:56:40.574+0000] {logging_mixin.py:190} INFO - [2025-02-23T04:56:40.574+0000] {dag.py:4180} INFO - Setting next_dagrun for dataset_alias_example_alias_producer to None, run_after=None
[2025-02-23T04:56:40.577+0000] {logging_mixin.py:190} INFO - [2025-02-23T04:56:40.577+0000] {dag.py:4180} INFO - Setting next_dagrun for dataset_s3_bucket_consumer to None, run_after=None
[2025-02-23T04:56:40.578+0000] {logging_mixin.py:190} INFO - [2025-02-23T04:56:40.578+0000] {dag.py:4180} INFO - Setting next_dagrun for dataset_s3_bucket_producer to None, run_after=None
[2025-02-23T04:56:40.601+0000] {processor.py:208} INFO - Processing /home/airflow/.local/lib/python3.12/site-packages/airflow/example_dags/example_dataset_alias.py took 0.630 seconds
[2025-02-23T04:57:11.232+0000] {processor.py:186} INFO - Started process (PID=1231) to work on /home/airflow/.local/lib/python3.12/site-packages/airflow/example_dags/example_dataset_alias.py
[2025-02-23T04:57:11.232+0000] {processor.py:914} INFO - Processing file /home/airflow/.local/lib/python3.12/site-packages/airflow/example_dags/example_dataset_alias.py for tasks to queue
[2025-02-23T04:57:11.234+0000] {logging_mixin.py:190} INFO - [2025-02-23T04:57:11.234+0000] {dagbag.py:588} INFO - Filling up the DagBag from /home/airflow/.local/lib/python3.12/site-packages/airflow/example_dags/example_dataset_alias.py
[2025-02-23T04:57:11.735+0000] {processor.py:925} INFO - DAG(s) 'dataset_s3_bucket_producer', 'dataset_s3_bucket_consumer', 'dataset_alias_example_alias_producer', 'dataset_alias_example_alias_consumer' retrieved from /home/airflow/.local/lib/python3.12/site-packages/airflow/example_dags/example_dataset_alias.py
[2025-02-23T04:57:11.751+0000] {logging_mixin.py:190} INFO - [2025-02-23T04:57:11.750+0000] {dag.py:3239} INFO - Sync 4 DAGs
[2025-02-23T04:57:11.775+0000] {logging_mixin.py:190} INFO - [2025-02-23T04:57:11.775+0000] {dag.py:4180} INFO - Setting next_dagrun for dataset_alias_example_alias_consumer to None, run_after=None
[2025-02-23T04:57:11.778+0000] {logging_mixin.py:190} INFO - [2025-02-23T04:57:11.777+0000] {dag.py:4180} INFO - Setting next_dagrun for dataset_alias_example_alias_producer to None, run_after=None
[2025-02-23T04:57:11.779+0000] {logging_mixin.py:190} INFO - [2025-02-23T04:57:11.779+0000] {dag.py:4180} INFO - Setting next_dagrun for dataset_s3_bucket_consumer to None, run_after=None
[2025-02-23T04:57:11.780+0000] {logging_mixin.py:190} INFO - [2025-02-23T04:57:11.780+0000] {dag.py:4180} INFO - Setting next_dagrun for dataset_s3_bucket_producer to None, run_after=None
[2025-02-23T04:57:11.799+0000] {processor.py:208} INFO - Processing /home/airflow/.local/lib/python3.12/site-packages/airflow/example_dags/example_dataset_alias.py took 0.572 seconds
[2025-02-23T04:57:42.475+0000] {processor.py:186} INFO - Started process (PID=1294) to work on /home/airflow/.local/lib/python3.12/site-packages/airflow/example_dags/example_dataset_alias.py
[2025-02-23T04:57:42.475+0000] {processor.py:914} INFO - Processing file /home/airflow/.local/lib/python3.12/site-packages/airflow/example_dags/example_dataset_alias.py for tasks to queue
[2025-02-23T04:57:42.477+0000] {logging_mixin.py:190} INFO - [2025-02-23T04:57:42.476+0000] {dagbag.py:588} INFO - Filling up the DagBag from /home/airflow/.local/lib/python3.12/site-packages/airflow/example_dags/example_dataset_alias.py
[2025-02-23T04:57:43.004+0000] {processor.py:925} INFO - DAG(s) 'dataset_alias_example_alias_producer', 'dataset_s3_bucket_producer', 'dataset_s3_bucket_consumer', 'dataset_alias_example_alias_consumer' retrieved from /home/airflow/.local/lib/python3.12/site-packages/airflow/example_dags/example_dataset_alias.py
[2025-02-23T04:57:43.029+0000] {logging_mixin.py:190} INFO - [2025-02-23T04:57:43.028+0000] {dag.py:3239} INFO - Sync 4 DAGs
[2025-02-23T04:57:43.055+0000] {logging_mixin.py:190} INFO - [2025-02-23T04:57:43.055+0000] {dag.py:4180} INFO - Setting next_dagrun for dataset_alias_example_alias_consumer to None, run_after=None
[2025-02-23T04:57:43.058+0000] {logging_mixin.py:190} INFO - [2025-02-23T04:57:43.058+0000] {dag.py:4180} INFO - Setting next_dagrun for dataset_alias_example_alias_producer to None, run_after=None
[2025-02-23T04:57:43.059+0000] {logging_mixin.py:190} INFO - [2025-02-23T04:57:43.059+0000] {dag.py:4180} INFO - Setting next_dagrun for dataset_s3_bucket_consumer to None, run_after=None
[2025-02-23T04:57:43.061+0000] {logging_mixin.py:190} INFO - [2025-02-23T04:57:43.061+0000] {dag.py:4180} INFO - Setting next_dagrun for dataset_s3_bucket_producer to None, run_after=None
[2025-02-23T04:57:43.084+0000] {processor.py:208} INFO - Processing /home/airflow/.local/lib/python3.12/site-packages/airflow/example_dags/example_dataset_alias.py took 0.614 seconds
[2025-02-23T04:58:13.869+0000] {processor.py:186} INFO - Started process (PID=1358) to work on /home/airflow/.local/lib/python3.12/site-packages/airflow/example_dags/example_dataset_alias.py
[2025-02-23T04:58:13.869+0000] {processor.py:914} INFO - Processing file /home/airflow/.local/lib/python3.12/site-packages/airflow/example_dags/example_dataset_alias.py for tasks to queue
[2025-02-23T04:58:13.871+0000] {logging_mixin.py:190} INFO - [2025-02-23T04:58:13.870+0000] {dagbag.py:588} INFO - Filling up the DagBag from /home/airflow/.local/lib/python3.12/site-packages/airflow/example_dags/example_dataset_alias.py
[2025-02-23T04:58:14.384+0000] {processor.py:925} INFO - DAG(s) 'dataset_alias_example_alias_producer', 'dataset_alias_example_alias_consumer', 'dataset_s3_bucket_consumer', 'dataset_s3_bucket_producer' retrieved from /home/airflow/.local/lib/python3.12/site-packages/airflow/example_dags/example_dataset_alias.py
[2025-02-23T04:58:14.406+0000] {logging_mixin.py:190} INFO - [2025-02-23T04:58:14.405+0000] {dag.py:3239} INFO - Sync 4 DAGs
[2025-02-23T04:58:14.431+0000] {logging_mixin.py:190} INFO - [2025-02-23T04:58:14.430+0000] {dag.py:4180} INFO - Setting next_dagrun for dataset_alias_example_alias_consumer to None, run_after=None
[2025-02-23T04:58:14.433+0000] {logging_mixin.py:190} INFO - [2025-02-23T04:58:14.433+0000] {dag.py:4180} INFO - Setting next_dagrun for dataset_alias_example_alias_producer to None, run_after=None
[2025-02-23T04:58:14.435+0000] {logging_mixin.py:190} INFO - [2025-02-23T04:58:14.434+0000] {dag.py:4180} INFO - Setting next_dagrun for dataset_s3_bucket_consumer to None, run_after=None
[2025-02-23T04:58:14.436+0000] {logging_mixin.py:190} INFO - [2025-02-23T04:58:14.436+0000] {dag.py:4180} INFO - Setting next_dagrun for dataset_s3_bucket_producer to None, run_after=None
[2025-02-23T04:58:14.453+0000] {processor.py:208} INFO - Processing /home/airflow/.local/lib/python3.12/site-packages/airflow/example_dags/example_dataset_alias.py took 0.589 seconds
[2025-02-23T04:58:45.369+0000] {processor.py:186} INFO - Started process (PID=1421) to work on /home/airflow/.local/lib/python3.12/site-packages/airflow/example_dags/example_dataset_alias.py
[2025-02-23T04:58:45.369+0000] {processor.py:914} INFO - Processing file /home/airflow/.local/lib/python3.12/site-packages/airflow/example_dags/example_dataset_alias.py for tasks to queue
[2025-02-23T04:58:45.371+0000] {logging_mixin.py:190} INFO - [2025-02-23T04:58:45.371+0000] {dagbag.py:588} INFO - Filling up the DagBag from /home/airflow/.local/lib/python3.12/site-packages/airflow/example_dags/example_dataset_alias.py
[2025-02-23T04:58:45.900+0000] {processor.py:925} INFO - DAG(s) 'dataset_s3_bucket_consumer', 'dataset_alias_example_alias_consumer', 'dataset_alias_example_alias_producer', 'dataset_s3_bucket_producer' retrieved from /home/airflow/.local/lib/python3.12/site-packages/airflow/example_dags/example_dataset_alias.py
[2025-02-23T04:58:45.922+0000] {logging_mixin.py:190} INFO - [2025-02-23T04:58:45.921+0000] {dag.py:3239} INFO - Sync 4 DAGs
[2025-02-23T04:58:45.945+0000] {logging_mixin.py:190} INFO - [2025-02-23T04:58:45.945+0000] {dag.py:4180} INFO - Setting next_dagrun for dataset_alias_example_alias_consumer to None, run_after=None
[2025-02-23T04:58:45.947+0000] {logging_mixin.py:190} INFO - [2025-02-23T04:58:45.947+0000] {dag.py:4180} INFO - Setting next_dagrun for dataset_alias_example_alias_producer to None, run_after=None
[2025-02-23T04:58:45.948+0000] {logging_mixin.py:190} INFO - [2025-02-23T04:58:45.948+0000] {dag.py:4180} INFO - Setting next_dagrun for dataset_s3_bucket_consumer to None, run_after=None
[2025-02-23T04:58:45.949+0000] {logging_mixin.py:190} INFO - [2025-02-23T04:58:45.949+0000] {dag.py:4180} INFO - Setting next_dagrun for dataset_s3_bucket_producer to None, run_after=None
[2025-02-23T04:58:45.965+0000] {processor.py:208} INFO - Processing /home/airflow/.local/lib/python3.12/site-packages/airflow/example_dags/example_dataset_alias.py took 0.600 seconds
