[2025-02-23T04:47:50.862+0000] {processor.py:186} INFO - Started process (PID=96) to work on /home/airflow/.local/lib/python3.12/site-packages/airflow/example_dags/example_latest_only.py
[2025-02-23T04:47:50.862+0000] {processor.py:914} INFO - Processing file /home/airflow/.local/lib/python3.12/site-packages/airflow/example_dags/example_latest_only.py for tasks to queue
[2025-02-23T04:47:50.864+0000] {logging_mixin.py:190} INFO - [2025-02-23T04:47:50.864+0000] {dagbag.py:588} INFO - Filling up the DagBag from /home/airflow/.local/lib/python3.12/site-packages/airflow/example_dags/example_latest_only.py
[2025-02-23T04:47:50.901+0000] {processor.py:925} INFO - DAG(s) 'latest_only' retrieved from /home/airflow/.local/lib/python3.12/site-packages/airflow/example_dags/example_latest_only.py
[2025-02-23T04:47:51.014+0000] {logging_mixin.py:190} INFO - [2025-02-23T04:47:51.013+0000] {override.py:1911} INFO - Created Permission View: can delete on DAG:latest_only
[2025-02-23T04:47:51.023+0000] {logging_mixin.py:190} INFO - [2025-02-23T04:47:51.023+0000] {override.py:1911} INFO - Created Permission View: can edit on DAG:latest_only
[2025-02-23T04:47:51.028+0000] {logging_mixin.py:190} INFO - [2025-02-23T04:47:51.028+0000] {override.py:1911} INFO - Created Permission View: can read on DAG:latest_only
[2025-02-23T04:47:51.035+0000] {logging_mixin.py:190} INFO - [2025-02-23T04:47:51.035+0000] {override.py:1911} INFO - Created Permission View: can create on DAG Run:latest_only
[2025-02-23T04:47:51.041+0000] {logging_mixin.py:190} INFO - [2025-02-23T04:47:51.040+0000] {override.py:1911} INFO - Created Permission View: menu access on DAG Run:latest_only
[2025-02-23T04:47:51.047+0000] {logging_mixin.py:190} INFO - [2025-02-23T04:47:51.046+0000] {override.py:1911} INFO - Created Permission View: can delete on DAG Run:latest_only
[2025-02-23T04:47:51.052+0000] {logging_mixin.py:190} INFO - [2025-02-23T04:47:51.052+0000] {override.py:1911} INFO - Created Permission View: can read on DAG Run:latest_only
[2025-02-23T04:47:51.052+0000] {logging_mixin.py:190} INFO - [2025-02-23T04:47:51.052+0000] {dag.py:3239} INFO - Sync 1 DAGs
[2025-02-23T04:47:51.069+0000] {logging_mixin.py:190} INFO - [2025-02-23T04:47:51.069+0000] {dag.py:3262} INFO - Creating ORM DAG for latest_only
[2025-02-23T04:47:51.080+0000] {logging_mixin.py:190} INFO - [2025-02-23T04:47:51.080+0000] {dag.py:4180} INFO - Setting next_dagrun for latest_only to 2025-02-23 00:00:00+00:00, run_after=2025-02-23 04:00:00+00:00
[2025-02-23T04:47:51.097+0000] {processor.py:208} INFO - Processing /home/airflow/.local/lib/python3.12/site-packages/airflow/example_dags/example_latest_only.py took 0.241 seconds
[2025-02-23T04:48:22.025+0000] {processor.py:186} INFO - Started process (PID=158) to work on /home/airflow/.local/lib/python3.12/site-packages/airflow/example_dags/example_latest_only.py
[2025-02-23T04:48:22.026+0000] {processor.py:914} INFO - Processing file /home/airflow/.local/lib/python3.12/site-packages/airflow/example_dags/example_latest_only.py for tasks to queue
[2025-02-23T04:48:22.027+0000] {logging_mixin.py:190} INFO - [2025-02-23T04:48:22.027+0000] {dagbag.py:588} INFO - Filling up the DagBag from /home/airflow/.local/lib/python3.12/site-packages/airflow/example_dags/example_latest_only.py
[2025-02-23T04:48:22.032+0000] {processor.py:925} INFO - DAG(s) 'latest_only' retrieved from /home/airflow/.local/lib/python3.12/site-packages/airflow/example_dags/example_latest_only.py
[2025-02-23T04:48:22.047+0000] {logging_mixin.py:190} INFO - [2025-02-23T04:48:22.047+0000] {dag.py:3239} INFO - Sync 1 DAGs
[2025-02-23T04:48:22.064+0000] {logging_mixin.py:190} INFO - [2025-02-23T04:48:22.064+0000] {dag.py:4180} INFO - Setting next_dagrun for latest_only to 2025-02-23 00:00:00+00:00, run_after=2025-02-23 04:00:00+00:00
[2025-02-23T04:48:22.078+0000] {processor.py:208} INFO - Processing /home/airflow/.local/lib/python3.12/site-packages/airflow/example_dags/example_latest_only.py took 0.056 seconds
[2025-02-23T04:48:52.396+0000] {processor.py:186} INFO - Started process (PID=220) to work on /home/airflow/.local/lib/python3.12/site-packages/airflow/example_dags/example_latest_only.py
[2025-02-23T04:48:52.396+0000] {processor.py:914} INFO - Processing file /home/airflow/.local/lib/python3.12/site-packages/airflow/example_dags/example_latest_only.py for tasks to queue
[2025-02-23T04:48:52.398+0000] {logging_mixin.py:190} INFO - [2025-02-23T04:48:52.398+0000] {dagbag.py:588} INFO - Filling up the DagBag from /home/airflow/.local/lib/python3.12/site-packages/airflow/example_dags/example_latest_only.py
[2025-02-23T04:48:52.403+0000] {processor.py:925} INFO - DAG(s) 'latest_only' retrieved from /home/airflow/.local/lib/python3.12/site-packages/airflow/example_dags/example_latest_only.py
[2025-02-23T04:48:52.421+0000] {logging_mixin.py:190} INFO - [2025-02-23T04:48:52.421+0000] {dag.py:3239} INFO - Sync 1 DAGs
[2025-02-23T04:48:52.446+0000] {logging_mixin.py:190} INFO - [2025-02-23T04:48:52.446+0000] {dag.py:4180} INFO - Setting next_dagrun for latest_only to 2025-02-23 00:00:00+00:00, run_after=2025-02-23 04:00:00+00:00
[2025-02-23T04:48:52.462+0000] {processor.py:208} INFO - Processing /home/airflow/.local/lib/python3.12/site-packages/airflow/example_dags/example_latest_only.py took 0.071 seconds
[2025-02-23T04:49:23.121+0000] {processor.py:186} INFO - Started process (PID=283) to work on /home/airflow/.local/lib/python3.12/site-packages/airflow/example_dags/example_latest_only.py
[2025-02-23T04:49:23.122+0000] {processor.py:914} INFO - Processing file /home/airflow/.local/lib/python3.12/site-packages/airflow/example_dags/example_latest_only.py for tasks to queue
[2025-02-23T04:49:23.125+0000] {logging_mixin.py:190} INFO - [2025-02-23T04:49:23.125+0000] {dagbag.py:588} INFO - Filling up the DagBag from /home/airflow/.local/lib/python3.12/site-packages/airflow/example_dags/example_latest_only.py
[2025-02-23T04:49:23.132+0000] {processor.py:925} INFO - DAG(s) 'latest_only' retrieved from /home/airflow/.local/lib/python3.12/site-packages/airflow/example_dags/example_latest_only.py
[2025-02-23T04:49:23.156+0000] {logging_mixin.py:190} INFO - [2025-02-23T04:49:23.155+0000] {dag.py:3239} INFO - Sync 1 DAGs
[2025-02-23T04:49:23.177+0000] {logging_mixin.py:190} INFO - [2025-02-23T04:49:23.177+0000] {dag.py:4180} INFO - Setting next_dagrun for latest_only to 2025-02-23 00:00:00+00:00, run_after=2025-02-23 04:00:00+00:00
[2025-02-23T04:49:23.190+0000] {processor.py:208} INFO - Processing /home/airflow/.local/lib/python3.12/site-packages/airflow/example_dags/example_latest_only.py took 0.074 seconds
[2025-02-23T04:49:53.271+0000] {processor.py:186} INFO - Started process (PID=346) to work on /home/airflow/.local/lib/python3.12/site-packages/airflow/example_dags/example_latest_only.py
[2025-02-23T04:49:53.272+0000] {processor.py:914} INFO - Processing file /home/airflow/.local/lib/python3.12/site-packages/airflow/example_dags/example_latest_only.py for tasks to queue
[2025-02-23T04:49:53.273+0000] {logging_mixin.py:190} INFO - [2025-02-23T04:49:53.273+0000] {dagbag.py:588} INFO - Filling up the DagBag from /home/airflow/.local/lib/python3.12/site-packages/airflow/example_dags/example_latest_only.py
[2025-02-23T04:49:53.279+0000] {processor.py:925} INFO - DAG(s) 'latest_only' retrieved from /home/airflow/.local/lib/python3.12/site-packages/airflow/example_dags/example_latest_only.py
[2025-02-23T04:49:53.299+0000] {logging_mixin.py:190} INFO - [2025-02-23T04:49:53.299+0000] {dag.py:3239} INFO - Sync 1 DAGs
[2025-02-23T04:49:53.324+0000] {logging_mixin.py:190} INFO - [2025-02-23T04:49:53.324+0000] {dag.py:4180} INFO - Setting next_dagrun for latest_only to 2025-02-23 00:00:00+00:00, run_after=2025-02-23 04:00:00+00:00
[2025-02-23T04:49:53.341+0000] {processor.py:208} INFO - Processing /home/airflow/.local/lib/python3.12/site-packages/airflow/example_dags/example_latest_only.py took 0.075 seconds
[2025-02-23T04:50:24.338+0000] {processor.py:186} INFO - Started process (PID=409) to work on /home/airflow/.local/lib/python3.12/site-packages/airflow/example_dags/example_latest_only.py
[2025-02-23T04:50:24.339+0000] {processor.py:914} INFO - Processing file /home/airflow/.local/lib/python3.12/site-packages/airflow/example_dags/example_latest_only.py for tasks to queue
[2025-02-23T04:50:24.341+0000] {logging_mixin.py:190} INFO - [2025-02-23T04:50:24.340+0000] {dagbag.py:588} INFO - Filling up the DagBag from /home/airflow/.local/lib/python3.12/site-packages/airflow/example_dags/example_latest_only.py
[2025-02-23T04:50:24.348+0000] {processor.py:925} INFO - DAG(s) 'latest_only' retrieved from /home/airflow/.local/lib/python3.12/site-packages/airflow/example_dags/example_latest_only.py
[2025-02-23T04:50:24.369+0000] {logging_mixin.py:190} INFO - [2025-02-23T04:50:24.369+0000] {dag.py:3239} INFO - Sync 1 DAGs
[2025-02-23T04:50:24.396+0000] {logging_mixin.py:190} INFO - [2025-02-23T04:50:24.396+0000] {dag.py:4180} INFO - Setting next_dagrun for latest_only to 2025-02-23 00:00:00+00:00, run_after=2025-02-23 04:00:00+00:00
[2025-02-23T04:50:24.414+0000] {processor.py:208} INFO - Processing /home/airflow/.local/lib/python3.12/site-packages/airflow/example_dags/example_latest_only.py took 0.082 seconds
[2025-02-23T04:50:54.741+0000] {processor.py:186} INFO - Started process (PID=471) to work on /home/airflow/.local/lib/python3.12/site-packages/airflow/example_dags/example_latest_only.py
[2025-02-23T04:50:54.742+0000] {processor.py:914} INFO - Processing file /home/airflow/.local/lib/python3.12/site-packages/airflow/example_dags/example_latest_only.py for tasks to queue
[2025-02-23T04:50:54.745+0000] {logging_mixin.py:190} INFO - [2025-02-23T04:50:54.744+0000] {dagbag.py:588} INFO - Filling up the DagBag from /home/airflow/.local/lib/python3.12/site-packages/airflow/example_dags/example_latest_only.py
[2025-02-23T04:50:54.751+0000] {processor.py:925} INFO - DAG(s) 'latest_only' retrieved from /home/airflow/.local/lib/python3.12/site-packages/airflow/example_dags/example_latest_only.py
[2025-02-23T04:50:54.769+0000] {logging_mixin.py:190} INFO - [2025-02-23T04:50:54.769+0000] {dag.py:3239} INFO - Sync 1 DAGs
[2025-02-23T04:50:54.789+0000] {logging_mixin.py:190} INFO - [2025-02-23T04:50:54.788+0000] {dag.py:4180} INFO - Setting next_dagrun for latest_only to 2025-02-23 00:00:00+00:00, run_after=2025-02-23 04:00:00+00:00
[2025-02-23T04:50:54.803+0000] {processor.py:208} INFO - Processing /home/airflow/.local/lib/python3.12/site-packages/airflow/example_dags/example_latest_only.py took 0.067 seconds
[2025-02-23T04:51:25.260+0000] {processor.py:186} INFO - Started process (PID=534) to work on /home/airflow/.local/lib/python3.12/site-packages/airflow/example_dags/example_latest_only.py
[2025-02-23T04:51:25.260+0000] {processor.py:914} INFO - Processing file /home/airflow/.local/lib/python3.12/site-packages/airflow/example_dags/example_latest_only.py for tasks to queue
[2025-02-23T04:51:25.262+0000] {logging_mixin.py:190} INFO - [2025-02-23T04:51:25.262+0000] {dagbag.py:588} INFO - Filling up the DagBag from /home/airflow/.local/lib/python3.12/site-packages/airflow/example_dags/example_latest_only.py
[2025-02-23T04:51:25.267+0000] {processor.py:925} INFO - DAG(s) 'latest_only' retrieved from /home/airflow/.local/lib/python3.12/site-packages/airflow/example_dags/example_latest_only.py
[2025-02-23T04:51:25.284+0000] {logging_mixin.py:190} INFO - [2025-02-23T04:51:25.284+0000] {dag.py:3239} INFO - Sync 1 DAGs
[2025-02-23T04:51:25.306+0000] {logging_mixin.py:190} INFO - [2025-02-23T04:51:25.306+0000] {dag.py:4180} INFO - Setting next_dagrun for latest_only to 2025-02-23 00:00:00+00:00, run_after=2025-02-23 04:00:00+00:00
[2025-02-23T04:51:25.319+0000] {processor.py:208} INFO - Processing /home/airflow/.local/lib/python3.12/site-packages/airflow/example_dags/example_latest_only.py took 0.063 seconds
[2025-02-23T04:51:55.603+0000] {processor.py:186} INFO - Started process (PID=597) to work on /home/airflow/.local/lib/python3.12/site-packages/airflow/example_dags/example_latest_only.py
[2025-02-23T04:51:55.604+0000] {processor.py:914} INFO - Processing file /home/airflow/.local/lib/python3.12/site-packages/airflow/example_dags/example_latest_only.py for tasks to queue
[2025-02-23T04:51:55.605+0000] {logging_mixin.py:190} INFO - [2025-02-23T04:51:55.605+0000] {dagbag.py:588} INFO - Filling up the DagBag from /home/airflow/.local/lib/python3.12/site-packages/airflow/example_dags/example_latest_only.py
[2025-02-23T04:51:55.610+0000] {processor.py:925} INFO - DAG(s) 'latest_only' retrieved from /home/airflow/.local/lib/python3.12/site-packages/airflow/example_dags/example_latest_only.py
[2025-02-23T04:51:55.624+0000] {logging_mixin.py:190} INFO - [2025-02-23T04:51:55.624+0000] {dag.py:3239} INFO - Sync 1 DAGs
[2025-02-23T04:51:55.641+0000] {logging_mixin.py:190} INFO - [2025-02-23T04:51:55.641+0000] {dag.py:4180} INFO - Setting next_dagrun for latest_only to 2025-02-23 00:00:00+00:00, run_after=2025-02-23 04:00:00+00:00
[2025-02-23T04:51:55.654+0000] {processor.py:208} INFO - Processing /home/airflow/.local/lib/python3.12/site-packages/airflow/example_dags/example_latest_only.py took 0.055 seconds
[2025-02-23T04:52:25.848+0000] {processor.py:186} INFO - Started process (PID=660) to work on /home/airflow/.local/lib/python3.12/site-packages/airflow/example_dags/example_latest_only.py
[2025-02-23T04:52:25.848+0000] {processor.py:914} INFO - Processing file /home/airflow/.local/lib/python3.12/site-packages/airflow/example_dags/example_latest_only.py for tasks to queue
[2025-02-23T04:52:25.850+0000] {logging_mixin.py:190} INFO - [2025-02-23T04:52:25.850+0000] {dagbag.py:588} INFO - Filling up the DagBag from /home/airflow/.local/lib/python3.12/site-packages/airflow/example_dags/example_latest_only.py
[2025-02-23T04:52:25.855+0000] {processor.py:925} INFO - DAG(s) 'latest_only' retrieved from /home/airflow/.local/lib/python3.12/site-packages/airflow/example_dags/example_latest_only.py
[2025-02-23T04:52:25.870+0000] {logging_mixin.py:190} INFO - [2025-02-23T04:52:25.870+0000] {dag.py:3239} INFO - Sync 1 DAGs
[2025-02-23T04:52:25.890+0000] {logging_mixin.py:190} INFO - [2025-02-23T04:52:25.890+0000] {dag.py:4180} INFO - Setting next_dagrun for latest_only to 2025-02-23 00:00:00+00:00, run_after=2025-02-23 04:00:00+00:00
[2025-02-23T04:52:25.905+0000] {processor.py:208} INFO - Processing /home/airflow/.local/lib/python3.12/site-packages/airflow/example_dags/example_latest_only.py took 0.062 seconds
[2025-02-23T04:52:55.944+0000] {processor.py:186} INFO - Started process (PID=723) to work on /home/airflow/.local/lib/python3.12/site-packages/airflow/example_dags/example_latest_only.py
[2025-02-23T04:52:55.944+0000] {processor.py:914} INFO - Processing file /home/airflow/.local/lib/python3.12/site-packages/airflow/example_dags/example_latest_only.py for tasks to queue
[2025-02-23T04:52:55.946+0000] {logging_mixin.py:190} INFO - [2025-02-23T04:52:55.945+0000] {dagbag.py:588} INFO - Filling up the DagBag from /home/airflow/.local/lib/python3.12/site-packages/airflow/example_dags/example_latest_only.py
[2025-02-23T04:52:55.950+0000] {processor.py:925} INFO - DAG(s) 'latest_only' retrieved from /home/airflow/.local/lib/python3.12/site-packages/airflow/example_dags/example_latest_only.py
[2025-02-23T04:52:55.968+0000] {logging_mixin.py:190} INFO - [2025-02-23T04:52:55.967+0000] {dag.py:3239} INFO - Sync 1 DAGs
[2025-02-23T04:52:55.991+0000] {logging_mixin.py:190} INFO - [2025-02-23T04:52:55.991+0000] {dag.py:4180} INFO - Setting next_dagrun for latest_only to 2025-02-23 00:00:00+00:00, run_after=2025-02-23 04:00:00+00:00
[2025-02-23T04:52:56.004+0000] {processor.py:208} INFO - Processing /home/airflow/.local/lib/python3.12/site-packages/airflow/example_dags/example_latest_only.py took 0.065 seconds
[2025-02-23T04:53:26.400+0000] {processor.py:186} INFO - Started process (PID=786) to work on /home/airflow/.local/lib/python3.12/site-packages/airflow/example_dags/example_latest_only.py
[2025-02-23T04:53:26.401+0000] {processor.py:914} INFO - Processing file /home/airflow/.local/lib/python3.12/site-packages/airflow/example_dags/example_latest_only.py for tasks to queue
[2025-02-23T04:53:26.402+0000] {logging_mixin.py:190} INFO - [2025-02-23T04:53:26.402+0000] {dagbag.py:588} INFO - Filling up the DagBag from /home/airflow/.local/lib/python3.12/site-packages/airflow/example_dags/example_latest_only.py
[2025-02-23T04:53:26.408+0000] {processor.py:925} INFO - DAG(s) 'latest_only' retrieved from /home/airflow/.local/lib/python3.12/site-packages/airflow/example_dags/example_latest_only.py
[2025-02-23T04:53:26.426+0000] {logging_mixin.py:190} INFO - [2025-02-23T04:53:26.426+0000] {dag.py:3239} INFO - Sync 1 DAGs
[2025-02-23T04:53:26.451+0000] {logging_mixin.py:190} INFO - [2025-02-23T04:53:26.451+0000] {dag.py:4180} INFO - Setting next_dagrun for latest_only to 2025-02-23 00:00:00+00:00, run_after=2025-02-23 04:00:00+00:00
[2025-02-23T04:53:26.468+0000] {processor.py:208} INFO - Processing /home/airflow/.local/lib/python3.12/site-packages/airflow/example_dags/example_latest_only.py took 0.072 seconds
[2025-02-23T04:53:56.663+0000] {processor.py:186} INFO - Started process (PID=850) to work on /home/airflow/.local/lib/python3.12/site-packages/airflow/example_dags/example_latest_only.py
[2025-02-23T04:53:56.664+0000] {processor.py:914} INFO - Processing file /home/airflow/.local/lib/python3.12/site-packages/airflow/example_dags/example_latest_only.py for tasks to queue
[2025-02-23T04:53:56.666+0000] {logging_mixin.py:190} INFO - [2025-02-23T04:53:56.666+0000] {dagbag.py:588} INFO - Filling up the DagBag from /home/airflow/.local/lib/python3.12/site-packages/airflow/example_dags/example_latest_only.py
[2025-02-23T04:53:56.672+0000] {processor.py:925} INFO - DAG(s) 'latest_only' retrieved from /home/airflow/.local/lib/python3.12/site-packages/airflow/example_dags/example_latest_only.py
[2025-02-23T04:53:56.691+0000] {logging_mixin.py:190} INFO - [2025-02-23T04:53:56.691+0000] {dag.py:3239} INFO - Sync 1 DAGs
[2025-02-23T04:53:56.714+0000] {logging_mixin.py:190} INFO - [2025-02-23T04:53:56.714+0000] {dag.py:4180} INFO - Setting next_dagrun for latest_only to 2025-02-23 00:00:00+00:00, run_after=2025-02-23 04:00:00+00:00
[2025-02-23T04:53:56.728+0000] {processor.py:208} INFO - Processing /home/airflow/.local/lib/python3.12/site-packages/airflow/example_dags/example_latest_only.py took 0.069 seconds
[2025-02-23T04:54:26.884+0000] {processor.py:186} INFO - Started process (PID=913) to work on /home/airflow/.local/lib/python3.12/site-packages/airflow/example_dags/example_latest_only.py
[2025-02-23T04:54:26.885+0000] {processor.py:914} INFO - Processing file /home/airflow/.local/lib/python3.12/site-packages/airflow/example_dags/example_latest_only.py for tasks to queue
[2025-02-23T04:54:26.886+0000] {logging_mixin.py:190} INFO - [2025-02-23T04:54:26.886+0000] {dagbag.py:588} INFO - Filling up the DagBag from /home/airflow/.local/lib/python3.12/site-packages/airflow/example_dags/example_latest_only.py
[2025-02-23T04:54:26.891+0000] {processor.py:925} INFO - DAG(s) 'latest_only' retrieved from /home/airflow/.local/lib/python3.12/site-packages/airflow/example_dags/example_latest_only.py
[2025-02-23T04:54:26.905+0000] {logging_mixin.py:190} INFO - [2025-02-23T04:54:26.905+0000] {dag.py:3239} INFO - Sync 1 DAGs
[2025-02-23T04:54:26.922+0000] {logging_mixin.py:190} INFO - [2025-02-23T04:54:26.922+0000] {dag.py:4180} INFO - Setting next_dagrun for latest_only to 2025-02-23 00:00:00+00:00, run_after=2025-02-23 04:00:00+00:00
[2025-02-23T04:54:26.934+0000] {processor.py:208} INFO - Processing /home/airflow/.local/lib/python3.12/site-packages/airflow/example_dags/example_latest_only.py took 0.054 seconds
[2025-02-23T04:54:56.994+0000] {processor.py:186} INFO - Started process (PID=976) to work on /home/airflow/.local/lib/python3.12/site-packages/airflow/example_dags/example_latest_only.py
[2025-02-23T04:54:56.994+0000] {processor.py:914} INFO - Processing file /home/airflow/.local/lib/python3.12/site-packages/airflow/example_dags/example_latest_only.py for tasks to queue
[2025-02-23T04:54:56.996+0000] {logging_mixin.py:190} INFO - [2025-02-23T04:54:56.995+0000] {dagbag.py:588} INFO - Filling up the DagBag from /home/airflow/.local/lib/python3.12/site-packages/airflow/example_dags/example_latest_only.py
[2025-02-23T04:54:57.001+0000] {processor.py:925} INFO - DAG(s) 'latest_only' retrieved from /home/airflow/.local/lib/python3.12/site-packages/airflow/example_dags/example_latest_only.py
[2025-02-23T04:54:57.015+0000] {logging_mixin.py:190} INFO - [2025-02-23T04:54:57.015+0000] {dag.py:3239} INFO - Sync 1 DAGs
[2025-02-23T04:54:57.043+0000] {logging_mixin.py:190} INFO - [2025-02-23T04:54:57.042+0000] {dag.py:4180} INFO - Setting next_dagrun for latest_only to 2025-02-23 00:00:00+00:00, run_after=2025-02-23 04:00:00+00:00
[2025-02-23T04:54:57.057+0000] {processor.py:208} INFO - Processing /home/airflow/.local/lib/python3.12/site-packages/airflow/example_dags/example_latest_only.py took 0.068 seconds
[2025-02-23T04:55:27.202+0000] {processor.py:186} INFO - Started process (PID=1039) to work on /home/airflow/.local/lib/python3.12/site-packages/airflow/example_dags/example_latest_only.py
[2025-02-23T04:55:27.203+0000] {processor.py:914} INFO - Processing file /home/airflow/.local/lib/python3.12/site-packages/airflow/example_dags/example_latest_only.py for tasks to queue
[2025-02-23T04:55:27.205+0000] {logging_mixin.py:190} INFO - [2025-02-23T04:55:27.204+0000] {dagbag.py:588} INFO - Filling up the DagBag from /home/airflow/.local/lib/python3.12/site-packages/airflow/example_dags/example_latest_only.py
[2025-02-23T04:55:27.211+0000] {processor.py:925} INFO - DAG(s) 'latest_only' retrieved from /home/airflow/.local/lib/python3.12/site-packages/airflow/example_dags/example_latest_only.py
[2025-02-23T04:55:27.229+0000] {logging_mixin.py:190} INFO - [2025-02-23T04:55:27.229+0000] {dag.py:3239} INFO - Sync 1 DAGs
[2025-02-23T04:55:27.253+0000] {logging_mixin.py:190} INFO - [2025-02-23T04:55:27.253+0000] {dag.py:4180} INFO - Setting next_dagrun for latest_only to 2025-02-23 00:00:00+00:00, run_after=2025-02-23 04:00:00+00:00
[2025-02-23T04:55:27.267+0000] {processor.py:208} INFO - Processing /home/airflow/.local/lib/python3.12/site-packages/airflow/example_dags/example_latest_only.py took 0.070 seconds
[2025-02-23T04:55:57.521+0000] {processor.py:186} INFO - Started process (PID=1102) to work on /home/airflow/.local/lib/python3.12/site-packages/airflow/example_dags/example_latest_only.py
[2025-02-23T04:55:57.521+0000] {processor.py:914} INFO - Processing file /home/airflow/.local/lib/python3.12/site-packages/airflow/example_dags/example_latest_only.py for tasks to queue
[2025-02-23T04:55:57.523+0000] {logging_mixin.py:190} INFO - [2025-02-23T04:55:57.522+0000] {dagbag.py:588} INFO - Filling up the DagBag from /home/airflow/.local/lib/python3.12/site-packages/airflow/example_dags/example_latest_only.py
[2025-02-23T04:55:57.527+0000] {processor.py:925} INFO - DAG(s) 'latest_only' retrieved from /home/airflow/.local/lib/python3.12/site-packages/airflow/example_dags/example_latest_only.py
[2025-02-23T04:55:57.542+0000] {logging_mixin.py:190} INFO - [2025-02-23T04:55:57.541+0000] {dag.py:3239} INFO - Sync 1 DAGs
[2025-02-23T04:55:57.559+0000] {logging_mixin.py:190} INFO - [2025-02-23T04:55:57.559+0000] {dag.py:4180} INFO - Setting next_dagrun for latest_only to 2025-02-23 00:00:00+00:00, run_after=2025-02-23 04:00:00+00:00
[2025-02-23T04:55:57.571+0000] {processor.py:208} INFO - Processing /home/airflow/.local/lib/python3.12/site-packages/airflow/example_dags/example_latest_only.py took 0.054 seconds
[2025-02-23T04:56:27.776+0000] {processor.py:186} INFO - Started process (PID=1165) to work on /home/airflow/.local/lib/python3.12/site-packages/airflow/example_dags/example_latest_only.py
[2025-02-23T04:56:27.776+0000] {processor.py:914} INFO - Processing file /home/airflow/.local/lib/python3.12/site-packages/airflow/example_dags/example_latest_only.py for tasks to queue
[2025-02-23T04:56:27.778+0000] {logging_mixin.py:190} INFO - [2025-02-23T04:56:27.778+0000] {dagbag.py:588} INFO - Filling up the DagBag from /home/airflow/.local/lib/python3.12/site-packages/airflow/example_dags/example_latest_only.py
[2025-02-23T04:56:27.783+0000] {processor.py:925} INFO - DAG(s) 'latest_only' retrieved from /home/airflow/.local/lib/python3.12/site-packages/airflow/example_dags/example_latest_only.py
[2025-02-23T04:56:27.797+0000] {logging_mixin.py:190} INFO - [2025-02-23T04:56:27.797+0000] {dag.py:3239} INFO - Sync 1 DAGs
[2025-02-23T04:56:27.817+0000] {logging_mixin.py:190} INFO - [2025-02-23T04:56:27.817+0000] {dag.py:4180} INFO - Setting next_dagrun for latest_only to 2025-02-23 00:00:00+00:00, run_after=2025-02-23 04:00:00+00:00
[2025-02-23T04:56:27.830+0000] {processor.py:208} INFO - Processing /home/airflow/.local/lib/python3.12/site-packages/airflow/example_dags/example_latest_only.py took 0.059 seconds
[2025-02-23T04:56:58.012+0000] {processor.py:186} INFO - Started process (PID=1228) to work on /home/airflow/.local/lib/python3.12/site-packages/airflow/example_dags/example_latest_only.py
[2025-02-23T04:56:58.013+0000] {processor.py:914} INFO - Processing file /home/airflow/.local/lib/python3.12/site-packages/airflow/example_dags/example_latest_only.py for tasks to queue
[2025-02-23T04:56:58.015+0000] {logging_mixin.py:190} INFO - [2025-02-23T04:56:58.014+0000] {dagbag.py:588} INFO - Filling up the DagBag from /home/airflow/.local/lib/python3.12/site-packages/airflow/example_dags/example_latest_only.py
[2025-02-23T04:56:58.022+0000] {processor.py:925} INFO - DAG(s) 'latest_only' retrieved from /home/airflow/.local/lib/python3.12/site-packages/airflow/example_dags/example_latest_only.py
[2025-02-23T04:56:58.041+0000] {logging_mixin.py:190} INFO - [2025-02-23T04:56:58.041+0000] {dag.py:3239} INFO - Sync 1 DAGs
[2025-02-23T04:56:58.065+0000] {logging_mixin.py:190} INFO - [2025-02-23T04:56:58.065+0000] {dag.py:4180} INFO - Setting next_dagrun for latest_only to 2025-02-23 00:00:00+00:00, run_after=2025-02-23 04:00:00+00:00
[2025-02-23T04:56:58.078+0000] {processor.py:208} INFO - Processing /home/airflow/.local/lib/python3.12/site-packages/airflow/example_dags/example_latest_only.py took 0.072 seconds
[2025-02-23T04:57:28.215+0000] {processor.py:186} INFO - Started process (PID=1291) to work on /home/airflow/.local/lib/python3.12/site-packages/airflow/example_dags/example_latest_only.py
[2025-02-23T04:57:28.216+0000] {processor.py:914} INFO - Processing file /home/airflow/.local/lib/python3.12/site-packages/airflow/example_dags/example_latest_only.py for tasks to queue
[2025-02-23T04:57:28.218+0000] {logging_mixin.py:190} INFO - [2025-02-23T04:57:28.218+0000] {dagbag.py:588} INFO - Filling up the DagBag from /home/airflow/.local/lib/python3.12/site-packages/airflow/example_dags/example_latest_only.py
[2025-02-23T04:57:28.225+0000] {processor.py:925} INFO - DAG(s) 'latest_only' retrieved from /home/airflow/.local/lib/python3.12/site-packages/airflow/example_dags/example_latest_only.py
[2025-02-23T04:57:28.247+0000] {logging_mixin.py:190} INFO - [2025-02-23T04:57:28.246+0000] {dag.py:3239} INFO - Sync 1 DAGs
[2025-02-23T04:57:28.272+0000] {logging_mixin.py:190} INFO - [2025-02-23T04:57:28.272+0000] {dag.py:4180} INFO - Setting next_dagrun for latest_only to 2025-02-23 00:00:00+00:00, run_after=2025-02-23 04:00:00+00:00
[2025-02-23T04:57:28.290+0000] {processor.py:208} INFO - Processing /home/airflow/.local/lib/python3.12/site-packages/airflow/example_dags/example_latest_only.py took 0.081 seconds
[2025-02-23T04:57:58.656+0000] {processor.py:186} INFO - Started process (PID=1355) to work on /home/airflow/.local/lib/python3.12/site-packages/airflow/example_dags/example_latest_only.py
[2025-02-23T04:57:58.656+0000] {processor.py:914} INFO - Processing file /home/airflow/.local/lib/python3.12/site-packages/airflow/example_dags/example_latest_only.py for tasks to queue
[2025-02-23T04:57:58.658+0000] {logging_mixin.py:190} INFO - [2025-02-23T04:57:58.658+0000] {dagbag.py:588} INFO - Filling up the DagBag from /home/airflow/.local/lib/python3.12/site-packages/airflow/example_dags/example_latest_only.py
[2025-02-23T04:57:58.663+0000] {processor.py:925} INFO - DAG(s) 'latest_only' retrieved from /home/airflow/.local/lib/python3.12/site-packages/airflow/example_dags/example_latest_only.py
[2025-02-23T04:57:58.677+0000] {logging_mixin.py:190} INFO - [2025-02-23T04:57:58.677+0000] {dag.py:3239} INFO - Sync 1 DAGs
[2025-02-23T04:57:58.696+0000] {logging_mixin.py:190} INFO - [2025-02-23T04:57:58.696+0000] {dag.py:4180} INFO - Setting next_dagrun for latest_only to 2025-02-23 00:00:00+00:00, run_after=2025-02-23 04:00:00+00:00
[2025-02-23T04:57:58.710+0000] {processor.py:208} INFO - Processing /home/airflow/.local/lib/python3.12/site-packages/airflow/example_dags/example_latest_only.py took 0.059 seconds
[2025-02-23T04:58:29.135+0000] {processor.py:186} INFO - Started process (PID=1418) to work on /home/airflow/.local/lib/python3.12/site-packages/airflow/example_dags/example_latest_only.py
[2025-02-23T04:58:29.135+0000] {processor.py:914} INFO - Processing file /home/airflow/.local/lib/python3.12/site-packages/airflow/example_dags/example_latest_only.py for tasks to queue
[2025-02-23T04:58:29.137+0000] {logging_mixin.py:190} INFO - [2025-02-23T04:58:29.136+0000] {dagbag.py:588} INFO - Filling up the DagBag from /home/airflow/.local/lib/python3.12/site-packages/airflow/example_dags/example_latest_only.py
[2025-02-23T04:58:29.141+0000] {processor.py:925} INFO - DAG(s) 'latest_only' retrieved from /home/airflow/.local/lib/python3.12/site-packages/airflow/example_dags/example_latest_only.py
[2025-02-23T04:58:29.156+0000] {logging_mixin.py:190} INFO - [2025-02-23T04:58:29.155+0000] {dag.py:3239} INFO - Sync 1 DAGs
[2025-02-23T04:58:29.173+0000] {logging_mixin.py:190} INFO - [2025-02-23T04:58:29.173+0000] {dag.py:4180} INFO - Setting next_dagrun for latest_only to 2025-02-23 00:00:00+00:00, run_after=2025-02-23 04:00:00+00:00
[2025-02-23T04:58:29.187+0000] {processor.py:208} INFO - Processing /home/airflow/.local/lib/python3.12/site-packages/airflow/example_dags/example_latest_only.py took 0.056 seconds
