[2025-02-23T04:47:43.012+0000] {processor.py:186} INFO - Started process (PID=59) to work on /home/airflow/.local/lib/python3.12/site-packages/airflow/example_dags/example_branch_operator.py
[2025-02-23T04:47:43.021+0000] {processor.py:914} INFO - Processing file /home/airflow/.local/lib/python3.12/site-packages/airflow/example_dags/example_branch_operator.py for tasks to queue
[2025-02-23T04:47:43.023+0000] {logging_mixin.py:190} INFO - [2025-02-23T04:47:43.023+0000] {dagbag.py:588} INFO - Filling up the DagBag from /home/airflow/.local/lib/python3.12/site-packages/airflow/example_dags/example_branch_operator.py
[2025-02-23T04:47:43.072+0000] {processor.py:925} INFO - DAG(s) 'example_branch_operator' retrieved from /home/airflow/.local/lib/python3.12/site-packages/airflow/example_dags/example_branch_operator.py
[2025-02-23T04:47:43.475+0000] {logging_mixin.py:190} INFO - [2025-02-23T04:47:43.475+0000] {override.py:1911} INFO - Created Permission View: can delete on DAG:example_branch_operator
[2025-02-23T04:47:43.494+0000] {logging_mixin.py:190} INFO - [2025-02-23T04:47:43.494+0000] {override.py:1911} INFO - Created Permission View: can edit on DAG:example_branch_operator
[2025-02-23T04:47:43.504+0000] {logging_mixin.py:190} INFO - [2025-02-23T04:47:43.504+0000] {override.py:1911} INFO - Created Permission View: can read on DAG:example_branch_operator
[2025-02-23T04:47:43.513+0000] {logging_mixin.py:190} INFO - [2025-02-23T04:47:43.513+0000] {override.py:1911} INFO - Created Permission View: can create on DAG Run:example_branch_operator
[2025-02-23T04:47:43.523+0000] {logging_mixin.py:190} INFO - [2025-02-23T04:47:43.523+0000] {override.py:1911} INFO - Created Permission View: menu access on DAG Run:example_branch_operator
[2025-02-23T04:47:43.531+0000] {logging_mixin.py:190} INFO - [2025-02-23T04:47:43.531+0000] {override.py:1911} INFO - Created Permission View: can delete on DAG Run:example_branch_operator
[2025-02-23T04:47:43.539+0000] {logging_mixin.py:190} INFO - [2025-02-23T04:47:43.539+0000] {override.py:1911} INFO - Created Permission View: can read on DAG Run:example_branch_operator
[2025-02-23T04:47:43.539+0000] {logging_mixin.py:190} INFO - [2025-02-23T04:47:43.539+0000] {dag.py:3239} INFO - Sync 1 DAGs
[2025-02-23T04:47:43.565+0000] {logging_mixin.py:190} INFO - [2025-02-23T04:47:43.565+0000] {dag.py:3262} INFO - Creating ORM DAG for example_branch_operator
[2025-02-23T04:47:43.591+0000] {logging_mixin.py:190} INFO - [2025-02-23T04:47:43.591+0000] {dag.py:4180} INFO - Setting next_dagrun for example_branch_operator to 2025-02-22 00:00:00+00:00, run_after=2025-02-23 00:00:00+00:00
[2025-02-23T04:47:43.647+0000] {processor.py:208} INFO - Processing /home/airflow/.local/lib/python3.12/site-packages/airflow/example_dags/example_branch_operator.py took 0.640 seconds
[2025-02-23T04:48:14.118+0000] {processor.py:186} INFO - Started process (PID=127) to work on /home/airflow/.local/lib/python3.12/site-packages/airflow/example_dags/example_branch_operator.py
[2025-02-23T04:48:14.132+0000] {processor.py:914} INFO - Processing file /home/airflow/.local/lib/python3.12/site-packages/airflow/example_dags/example_branch_operator.py for tasks to queue
[2025-02-23T04:48:14.135+0000] {logging_mixin.py:190} INFO - [2025-02-23T04:48:14.135+0000] {dagbag.py:588} INFO - Filling up the DagBag from /home/airflow/.local/lib/python3.12/site-packages/airflow/example_dags/example_branch_operator.py
[2025-02-23T04:48:14.204+0000] {processor.py:925} INFO - DAG(s) 'example_branch_operator' retrieved from /home/airflow/.local/lib/python3.12/site-packages/airflow/example_dags/example_branch_operator.py
[2025-02-23T04:48:14.256+0000] {logging_mixin.py:190} INFO - [2025-02-23T04:48:14.256+0000] {dag.py:3239} INFO - Sync 1 DAGs
[2025-02-23T04:48:14.315+0000] {logging_mixin.py:190} INFO - [2025-02-23T04:48:14.315+0000] {dag.py:4180} INFO - Setting next_dagrun for example_branch_operator to 2025-02-22 00:00:00+00:00, run_after=2025-02-23 00:00:00+00:00
[2025-02-23T04:48:14.357+0000] {processor.py:208} INFO - Processing /home/airflow/.local/lib/python3.12/site-packages/airflow/example_dags/example_branch_operator.py took 0.257 seconds
[2025-02-23T04:48:44.903+0000] {processor.py:186} INFO - Started process (PID=190) to work on /home/airflow/.local/lib/python3.12/site-packages/airflow/example_dags/example_branch_operator.py
[2025-02-23T04:48:44.904+0000] {processor.py:914} INFO - Processing file /home/airflow/.local/lib/python3.12/site-packages/airflow/example_dags/example_branch_operator.py for tasks to queue
[2025-02-23T04:48:44.905+0000] {logging_mixin.py:190} INFO - [2025-02-23T04:48:44.905+0000] {dagbag.py:588} INFO - Filling up the DagBag from /home/airflow/.local/lib/python3.12/site-packages/airflow/example_dags/example_branch_operator.py
[2025-02-23T04:48:44.919+0000] {processor.py:925} INFO - DAG(s) 'example_branch_operator' retrieved from /home/airflow/.local/lib/python3.12/site-packages/airflow/example_dags/example_branch_operator.py
[2025-02-23T04:48:44.941+0000] {logging_mixin.py:190} INFO - [2025-02-23T04:48:44.940+0000] {dag.py:3239} INFO - Sync 1 DAGs
[2025-02-23T04:48:44.962+0000] {logging_mixin.py:190} INFO - [2025-02-23T04:48:44.961+0000] {dag.py:4180} INFO - Setting next_dagrun for example_branch_operator to 2025-02-22 00:00:00+00:00, run_after=2025-02-23 00:00:00+00:00
[2025-02-23T04:48:44.976+0000] {processor.py:208} INFO - Processing /home/airflow/.local/lib/python3.12/site-packages/airflow/example_dags/example_branch_operator.py took 0.078 seconds
[2025-02-23T04:49:15.319+0000] {processor.py:186} INFO - Started process (PID=253) to work on /home/airflow/.local/lib/python3.12/site-packages/airflow/example_dags/example_branch_operator.py
[2025-02-23T04:49:15.320+0000] {processor.py:914} INFO - Processing file /home/airflow/.local/lib/python3.12/site-packages/airflow/example_dags/example_branch_operator.py for tasks to queue
[2025-02-23T04:49:15.322+0000] {logging_mixin.py:190} INFO - [2025-02-23T04:49:15.322+0000] {dagbag.py:588} INFO - Filling up the DagBag from /home/airflow/.local/lib/python3.12/site-packages/airflow/example_dags/example_branch_operator.py
[2025-02-23T04:49:15.342+0000] {processor.py:925} INFO - DAG(s) 'example_branch_operator' retrieved from /home/airflow/.local/lib/python3.12/site-packages/airflow/example_dags/example_branch_operator.py
[2025-02-23T04:49:15.374+0000] {logging_mixin.py:190} INFO - [2025-02-23T04:49:15.374+0000] {dag.py:3239} INFO - Sync 1 DAGs
[2025-02-23T04:49:15.397+0000] {logging_mixin.py:190} INFO - [2025-02-23T04:49:15.397+0000] {dag.py:4180} INFO - Setting next_dagrun for example_branch_operator to 2025-02-22 00:00:00+00:00, run_after=2025-02-23 00:00:00+00:00
[2025-02-23T04:49:15.413+0000] {processor.py:208} INFO - Processing /home/airflow/.local/lib/python3.12/site-packages/airflow/example_dags/example_branch_operator.py took 0.099 seconds
[2025-02-23T04:49:45.562+0000] {processor.py:186} INFO - Started process (PID=316) to work on /home/airflow/.local/lib/python3.12/site-packages/airflow/example_dags/example_branch_operator.py
[2025-02-23T04:49:45.562+0000] {processor.py:914} INFO - Processing file /home/airflow/.local/lib/python3.12/site-packages/airflow/example_dags/example_branch_operator.py for tasks to queue
[2025-02-23T04:49:45.564+0000] {logging_mixin.py:190} INFO - [2025-02-23T04:49:45.564+0000] {dagbag.py:588} INFO - Filling up the DagBag from /home/airflow/.local/lib/python3.12/site-packages/airflow/example_dags/example_branch_operator.py
[2025-02-23T04:49:45.577+0000] {processor.py:925} INFO - DAG(s) 'example_branch_operator' retrieved from /home/airflow/.local/lib/python3.12/site-packages/airflow/example_dags/example_branch_operator.py
[2025-02-23T04:49:45.606+0000] {logging_mixin.py:190} INFO - [2025-02-23T04:49:45.606+0000] {dag.py:3239} INFO - Sync 1 DAGs
[2025-02-23T04:49:45.630+0000] {logging_mixin.py:190} INFO - [2025-02-23T04:49:45.630+0000] {dag.py:4180} INFO - Setting next_dagrun for example_branch_operator to 2025-02-22 00:00:00+00:00, run_after=2025-02-23 00:00:00+00:00
[2025-02-23T04:49:45.649+0000] {processor.py:208} INFO - Processing /home/airflow/.local/lib/python3.12/site-packages/airflow/example_dags/example_branch_operator.py took 0.093 seconds
[2025-02-23T04:50:16.016+0000] {processor.py:186} INFO - Started process (PID=379) to work on /home/airflow/.local/lib/python3.12/site-packages/airflow/example_dags/example_branch_operator.py
[2025-02-23T04:50:16.017+0000] {processor.py:914} INFO - Processing file /home/airflow/.local/lib/python3.12/site-packages/airflow/example_dags/example_branch_operator.py for tasks to queue
[2025-02-23T04:50:16.019+0000] {logging_mixin.py:190} INFO - [2025-02-23T04:50:16.018+0000] {dagbag.py:588} INFO - Filling up the DagBag from /home/airflow/.local/lib/python3.12/site-packages/airflow/example_dags/example_branch_operator.py
[2025-02-23T04:50:16.032+0000] {processor.py:925} INFO - DAG(s) 'example_branch_operator' retrieved from /home/airflow/.local/lib/python3.12/site-packages/airflow/example_dags/example_branch_operator.py
[2025-02-23T04:50:16.055+0000] {logging_mixin.py:190} INFO - [2025-02-23T04:50:16.054+0000] {dag.py:3239} INFO - Sync 1 DAGs
[2025-02-23T04:50:16.074+0000] {logging_mixin.py:190} INFO - [2025-02-23T04:50:16.074+0000] {dag.py:4180} INFO - Setting next_dagrun for example_branch_operator to 2025-02-22 00:00:00+00:00, run_after=2025-02-23 00:00:00+00:00
[2025-02-23T04:50:16.087+0000] {processor.py:208} INFO - Processing /home/airflow/.local/lib/python3.12/site-packages/airflow/example_dags/example_branch_operator.py took 0.075 seconds
[2025-02-23T04:50:46.516+0000] {processor.py:186} INFO - Started process (PID=442) to work on /home/airflow/.local/lib/python3.12/site-packages/airflow/example_dags/example_branch_operator.py
[2025-02-23T04:50:46.516+0000] {processor.py:914} INFO - Processing file /home/airflow/.local/lib/python3.12/site-packages/airflow/example_dags/example_branch_operator.py for tasks to queue
[2025-02-23T04:50:46.518+0000] {logging_mixin.py:190} INFO - [2025-02-23T04:50:46.518+0000] {dagbag.py:588} INFO - Filling up the DagBag from /home/airflow/.local/lib/python3.12/site-packages/airflow/example_dags/example_branch_operator.py
[2025-02-23T04:50:46.531+0000] {processor.py:925} INFO - DAG(s) 'example_branch_operator' retrieved from /home/airflow/.local/lib/python3.12/site-packages/airflow/example_dags/example_branch_operator.py
[2025-02-23T04:50:46.552+0000] {logging_mixin.py:190} INFO - [2025-02-23T04:50:46.552+0000] {dag.py:3239} INFO - Sync 1 DAGs
[2025-02-23T04:50:46.570+0000] {logging_mixin.py:190} INFO - [2025-02-23T04:50:46.570+0000] {dag.py:4180} INFO - Setting next_dagrun for example_branch_operator to 2025-02-22 00:00:00+00:00, run_after=2025-02-23 00:00:00+00:00
[2025-02-23T04:50:46.583+0000] {processor.py:208} INFO - Processing /home/airflow/.local/lib/python3.12/site-packages/airflow/example_dags/example_branch_operator.py took 0.072 seconds
[2025-02-23T04:51:16.989+0000] {processor.py:186} INFO - Started process (PID=505) to work on /home/airflow/.local/lib/python3.12/site-packages/airflow/example_dags/example_branch_operator.py
[2025-02-23T04:51:16.990+0000] {processor.py:914} INFO - Processing file /home/airflow/.local/lib/python3.12/site-packages/airflow/example_dags/example_branch_operator.py for tasks to queue
[2025-02-23T04:51:16.992+0000] {logging_mixin.py:190} INFO - [2025-02-23T04:51:16.992+0000] {dagbag.py:588} INFO - Filling up the DagBag from /home/airflow/.local/lib/python3.12/site-packages/airflow/example_dags/example_branch_operator.py
[2025-02-23T04:51:17.006+0000] {processor.py:925} INFO - DAG(s) 'example_branch_operator' retrieved from /home/airflow/.local/lib/python3.12/site-packages/airflow/example_dags/example_branch_operator.py
[2025-02-23T04:51:17.029+0000] {logging_mixin.py:190} INFO - [2025-02-23T04:51:17.029+0000] {dag.py:3239} INFO - Sync 1 DAGs
[2025-02-23T04:51:17.049+0000] {logging_mixin.py:190} INFO - [2025-02-23T04:51:17.049+0000] {dag.py:4180} INFO - Setting next_dagrun for example_branch_operator to 2025-02-22 00:00:00+00:00, run_after=2025-02-23 00:00:00+00:00
[2025-02-23T04:51:17.063+0000] {processor.py:208} INFO - Processing /home/airflow/.local/lib/python3.12/site-packages/airflow/example_dags/example_branch_operator.py took 0.079 seconds
[2025-02-23T04:51:47.315+0000] {processor.py:186} INFO - Started process (PID=568) to work on /home/airflow/.local/lib/python3.12/site-packages/airflow/example_dags/example_branch_operator.py
[2025-02-23T04:51:47.315+0000] {processor.py:914} INFO - Processing file /home/airflow/.local/lib/python3.12/site-packages/airflow/example_dags/example_branch_operator.py for tasks to queue
[2025-02-23T04:51:47.317+0000] {logging_mixin.py:190} INFO - [2025-02-23T04:51:47.317+0000] {dagbag.py:588} INFO - Filling up the DagBag from /home/airflow/.local/lib/python3.12/site-packages/airflow/example_dags/example_branch_operator.py
[2025-02-23T04:51:47.331+0000] {processor.py:925} INFO - DAG(s) 'example_branch_operator' retrieved from /home/airflow/.local/lib/python3.12/site-packages/airflow/example_dags/example_branch_operator.py
[2025-02-23T04:51:47.360+0000] {logging_mixin.py:190} INFO - [2025-02-23T04:51:47.360+0000] {dag.py:3239} INFO - Sync 1 DAGs
[2025-02-23T04:51:47.386+0000] {logging_mixin.py:190} INFO - [2025-02-23T04:51:47.385+0000] {dag.py:4180} INFO - Setting next_dagrun for example_branch_operator to 2025-02-22 00:00:00+00:00, run_after=2025-02-23 00:00:00+00:00
[2025-02-23T04:51:47.400+0000] {processor.py:208} INFO - Processing /home/airflow/.local/lib/python3.12/site-packages/airflow/example_dags/example_branch_operator.py took 0.089 seconds
[2025-02-23T04:52:17.614+0000] {processor.py:186} INFO - Started process (PID=631) to work on /home/airflow/.local/lib/python3.12/site-packages/airflow/example_dags/example_branch_operator.py
[2025-02-23T04:52:17.614+0000] {processor.py:914} INFO - Processing file /home/airflow/.local/lib/python3.12/site-packages/airflow/example_dags/example_branch_operator.py for tasks to queue
[2025-02-23T04:52:17.616+0000] {logging_mixin.py:190} INFO - [2025-02-23T04:52:17.616+0000] {dagbag.py:588} INFO - Filling up the DagBag from /home/airflow/.local/lib/python3.12/site-packages/airflow/example_dags/example_branch_operator.py
[2025-02-23T04:52:17.629+0000] {processor.py:925} INFO - DAG(s) 'example_branch_operator' retrieved from /home/airflow/.local/lib/python3.12/site-packages/airflow/example_dags/example_branch_operator.py
[2025-02-23T04:52:17.650+0000] {logging_mixin.py:190} INFO - [2025-02-23T04:52:17.650+0000] {dag.py:3239} INFO - Sync 1 DAGs
[2025-02-23T04:52:17.671+0000] {logging_mixin.py:190} INFO - [2025-02-23T04:52:17.671+0000] {dag.py:4180} INFO - Setting next_dagrun for example_branch_operator to 2025-02-22 00:00:00+00:00, run_after=2025-02-23 00:00:00+00:00
[2025-02-23T04:52:17.685+0000] {processor.py:208} INFO - Processing /home/airflow/.local/lib/python3.12/site-packages/airflow/example_dags/example_branch_operator.py took 0.075 seconds
[2025-02-23T04:52:47.757+0000] {processor.py:186} INFO - Started process (PID=694) to work on /home/airflow/.local/lib/python3.12/site-packages/airflow/example_dags/example_branch_operator.py
[2025-02-23T04:52:47.758+0000] {processor.py:914} INFO - Processing file /home/airflow/.local/lib/python3.12/site-packages/airflow/example_dags/example_branch_operator.py for tasks to queue
[2025-02-23T04:52:47.759+0000] {logging_mixin.py:190} INFO - [2025-02-23T04:52:47.759+0000] {dagbag.py:588} INFO - Filling up the DagBag from /home/airflow/.local/lib/python3.12/site-packages/airflow/example_dags/example_branch_operator.py
[2025-02-23T04:52:47.772+0000] {processor.py:925} INFO - DAG(s) 'example_branch_operator' retrieved from /home/airflow/.local/lib/python3.12/site-packages/airflow/example_dags/example_branch_operator.py
[2025-02-23T04:52:47.793+0000] {logging_mixin.py:190} INFO - [2025-02-23T04:52:47.792+0000] {dag.py:3239} INFO - Sync 1 DAGs
[2025-02-23T04:52:47.812+0000] {logging_mixin.py:190} INFO - [2025-02-23T04:52:47.812+0000] {dag.py:4180} INFO - Setting next_dagrun for example_branch_operator to 2025-02-22 00:00:00+00:00, run_after=2025-02-23 00:00:00+00:00
[2025-02-23T04:52:47.825+0000] {processor.py:208} INFO - Processing /home/airflow/.local/lib/python3.12/site-packages/airflow/example_dags/example_branch_operator.py took 0.072 seconds
[2025-02-23T04:53:18.144+0000] {processor.py:186} INFO - Started process (PID=757) to work on /home/airflow/.local/lib/python3.12/site-packages/airflow/example_dags/example_branch_operator.py
[2025-02-23T04:53:18.145+0000] {processor.py:914} INFO - Processing file /home/airflow/.local/lib/python3.12/site-packages/airflow/example_dags/example_branch_operator.py for tasks to queue
[2025-02-23T04:53:18.147+0000] {logging_mixin.py:190} INFO - [2025-02-23T04:53:18.147+0000] {dagbag.py:588} INFO - Filling up the DagBag from /home/airflow/.local/lib/python3.12/site-packages/airflow/example_dags/example_branch_operator.py
[2025-02-23T04:53:18.172+0000] {processor.py:925} INFO - DAG(s) 'example_branch_operator' retrieved from /home/airflow/.local/lib/python3.12/site-packages/airflow/example_dags/example_branch_operator.py
[2025-02-23T04:53:18.203+0000] {logging_mixin.py:190} INFO - [2025-02-23T04:53:18.203+0000] {dag.py:3239} INFO - Sync 1 DAGs
[2025-02-23T04:53:18.222+0000] {logging_mixin.py:190} INFO - [2025-02-23T04:53:18.222+0000] {dag.py:4180} INFO - Setting next_dagrun for example_branch_operator to 2025-02-22 00:00:00+00:00, run_after=2025-02-23 00:00:00+00:00
[2025-02-23T04:53:18.234+0000] {processor.py:208} INFO - Processing /home/airflow/.local/lib/python3.12/site-packages/airflow/example_dags/example_branch_operator.py took 0.096 seconds
[2025-02-23T04:53:48.347+0000] {processor.py:186} INFO - Started process (PID=821) to work on /home/airflow/.local/lib/python3.12/site-packages/airflow/example_dags/example_branch_operator.py
[2025-02-23T04:53:48.348+0000] {processor.py:914} INFO - Processing file /home/airflow/.local/lib/python3.12/site-packages/airflow/example_dags/example_branch_operator.py for tasks to queue
[2025-02-23T04:53:48.350+0000] {logging_mixin.py:190} INFO - [2025-02-23T04:53:48.349+0000] {dagbag.py:588} INFO - Filling up the DagBag from /home/airflow/.local/lib/python3.12/site-packages/airflow/example_dags/example_branch_operator.py
[2025-02-23T04:53:48.363+0000] {processor.py:925} INFO - DAG(s) 'example_branch_operator' retrieved from /home/airflow/.local/lib/python3.12/site-packages/airflow/example_dags/example_branch_operator.py
[2025-02-23T04:53:48.383+0000] {logging_mixin.py:190} INFO - [2025-02-23T04:53:48.383+0000] {dag.py:3239} INFO - Sync 1 DAGs
[2025-02-23T04:53:48.400+0000] {logging_mixin.py:190} INFO - [2025-02-23T04:53:48.400+0000] {dag.py:4180} INFO - Setting next_dagrun for example_branch_operator to 2025-02-22 00:00:00+00:00, run_after=2025-02-23 00:00:00+00:00
[2025-02-23T04:53:48.413+0000] {processor.py:208} INFO - Processing /home/airflow/.local/lib/python3.12/site-packages/airflow/example_dags/example_branch_operator.py took 0.070 seconds
[2025-02-23T04:54:18.605+0000] {processor.py:186} INFO - Started process (PID=884) to work on /home/airflow/.local/lib/python3.12/site-packages/airflow/example_dags/example_branch_operator.py
[2025-02-23T04:54:18.606+0000] {processor.py:914} INFO - Processing file /home/airflow/.local/lib/python3.12/site-packages/airflow/example_dags/example_branch_operator.py for tasks to queue
[2025-02-23T04:54:18.608+0000] {logging_mixin.py:190} INFO - [2025-02-23T04:54:18.608+0000] {dagbag.py:588} INFO - Filling up the DagBag from /home/airflow/.local/lib/python3.12/site-packages/airflow/example_dags/example_branch_operator.py
[2025-02-23T04:54:18.622+0000] {processor.py:925} INFO - DAG(s) 'example_branch_operator' retrieved from /home/airflow/.local/lib/python3.12/site-packages/airflow/example_dags/example_branch_operator.py
[2025-02-23T04:54:18.643+0000] {logging_mixin.py:190} INFO - [2025-02-23T04:54:18.643+0000] {dag.py:3239} INFO - Sync 1 DAGs
[2025-02-23T04:54:18.663+0000] {logging_mixin.py:190} INFO - [2025-02-23T04:54:18.663+0000] {dag.py:4180} INFO - Setting next_dagrun for example_branch_operator to 2025-02-22 00:00:00+00:00, run_after=2025-02-23 00:00:00+00:00
[2025-02-23T04:54:18.677+0000] {processor.py:208} INFO - Processing /home/airflow/.local/lib/python3.12/site-packages/airflow/example_dags/example_branch_operator.py took 0.076 seconds
[2025-02-23T04:54:48.765+0000] {processor.py:186} INFO - Started process (PID=947) to work on /home/airflow/.local/lib/python3.12/site-packages/airflow/example_dags/example_branch_operator.py
[2025-02-23T04:54:48.765+0000] {processor.py:914} INFO - Processing file /home/airflow/.local/lib/python3.12/site-packages/airflow/example_dags/example_branch_operator.py for tasks to queue
[2025-02-23T04:54:48.767+0000] {logging_mixin.py:190} INFO - [2025-02-23T04:54:48.767+0000] {dagbag.py:588} INFO - Filling up the DagBag from /home/airflow/.local/lib/python3.12/site-packages/airflow/example_dags/example_branch_operator.py
[2025-02-23T04:54:48.780+0000] {processor.py:925} INFO - DAG(s) 'example_branch_operator' retrieved from /home/airflow/.local/lib/python3.12/site-packages/airflow/example_dags/example_branch_operator.py
[2025-02-23T04:54:48.801+0000] {logging_mixin.py:190} INFO - [2025-02-23T04:54:48.801+0000] {dag.py:3239} INFO - Sync 1 DAGs
[2025-02-23T04:54:48.818+0000] {logging_mixin.py:190} INFO - [2025-02-23T04:54:48.818+0000] {dag.py:4180} INFO - Setting next_dagrun for example_branch_operator to 2025-02-22 00:00:00+00:00, run_after=2025-02-23 00:00:00+00:00
[2025-02-23T04:54:48.832+0000] {processor.py:208} INFO - Processing /home/airflow/.local/lib/python3.12/site-packages/airflow/example_dags/example_branch_operator.py took 0.071 seconds
[2025-02-23T04:55:18.888+0000] {processor.py:186} INFO - Started process (PID=1010) to work on /home/airflow/.local/lib/python3.12/site-packages/airflow/example_dags/example_branch_operator.py
[2025-02-23T04:55:18.889+0000] {processor.py:914} INFO - Processing file /home/airflow/.local/lib/python3.12/site-packages/airflow/example_dags/example_branch_operator.py for tasks to queue
[2025-02-23T04:55:18.891+0000] {logging_mixin.py:190} INFO - [2025-02-23T04:55:18.891+0000] {dagbag.py:588} INFO - Filling up the DagBag from /home/airflow/.local/lib/python3.12/site-packages/airflow/example_dags/example_branch_operator.py
[2025-02-23T04:55:18.904+0000] {processor.py:925} INFO - DAG(s) 'example_branch_operator' retrieved from /home/airflow/.local/lib/python3.12/site-packages/airflow/example_dags/example_branch_operator.py
[2025-02-23T04:55:18.932+0000] {logging_mixin.py:190} INFO - [2025-02-23T04:55:18.932+0000] {dag.py:3239} INFO - Sync 1 DAGs
[2025-02-23T04:55:18.957+0000] {logging_mixin.py:190} INFO - [2025-02-23T04:55:18.957+0000] {dag.py:4180} INFO - Setting next_dagrun for example_branch_operator to 2025-02-22 00:00:00+00:00, run_after=2025-02-23 00:00:00+00:00
[2025-02-23T04:55:18.972+0000] {processor.py:208} INFO - Processing /home/airflow/.local/lib/python3.12/site-packages/airflow/example_dags/example_branch_operator.py took 0.090 seconds
[2025-02-23T04:55:49.097+0000] {processor.py:186} INFO - Started process (PID=1073) to work on /home/airflow/.local/lib/python3.12/site-packages/airflow/example_dags/example_branch_operator.py
[2025-02-23T04:55:49.098+0000] {processor.py:914} INFO - Processing file /home/airflow/.local/lib/python3.12/site-packages/airflow/example_dags/example_branch_operator.py for tasks to queue
[2025-02-23T04:55:49.099+0000] {logging_mixin.py:190} INFO - [2025-02-23T04:55:49.099+0000] {dagbag.py:588} INFO - Filling up the DagBag from /home/airflow/.local/lib/python3.12/site-packages/airflow/example_dags/example_branch_operator.py
[2025-02-23T04:55:49.118+0000] {processor.py:925} INFO - DAG(s) 'example_branch_operator' retrieved from /home/airflow/.local/lib/python3.12/site-packages/airflow/example_dags/example_branch_operator.py
[2025-02-23T04:55:49.144+0000] {logging_mixin.py:190} INFO - [2025-02-23T04:55:49.143+0000] {dag.py:3239} INFO - Sync 1 DAGs
[2025-02-23T04:55:49.166+0000] {logging_mixin.py:190} INFO - [2025-02-23T04:55:49.165+0000] {dag.py:4180} INFO - Setting next_dagrun for example_branch_operator to 2025-02-22 00:00:00+00:00, run_after=2025-02-23 00:00:00+00:00
[2025-02-23T04:55:49.179+0000] {processor.py:208} INFO - Processing /home/airflow/.local/lib/python3.12/site-packages/airflow/example_dags/example_branch_operator.py took 0.086 seconds
[2025-02-23T04:56:19.341+0000] {processor.py:186} INFO - Started process (PID=1136) to work on /home/airflow/.local/lib/python3.12/site-packages/airflow/example_dags/example_branch_operator.py
[2025-02-23T04:56:19.342+0000] {processor.py:914} INFO - Processing file /home/airflow/.local/lib/python3.12/site-packages/airflow/example_dags/example_branch_operator.py for tasks to queue
[2025-02-23T04:56:19.343+0000] {logging_mixin.py:190} INFO - [2025-02-23T04:56:19.343+0000] {dagbag.py:588} INFO - Filling up the DagBag from /home/airflow/.local/lib/python3.12/site-packages/airflow/example_dags/example_branch_operator.py
[2025-02-23T04:56:19.358+0000] {processor.py:925} INFO - DAG(s) 'example_branch_operator' retrieved from /home/airflow/.local/lib/python3.12/site-packages/airflow/example_dags/example_branch_operator.py
[2025-02-23T04:56:19.386+0000] {logging_mixin.py:190} INFO - [2025-02-23T04:56:19.386+0000] {dag.py:3239} INFO - Sync 1 DAGs
[2025-02-23T04:56:19.409+0000] {logging_mixin.py:190} INFO - [2025-02-23T04:56:19.409+0000] {dag.py:4180} INFO - Setting next_dagrun for example_branch_operator to 2025-02-22 00:00:00+00:00, run_after=2025-02-23 00:00:00+00:00
[2025-02-23T04:56:19.422+0000] {processor.py:208} INFO - Processing /home/airflow/.local/lib/python3.12/site-packages/airflow/example_dags/example_branch_operator.py took 0.085 seconds
[2025-02-23T04:56:49.653+0000] {processor.py:186} INFO - Started process (PID=1199) to work on /home/airflow/.local/lib/python3.12/site-packages/airflow/example_dags/example_branch_operator.py
[2025-02-23T04:56:49.654+0000] {processor.py:914} INFO - Processing file /home/airflow/.local/lib/python3.12/site-packages/airflow/example_dags/example_branch_operator.py for tasks to queue
[2025-02-23T04:56:49.656+0000] {logging_mixin.py:190} INFO - [2025-02-23T04:56:49.655+0000] {dagbag.py:588} INFO - Filling up the DagBag from /home/airflow/.local/lib/python3.12/site-packages/airflow/example_dags/example_branch_operator.py
[2025-02-23T04:56:49.669+0000] {processor.py:925} INFO - DAG(s) 'example_branch_operator' retrieved from /home/airflow/.local/lib/python3.12/site-packages/airflow/example_dags/example_branch_operator.py
[2025-02-23T04:56:49.690+0000] {logging_mixin.py:190} INFO - [2025-02-23T04:56:49.690+0000] {dag.py:3239} INFO - Sync 1 DAGs
[2025-02-23T04:56:49.710+0000] {logging_mixin.py:190} INFO - [2025-02-23T04:56:49.710+0000] {dag.py:4180} INFO - Setting next_dagrun for example_branch_operator to 2025-02-22 00:00:00+00:00, run_after=2025-02-23 00:00:00+00:00
[2025-02-23T04:56:49.723+0000] {processor.py:208} INFO - Processing /home/airflow/.local/lib/python3.12/site-packages/airflow/example_dags/example_branch_operator.py took 0.075 seconds
[2025-02-23T04:57:19.990+0000] {processor.py:186} INFO - Started process (PID=1262) to work on /home/airflow/.local/lib/python3.12/site-packages/airflow/example_dags/example_branch_operator.py
[2025-02-23T04:57:19.991+0000] {processor.py:914} INFO - Processing file /home/airflow/.local/lib/python3.12/site-packages/airflow/example_dags/example_branch_operator.py for tasks to queue
[2025-02-23T04:57:19.992+0000] {logging_mixin.py:190} INFO - [2025-02-23T04:57:19.992+0000] {dagbag.py:588} INFO - Filling up the DagBag from /home/airflow/.local/lib/python3.12/site-packages/airflow/example_dags/example_branch_operator.py
[2025-02-23T04:57:20.006+0000] {processor.py:925} INFO - DAG(s) 'example_branch_operator' retrieved from /home/airflow/.local/lib/python3.12/site-packages/airflow/example_dags/example_branch_operator.py
[2025-02-23T04:57:20.026+0000] {logging_mixin.py:190} INFO - [2025-02-23T04:57:20.026+0000] {dag.py:3239} INFO - Sync 1 DAGs
[2025-02-23T04:57:20.044+0000] {logging_mixin.py:190} INFO - [2025-02-23T04:57:20.043+0000] {dag.py:4180} INFO - Setting next_dagrun for example_branch_operator to 2025-02-22 00:00:00+00:00, run_after=2025-02-23 00:00:00+00:00
[2025-02-23T04:57:20.057+0000] {processor.py:208} INFO - Processing /home/airflow/.local/lib/python3.12/site-packages/airflow/example_dags/example_branch_operator.py took 0.071 seconds
[2025-02-23T04:57:50.466+0000] {processor.py:186} INFO - Started process (PID=1326) to work on /home/airflow/.local/lib/python3.12/site-packages/airflow/example_dags/example_branch_operator.py
[2025-02-23T04:57:50.467+0000] {processor.py:914} INFO - Processing file /home/airflow/.local/lib/python3.12/site-packages/airflow/example_dags/example_branch_operator.py for tasks to queue
[2025-02-23T04:57:50.469+0000] {logging_mixin.py:190} INFO - [2025-02-23T04:57:50.468+0000] {dagbag.py:588} INFO - Filling up the DagBag from /home/airflow/.local/lib/python3.12/site-packages/airflow/example_dags/example_branch_operator.py
[2025-02-23T04:57:50.483+0000] {processor.py:925} INFO - DAG(s) 'example_branch_operator' retrieved from /home/airflow/.local/lib/python3.12/site-packages/airflow/example_dags/example_branch_operator.py
[2025-02-23T04:57:50.505+0000] {logging_mixin.py:190} INFO - [2025-02-23T04:57:50.505+0000] {dag.py:3239} INFO - Sync 1 DAGs
[2025-02-23T04:57:50.526+0000] {logging_mixin.py:190} INFO - [2025-02-23T04:57:50.526+0000] {dag.py:4180} INFO - Setting next_dagrun for example_branch_operator to 2025-02-22 00:00:00+00:00, run_after=2025-02-23 00:00:00+00:00
[2025-02-23T04:57:50.545+0000] {processor.py:208} INFO - Processing /home/airflow/.local/lib/python3.12/site-packages/airflow/example_dags/example_branch_operator.py took 0.082 seconds
[2025-02-23T04:58:20.941+0000] {processor.py:186} INFO - Started process (PID=1389) to work on /home/airflow/.local/lib/python3.12/site-packages/airflow/example_dags/example_branch_operator.py
[2025-02-23T04:58:20.942+0000] {processor.py:914} INFO - Processing file /home/airflow/.local/lib/python3.12/site-packages/airflow/example_dags/example_branch_operator.py for tasks to queue
[2025-02-23T04:58:20.944+0000] {logging_mixin.py:190} INFO - [2025-02-23T04:58:20.943+0000] {dagbag.py:588} INFO - Filling up the DagBag from /home/airflow/.local/lib/python3.12/site-packages/airflow/example_dags/example_branch_operator.py
[2025-02-23T04:58:20.963+0000] {processor.py:925} INFO - DAG(s) 'example_branch_operator' retrieved from /home/airflow/.local/lib/python3.12/site-packages/airflow/example_dags/example_branch_operator.py
[2025-02-23T04:58:20.994+0000] {logging_mixin.py:190} INFO - [2025-02-23T04:58:20.994+0000] {dag.py:3239} INFO - Sync 1 DAGs
[2025-02-23T04:58:21.014+0000] {logging_mixin.py:190} INFO - [2025-02-23T04:58:21.014+0000] {dag.py:4180} INFO - Setting next_dagrun for example_branch_operator to 2025-02-22 00:00:00+00:00, run_after=2025-02-23 00:00:00+00:00
[2025-02-23T04:58:21.029+0000] {processor.py:208} INFO - Processing /home/airflow/.local/lib/python3.12/site-packages/airflow/example_dags/example_branch_operator.py took 0.093 seconds
[2025-02-23T04:58:51.051+0000] {processor.py:186} INFO - Started process (PID=1452) to work on /home/airflow/.local/lib/python3.12/site-packages/airflow/example_dags/example_branch_operator.py
[2025-02-23T04:58:51.052+0000] {processor.py:914} INFO - Processing file /home/airflow/.local/lib/python3.12/site-packages/airflow/example_dags/example_branch_operator.py for tasks to queue
[2025-02-23T04:58:51.054+0000] {logging_mixin.py:190} INFO - [2025-02-23T04:58:51.053+0000] {dagbag.py:588} INFO - Filling up the DagBag from /home/airflow/.local/lib/python3.12/site-packages/airflow/example_dags/example_branch_operator.py
[2025-02-23T04:58:51.068+0000] {processor.py:925} INFO - DAG(s) 'example_branch_operator' retrieved from /home/airflow/.local/lib/python3.12/site-packages/airflow/example_dags/example_branch_operator.py
[2025-02-23T04:58:51.089+0000] {logging_mixin.py:190} INFO - [2025-02-23T04:58:51.089+0000] {dag.py:3239} INFO - Sync 1 DAGs
[2025-02-23T04:58:51.107+0000] {logging_mixin.py:190} INFO - [2025-02-23T04:58:51.107+0000] {dag.py:4180} INFO - Setting next_dagrun for example_branch_operator to 2025-02-22 00:00:00+00:00, run_after=2025-02-23 00:00:00+00:00
[2025-02-23T04:58:51.120+0000] {processor.py:208} INFO - Processing /home/airflow/.local/lib/python3.12/site-packages/airflow/example_dags/example_branch_operator.py took 0.073 seconds
