[2025-02-23T04:47:53.446+0000] {processor.py:186} INFO - Started process (PID=108) to work on /home/airflow/.local/lib/python3.12/site-packages/airflow/example_dags/example_workday_timetable.py
[2025-02-23T04:47:53.447+0000] {processor.py:914} INFO - Processing file /home/airflow/.local/lib/python3.12/site-packages/airflow/example_dags/example_workday_timetable.py for tasks to queue
[2025-02-23T04:47:53.449+0000] {logging_mixin.py:190} INFO - [2025-02-23T04:47:53.449+0000] {dagbag.py:588} INFO - Filling up the DagBag from /home/airflow/.local/lib/python3.12/site-packages/airflow/example_dags/example_workday_timetable.py
[2025-02-23T04:47:53.454+0000] {processor.py:925} INFO - DAG(s) 'example_workday_timetable' retrieved from /home/airflow/.local/lib/python3.12/site-packages/airflow/example_dags/example_workday_timetable.py
[2025-02-23T04:47:53.562+0000] {logging_mixin.py:190} INFO - [2025-02-23T04:47:53.562+0000] {override.py:1911} INFO - Created Permission View: can delete on DAG:example_workday_timetable
[2025-02-23T04:47:53.569+0000] {logging_mixin.py:190} INFO - [2025-02-23T04:47:53.569+0000] {override.py:1911} INFO - Created Permission View: can edit on DAG:example_workday_timetable
[2025-02-23T04:47:53.573+0000] {logging_mixin.py:190} INFO - [2025-02-23T04:47:53.573+0000] {override.py:1911} INFO - Created Permission View: can read on DAG:example_workday_timetable
[2025-02-23T04:47:53.578+0000] {logging_mixin.py:190} INFO - [2025-02-23T04:47:53.577+0000] {override.py:1911} INFO - Created Permission View: can create on DAG Run:example_workday_timetable
[2025-02-23T04:47:53.582+0000] {logging_mixin.py:190} INFO - [2025-02-23T04:47:53.582+0000] {override.py:1911} INFO - Created Permission View: menu access on DAG Run:example_workday_timetable
[2025-02-23T04:47:53.586+0000] {logging_mixin.py:190} INFO - [2025-02-23T04:47:53.586+0000] {override.py:1911} INFO - Created Permission View: can delete on DAG Run:example_workday_timetable
[2025-02-23T04:47:53.591+0000] {logging_mixin.py:190} INFO - [2025-02-23T04:47:53.590+0000] {override.py:1911} INFO - Created Permission View: can read on DAG Run:example_workday_timetable
[2025-02-23T04:47:53.591+0000] {logging_mixin.py:190} INFO - [2025-02-23T04:47:53.591+0000] {dag.py:3239} INFO - Sync 1 DAGs
[2025-02-23T04:47:53.602+0000] {logging_mixin.py:190} INFO - [2025-02-23T04:47:53.601+0000] {dag.py:3262} INFO - Creating ORM DAG for example_workday_timetable
[2025-02-23T04:47:53.647+0000] {logging_mixin.py:190} INFO - [2025-02-23T04:47:53.647+0000] {dag.py:4180} INFO - Setting next_dagrun for example_workday_timetable to 2021-01-04 00:00:00+00:00, run_after=2021-01-05 00:00:00+00:00
[2025-02-23T04:47:53.684+0000] {processor.py:208} INFO - Processing /home/airflow/.local/lib/python3.12/site-packages/airflow/example_dags/example_workday_timetable.py took 0.243 seconds
[2025-02-23T04:48:24.064+0000] {processor.py:186} INFO - Started process (PID=170) to work on /home/airflow/.local/lib/python3.12/site-packages/airflow/example_dags/example_workday_timetable.py
[2025-02-23T04:48:24.064+0000] {processor.py:914} INFO - Processing file /home/airflow/.local/lib/python3.12/site-packages/airflow/example_dags/example_workday_timetable.py for tasks to queue
[2025-02-23T04:48:24.066+0000] {logging_mixin.py:190} INFO - [2025-02-23T04:48:24.066+0000] {dagbag.py:588} INFO - Filling up the DagBag from /home/airflow/.local/lib/python3.12/site-packages/airflow/example_dags/example_workday_timetable.py
[2025-02-23T04:48:24.071+0000] {processor.py:925} INFO - DAG(s) 'example_workday_timetable' retrieved from /home/airflow/.local/lib/python3.12/site-packages/airflow/example_dags/example_workday_timetable.py
[2025-02-23T04:48:24.087+0000] {logging_mixin.py:190} INFO - [2025-02-23T04:48:24.087+0000] {dag.py:3239} INFO - Sync 1 DAGs
[2025-02-23T04:48:24.143+0000] {logging_mixin.py:190} INFO - [2025-02-23T04:48:24.143+0000] {dag.py:4180} INFO - Setting next_dagrun for example_workday_timetable to 2021-01-04 00:00:00+00:00, run_after=2021-01-05 00:00:00+00:00
[2025-02-23T04:48:24.160+0000] {processor.py:208} INFO - Processing /home/airflow/.local/lib/python3.12/site-packages/airflow/example_dags/example_workday_timetable.py took 0.101 seconds
[2025-02-23T04:48:54.750+0000] {processor.py:186} INFO - Started process (PID=233) to work on /home/airflow/.local/lib/python3.12/site-packages/airflow/example_dags/example_workday_timetable.py
[2025-02-23T04:48:54.751+0000] {processor.py:914} INFO - Processing file /home/airflow/.local/lib/python3.12/site-packages/airflow/example_dags/example_workday_timetable.py for tasks to queue
[2025-02-23T04:48:54.752+0000] {logging_mixin.py:190} INFO - [2025-02-23T04:48:54.752+0000] {dagbag.py:588} INFO - Filling up the DagBag from /home/airflow/.local/lib/python3.12/site-packages/airflow/example_dags/example_workday_timetable.py
[2025-02-23T04:48:54.757+0000] {processor.py:925} INFO - DAG(s) 'example_workday_timetable' retrieved from /home/airflow/.local/lib/python3.12/site-packages/airflow/example_dags/example_workday_timetable.py
[2025-02-23T04:48:54.771+0000] {logging_mixin.py:190} INFO - [2025-02-23T04:48:54.771+0000] {dag.py:3239} INFO - Sync 1 DAGs
[2025-02-23T04:48:54.835+0000] {logging_mixin.py:190} INFO - [2025-02-23T04:48:54.835+0000] {dag.py:4180} INFO - Setting next_dagrun for example_workday_timetable to 2021-01-04 00:00:00+00:00, run_after=2021-01-05 00:00:00+00:00
[2025-02-23T04:48:54.847+0000] {processor.py:208} INFO - Processing /home/airflow/.local/lib/python3.12/site-packages/airflow/example_dags/example_workday_timetable.py took 0.102 seconds
[2025-02-23T04:49:25.485+0000] {processor.py:186} INFO - Started process (PID=296) to work on /home/airflow/.local/lib/python3.12/site-packages/airflow/example_dags/example_workday_timetable.py
[2025-02-23T04:49:25.486+0000] {processor.py:914} INFO - Processing file /home/airflow/.local/lib/python3.12/site-packages/airflow/example_dags/example_workday_timetable.py for tasks to queue
[2025-02-23T04:49:25.488+0000] {logging_mixin.py:190} INFO - [2025-02-23T04:49:25.487+0000] {dagbag.py:588} INFO - Filling up the DagBag from /home/airflow/.local/lib/python3.12/site-packages/airflow/example_dags/example_workday_timetable.py
[2025-02-23T04:49:25.492+0000] {processor.py:925} INFO - DAG(s) 'example_workday_timetable' retrieved from /home/airflow/.local/lib/python3.12/site-packages/airflow/example_dags/example_workday_timetable.py
[2025-02-23T04:49:25.506+0000] {logging_mixin.py:190} INFO - [2025-02-23T04:49:25.506+0000] {dag.py:3239} INFO - Sync 1 DAGs
[2025-02-23T04:49:25.572+0000] {logging_mixin.py:190} INFO - [2025-02-23T04:49:25.572+0000] {dag.py:4180} INFO - Setting next_dagrun for example_workday_timetable to 2021-01-04 00:00:00+00:00, run_after=2021-01-05 00:00:00+00:00
[2025-02-23T04:49:25.597+0000] {processor.py:208} INFO - Processing /home/airflow/.local/lib/python3.12/site-packages/airflow/example_dags/example_workday_timetable.py took 0.116 seconds
[2025-02-23T04:49:56.460+0000] {processor.py:186} INFO - Started process (PID=359) to work on /home/airflow/.local/lib/python3.12/site-packages/airflow/example_dags/example_workday_timetable.py
[2025-02-23T04:49:56.461+0000] {processor.py:914} INFO - Processing file /home/airflow/.local/lib/python3.12/site-packages/airflow/example_dags/example_workday_timetable.py for tasks to queue
[2025-02-23T04:49:56.462+0000] {logging_mixin.py:190} INFO - [2025-02-23T04:49:56.462+0000] {dagbag.py:588} INFO - Filling up the DagBag from /home/airflow/.local/lib/python3.12/site-packages/airflow/example_dags/example_workday_timetable.py
[2025-02-23T04:49:56.466+0000] {processor.py:925} INFO - DAG(s) 'example_workday_timetable' retrieved from /home/airflow/.local/lib/python3.12/site-packages/airflow/example_dags/example_workday_timetable.py
[2025-02-23T04:49:56.484+0000] {logging_mixin.py:190} INFO - [2025-02-23T04:49:56.483+0000] {dag.py:3239} INFO - Sync 1 DAGs
[2025-02-23T04:49:56.558+0000] {logging_mixin.py:190} INFO - [2025-02-23T04:49:56.558+0000] {dag.py:4180} INFO - Setting next_dagrun for example_workday_timetable to 2021-01-04 00:00:00+00:00, run_after=2021-01-05 00:00:00+00:00
[2025-02-23T04:49:56.586+0000] {processor.py:208} INFO - Processing /home/airflow/.local/lib/python3.12/site-packages/airflow/example_dags/example_workday_timetable.py took 0.130 seconds
[2025-02-23T04:50:27.559+0000] {processor.py:186} INFO - Started process (PID=421) to work on /home/airflow/.local/lib/python3.12/site-packages/airflow/example_dags/example_workday_timetable.py
[2025-02-23T04:50:27.560+0000] {processor.py:914} INFO - Processing file /home/airflow/.local/lib/python3.12/site-packages/airflow/example_dags/example_workday_timetable.py for tasks to queue
[2025-02-23T04:50:27.562+0000] {logging_mixin.py:190} INFO - [2025-02-23T04:50:27.561+0000] {dagbag.py:588} INFO - Filling up the DagBag from /home/airflow/.local/lib/python3.12/site-packages/airflow/example_dags/example_workday_timetable.py
[2025-02-23T04:50:27.566+0000] {processor.py:925} INFO - DAG(s) 'example_workday_timetable' retrieved from /home/airflow/.local/lib/python3.12/site-packages/airflow/example_dags/example_workday_timetable.py
[2025-02-23T04:50:27.580+0000] {logging_mixin.py:190} INFO - [2025-02-23T04:50:27.580+0000] {dag.py:3239} INFO - Sync 1 DAGs
[2025-02-23T04:50:27.638+0000] {logging_mixin.py:190} INFO - [2025-02-23T04:50:27.638+0000] {dag.py:4180} INFO - Setting next_dagrun for example_workday_timetable to 2021-01-04 00:00:00+00:00, run_after=2021-01-05 00:00:00+00:00
[2025-02-23T04:50:27.656+0000] {processor.py:208} INFO - Processing /home/airflow/.local/lib/python3.12/site-packages/airflow/example_dags/example_workday_timetable.py took 0.101 seconds
[2025-02-23T04:50:59.340+0000] {processor.py:186} INFO - Started process (PID=485) to work on /home/airflow/.local/lib/python3.12/site-packages/airflow/example_dags/example_workday_timetable.py
[2025-02-23T04:50:59.341+0000] {processor.py:914} INFO - Processing file /home/airflow/.local/lib/python3.12/site-packages/airflow/example_dags/example_workday_timetable.py for tasks to queue
[2025-02-23T04:50:59.343+0000] {logging_mixin.py:190} INFO - [2025-02-23T04:50:59.343+0000] {dagbag.py:588} INFO - Filling up the DagBag from /home/airflow/.local/lib/python3.12/site-packages/airflow/example_dags/example_workday_timetable.py
[2025-02-23T04:50:59.349+0000] {processor.py:925} INFO - DAG(s) 'example_workday_timetable' retrieved from /home/airflow/.local/lib/python3.12/site-packages/airflow/example_dags/example_workday_timetable.py
[2025-02-23T04:50:59.364+0000] {logging_mixin.py:190} INFO - [2025-02-23T04:50:59.364+0000] {dag.py:3239} INFO - Sync 1 DAGs
[2025-02-23T04:50:59.433+0000] {logging_mixin.py:190} INFO - [2025-02-23T04:50:59.432+0000] {dag.py:4180} INFO - Setting next_dagrun for example_workday_timetable to 2021-01-04 00:00:00+00:00, run_after=2021-01-05 00:00:00+00:00
[2025-02-23T04:50:59.450+0000] {processor.py:208} INFO - Processing /home/airflow/.local/lib/python3.12/site-packages/airflow/example_dags/example_workday_timetable.py took 0.115 seconds
[2025-02-23T04:51:29.599+0000] {processor.py:186} INFO - Started process (PID=548) to work on /home/airflow/.local/lib/python3.12/site-packages/airflow/example_dags/example_workday_timetable.py
[2025-02-23T04:51:29.600+0000] {processor.py:914} INFO - Processing file /home/airflow/.local/lib/python3.12/site-packages/airflow/example_dags/example_workday_timetable.py for tasks to queue
[2025-02-23T04:51:29.602+0000] {logging_mixin.py:190} INFO - [2025-02-23T04:51:29.601+0000] {dagbag.py:588} INFO - Filling up the DagBag from /home/airflow/.local/lib/python3.12/site-packages/airflow/example_dags/example_workday_timetable.py
[2025-02-23T04:51:29.608+0000] {processor.py:925} INFO - DAG(s) 'example_workday_timetable' retrieved from /home/airflow/.local/lib/python3.12/site-packages/airflow/example_dags/example_workday_timetable.py
[2025-02-23T04:51:29.630+0000] {logging_mixin.py:190} INFO - [2025-02-23T04:51:29.629+0000] {dag.py:3239} INFO - Sync 1 DAGs
[2025-02-23T04:51:29.696+0000] {logging_mixin.py:190} INFO - [2025-02-23T04:51:29.696+0000] {dag.py:4180} INFO - Setting next_dagrun for example_workday_timetable to 2021-01-04 00:00:00+00:00, run_after=2021-01-05 00:00:00+00:00
[2025-02-23T04:51:29.713+0000] {processor.py:208} INFO - Processing /home/airflow/.local/lib/python3.12/site-packages/airflow/example_dags/example_workday_timetable.py took 0.121 seconds
[2025-02-23T04:52:01.266+0000] {processor.py:186} INFO - Started process (PID=611) to work on /home/airflow/.local/lib/python3.12/site-packages/airflow/example_dags/example_workday_timetable.py
[2025-02-23T04:52:01.267+0000] {processor.py:914} INFO - Processing file /home/airflow/.local/lib/python3.12/site-packages/airflow/example_dags/example_workday_timetable.py for tasks to queue
[2025-02-23T04:52:01.269+0000] {logging_mixin.py:190} INFO - [2025-02-23T04:52:01.269+0000] {dagbag.py:588} INFO - Filling up the DagBag from /home/airflow/.local/lib/python3.12/site-packages/airflow/example_dags/example_workday_timetable.py
[2025-02-23T04:52:01.275+0000] {processor.py:925} INFO - DAG(s) 'example_workday_timetable' retrieved from /home/airflow/.local/lib/python3.12/site-packages/airflow/example_dags/example_workday_timetable.py
[2025-02-23T04:52:01.293+0000] {logging_mixin.py:190} INFO - [2025-02-23T04:52:01.293+0000] {dag.py:3239} INFO - Sync 1 DAGs
[2025-02-23T04:52:01.371+0000] {logging_mixin.py:190} INFO - [2025-02-23T04:52:01.371+0000] {dag.py:4180} INFO - Setting next_dagrun for example_workday_timetable to 2021-01-04 00:00:00+00:00, run_after=2021-01-05 00:00:00+00:00
[2025-02-23T04:52:01.387+0000] {processor.py:208} INFO - Processing /home/airflow/.local/lib/python3.12/site-packages/airflow/example_dags/example_workday_timetable.py took 0.127 seconds
[2025-02-23T04:52:31.815+0000] {processor.py:186} INFO - Started process (PID=674) to work on /home/airflow/.local/lib/python3.12/site-packages/airflow/example_dags/example_workday_timetable.py
[2025-02-23T04:52:31.816+0000] {processor.py:914} INFO - Processing file /home/airflow/.local/lib/python3.12/site-packages/airflow/example_dags/example_workday_timetable.py for tasks to queue
[2025-02-23T04:52:31.818+0000] {logging_mixin.py:190} INFO - [2025-02-23T04:52:31.818+0000] {dagbag.py:588} INFO - Filling up the DagBag from /home/airflow/.local/lib/python3.12/site-packages/airflow/example_dags/example_workday_timetable.py
[2025-02-23T04:52:31.824+0000] {processor.py:925} INFO - DAG(s) 'example_workday_timetable' retrieved from /home/airflow/.local/lib/python3.12/site-packages/airflow/example_dags/example_workday_timetable.py
[2025-02-23T04:52:31.844+0000] {logging_mixin.py:190} INFO - [2025-02-23T04:52:31.844+0000] {dag.py:3239} INFO - Sync 1 DAGs
[2025-02-23T04:52:31.920+0000] {logging_mixin.py:190} INFO - [2025-02-23T04:52:31.919+0000] {dag.py:4180} INFO - Setting next_dagrun for example_workday_timetable to 2021-01-04 00:00:00+00:00, run_after=2021-01-05 00:00:00+00:00
[2025-02-23T04:52:31.937+0000] {processor.py:208} INFO - Processing /home/airflow/.local/lib/python3.12/site-packages/airflow/example_dags/example_workday_timetable.py took 0.128 seconds
[2025-02-23T04:53:02.684+0000] {processor.py:186} INFO - Started process (PID=737) to work on /home/airflow/.local/lib/python3.12/site-packages/airflow/example_dags/example_workday_timetable.py
[2025-02-23T04:53:02.684+0000] {processor.py:914} INFO - Processing file /home/airflow/.local/lib/python3.12/site-packages/airflow/example_dags/example_workday_timetable.py for tasks to queue
[2025-02-23T04:53:02.686+0000] {logging_mixin.py:190} INFO - [2025-02-23T04:53:02.686+0000] {dagbag.py:588} INFO - Filling up the DagBag from /home/airflow/.local/lib/python3.12/site-packages/airflow/example_dags/example_workday_timetable.py
[2025-02-23T04:53:02.691+0000] {processor.py:925} INFO - DAG(s) 'example_workday_timetable' retrieved from /home/airflow/.local/lib/python3.12/site-packages/airflow/example_dags/example_workday_timetable.py
[2025-02-23T04:53:02.704+0000] {logging_mixin.py:190} INFO - [2025-02-23T04:53:02.704+0000] {dag.py:3239} INFO - Sync 1 DAGs
[2025-02-23T04:53:02.753+0000] {logging_mixin.py:190} INFO - [2025-02-23T04:53:02.753+0000] {dag.py:4180} INFO - Setting next_dagrun for example_workday_timetable to 2021-01-04 00:00:00+00:00, run_after=2021-01-05 00:00:00+00:00
[2025-02-23T04:53:02.767+0000] {processor.py:208} INFO - Processing /home/airflow/.local/lib/python3.12/site-packages/airflow/example_dags/example_workday_timetable.py took 0.088 seconds
[2025-02-23T04:53:34.054+0000] {processor.py:186} INFO - Started process (PID=800) to work on /home/airflow/.local/lib/python3.12/site-packages/airflow/example_dags/example_workday_timetable.py
[2025-02-23T04:53:34.054+0000] {processor.py:914} INFO - Processing file /home/airflow/.local/lib/python3.12/site-packages/airflow/example_dags/example_workday_timetable.py for tasks to queue
[2025-02-23T04:53:34.056+0000] {logging_mixin.py:190} INFO - [2025-02-23T04:53:34.056+0000] {dagbag.py:588} INFO - Filling up the DagBag from /home/airflow/.local/lib/python3.12/site-packages/airflow/example_dags/example_workday_timetable.py
[2025-02-23T04:53:34.061+0000] {processor.py:925} INFO - DAG(s) 'example_workday_timetable' retrieved from /home/airflow/.local/lib/python3.12/site-packages/airflow/example_dags/example_workday_timetable.py
[2025-02-23T04:53:34.075+0000] {logging_mixin.py:190} INFO - [2025-02-23T04:53:34.075+0000] {dag.py:3239} INFO - Sync 1 DAGs
[2025-02-23T04:53:34.122+0000] {logging_mixin.py:190} INFO - [2025-02-23T04:53:34.122+0000] {dag.py:4180} INFO - Setting next_dagrun for example_workday_timetable to 2021-01-04 00:00:00+00:00, run_after=2021-01-05 00:00:00+00:00
[2025-02-23T04:53:34.134+0000] {processor.py:208} INFO - Processing /home/airflow/.local/lib/python3.12/site-packages/airflow/example_dags/example_workday_timetable.py took 0.085 seconds
[2025-02-23T04:54:05.443+0000] {processor.py:186} INFO - Started process (PID=864) to work on /home/airflow/.local/lib/python3.12/site-packages/airflow/example_dags/example_workday_timetable.py
[2025-02-23T04:54:05.444+0000] {processor.py:914} INFO - Processing file /home/airflow/.local/lib/python3.12/site-packages/airflow/example_dags/example_workday_timetable.py for tasks to queue
[2025-02-23T04:54:05.445+0000] {logging_mixin.py:190} INFO - [2025-02-23T04:54:05.445+0000] {dagbag.py:588} INFO - Filling up the DagBag from /home/airflow/.local/lib/python3.12/site-packages/airflow/example_dags/example_workday_timetable.py
[2025-02-23T04:54:05.450+0000] {processor.py:925} INFO - DAG(s) 'example_workday_timetable' retrieved from /home/airflow/.local/lib/python3.12/site-packages/airflow/example_dags/example_workday_timetable.py
[2025-02-23T04:54:05.463+0000] {logging_mixin.py:190} INFO - [2025-02-23T04:54:05.463+0000] {dag.py:3239} INFO - Sync 1 DAGs
[2025-02-23T04:54:05.511+0000] {logging_mixin.py:190} INFO - [2025-02-23T04:54:05.511+0000] {dag.py:4180} INFO - Setting next_dagrun for example_workday_timetable to 2021-01-04 00:00:00+00:00, run_after=2021-01-05 00:00:00+00:00
[2025-02-23T04:54:05.524+0000] {processor.py:208} INFO - Processing /home/airflow/.local/lib/python3.12/site-packages/airflow/example_dags/example_workday_timetable.py took 0.086 seconds
[2025-02-23T04:54:36.650+0000] {processor.py:186} INFO - Started process (PID=927) to work on /home/airflow/.local/lib/python3.12/site-packages/airflow/example_dags/example_workday_timetable.py
[2025-02-23T04:54:36.650+0000] {processor.py:914} INFO - Processing file /home/airflow/.local/lib/python3.12/site-packages/airflow/example_dags/example_workday_timetable.py for tasks to queue
[2025-02-23T04:54:36.652+0000] {logging_mixin.py:190} INFO - [2025-02-23T04:54:36.652+0000] {dagbag.py:588} INFO - Filling up the DagBag from /home/airflow/.local/lib/python3.12/site-packages/airflow/example_dags/example_workday_timetable.py
[2025-02-23T04:54:36.658+0000] {processor.py:925} INFO - DAG(s) 'example_workday_timetable' retrieved from /home/airflow/.local/lib/python3.12/site-packages/airflow/example_dags/example_workday_timetable.py
[2025-02-23T04:54:36.671+0000] {logging_mixin.py:190} INFO - [2025-02-23T04:54:36.671+0000] {dag.py:3239} INFO - Sync 1 DAGs
[2025-02-23T04:54:36.722+0000] {logging_mixin.py:190} INFO - [2025-02-23T04:54:36.722+0000] {dag.py:4180} INFO - Setting next_dagrun for example_workday_timetable to 2021-01-04 00:00:00+00:00, run_after=2021-01-05 00:00:00+00:00
[2025-02-23T04:54:36.736+0000] {processor.py:208} INFO - Processing /home/airflow/.local/lib/python3.12/site-packages/airflow/example_dags/example_workday_timetable.py took 0.090 seconds
[2025-02-23T04:55:07.765+0000] {processor.py:186} INFO - Started process (PID=990) to work on /home/airflow/.local/lib/python3.12/site-packages/airflow/example_dags/example_workday_timetable.py
[2025-02-23T04:55:07.766+0000] {processor.py:914} INFO - Processing file /home/airflow/.local/lib/python3.12/site-packages/airflow/example_dags/example_workday_timetable.py for tasks to queue
[2025-02-23T04:55:07.767+0000] {logging_mixin.py:190} INFO - [2025-02-23T04:55:07.767+0000] {dagbag.py:588} INFO - Filling up the DagBag from /home/airflow/.local/lib/python3.12/site-packages/airflow/example_dags/example_workday_timetable.py
[2025-02-23T04:55:07.772+0000] {processor.py:925} INFO - DAG(s) 'example_workday_timetable' retrieved from /home/airflow/.local/lib/python3.12/site-packages/airflow/example_dags/example_workday_timetable.py
[2025-02-23T04:55:07.786+0000] {logging_mixin.py:190} INFO - [2025-02-23T04:55:07.786+0000] {dag.py:3239} INFO - Sync 1 DAGs
[2025-02-23T04:55:07.852+0000] {logging_mixin.py:190} INFO - [2025-02-23T04:55:07.852+0000] {dag.py:4180} INFO - Setting next_dagrun for example_workday_timetable to 2021-01-04 00:00:00+00:00, run_after=2021-01-05 00:00:00+00:00
[2025-02-23T04:55:07.866+0000] {processor.py:208} INFO - Processing /home/airflow/.local/lib/python3.12/site-packages/airflow/example_dags/example_workday_timetable.py took 0.105 seconds
[2025-02-23T04:55:38.964+0000] {processor.py:186} INFO - Started process (PID=1053) to work on /home/airflow/.local/lib/python3.12/site-packages/airflow/example_dags/example_workday_timetable.py
[2025-02-23T04:55:38.965+0000] {processor.py:914} INFO - Processing file /home/airflow/.local/lib/python3.12/site-packages/airflow/example_dags/example_workday_timetable.py for tasks to queue
[2025-02-23T04:55:38.967+0000] {logging_mixin.py:190} INFO - [2025-02-23T04:55:38.967+0000] {dagbag.py:588} INFO - Filling up the DagBag from /home/airflow/.local/lib/python3.12/site-packages/airflow/example_dags/example_workday_timetable.py
[2025-02-23T04:55:38.973+0000] {processor.py:925} INFO - DAG(s) 'example_workday_timetable' retrieved from /home/airflow/.local/lib/python3.12/site-packages/airflow/example_dags/example_workday_timetable.py
[2025-02-23T04:55:38.991+0000] {logging_mixin.py:190} INFO - [2025-02-23T04:55:38.991+0000] {dag.py:3239} INFO - Sync 1 DAGs
[2025-02-23T04:55:39.060+0000] {logging_mixin.py:190} INFO - [2025-02-23T04:55:39.060+0000] {dag.py:4180} INFO - Setting next_dagrun for example_workday_timetable to 2021-01-04 00:00:00+00:00, run_after=2021-01-05 00:00:00+00:00
[2025-02-23T04:55:39.074+0000] {processor.py:208} INFO - Processing /home/airflow/.local/lib/python3.12/site-packages/airflow/example_dags/example_workday_timetable.py took 0.116 seconds
[2025-02-23T04:56:10.221+0000] {processor.py:186} INFO - Started process (PID=1116) to work on /home/airflow/.local/lib/python3.12/site-packages/airflow/example_dags/example_workday_timetable.py
[2025-02-23T04:56:10.221+0000] {processor.py:914} INFO - Processing file /home/airflow/.local/lib/python3.12/site-packages/airflow/example_dags/example_workday_timetable.py for tasks to queue
[2025-02-23T04:56:10.223+0000] {logging_mixin.py:190} INFO - [2025-02-23T04:56:10.222+0000] {dagbag.py:588} INFO - Filling up the DagBag from /home/airflow/.local/lib/python3.12/site-packages/airflow/example_dags/example_workday_timetable.py
[2025-02-23T04:56:10.227+0000] {processor.py:925} INFO - DAG(s) 'example_workday_timetable' retrieved from /home/airflow/.local/lib/python3.12/site-packages/airflow/example_dags/example_workday_timetable.py
[2025-02-23T04:56:10.243+0000] {logging_mixin.py:190} INFO - [2025-02-23T04:56:10.242+0000] {dag.py:3239} INFO - Sync 1 DAGs
[2025-02-23T04:56:10.303+0000] {logging_mixin.py:190} INFO - [2025-02-23T04:56:10.302+0000] {dag.py:4180} INFO - Setting next_dagrun for example_workday_timetable to 2021-01-04 00:00:00+00:00, run_after=2021-01-05 00:00:00+00:00
[2025-02-23T04:56:10.316+0000] {processor.py:208} INFO - Processing /home/airflow/.local/lib/python3.12/site-packages/airflow/example_dags/example_workday_timetable.py took 0.099 seconds
[2025-02-23T04:56:41.544+0000] {processor.py:186} INFO - Started process (PID=1179) to work on /home/airflow/.local/lib/python3.12/site-packages/airflow/example_dags/example_workday_timetable.py
[2025-02-23T04:56:41.545+0000] {processor.py:914} INFO - Processing file /home/airflow/.local/lib/python3.12/site-packages/airflow/example_dags/example_workday_timetable.py for tasks to queue
[2025-02-23T04:56:41.546+0000] {logging_mixin.py:190} INFO - [2025-02-23T04:56:41.546+0000] {dagbag.py:588} INFO - Filling up the DagBag from /home/airflow/.local/lib/python3.12/site-packages/airflow/example_dags/example_workday_timetable.py
[2025-02-23T04:56:41.551+0000] {processor.py:925} INFO - DAG(s) 'example_workday_timetable' retrieved from /home/airflow/.local/lib/python3.12/site-packages/airflow/example_dags/example_workday_timetable.py
[2025-02-23T04:56:41.566+0000] {logging_mixin.py:190} INFO - [2025-02-23T04:56:41.566+0000] {dag.py:3239} INFO - Sync 1 DAGs
[2025-02-23T04:56:41.622+0000] {logging_mixin.py:190} INFO - [2025-02-23T04:56:41.622+0000] {dag.py:4180} INFO - Setting next_dagrun for example_workday_timetable to 2021-01-04 00:00:00+00:00, run_after=2021-01-05 00:00:00+00:00
[2025-02-23T04:56:41.635+0000] {processor.py:208} INFO - Processing /home/airflow/.local/lib/python3.12/site-packages/airflow/example_dags/example_workday_timetable.py took 0.095 seconds
[2025-02-23T04:57:12.915+0000] {processor.py:186} INFO - Started process (PID=1242) to work on /home/airflow/.local/lib/python3.12/site-packages/airflow/example_dags/example_workday_timetable.py
[2025-02-23T04:57:12.916+0000] {processor.py:914} INFO - Processing file /home/airflow/.local/lib/python3.12/site-packages/airflow/example_dags/example_workday_timetable.py for tasks to queue
[2025-02-23T04:57:12.917+0000] {logging_mixin.py:190} INFO - [2025-02-23T04:57:12.917+0000] {dagbag.py:588} INFO - Filling up the DagBag from /home/airflow/.local/lib/python3.12/site-packages/airflow/example_dags/example_workday_timetable.py
[2025-02-23T04:57:12.922+0000] {processor.py:925} INFO - DAG(s) 'example_workday_timetable' retrieved from /home/airflow/.local/lib/python3.12/site-packages/airflow/example_dags/example_workday_timetable.py
[2025-02-23T04:57:12.936+0000] {logging_mixin.py:190} INFO - [2025-02-23T04:57:12.935+0000] {dag.py:3239} INFO - Sync 1 DAGs
[2025-02-23T04:57:12.989+0000] {logging_mixin.py:190} INFO - [2025-02-23T04:57:12.989+0000] {dag.py:4180} INFO - Setting next_dagrun for example_workday_timetable to 2021-01-04 00:00:00+00:00, run_after=2021-01-05 00:00:00+00:00
[2025-02-23T04:57:13.002+0000] {processor.py:208} INFO - Processing /home/airflow/.local/lib/python3.12/site-packages/airflow/example_dags/example_workday_timetable.py took 0.091 seconds
[2025-02-23T04:57:44.107+0000] {processor.py:186} INFO - Started process (PID=1305) to work on /home/airflow/.local/lib/python3.12/site-packages/airflow/example_dags/example_workday_timetable.py
[2025-02-23T04:57:44.108+0000] {processor.py:914} INFO - Processing file /home/airflow/.local/lib/python3.12/site-packages/airflow/example_dags/example_workday_timetable.py for tasks to queue
[2025-02-23T04:57:44.110+0000] {logging_mixin.py:190} INFO - [2025-02-23T04:57:44.110+0000] {dagbag.py:588} INFO - Filling up the DagBag from /home/airflow/.local/lib/python3.12/site-packages/airflow/example_dags/example_workday_timetable.py
[2025-02-23T04:57:44.116+0000] {processor.py:925} INFO - DAG(s) 'example_workday_timetable' retrieved from /home/airflow/.local/lib/python3.12/site-packages/airflow/example_dags/example_workday_timetable.py
[2025-02-23T04:57:44.133+0000] {logging_mixin.py:190} INFO - [2025-02-23T04:57:44.132+0000] {dag.py:3239} INFO - Sync 1 DAGs
[2025-02-23T04:57:44.200+0000] {logging_mixin.py:190} INFO - [2025-02-23T04:57:44.200+0000] {dag.py:4180} INFO - Setting next_dagrun for example_workday_timetable to 2021-01-04 00:00:00+00:00, run_after=2021-01-05 00:00:00+00:00
[2025-02-23T04:57:44.214+0000] {processor.py:208} INFO - Processing /home/airflow/.local/lib/python3.12/site-packages/airflow/example_dags/example_workday_timetable.py took 0.113 seconds
[2025-02-23T04:58:15.376+0000] {processor.py:186} INFO - Started process (PID=1369) to work on /home/airflow/.local/lib/python3.12/site-packages/airflow/example_dags/example_workday_timetable.py
[2025-02-23T04:58:15.377+0000] {processor.py:914} INFO - Processing file /home/airflow/.local/lib/python3.12/site-packages/airflow/example_dags/example_workday_timetable.py for tasks to queue
[2025-02-23T04:58:15.378+0000] {logging_mixin.py:190} INFO - [2025-02-23T04:58:15.378+0000] {dagbag.py:588} INFO - Filling up the DagBag from /home/airflow/.local/lib/python3.12/site-packages/airflow/example_dags/example_workday_timetable.py
[2025-02-23T04:58:15.383+0000] {processor.py:925} INFO - DAG(s) 'example_workday_timetable' retrieved from /home/airflow/.local/lib/python3.12/site-packages/airflow/example_dags/example_workday_timetable.py
[2025-02-23T04:58:15.397+0000] {logging_mixin.py:190} INFO - [2025-02-23T04:58:15.397+0000] {dag.py:3239} INFO - Sync 1 DAGs
[2025-02-23T04:58:15.452+0000] {logging_mixin.py:190} INFO - [2025-02-23T04:58:15.451+0000] {dag.py:4180} INFO - Setting next_dagrun for example_workday_timetable to 2021-01-04 00:00:00+00:00, run_after=2021-01-05 00:00:00+00:00
[2025-02-23T04:58:15.465+0000] {processor.py:208} INFO - Processing /home/airflow/.local/lib/python3.12/site-packages/airflow/example_dags/example_workday_timetable.py took 0.093 seconds
[2025-02-23T04:58:46.933+0000] {processor.py:186} INFO - Started process (PID=1438) to work on /home/airflow/.local/lib/python3.12/site-packages/airflow/example_dags/example_workday_timetable.py
[2025-02-23T04:58:46.933+0000] {processor.py:914} INFO - Processing file /home/airflow/.local/lib/python3.12/site-packages/airflow/example_dags/example_workday_timetable.py for tasks to queue
[2025-02-23T04:58:46.935+0000] {logging_mixin.py:190} INFO - [2025-02-23T04:58:46.935+0000] {dagbag.py:588} INFO - Filling up the DagBag from /home/airflow/.local/lib/python3.12/site-packages/airflow/example_dags/example_workday_timetable.py
[2025-02-23T04:58:46.940+0000] {processor.py:925} INFO - DAG(s) 'example_workday_timetable' retrieved from /home/airflow/.local/lib/python3.12/site-packages/airflow/example_dags/example_workday_timetable.py
[2025-02-23T04:58:46.953+0000] {logging_mixin.py:190} INFO - [2025-02-23T04:58:46.953+0000] {dag.py:3239} INFO - Sync 1 DAGs
[2025-02-23T04:58:47.016+0000] {logging_mixin.py:190} INFO - [2025-02-23T04:58:47.016+0000] {dag.py:4180} INFO - Setting next_dagrun for example_workday_timetable to 2021-01-04 00:00:00+00:00, run_after=2021-01-05 00:00:00+00:00
[2025-02-23T04:58:47.030+0000] {processor.py:208} INFO - Processing /home/airflow/.local/lib/python3.12/site-packages/airflow/example_dags/example_workday_timetable.py took 0.102 seconds
