[2025-02-23T04:47:54.388+0000] {processor.py:186} INFO - Started process (PID=115) to work on /home/airflow/.local/lib/python3.12/site-packages/airflow/example_dags/example_outlet_event_extra.py
[2025-02-23T04:47:54.388+0000] {processor.py:914} INFO - Processing file /home/airflow/.local/lib/python3.12/site-packages/airflow/example_dags/example_outlet_event_extra.py for tasks to queue
[2025-02-23T04:47:54.390+0000] {logging_mixin.py:190} INFO - [2025-02-23T04:47:54.390+0000] {dagbag.py:588} INFO - Filling up the DagBag from /home/airflow/.local/lib/python3.12/site-packages/airflow/example_dags/example_outlet_event_extra.py
[2025-02-23T04:47:55.132+0000] {processor.py:925} INFO - DAG(s) 'dataset_with_extra_by_yield', 'dataset_with_extra_by_context', 'dataset_with_extra_from_classic_operator' retrieved from /home/airflow/.local/lib/python3.12/site-packages/airflow/example_dags/example_outlet_event_extra.py
[2025-02-23T04:47:55.249+0000] {logging_mixin.py:190} INFO - [2025-02-23T04:47:55.248+0000] {override.py:1911} INFO - Created Permission View: can delete on DAG:dataset_with_extra_by_yield
[2025-02-23T04:47:55.258+0000] {logging_mixin.py:190} INFO - [2025-02-23T04:47:55.258+0000] {override.py:1911} INFO - Created Permission View: can edit on DAG:dataset_with_extra_by_yield
[2025-02-23T04:47:55.264+0000] {logging_mixin.py:190} INFO - [2025-02-23T04:47:55.263+0000] {override.py:1911} INFO - Created Permission View: can read on DAG:dataset_with_extra_by_yield
[2025-02-23T04:47:55.269+0000] {logging_mixin.py:190} INFO - [2025-02-23T04:47:55.269+0000] {override.py:1911} INFO - Created Permission View: can create on DAG Run:dataset_with_extra_by_yield
[2025-02-23T04:47:55.275+0000] {logging_mixin.py:190} INFO - [2025-02-23T04:47:55.275+0000] {override.py:1911} INFO - Created Permission View: menu access on DAG Run:dataset_with_extra_by_yield
[2025-02-23T04:47:55.281+0000] {logging_mixin.py:190} INFO - [2025-02-23T04:47:55.280+0000] {override.py:1911} INFO - Created Permission View: can delete on DAG Run:dataset_with_extra_by_yield
[2025-02-23T04:47:55.286+0000] {logging_mixin.py:190} INFO - [2025-02-23T04:47:55.286+0000] {override.py:1911} INFO - Created Permission View: can read on DAG Run:dataset_with_extra_by_yield
[2025-02-23T04:47:55.297+0000] {logging_mixin.py:190} INFO - [2025-02-23T04:47:55.297+0000] {override.py:1911} INFO - Created Permission View: can delete on DAG:dataset_with_extra_by_context
[2025-02-23T04:47:55.304+0000] {logging_mixin.py:190} INFO - [2025-02-23T04:47:55.304+0000] {override.py:1911} INFO - Created Permission View: can edit on DAG:dataset_with_extra_by_context
[2025-02-23T04:47:55.310+0000] {logging_mixin.py:190} INFO - [2025-02-23T04:47:55.309+0000] {override.py:1911} INFO - Created Permission View: can read on DAG:dataset_with_extra_by_context
[2025-02-23T04:47:55.315+0000] {logging_mixin.py:190} INFO - [2025-02-23T04:47:55.315+0000] {override.py:1911} INFO - Created Permission View: can create on DAG Run:dataset_with_extra_by_context
[2025-02-23T04:47:55.320+0000] {logging_mixin.py:190} INFO - [2025-02-23T04:47:55.320+0000] {override.py:1911} INFO - Created Permission View: menu access on DAG Run:dataset_with_extra_by_context
[2025-02-23T04:47:55.326+0000] {logging_mixin.py:190} INFO - [2025-02-23T04:47:55.326+0000] {override.py:1911} INFO - Created Permission View: can delete on DAG Run:dataset_with_extra_by_context
[2025-02-23T04:47:55.331+0000] {logging_mixin.py:190} INFO - [2025-02-23T04:47:55.331+0000] {override.py:1911} INFO - Created Permission View: can read on DAG Run:dataset_with_extra_by_context
[2025-02-23T04:47:55.340+0000] {logging_mixin.py:190} INFO - [2025-02-23T04:47:55.340+0000] {override.py:1911} INFO - Created Permission View: can delete on DAG:dataset_with_extra_from_classic_operator
[2025-02-23T04:47:55.345+0000] {logging_mixin.py:190} INFO - [2025-02-23T04:47:55.344+0000] {override.py:1911} INFO - Created Permission View: can edit on DAG:dataset_with_extra_from_classic_operator
[2025-02-23T04:47:55.349+0000] {logging_mixin.py:190} INFO - [2025-02-23T04:47:55.349+0000] {override.py:1911} INFO - Created Permission View: can read on DAG:dataset_with_extra_from_classic_operator
[2025-02-23T04:47:55.354+0000] {logging_mixin.py:190} INFO - [2025-02-23T04:47:55.354+0000] {override.py:1911} INFO - Created Permission View: can create on DAG Run:dataset_with_extra_from_classic_operator
[2025-02-23T04:47:55.359+0000] {logging_mixin.py:190} INFO - [2025-02-23T04:47:55.358+0000] {override.py:1911} INFO - Created Permission View: menu access on DAG Run:dataset_with_extra_from_classic_operator
[2025-02-23T04:47:55.364+0000] {logging_mixin.py:190} INFO - [2025-02-23T04:47:55.364+0000] {override.py:1911} INFO - Created Permission View: can delete on DAG Run:dataset_with_extra_from_classic_operator
[2025-02-23T04:47:55.370+0000] {logging_mixin.py:190} INFO - [2025-02-23T04:47:55.369+0000] {override.py:1911} INFO - Created Permission View: can read on DAG Run:dataset_with_extra_from_classic_operator
[2025-02-23T04:47:55.370+0000] {logging_mixin.py:190} INFO - [2025-02-23T04:47:55.370+0000] {dag.py:3239} INFO - Sync 3 DAGs
[2025-02-23T04:47:55.385+0000] {logging_mixin.py:190} INFO - [2025-02-23T04:47:55.384+0000] {dag.py:3262} INFO - Creating ORM DAG for dataset_with_extra_from_classic_operator
[2025-02-23T04:47:55.386+0000] {logging_mixin.py:190} INFO - [2025-02-23T04:47:55.386+0000] {dag.py:3262} INFO - Creating ORM DAG for dataset_with_extra_by_context
[2025-02-23T04:47:55.386+0000] {logging_mixin.py:190} INFO - [2025-02-23T04:47:55.386+0000] {dag.py:3262} INFO - Creating ORM DAG for dataset_with_extra_by_yield
[2025-02-23T04:47:55.398+0000] {logging_mixin.py:190} INFO - [2025-02-23T04:47:55.398+0000] {dag.py:4180} INFO - Setting next_dagrun for dataset_with_extra_by_context to 2025-02-22 00:00:00+00:00, run_after=2025-02-23 00:00:00+00:00
[2025-02-23T04:47:55.401+0000] {logging_mixin.py:190} INFO - [2025-02-23T04:47:55.400+0000] {dag.py:4180} INFO - Setting next_dagrun for dataset_with_extra_by_yield to 2025-02-22 00:00:00+00:00, run_after=2025-02-23 00:00:00+00:00
[2025-02-23T04:47:55.403+0000] {logging_mixin.py:190} INFO - [2025-02-23T04:47:55.403+0000] {dag.py:4180} INFO - Setting next_dagrun for dataset_with_extra_from_classic_operator to 2025-02-22 00:00:00+00:00, run_after=2025-02-23 00:00:00+00:00
[2025-02-23T04:47:55.423+0000] {processor.py:208} INFO - Processing /home/airflow/.local/lib/python3.12/site-packages/airflow/example_dags/example_outlet_event_extra.py took 1.041 seconds
[2025-02-23T04:48:25.505+0000] {processor.py:186} INFO - Started process (PID=177) to work on /home/airflow/.local/lib/python3.12/site-packages/airflow/example_dags/example_outlet_event_extra.py
[2025-02-23T04:48:25.506+0000] {processor.py:914} INFO - Processing file /home/airflow/.local/lib/python3.12/site-packages/airflow/example_dags/example_outlet_event_extra.py for tasks to queue
[2025-02-23T04:48:25.508+0000] {logging_mixin.py:190} INFO - [2025-02-23T04:48:25.508+0000] {dagbag.py:588} INFO - Filling up the DagBag from /home/airflow/.local/lib/python3.12/site-packages/airflow/example_dags/example_outlet_event_extra.py
[2025-02-23T04:48:26.046+0000] {processor.py:925} INFO - DAG(s) 'dataset_with_extra_by_context', 'dataset_with_extra_from_classic_operator', 'dataset_with_extra_by_yield' retrieved from /home/airflow/.local/lib/python3.12/site-packages/airflow/example_dags/example_outlet_event_extra.py
[2025-02-23T04:48:26.064+0000] {logging_mixin.py:190} INFO - [2025-02-23T04:48:26.064+0000] {dag.py:3239} INFO - Sync 3 DAGs
[2025-02-23T04:48:26.083+0000] {logging_mixin.py:190} INFO - [2025-02-23T04:48:26.083+0000] {dag.py:4180} INFO - Setting next_dagrun for dataset_with_extra_by_context to 2025-02-22 00:00:00+00:00, run_after=2025-02-23 00:00:00+00:00
[2025-02-23T04:48:26.087+0000] {logging_mixin.py:190} INFO - [2025-02-23T04:48:26.087+0000] {dag.py:4180} INFO - Setting next_dagrun for dataset_with_extra_by_yield to 2025-02-22 00:00:00+00:00, run_after=2025-02-23 00:00:00+00:00
[2025-02-23T04:48:26.089+0000] {logging_mixin.py:190} INFO - [2025-02-23T04:48:26.089+0000] {dag.py:4180} INFO - Setting next_dagrun for dataset_with_extra_from_classic_operator to 2025-02-22 00:00:00+00:00, run_after=2025-02-23 00:00:00+00:00
[2025-02-23T04:48:26.104+0000] {processor.py:208} INFO - Processing /home/airflow/.local/lib/python3.12/site-packages/airflow/example_dags/example_outlet_event_extra.py took 0.604 seconds
[2025-02-23T04:48:56.233+0000] {processor.py:186} INFO - Started process (PID=246) to work on /home/airflow/.local/lib/python3.12/site-packages/airflow/example_dags/example_outlet_event_extra.py
[2025-02-23T04:48:56.233+0000] {processor.py:914} INFO - Processing file /home/airflow/.local/lib/python3.12/site-packages/airflow/example_dags/example_outlet_event_extra.py for tasks to queue
[2025-02-23T04:48:56.235+0000] {logging_mixin.py:190} INFO - [2025-02-23T04:48:56.235+0000] {dagbag.py:588} INFO - Filling up the DagBag from /home/airflow/.local/lib/python3.12/site-packages/airflow/example_dags/example_outlet_event_extra.py
[2025-02-23T04:48:56.758+0000] {processor.py:925} INFO - DAG(s) 'dataset_with_extra_by_yield', 'dataset_with_extra_from_classic_operator', 'dataset_with_extra_by_context' retrieved from /home/airflow/.local/lib/python3.12/site-packages/airflow/example_dags/example_outlet_event_extra.py
[2025-02-23T04:48:56.777+0000] {logging_mixin.py:190} INFO - [2025-02-23T04:48:56.777+0000] {dag.py:3239} INFO - Sync 3 DAGs
[2025-02-23T04:48:56.796+0000] {logging_mixin.py:190} INFO - [2025-02-23T04:48:56.796+0000] {dag.py:4180} INFO - Setting next_dagrun for dataset_with_extra_by_context to 2025-02-22 00:00:00+00:00, run_after=2025-02-23 00:00:00+00:00
[2025-02-23T04:48:56.800+0000] {logging_mixin.py:190} INFO - [2025-02-23T04:48:56.800+0000] {dag.py:4180} INFO - Setting next_dagrun for dataset_with_extra_by_yield to 2025-02-22 00:00:00+00:00, run_after=2025-02-23 00:00:00+00:00
[2025-02-23T04:48:56.802+0000] {logging_mixin.py:190} INFO - [2025-02-23T04:48:56.802+0000] {dag.py:4180} INFO - Setting next_dagrun for dataset_with_extra_from_classic_operator to 2025-02-22 00:00:00+00:00, run_after=2025-02-23 00:00:00+00:00
[2025-02-23T04:48:56.816+0000] {processor.py:208} INFO - Processing /home/airflow/.local/lib/python3.12/site-packages/airflow/example_dags/example_outlet_event_extra.py took 0.587 seconds
[2025-02-23T04:49:26.879+0000] {processor.py:186} INFO - Started process (PID=303) to work on /home/airflow/.local/lib/python3.12/site-packages/airflow/example_dags/example_outlet_event_extra.py
[2025-02-23T04:49:26.880+0000] {processor.py:914} INFO - Processing file /home/airflow/.local/lib/python3.12/site-packages/airflow/example_dags/example_outlet_event_extra.py for tasks to queue
[2025-02-23T04:49:26.882+0000] {logging_mixin.py:190} INFO - [2025-02-23T04:49:26.881+0000] {dagbag.py:588} INFO - Filling up the DagBag from /home/airflow/.local/lib/python3.12/site-packages/airflow/example_dags/example_outlet_event_extra.py
[2025-02-23T04:49:27.403+0000] {processor.py:925} INFO - DAG(s) 'dataset_with_extra_by_yield', 'dataset_with_extra_from_classic_operator', 'dataset_with_extra_by_context' retrieved from /home/airflow/.local/lib/python3.12/site-packages/airflow/example_dags/example_outlet_event_extra.py
[2025-02-23T04:49:27.422+0000] {logging_mixin.py:190} INFO - [2025-02-23T04:49:27.422+0000] {dag.py:3239} INFO - Sync 3 DAGs
[2025-02-23T04:49:27.441+0000] {logging_mixin.py:190} INFO - [2025-02-23T04:49:27.441+0000] {dag.py:4180} INFO - Setting next_dagrun for dataset_with_extra_by_context to 2025-02-22 00:00:00+00:00, run_after=2025-02-23 00:00:00+00:00
[2025-02-23T04:49:27.445+0000] {logging_mixin.py:190} INFO - [2025-02-23T04:49:27.445+0000] {dag.py:4180} INFO - Setting next_dagrun for dataset_with_extra_by_yield to 2025-02-22 00:00:00+00:00, run_after=2025-02-23 00:00:00+00:00
[2025-02-23T04:49:27.447+0000] {logging_mixin.py:190} INFO - [2025-02-23T04:49:27.447+0000] {dag.py:4180} INFO - Setting next_dagrun for dataset_with_extra_from_classic_operator to 2025-02-22 00:00:00+00:00, run_after=2025-02-23 00:00:00+00:00
[2025-02-23T04:49:27.461+0000] {processor.py:208} INFO - Processing /home/airflow/.local/lib/python3.12/site-packages/airflow/example_dags/example_outlet_event_extra.py took 0.588 seconds
[2025-02-23T04:49:58.387+0000] {processor.py:186} INFO - Started process (PID=372) to work on /home/airflow/.local/lib/python3.12/site-packages/airflow/example_dags/example_outlet_event_extra.py
[2025-02-23T04:49:58.388+0000] {processor.py:914} INFO - Processing file /home/airflow/.local/lib/python3.12/site-packages/airflow/example_dags/example_outlet_event_extra.py for tasks to queue
[2025-02-23T04:49:58.389+0000] {logging_mixin.py:190} INFO - [2025-02-23T04:49:58.389+0000] {dagbag.py:588} INFO - Filling up the DagBag from /home/airflow/.local/lib/python3.12/site-packages/airflow/example_dags/example_outlet_event_extra.py
[2025-02-23T04:49:58.860+0000] {processor.py:925} INFO - DAG(s) 'dataset_with_extra_by_context', 'dataset_with_extra_from_classic_operator', 'dataset_with_extra_by_yield' retrieved from /home/airflow/.local/lib/python3.12/site-packages/airflow/example_dags/example_outlet_event_extra.py
[2025-02-23T04:49:58.878+0000] {logging_mixin.py:190} INFO - [2025-02-23T04:49:58.878+0000] {dag.py:3239} INFO - Sync 3 DAGs
[2025-02-23T04:49:58.897+0000] {logging_mixin.py:190} INFO - [2025-02-23T04:49:58.896+0000] {dag.py:4180} INFO - Setting next_dagrun for dataset_with_extra_by_context to 2025-02-22 00:00:00+00:00, run_after=2025-02-23 00:00:00+00:00
[2025-02-23T04:49:58.900+0000] {logging_mixin.py:190} INFO - [2025-02-23T04:49:58.900+0000] {dag.py:4180} INFO - Setting next_dagrun for dataset_with_extra_by_yield to 2025-02-22 00:00:00+00:00, run_after=2025-02-23 00:00:00+00:00
[2025-02-23T04:49:58.902+0000] {logging_mixin.py:190} INFO - [2025-02-23T04:49:58.902+0000] {dag.py:4180} INFO - Setting next_dagrun for dataset_with_extra_from_classic_operator to 2025-02-22 00:00:00+00:00, run_after=2025-02-23 00:00:00+00:00
[2025-02-23T04:49:58.916+0000] {processor.py:208} INFO - Processing /home/airflow/.local/lib/python3.12/site-packages/airflow/example_dags/example_outlet_event_extra.py took 0.533 seconds
[2025-02-23T04:50:29.406+0000] {processor.py:186} INFO - Started process (PID=435) to work on /home/airflow/.local/lib/python3.12/site-packages/airflow/example_dags/example_outlet_event_extra.py
[2025-02-23T04:50:29.407+0000] {processor.py:914} INFO - Processing file /home/airflow/.local/lib/python3.12/site-packages/airflow/example_dags/example_outlet_event_extra.py for tasks to queue
[2025-02-23T04:50:29.408+0000] {logging_mixin.py:190} INFO - [2025-02-23T04:50:29.408+0000] {dagbag.py:588} INFO - Filling up the DagBag from /home/airflow/.local/lib/python3.12/site-packages/airflow/example_dags/example_outlet_event_extra.py
[2025-02-23T04:50:29.923+0000] {processor.py:925} INFO - DAG(s) 'dataset_with_extra_by_yield', 'dataset_with_extra_by_context', 'dataset_with_extra_from_classic_operator' retrieved from /home/airflow/.local/lib/python3.12/site-packages/airflow/example_dags/example_outlet_event_extra.py
[2025-02-23T04:50:29.942+0000] {logging_mixin.py:190} INFO - [2025-02-23T04:50:29.942+0000] {dag.py:3239} INFO - Sync 3 DAGs
[2025-02-23T04:50:29.961+0000] {logging_mixin.py:190} INFO - [2025-02-23T04:50:29.961+0000] {dag.py:4180} INFO - Setting next_dagrun for dataset_with_extra_by_context to 2025-02-22 00:00:00+00:00, run_after=2025-02-23 00:00:00+00:00
[2025-02-23T04:50:29.965+0000] {logging_mixin.py:190} INFO - [2025-02-23T04:50:29.965+0000] {dag.py:4180} INFO - Setting next_dagrun for dataset_with_extra_by_yield to 2025-02-22 00:00:00+00:00, run_after=2025-02-23 00:00:00+00:00
[2025-02-23T04:50:29.967+0000] {logging_mixin.py:190} INFO - [2025-02-23T04:50:29.967+0000] {dag.py:4180} INFO - Setting next_dagrun for dataset_with_extra_from_classic_operator to 2025-02-22 00:00:00+00:00, run_after=2025-02-23 00:00:00+00:00
[2025-02-23T04:50:29.981+0000] {processor.py:208} INFO - Processing /home/airflow/.local/lib/python3.12/site-packages/airflow/example_dags/example_outlet_event_extra.py took 0.579 seconds
[2025-02-23T04:51:00.884+0000] {processor.py:186} INFO - Started process (PID=498) to work on /home/airflow/.local/lib/python3.12/site-packages/airflow/example_dags/example_outlet_event_extra.py
[2025-02-23T04:51:00.885+0000] {processor.py:914} INFO - Processing file /home/airflow/.local/lib/python3.12/site-packages/airflow/example_dags/example_outlet_event_extra.py for tasks to queue
[2025-02-23T04:51:00.886+0000] {logging_mixin.py:190} INFO - [2025-02-23T04:51:00.886+0000] {dagbag.py:588} INFO - Filling up the DagBag from /home/airflow/.local/lib/python3.12/site-packages/airflow/example_dags/example_outlet_event_extra.py
[2025-02-23T04:51:01.361+0000] {processor.py:925} INFO - DAG(s) 'dataset_with_extra_from_classic_operator', 'dataset_with_extra_by_yield', 'dataset_with_extra_by_context' retrieved from /home/airflow/.local/lib/python3.12/site-packages/airflow/example_dags/example_outlet_event_extra.py
[2025-02-23T04:51:01.378+0000] {logging_mixin.py:190} INFO - [2025-02-23T04:51:01.378+0000] {dag.py:3239} INFO - Sync 3 DAGs
[2025-02-23T04:51:01.397+0000] {logging_mixin.py:190} INFO - [2025-02-23T04:51:01.397+0000] {dag.py:4180} INFO - Setting next_dagrun for dataset_with_extra_by_context to 2025-02-22 00:00:00+00:00, run_after=2025-02-23 00:00:00+00:00
[2025-02-23T04:51:01.401+0000] {logging_mixin.py:190} INFO - [2025-02-23T04:51:01.401+0000] {dag.py:4180} INFO - Setting next_dagrun for dataset_with_extra_by_yield to 2025-02-22 00:00:00+00:00, run_after=2025-02-23 00:00:00+00:00
[2025-02-23T04:51:01.404+0000] {logging_mixin.py:190} INFO - [2025-02-23T04:51:01.403+0000] {dag.py:4180} INFO - Setting next_dagrun for dataset_with_extra_from_classic_operator to 2025-02-22 00:00:00+00:00, run_after=2025-02-23 00:00:00+00:00
[2025-02-23T04:51:01.418+0000] {processor.py:208} INFO - Processing /home/airflow/.local/lib/python3.12/site-packages/airflow/example_dags/example_outlet_event_extra.py took 0.539 seconds
[2025-02-23T04:51:31.551+0000] {processor.py:186} INFO - Started process (PID=561) to work on /home/airflow/.local/lib/python3.12/site-packages/airflow/example_dags/example_outlet_event_extra.py
[2025-02-23T04:51:31.552+0000] {processor.py:914} INFO - Processing file /home/airflow/.local/lib/python3.12/site-packages/airflow/example_dags/example_outlet_event_extra.py for tasks to queue
[2025-02-23T04:51:31.554+0000] {logging_mixin.py:190} INFO - [2025-02-23T04:51:31.553+0000] {dagbag.py:588} INFO - Filling up the DagBag from /home/airflow/.local/lib/python3.12/site-packages/airflow/example_dags/example_outlet_event_extra.py
[2025-02-23T04:51:32.128+0000] {processor.py:925} INFO - DAG(s) 'dataset_with_extra_from_classic_operator', 'dataset_with_extra_by_context', 'dataset_with_extra_by_yield' retrieved from /home/airflow/.local/lib/python3.12/site-packages/airflow/example_dags/example_outlet_event_extra.py
[2025-02-23T04:51:32.155+0000] {logging_mixin.py:190} INFO - [2025-02-23T04:51:32.154+0000] {dag.py:3239} INFO - Sync 3 DAGs
[2025-02-23T04:51:32.184+0000] {logging_mixin.py:190} INFO - [2025-02-23T04:51:32.184+0000] {dag.py:4180} INFO - Setting next_dagrun for dataset_with_extra_by_context to 2025-02-22 00:00:00+00:00, run_after=2025-02-23 00:00:00+00:00
[2025-02-23T04:51:32.189+0000] {logging_mixin.py:190} INFO - [2025-02-23T04:51:32.189+0000] {dag.py:4180} INFO - Setting next_dagrun for dataset_with_extra_by_yield to 2025-02-22 00:00:00+00:00, run_after=2025-02-23 00:00:00+00:00
[2025-02-23T04:51:32.191+0000] {logging_mixin.py:190} INFO - [2025-02-23T04:51:32.191+0000] {dag.py:4180} INFO - Setting next_dagrun for dataset_with_extra_from_classic_operator to 2025-02-22 00:00:00+00:00, run_after=2025-02-23 00:00:00+00:00
[2025-02-23T04:51:32.207+0000] {processor.py:208} INFO - Processing /home/airflow/.local/lib/python3.12/site-packages/airflow/example_dags/example_outlet_event_extra.py took 0.662 seconds
[2025-02-23T04:52:02.890+0000] {processor.py:186} INFO - Started process (PID=624) to work on /home/airflow/.local/lib/python3.12/site-packages/airflow/example_dags/example_outlet_event_extra.py
[2025-02-23T04:52:02.890+0000] {processor.py:914} INFO - Processing file /home/airflow/.local/lib/python3.12/site-packages/airflow/example_dags/example_outlet_event_extra.py for tasks to queue
[2025-02-23T04:52:02.892+0000] {logging_mixin.py:190} INFO - [2025-02-23T04:52:02.891+0000] {dagbag.py:588} INFO - Filling up the DagBag from /home/airflow/.local/lib/python3.12/site-packages/airflow/example_dags/example_outlet_event_extra.py
[2025-02-23T04:52:03.431+0000] {processor.py:925} INFO - DAG(s) 'dataset_with_extra_by_context', 'dataset_with_extra_from_classic_operator', 'dataset_with_extra_by_yield' retrieved from /home/airflow/.local/lib/python3.12/site-packages/airflow/example_dags/example_outlet_event_extra.py
[2025-02-23T04:52:03.458+0000] {logging_mixin.py:190} INFO - [2025-02-23T04:52:03.458+0000] {dag.py:3239} INFO - Sync 3 DAGs
[2025-02-23T04:52:03.487+0000] {logging_mixin.py:190} INFO - [2025-02-23T04:52:03.486+0000] {dag.py:4180} INFO - Setting next_dagrun for dataset_with_extra_by_context to 2025-02-22 00:00:00+00:00, run_after=2025-02-23 00:00:00+00:00
[2025-02-23T04:52:03.492+0000] {logging_mixin.py:190} INFO - [2025-02-23T04:52:03.492+0000] {dag.py:4180} INFO - Setting next_dagrun for dataset_with_extra_by_yield to 2025-02-22 00:00:00+00:00, run_after=2025-02-23 00:00:00+00:00
[2025-02-23T04:52:03.496+0000] {logging_mixin.py:190} INFO - [2025-02-23T04:52:03.495+0000] {dag.py:4180} INFO - Setting next_dagrun for dataset_with_extra_from_classic_operator to 2025-02-22 00:00:00+00:00, run_after=2025-02-23 00:00:00+00:00
[2025-02-23T04:52:03.515+0000] {processor.py:208} INFO - Processing /home/airflow/.local/lib/python3.12/site-packages/airflow/example_dags/example_outlet_event_extra.py took 0.629 seconds
[2025-02-23T04:52:33.644+0000] {processor.py:186} INFO - Started process (PID=687) to work on /home/airflow/.local/lib/python3.12/site-packages/airflow/example_dags/example_outlet_event_extra.py
[2025-02-23T04:52:33.645+0000] {processor.py:914} INFO - Processing file /home/airflow/.local/lib/python3.12/site-packages/airflow/example_dags/example_outlet_event_extra.py for tasks to queue
[2025-02-23T04:52:33.646+0000] {logging_mixin.py:190} INFO - [2025-02-23T04:52:33.646+0000] {dagbag.py:588} INFO - Filling up the DagBag from /home/airflow/.local/lib/python3.12/site-packages/airflow/example_dags/example_outlet_event_extra.py
[2025-02-23T04:52:34.164+0000] {processor.py:925} INFO - DAG(s) 'dataset_with_extra_from_classic_operator', 'dataset_with_extra_by_context', 'dataset_with_extra_by_yield' retrieved from /home/airflow/.local/lib/python3.12/site-packages/airflow/example_dags/example_outlet_event_extra.py
[2025-02-23T04:52:34.185+0000] {logging_mixin.py:190} INFO - [2025-02-23T04:52:34.185+0000] {dag.py:3239} INFO - Sync 3 DAGs
[2025-02-23T04:52:34.206+0000] {logging_mixin.py:190} INFO - [2025-02-23T04:52:34.206+0000] {dag.py:4180} INFO - Setting next_dagrun for dataset_with_extra_by_context to 2025-02-22 00:00:00+00:00, run_after=2025-02-23 00:00:00+00:00
[2025-02-23T04:52:34.211+0000] {logging_mixin.py:190} INFO - [2025-02-23T04:52:34.210+0000] {dag.py:4180} INFO - Setting next_dagrun for dataset_with_extra_by_yield to 2025-02-22 00:00:00+00:00, run_after=2025-02-23 00:00:00+00:00
[2025-02-23T04:52:34.213+0000] {logging_mixin.py:190} INFO - [2025-02-23T04:52:34.213+0000] {dag.py:4180} INFO - Setting next_dagrun for dataset_with_extra_from_classic_operator to 2025-02-22 00:00:00+00:00, run_after=2025-02-23 00:00:00+00:00
[2025-02-23T04:52:34.230+0000] {processor.py:208} INFO - Processing /home/airflow/.local/lib/python3.12/site-packages/airflow/example_dags/example_outlet_event_extra.py took 0.591 seconds
[2025-02-23T04:53:04.460+0000] {processor.py:186} INFO - Started process (PID=750) to work on /home/airflow/.local/lib/python3.12/site-packages/airflow/example_dags/example_outlet_event_extra.py
[2025-02-23T04:53:04.460+0000] {processor.py:914} INFO - Processing file /home/airflow/.local/lib/python3.12/site-packages/airflow/example_dags/example_outlet_event_extra.py for tasks to queue
[2025-02-23T04:53:04.462+0000] {logging_mixin.py:190} INFO - [2025-02-23T04:53:04.462+0000] {dagbag.py:588} INFO - Filling up the DagBag from /home/airflow/.local/lib/python3.12/site-packages/airflow/example_dags/example_outlet_event_extra.py
[2025-02-23T04:53:04.990+0000] {processor.py:925} INFO - DAG(s) 'dataset_with_extra_by_yield', 'dataset_with_extra_from_classic_operator', 'dataset_with_extra_by_context' retrieved from /home/airflow/.local/lib/python3.12/site-packages/airflow/example_dags/example_outlet_event_extra.py
[2025-02-23T04:53:05.009+0000] {logging_mixin.py:190} INFO - [2025-02-23T04:53:05.008+0000] {dag.py:3239} INFO - Sync 3 DAGs
[2025-02-23T04:53:05.028+0000] {logging_mixin.py:190} INFO - [2025-02-23T04:53:05.028+0000] {dag.py:4180} INFO - Setting next_dagrun for dataset_with_extra_by_context to 2025-02-22 00:00:00+00:00, run_after=2025-02-23 00:00:00+00:00
[2025-02-23T04:53:05.032+0000] {logging_mixin.py:190} INFO - [2025-02-23T04:53:05.032+0000] {dag.py:4180} INFO - Setting next_dagrun for dataset_with_extra_by_yield to 2025-02-22 00:00:00+00:00, run_after=2025-02-23 00:00:00+00:00
[2025-02-23T04:53:05.034+0000] {logging_mixin.py:190} INFO - [2025-02-23T04:53:05.034+0000] {dag.py:4180} INFO - Setting next_dagrun for dataset_with_extra_from_classic_operator to 2025-02-22 00:00:00+00:00, run_after=2025-02-23 00:00:00+00:00
[2025-02-23T04:53:05.048+0000] {processor.py:208} INFO - Processing /home/airflow/.local/lib/python3.12/site-packages/airflow/example_dags/example_outlet_event_extra.py took 0.593 seconds
[2025-02-23T04:53:35.744+0000] {processor.py:186} INFO - Started process (PID=813) to work on /home/airflow/.local/lib/python3.12/site-packages/airflow/example_dags/example_outlet_event_extra.py
[2025-02-23T04:53:35.745+0000] {processor.py:914} INFO - Processing file /home/airflow/.local/lib/python3.12/site-packages/airflow/example_dags/example_outlet_event_extra.py for tasks to queue
[2025-02-23T04:53:35.746+0000] {logging_mixin.py:190} INFO - [2025-02-23T04:53:35.746+0000] {dagbag.py:588} INFO - Filling up the DagBag from /home/airflow/.local/lib/python3.12/site-packages/airflow/example_dags/example_outlet_event_extra.py
[2025-02-23T04:53:36.207+0000] {processor.py:925} INFO - DAG(s) 'dataset_with_extra_by_context', 'dataset_with_extra_by_yield', 'dataset_with_extra_from_classic_operator' retrieved from /home/airflow/.local/lib/python3.12/site-packages/airflow/example_dags/example_outlet_event_extra.py
[2025-02-23T04:53:36.224+0000] {logging_mixin.py:190} INFO - [2025-02-23T04:53:36.224+0000] {dag.py:3239} INFO - Sync 3 DAGs
[2025-02-23T04:53:36.244+0000] {logging_mixin.py:190} INFO - [2025-02-23T04:53:36.244+0000] {dag.py:4180} INFO - Setting next_dagrun for dataset_with_extra_by_context to 2025-02-22 00:00:00+00:00, run_after=2025-02-23 00:00:00+00:00
[2025-02-23T04:53:36.248+0000] {logging_mixin.py:190} INFO - [2025-02-23T04:53:36.248+0000] {dag.py:4180} INFO - Setting next_dagrun for dataset_with_extra_by_yield to 2025-02-22 00:00:00+00:00, run_after=2025-02-23 00:00:00+00:00
[2025-02-23T04:53:36.250+0000] {logging_mixin.py:190} INFO - [2025-02-23T04:53:36.250+0000] {dag.py:4180} INFO - Setting next_dagrun for dataset_with_extra_from_classic_operator to 2025-02-22 00:00:00+00:00, run_after=2025-02-23 00:00:00+00:00
[2025-02-23T04:53:36.263+0000] {processor.py:208} INFO - Processing /home/airflow/.local/lib/python3.12/site-packages/airflow/example_dags/example_outlet_event_extra.py took 0.523 seconds
[2025-02-23T04:54:06.956+0000] {processor.py:186} INFO - Started process (PID=877) to work on /home/airflow/.local/lib/python3.12/site-packages/airflow/example_dags/example_outlet_event_extra.py
[2025-02-23T04:54:06.956+0000] {processor.py:914} INFO - Processing file /home/airflow/.local/lib/python3.12/site-packages/airflow/example_dags/example_outlet_event_extra.py for tasks to queue
[2025-02-23T04:54:06.958+0000] {logging_mixin.py:190} INFO - [2025-02-23T04:54:06.957+0000] {dagbag.py:588} INFO - Filling up the DagBag from /home/airflow/.local/lib/python3.12/site-packages/airflow/example_dags/example_outlet_event_extra.py
[2025-02-23T04:54:07.465+0000] {processor.py:925} INFO - DAG(s) 'dataset_with_extra_by_context', 'dataset_with_extra_from_classic_operator', 'dataset_with_extra_by_yield' retrieved from /home/airflow/.local/lib/python3.12/site-packages/airflow/example_dags/example_outlet_event_extra.py
[2025-02-23T04:54:07.483+0000] {logging_mixin.py:190} INFO - [2025-02-23T04:54:07.483+0000] {dag.py:3239} INFO - Sync 3 DAGs
[2025-02-23T04:54:07.501+0000] {logging_mixin.py:190} INFO - [2025-02-23T04:54:07.501+0000] {dag.py:4180} INFO - Setting next_dagrun for dataset_with_extra_by_context to 2025-02-22 00:00:00+00:00, run_after=2025-02-23 00:00:00+00:00
[2025-02-23T04:54:07.505+0000] {logging_mixin.py:190} INFO - [2025-02-23T04:54:07.505+0000] {dag.py:4180} INFO - Setting next_dagrun for dataset_with_extra_by_yield to 2025-02-22 00:00:00+00:00, run_after=2025-02-23 00:00:00+00:00
[2025-02-23T04:54:07.508+0000] {logging_mixin.py:190} INFO - [2025-02-23T04:54:07.508+0000] {dag.py:4180} INFO - Setting next_dagrun for dataset_with_extra_from_classic_operator to 2025-02-22 00:00:00+00:00, run_after=2025-02-23 00:00:00+00:00
[2025-02-23T04:54:07.522+0000] {processor.py:208} INFO - Processing /home/airflow/.local/lib/python3.12/site-packages/airflow/example_dags/example_outlet_event_extra.py took 0.571 seconds
[2025-02-23T04:54:38.158+0000] {processor.py:186} INFO - Started process (PID=940) to work on /home/airflow/.local/lib/python3.12/site-packages/airflow/example_dags/example_outlet_event_extra.py
[2025-02-23T04:54:38.159+0000] {processor.py:914} INFO - Processing file /home/airflow/.local/lib/python3.12/site-packages/airflow/example_dags/example_outlet_event_extra.py for tasks to queue
[2025-02-23T04:54:38.161+0000] {logging_mixin.py:190} INFO - [2025-02-23T04:54:38.160+0000] {dagbag.py:588} INFO - Filling up the DagBag from /home/airflow/.local/lib/python3.12/site-packages/airflow/example_dags/example_outlet_event_extra.py
[2025-02-23T04:54:38.625+0000] {processor.py:925} INFO - DAG(s) 'dataset_with_extra_by_context', 'dataset_with_extra_from_classic_operator', 'dataset_with_extra_by_yield' retrieved from /home/airflow/.local/lib/python3.12/site-packages/airflow/example_dags/example_outlet_event_extra.py
[2025-02-23T04:54:38.643+0000] {logging_mixin.py:190} INFO - [2025-02-23T04:54:38.643+0000] {dag.py:3239} INFO - Sync 3 DAGs
[2025-02-23T04:54:38.661+0000] {logging_mixin.py:190} INFO - [2025-02-23T04:54:38.661+0000] {dag.py:4180} INFO - Setting next_dagrun for dataset_with_extra_by_context to 2025-02-22 00:00:00+00:00, run_after=2025-02-23 00:00:00+00:00
[2025-02-23T04:54:38.665+0000] {logging_mixin.py:190} INFO - [2025-02-23T04:54:38.665+0000] {dag.py:4180} INFO - Setting next_dagrun for dataset_with_extra_by_yield to 2025-02-22 00:00:00+00:00, run_after=2025-02-23 00:00:00+00:00
[2025-02-23T04:54:38.667+0000] {logging_mixin.py:190} INFO - [2025-02-23T04:54:38.667+0000] {dag.py:4180} INFO - Setting next_dagrun for dataset_with_extra_from_classic_operator to 2025-02-22 00:00:00+00:00, run_after=2025-02-23 00:00:00+00:00
[2025-02-23T04:54:38.681+0000] {processor.py:208} INFO - Processing /home/airflow/.local/lib/python3.12/site-packages/airflow/example_dags/example_outlet_event_extra.py took 0.527 seconds
[2025-02-23T04:55:09.278+0000] {processor.py:186} INFO - Started process (PID=1003) to work on /home/airflow/.local/lib/python3.12/site-packages/airflow/example_dags/example_outlet_event_extra.py
[2025-02-23T04:55:09.279+0000] {processor.py:914} INFO - Processing file /home/airflow/.local/lib/python3.12/site-packages/airflow/example_dags/example_outlet_event_extra.py for tasks to queue
[2025-02-23T04:55:09.280+0000] {logging_mixin.py:190} INFO - [2025-02-23T04:55:09.280+0000] {dagbag.py:588} INFO - Filling up the DagBag from /home/airflow/.local/lib/python3.12/site-packages/airflow/example_dags/example_outlet_event_extra.py
[2025-02-23T04:55:09.748+0000] {processor.py:925} INFO - DAG(s) 'dataset_with_extra_by_context', 'dataset_with_extra_by_yield', 'dataset_with_extra_from_classic_operator' retrieved from /home/airflow/.local/lib/python3.12/site-packages/airflow/example_dags/example_outlet_event_extra.py
[2025-02-23T04:55:09.766+0000] {logging_mixin.py:190} INFO - [2025-02-23T04:55:09.765+0000] {dag.py:3239} INFO - Sync 3 DAGs
[2025-02-23T04:55:09.789+0000] {logging_mixin.py:190} INFO - [2025-02-23T04:55:09.789+0000] {dag.py:4180} INFO - Setting next_dagrun for dataset_with_extra_by_context to 2025-02-22 00:00:00+00:00, run_after=2025-02-23 00:00:00+00:00
[2025-02-23T04:55:09.793+0000] {logging_mixin.py:190} INFO - [2025-02-23T04:55:09.792+0000] {dag.py:4180} INFO - Setting next_dagrun for dataset_with_extra_by_yield to 2025-02-22 00:00:00+00:00, run_after=2025-02-23 00:00:00+00:00
[2025-02-23T04:55:09.795+0000] {logging_mixin.py:190} INFO - [2025-02-23T04:55:09.795+0000] {dag.py:4180} INFO - Setting next_dagrun for dataset_with_extra_from_classic_operator to 2025-02-22 00:00:00+00:00, run_after=2025-02-23 00:00:00+00:00
[2025-02-23T04:55:09.809+0000] {processor.py:208} INFO - Processing /home/airflow/.local/lib/python3.12/site-packages/airflow/example_dags/example_outlet_event_extra.py took 0.534 seconds
[2025-02-23T04:55:40.498+0000] {processor.py:186} INFO - Started process (PID=1066) to work on /home/airflow/.local/lib/python3.12/site-packages/airflow/example_dags/example_outlet_event_extra.py
[2025-02-23T04:55:40.498+0000] {processor.py:914} INFO - Processing file /home/airflow/.local/lib/python3.12/site-packages/airflow/example_dags/example_outlet_event_extra.py for tasks to queue
[2025-02-23T04:55:40.500+0000] {logging_mixin.py:190} INFO - [2025-02-23T04:55:40.499+0000] {dagbag.py:588} INFO - Filling up the DagBag from /home/airflow/.local/lib/python3.12/site-packages/airflow/example_dags/example_outlet_event_extra.py
[2025-02-23T04:55:40.968+0000] {processor.py:925} INFO - DAG(s) 'dataset_with_extra_by_context', 'dataset_with_extra_from_classic_operator', 'dataset_with_extra_by_yield' retrieved from /home/airflow/.local/lib/python3.12/site-packages/airflow/example_dags/example_outlet_event_extra.py
[2025-02-23T04:55:40.986+0000] {logging_mixin.py:190} INFO - [2025-02-23T04:55:40.986+0000] {dag.py:3239} INFO - Sync 3 DAGs
[2025-02-23T04:55:41.004+0000] {logging_mixin.py:190} INFO - [2025-02-23T04:55:41.004+0000] {dag.py:4180} INFO - Setting next_dagrun for dataset_with_extra_by_context to 2025-02-22 00:00:00+00:00, run_after=2025-02-23 00:00:00+00:00
[2025-02-23T04:55:41.008+0000] {logging_mixin.py:190} INFO - [2025-02-23T04:55:41.008+0000] {dag.py:4180} INFO - Setting next_dagrun for dataset_with_extra_by_yield to 2025-02-22 00:00:00+00:00, run_after=2025-02-23 00:00:00+00:00
[2025-02-23T04:55:41.010+0000] {logging_mixin.py:190} INFO - [2025-02-23T04:55:41.010+0000] {dag.py:4180} INFO - Setting next_dagrun for dataset_with_extra_from_classic_operator to 2025-02-22 00:00:00+00:00, run_after=2025-02-23 00:00:00+00:00
[2025-02-23T04:55:41.024+0000] {processor.py:208} INFO - Processing /home/airflow/.local/lib/python3.12/site-packages/airflow/example_dags/example_outlet_event_extra.py took 0.531 seconds
[2025-02-23T04:56:11.731+0000] {processor.py:186} INFO - Started process (PID=1129) to work on /home/airflow/.local/lib/python3.12/site-packages/airflow/example_dags/example_outlet_event_extra.py
[2025-02-23T04:56:11.732+0000] {processor.py:914} INFO - Processing file /home/airflow/.local/lib/python3.12/site-packages/airflow/example_dags/example_outlet_event_extra.py for tasks to queue
[2025-02-23T04:56:11.733+0000] {logging_mixin.py:190} INFO - [2025-02-23T04:56:11.733+0000] {dagbag.py:588} INFO - Filling up the DagBag from /home/airflow/.local/lib/python3.12/site-packages/airflow/example_dags/example_outlet_event_extra.py
[2025-02-23T04:56:12.213+0000] {processor.py:925} INFO - DAG(s) 'dataset_with_extra_from_classic_operator', 'dataset_with_extra_by_yield', 'dataset_with_extra_by_context' retrieved from /home/airflow/.local/lib/python3.12/site-packages/airflow/example_dags/example_outlet_event_extra.py
[2025-02-23T04:56:12.236+0000] {logging_mixin.py:190} INFO - [2025-02-23T04:56:12.236+0000] {dag.py:3239} INFO - Sync 3 DAGs
[2025-02-23T04:56:12.256+0000] {logging_mixin.py:190} INFO - [2025-02-23T04:56:12.256+0000] {dag.py:4180} INFO - Setting next_dagrun for dataset_with_extra_by_context to 2025-02-22 00:00:00+00:00, run_after=2025-02-23 00:00:00+00:00
[2025-02-23T04:56:12.260+0000] {logging_mixin.py:190} INFO - [2025-02-23T04:56:12.260+0000] {dag.py:4180} INFO - Setting next_dagrun for dataset_with_extra_by_yield to 2025-02-22 00:00:00+00:00, run_after=2025-02-23 00:00:00+00:00
[2025-02-23T04:56:12.262+0000] {logging_mixin.py:190} INFO - [2025-02-23T04:56:12.262+0000] {dag.py:4180} INFO - Setting next_dagrun for dataset_with_extra_from_classic_operator to 2025-02-22 00:00:00+00:00, run_after=2025-02-23 00:00:00+00:00
[2025-02-23T04:56:12.275+0000] {processor.py:208} INFO - Processing /home/airflow/.local/lib/python3.12/site-packages/airflow/example_dags/example_outlet_event_extra.py took 0.550 seconds
[2025-02-23T04:56:43.039+0000] {processor.py:186} INFO - Started process (PID=1192) to work on /home/airflow/.local/lib/python3.12/site-packages/airflow/example_dags/example_outlet_event_extra.py
[2025-02-23T04:56:43.040+0000] {processor.py:914} INFO - Processing file /home/airflow/.local/lib/python3.12/site-packages/airflow/example_dags/example_outlet_event_extra.py for tasks to queue
[2025-02-23T04:56:43.042+0000] {logging_mixin.py:190} INFO - [2025-02-23T04:56:43.041+0000] {dagbag.py:588} INFO - Filling up the DagBag from /home/airflow/.local/lib/python3.12/site-packages/airflow/example_dags/example_outlet_event_extra.py
[2025-02-23T04:56:43.526+0000] {processor.py:925} INFO - DAG(s) 'dataset_with_extra_by_context', 'dataset_with_extra_by_yield', 'dataset_with_extra_from_classic_operator' retrieved from /home/airflow/.local/lib/python3.12/site-packages/airflow/example_dags/example_outlet_event_extra.py
[2025-02-23T04:56:43.545+0000] {logging_mixin.py:190} INFO - [2025-02-23T04:56:43.545+0000] {dag.py:3239} INFO - Sync 3 DAGs
[2025-02-23T04:56:43.566+0000] {logging_mixin.py:190} INFO - [2025-02-23T04:56:43.566+0000] {dag.py:4180} INFO - Setting next_dagrun for dataset_with_extra_by_context to 2025-02-22 00:00:00+00:00, run_after=2025-02-23 00:00:00+00:00
[2025-02-23T04:56:43.570+0000] {logging_mixin.py:190} INFO - [2025-02-23T04:56:43.569+0000] {dag.py:4180} INFO - Setting next_dagrun for dataset_with_extra_by_yield to 2025-02-22 00:00:00+00:00, run_after=2025-02-23 00:00:00+00:00
[2025-02-23T04:56:43.572+0000] {logging_mixin.py:190} INFO - [2025-02-23T04:56:43.571+0000] {dag.py:4180} INFO - Setting next_dagrun for dataset_with_extra_from_classic_operator to 2025-02-22 00:00:00+00:00, run_after=2025-02-23 00:00:00+00:00
[2025-02-23T04:56:43.586+0000] {processor.py:208} INFO - Processing /home/airflow/.local/lib/python3.12/site-packages/airflow/example_dags/example_outlet_event_extra.py took 0.551 seconds
[2025-02-23T04:57:14.413+0000] {processor.py:186} INFO - Started process (PID=1255) to work on /home/airflow/.local/lib/python3.12/site-packages/airflow/example_dags/example_outlet_event_extra.py
[2025-02-23T04:57:14.413+0000] {processor.py:914} INFO - Processing file /home/airflow/.local/lib/python3.12/site-packages/airflow/example_dags/example_outlet_event_extra.py for tasks to queue
[2025-02-23T04:57:14.415+0000] {logging_mixin.py:190} INFO - [2025-02-23T04:57:14.415+0000] {dagbag.py:588} INFO - Filling up the DagBag from /home/airflow/.local/lib/python3.12/site-packages/airflow/example_dags/example_outlet_event_extra.py
[2025-02-23T04:57:14.879+0000] {processor.py:925} INFO - DAG(s) 'dataset_with_extra_from_classic_operator', 'dataset_with_extra_by_yield', 'dataset_with_extra_by_context' retrieved from /home/airflow/.local/lib/python3.12/site-packages/airflow/example_dags/example_outlet_event_extra.py
[2025-02-23T04:57:14.896+0000] {logging_mixin.py:190} INFO - [2025-02-23T04:57:14.896+0000] {dag.py:3239} INFO - Sync 3 DAGs
[2025-02-23T04:57:14.915+0000] {logging_mixin.py:190} INFO - [2025-02-23T04:57:14.915+0000] {dag.py:4180} INFO - Setting next_dagrun for dataset_with_extra_by_context to 2025-02-22 00:00:00+00:00, run_after=2025-02-23 00:00:00+00:00
[2025-02-23T04:57:14.919+0000] {logging_mixin.py:190} INFO - [2025-02-23T04:57:14.919+0000] {dag.py:4180} INFO - Setting next_dagrun for dataset_with_extra_by_yield to 2025-02-22 00:00:00+00:00, run_after=2025-02-23 00:00:00+00:00
[2025-02-23T04:57:14.921+0000] {logging_mixin.py:190} INFO - [2025-02-23T04:57:14.921+0000] {dag.py:4180} INFO - Setting next_dagrun for dataset_with_extra_from_classic_operator to 2025-02-22 00:00:00+00:00, run_after=2025-02-23 00:00:00+00:00
[2025-02-23T04:57:14.934+0000] {processor.py:208} INFO - Processing /home/airflow/.local/lib/python3.12/site-packages/airflow/example_dags/example_outlet_event_extra.py took 0.525 seconds
[2025-02-23T04:57:45.847+0000] {processor.py:186} INFO - Started process (PID=1325) to work on /home/airflow/.local/lib/python3.12/site-packages/airflow/example_dags/example_outlet_event_extra.py
[2025-02-23T04:57:45.847+0000] {processor.py:914} INFO - Processing file /home/airflow/.local/lib/python3.12/site-packages/airflow/example_dags/example_outlet_event_extra.py for tasks to queue
[2025-02-23T04:57:45.849+0000] {logging_mixin.py:190} INFO - [2025-02-23T04:57:45.849+0000] {dagbag.py:588} INFO - Filling up the DagBag from /home/airflow/.local/lib/python3.12/site-packages/airflow/example_dags/example_outlet_event_extra.py
[2025-02-23T04:57:46.358+0000] {processor.py:925} INFO - DAG(s) 'dataset_with_extra_from_classic_operator', 'dataset_with_extra_by_context', 'dataset_with_extra_by_yield' retrieved from /home/airflow/.local/lib/python3.12/site-packages/airflow/example_dags/example_outlet_event_extra.py
[2025-02-23T04:57:46.375+0000] {logging_mixin.py:190} INFO - [2025-02-23T04:57:46.375+0000] {dag.py:3239} INFO - Sync 3 DAGs
[2025-02-23T04:57:46.393+0000] {logging_mixin.py:190} INFO - [2025-02-23T04:57:46.393+0000] {dag.py:4180} INFO - Setting next_dagrun for dataset_with_extra_by_context to 2025-02-22 00:00:00+00:00, run_after=2025-02-23 00:00:00+00:00
[2025-02-23T04:57:46.397+0000] {logging_mixin.py:190} INFO - [2025-02-23T04:57:46.397+0000] {dag.py:4180} INFO - Setting next_dagrun for dataset_with_extra_by_yield to 2025-02-22 00:00:00+00:00, run_after=2025-02-23 00:00:00+00:00
[2025-02-23T04:57:46.400+0000] {logging_mixin.py:190} INFO - [2025-02-23T04:57:46.400+0000] {dag.py:4180} INFO - Setting next_dagrun for dataset_with_extra_from_classic_operator to 2025-02-22 00:00:00+00:00, run_after=2025-02-23 00:00:00+00:00
[2025-02-23T04:57:46.413+0000] {processor.py:208} INFO - Processing /home/airflow/.local/lib/python3.12/site-packages/airflow/example_dags/example_outlet_event_extra.py took 0.571 seconds
[2025-02-23T04:58:16.898+0000] {processor.py:186} INFO - Started process (PID=1388) to work on /home/airflow/.local/lib/python3.12/site-packages/airflow/example_dags/example_outlet_event_extra.py
[2025-02-23T04:58:16.898+0000] {processor.py:914} INFO - Processing file /home/airflow/.local/lib/python3.12/site-packages/airflow/example_dags/example_outlet_event_extra.py for tasks to queue
[2025-02-23T04:58:16.900+0000] {logging_mixin.py:190} INFO - [2025-02-23T04:58:16.899+0000] {dagbag.py:588} INFO - Filling up the DagBag from /home/airflow/.local/lib/python3.12/site-packages/airflow/example_dags/example_outlet_event_extra.py
[2025-02-23T04:58:17.361+0000] {processor.py:925} INFO - DAG(s) 'dataset_with_extra_by_yield', 'dataset_with_extra_from_classic_operator', 'dataset_with_extra_by_context' retrieved from /home/airflow/.local/lib/python3.12/site-packages/airflow/example_dags/example_outlet_event_extra.py
[2025-02-23T04:58:17.379+0000] {logging_mixin.py:190} INFO - [2025-02-23T04:58:17.378+0000] {dag.py:3239} INFO - Sync 3 DAGs
[2025-02-23T04:58:17.397+0000] {logging_mixin.py:190} INFO - [2025-02-23T04:58:17.397+0000] {dag.py:4180} INFO - Setting next_dagrun for dataset_with_extra_by_context to 2025-02-22 00:00:00+00:00, run_after=2025-02-23 00:00:00+00:00
[2025-02-23T04:58:17.401+0000] {logging_mixin.py:190} INFO - [2025-02-23T04:58:17.401+0000] {dag.py:4180} INFO - Setting next_dagrun for dataset_with_extra_by_yield to 2025-02-22 00:00:00+00:00, run_after=2025-02-23 00:00:00+00:00
[2025-02-23T04:58:17.403+0000] {logging_mixin.py:190} INFO - [2025-02-23T04:58:17.403+0000] {dag.py:4180} INFO - Setting next_dagrun for dataset_with_extra_from_classic_operator to 2025-02-22 00:00:00+00:00, run_after=2025-02-23 00:00:00+00:00
[2025-02-23T04:58:17.416+0000] {processor.py:208} INFO - Processing /home/airflow/.local/lib/python3.12/site-packages/airflow/example_dags/example_outlet_event_extra.py took 0.523 seconds
[2025-02-23T04:58:47.477+0000] {processor.py:186} INFO - Started process (PID=1451) to work on /home/airflow/.local/lib/python3.12/site-packages/airflow/example_dags/example_outlet_event_extra.py
[2025-02-23T04:58:47.478+0000] {processor.py:914} INFO - Processing file /home/airflow/.local/lib/python3.12/site-packages/airflow/example_dags/example_outlet_event_extra.py for tasks to queue
[2025-02-23T04:58:47.479+0000] {logging_mixin.py:190} INFO - [2025-02-23T04:58:47.479+0000] {dagbag.py:588} INFO - Filling up the DagBag from /home/airflow/.local/lib/python3.12/site-packages/airflow/example_dags/example_outlet_event_extra.py
[2025-02-23T04:58:47.943+0000] {processor.py:925} INFO - DAG(s) 'dataset_with_extra_by_context', 'dataset_with_extra_by_yield', 'dataset_with_extra_from_classic_operator' retrieved from /home/airflow/.local/lib/python3.12/site-packages/airflow/example_dags/example_outlet_event_extra.py
[2025-02-23T04:58:47.963+0000] {logging_mixin.py:190} INFO - [2025-02-23T04:58:47.963+0000] {dag.py:3239} INFO - Sync 3 DAGs
[2025-02-23T04:58:47.981+0000] {logging_mixin.py:190} INFO - [2025-02-23T04:58:47.981+0000] {dag.py:4180} INFO - Setting next_dagrun for dataset_with_extra_by_context to 2025-02-22 00:00:00+00:00, run_after=2025-02-23 00:00:00+00:00
[2025-02-23T04:58:47.985+0000] {logging_mixin.py:190} INFO - [2025-02-23T04:58:47.985+0000] {dag.py:4180} INFO - Setting next_dagrun for dataset_with_extra_by_yield to 2025-02-22 00:00:00+00:00, run_after=2025-02-23 00:00:00+00:00
[2025-02-23T04:58:47.987+0000] {logging_mixin.py:190} INFO - [2025-02-23T04:58:47.987+0000] {dag.py:4180} INFO - Setting next_dagrun for dataset_with_extra_from_classic_operator to 2025-02-22 00:00:00+00:00, run_after=2025-02-23 00:00:00+00:00
[2025-02-23T04:58:48.001+0000] {processor.py:208} INFO - Processing /home/airflow/.local/lib/python3.12/site-packages/airflow/example_dags/example_outlet_event_extra.py took 0.528 seconds
