[2025-02-23T04:47:45.211+0000] {processor.py:186} INFO - Started process (PID=74) to work on /home/airflow/.local/lib/python3.12/site-packages/airflow/example_dags/example_external_task_marker_dag.py
[2025-02-23T04:47:45.212+0000] {processor.py:914} INFO - Processing file /home/airflow/.local/lib/python3.12/site-packages/airflow/example_dags/example_external_task_marker_dag.py for tasks to queue
[2025-02-23T04:47:45.214+0000] {logging_mixin.py:190} INFO - [2025-02-23T04:47:45.214+0000] {dagbag.py:588} INFO - Filling up the DagBag from /home/airflow/.local/lib/python3.12/site-packages/airflow/example_dags/example_external_task_marker_dag.py
[2025-02-23T04:47:45.228+0000] {processor.py:925} INFO - DAG(s) 'example_external_task_marker_parent', 'example_external_task_marker_child' retrieved from /home/airflow/.local/lib/python3.12/site-packages/airflow/example_dags/example_external_task_marker_dag.py
[2025-02-23T04:47:45.337+0000] {logging_mixin.py:190} INFO - [2025-02-23T04:47:45.337+0000] {override.py:1911} INFO - Created Permission View: can delete on DAG:example_external_task_marker_parent
[2025-02-23T04:47:45.345+0000] {logging_mixin.py:190} INFO - [2025-02-23T04:47:45.345+0000] {override.py:1911} INFO - Created Permission View: can edit on DAG:example_external_task_marker_parent
[2025-02-23T04:47:45.359+0000] {logging_mixin.py:190} INFO - [2025-02-23T04:47:45.359+0000] {override.py:1911} INFO - Created Permission View: can read on DAG:example_external_task_marker_parent
[2025-02-23T04:47:45.364+0000] {logging_mixin.py:190} INFO - [2025-02-23T04:47:45.364+0000] {override.py:1911} INFO - Created Permission View: can create on DAG Run:example_external_task_marker_parent
[2025-02-23T04:47:45.369+0000] {logging_mixin.py:190} INFO - [2025-02-23T04:47:45.369+0000] {override.py:1911} INFO - Created Permission View: menu access on DAG Run:example_external_task_marker_parent
[2025-02-23T04:47:45.374+0000] {logging_mixin.py:190} INFO - [2025-02-23T04:47:45.374+0000] {override.py:1911} INFO - Created Permission View: can delete on DAG Run:example_external_task_marker_parent
[2025-02-23T04:47:45.379+0000] {logging_mixin.py:190} INFO - [2025-02-23T04:47:45.378+0000] {override.py:1911} INFO - Created Permission View: can read on DAG Run:example_external_task_marker_parent
[2025-02-23T04:47:45.389+0000] {logging_mixin.py:190} INFO - [2025-02-23T04:47:45.389+0000] {override.py:1911} INFO - Created Permission View: can delete on DAG:example_external_task_marker_child
[2025-02-23T04:47:45.393+0000] {logging_mixin.py:190} INFO - [2025-02-23T04:47:45.393+0000] {override.py:1911} INFO - Created Permission View: can edit on DAG:example_external_task_marker_child
[2025-02-23T04:47:45.398+0000] {logging_mixin.py:190} INFO - [2025-02-23T04:47:45.397+0000] {override.py:1911} INFO - Created Permission View: can read on DAG:example_external_task_marker_child
[2025-02-23T04:47:45.402+0000] {logging_mixin.py:190} INFO - [2025-02-23T04:47:45.402+0000] {override.py:1911} INFO - Created Permission View: can create on DAG Run:example_external_task_marker_child
[2025-02-23T04:47:45.406+0000] {logging_mixin.py:190} INFO - [2025-02-23T04:47:45.406+0000] {override.py:1911} INFO - Created Permission View: menu access on DAG Run:example_external_task_marker_child
[2025-02-23T04:47:45.411+0000] {logging_mixin.py:190} INFO - [2025-02-23T04:47:45.411+0000] {override.py:1911} INFO - Created Permission View: can delete on DAG Run:example_external_task_marker_child
[2025-02-23T04:47:45.416+0000] {logging_mixin.py:190} INFO - [2025-02-23T04:47:45.416+0000] {override.py:1911} INFO - Created Permission View: can read on DAG Run:example_external_task_marker_child
[2025-02-23T04:47:45.417+0000] {logging_mixin.py:190} INFO - [2025-02-23T04:47:45.417+0000] {dag.py:3239} INFO - Sync 2 DAGs
[2025-02-23T04:47:45.431+0000] {logging_mixin.py:190} INFO - [2025-02-23T04:47:45.431+0000] {dag.py:3262} INFO - Creating ORM DAG for example_external_task_marker_parent
[2025-02-23T04:47:45.432+0000] {logging_mixin.py:190} INFO - [2025-02-23T04:47:45.432+0000] {dag.py:3262} INFO - Creating ORM DAG for example_external_task_marker_child
[2025-02-23T04:47:45.433+0000] {logging_mixin.py:190} INFO - [2025-02-23T04:47:45.433+0000] {dag.py:4180} INFO - Setting next_dagrun for example_external_task_marker_child to None, run_after=None
[2025-02-23T04:47:45.434+0000] {logging_mixin.py:190} INFO - [2025-02-23T04:47:45.433+0000] {dag.py:4180} INFO - Setting next_dagrun for example_external_task_marker_parent to None, run_after=None
[2025-02-23T04:47:45.450+0000] {processor.py:208} INFO - Processing /home/airflow/.local/lib/python3.12/site-packages/airflow/example_dags/example_external_task_marker_dag.py took 0.244 seconds
[2025-02-23T04:48:15.808+0000] {processor.py:186} INFO - Started process (PID=136) to work on /home/airflow/.local/lib/python3.12/site-packages/airflow/example_dags/example_external_task_marker_dag.py
[2025-02-23T04:48:15.809+0000] {processor.py:914} INFO - Processing file /home/airflow/.local/lib/python3.12/site-packages/airflow/example_dags/example_external_task_marker_dag.py for tasks to queue
[2025-02-23T04:48:15.812+0000] {logging_mixin.py:190} INFO - [2025-02-23T04:48:15.811+0000] {dagbag.py:588} INFO - Filling up the DagBag from /home/airflow/.local/lib/python3.12/site-packages/airflow/example_dags/example_external_task_marker_dag.py
[2025-02-23T04:48:15.819+0000] {processor.py:925} INFO - DAG(s) 'example_external_task_marker_child', 'example_external_task_marker_parent' retrieved from /home/airflow/.local/lib/python3.12/site-packages/airflow/example_dags/example_external_task_marker_dag.py
[2025-02-23T04:48:15.839+0000] {logging_mixin.py:190} INFO - [2025-02-23T04:48:15.839+0000] {dag.py:3239} INFO - Sync 2 DAGs
[2025-02-23T04:48:15.853+0000] {logging_mixin.py:190} INFO - [2025-02-23T04:48:15.852+0000] {dag.py:4180} INFO - Setting next_dagrun for example_external_task_marker_child to None, run_after=None
[2025-02-23T04:48:15.856+0000] {logging_mixin.py:190} INFO - [2025-02-23T04:48:15.856+0000] {dag.py:4180} INFO - Setting next_dagrun for example_external_task_marker_parent to None, run_after=None
[2025-02-23T04:48:15.871+0000] {processor.py:208} INFO - Processing /home/airflow/.local/lib/python3.12/site-packages/airflow/example_dags/example_external_task_marker_dag.py took 0.067 seconds
[2025-02-23T04:48:46.418+0000] {processor.py:186} INFO - Started process (PID=199) to work on /home/airflow/.local/lib/python3.12/site-packages/airflow/example_dags/example_external_task_marker_dag.py
[2025-02-23T04:48:46.419+0000] {processor.py:914} INFO - Processing file /home/airflow/.local/lib/python3.12/site-packages/airflow/example_dags/example_external_task_marker_dag.py for tasks to queue
[2025-02-23T04:48:46.420+0000] {logging_mixin.py:190} INFO - [2025-02-23T04:48:46.420+0000] {dagbag.py:588} INFO - Filling up the DagBag from /home/airflow/.local/lib/python3.12/site-packages/airflow/example_dags/example_external_task_marker_dag.py
[2025-02-23T04:48:46.427+0000] {processor.py:925} INFO - DAG(s) 'example_external_task_marker_parent', 'example_external_task_marker_child' retrieved from /home/airflow/.local/lib/python3.12/site-packages/airflow/example_dags/example_external_task_marker_dag.py
[2025-02-23T04:48:46.449+0000] {logging_mixin.py:190} INFO - [2025-02-23T04:48:46.448+0000] {dag.py:3239} INFO - Sync 2 DAGs
[2025-02-23T04:48:46.466+0000] {logging_mixin.py:190} INFO - [2025-02-23T04:48:46.466+0000] {dag.py:4180} INFO - Setting next_dagrun for example_external_task_marker_child to None, run_after=None
[2025-02-23T04:48:46.470+0000] {logging_mixin.py:190} INFO - [2025-02-23T04:48:46.470+0000] {dag.py:4180} INFO - Setting next_dagrun for example_external_task_marker_parent to None, run_after=None
[2025-02-23T04:48:46.484+0000] {processor.py:208} INFO - Processing /home/airflow/.local/lib/python3.12/site-packages/airflow/example_dags/example_external_task_marker_dag.py took 0.072 seconds
[2025-02-23T04:49:16.788+0000] {processor.py:186} INFO - Started process (PID=262) to work on /home/airflow/.local/lib/python3.12/site-packages/airflow/example_dags/example_external_task_marker_dag.py
[2025-02-23T04:49:16.789+0000] {processor.py:914} INFO - Processing file /home/airflow/.local/lib/python3.12/site-packages/airflow/example_dags/example_external_task_marker_dag.py for tasks to queue
[2025-02-23T04:49:16.791+0000] {logging_mixin.py:190} INFO - [2025-02-23T04:49:16.791+0000] {dagbag.py:588} INFO - Filling up the DagBag from /home/airflow/.local/lib/python3.12/site-packages/airflow/example_dags/example_external_task_marker_dag.py
[2025-02-23T04:49:16.798+0000] {processor.py:925} INFO - DAG(s) 'example_external_task_marker_parent', 'example_external_task_marker_child' retrieved from /home/airflow/.local/lib/python3.12/site-packages/airflow/example_dags/example_external_task_marker_dag.py
[2025-02-23T04:49:16.821+0000] {logging_mixin.py:190} INFO - [2025-02-23T04:49:16.821+0000] {dag.py:3239} INFO - Sync 2 DAGs
[2025-02-23T04:49:16.839+0000] {logging_mixin.py:190} INFO - [2025-02-23T04:49:16.839+0000] {dag.py:4180} INFO - Setting next_dagrun for example_external_task_marker_child to None, run_after=None
[2025-02-23T04:49:16.843+0000] {logging_mixin.py:190} INFO - [2025-02-23T04:49:16.843+0000] {dag.py:4180} INFO - Setting next_dagrun for example_external_task_marker_parent to None, run_after=None
[2025-02-23T04:49:16.858+0000] {processor.py:208} INFO - Processing /home/airflow/.local/lib/python3.12/site-packages/airflow/example_dags/example_external_task_marker_dag.py took 0.075 seconds
[2025-02-23T04:49:47.001+0000] {processor.py:186} INFO - Started process (PID=325) to work on /home/airflow/.local/lib/python3.12/site-packages/airflow/example_dags/example_external_task_marker_dag.py
[2025-02-23T04:49:47.002+0000] {processor.py:914} INFO - Processing file /home/airflow/.local/lib/python3.12/site-packages/airflow/example_dags/example_external_task_marker_dag.py for tasks to queue
[2025-02-23T04:49:47.004+0000] {logging_mixin.py:190} INFO - [2025-02-23T04:49:47.003+0000] {dagbag.py:588} INFO - Filling up the DagBag from /home/airflow/.local/lib/python3.12/site-packages/airflow/example_dags/example_external_task_marker_dag.py
[2025-02-23T04:49:47.010+0000] {processor.py:925} INFO - DAG(s) 'example_external_task_marker_child', 'example_external_task_marker_parent' retrieved from /home/airflow/.local/lib/python3.12/site-packages/airflow/example_dags/example_external_task_marker_dag.py
[2025-02-23T04:49:47.027+0000] {logging_mixin.py:190} INFO - [2025-02-23T04:49:47.026+0000] {dag.py:3239} INFO - Sync 2 DAGs
[2025-02-23T04:49:47.039+0000] {logging_mixin.py:190} INFO - [2025-02-23T04:49:47.038+0000] {dag.py:4180} INFO - Setting next_dagrun for example_external_task_marker_child to None, run_after=None
[2025-02-23T04:49:47.041+0000] {logging_mixin.py:190} INFO - [2025-02-23T04:49:47.041+0000] {dag.py:4180} INFO - Setting next_dagrun for example_external_task_marker_parent to None, run_after=None
[2025-02-23T04:49:47.054+0000] {processor.py:208} INFO - Processing /home/airflow/.local/lib/python3.12/site-packages/airflow/example_dags/example_external_task_marker_dag.py took 0.057 seconds
[2025-02-23T04:50:17.337+0000] {processor.py:186} INFO - Started process (PID=388) to work on /home/airflow/.local/lib/python3.12/site-packages/airflow/example_dags/example_external_task_marker_dag.py
[2025-02-23T04:50:17.338+0000] {processor.py:914} INFO - Processing file /home/airflow/.local/lib/python3.12/site-packages/airflow/example_dags/example_external_task_marker_dag.py for tasks to queue
[2025-02-23T04:50:17.340+0000] {logging_mixin.py:190} INFO - [2025-02-23T04:50:17.340+0000] {dagbag.py:588} INFO - Filling up the DagBag from /home/airflow/.local/lib/python3.12/site-packages/airflow/example_dags/example_external_task_marker_dag.py
[2025-02-23T04:50:17.347+0000] {processor.py:925} INFO - DAG(s) 'example_external_task_marker_parent', 'example_external_task_marker_child' retrieved from /home/airflow/.local/lib/python3.12/site-packages/airflow/example_dags/example_external_task_marker_dag.py
[2025-02-23T04:50:17.369+0000] {logging_mixin.py:190} INFO - [2025-02-23T04:50:17.369+0000] {dag.py:3239} INFO - Sync 2 DAGs
[2025-02-23T04:50:17.384+0000] {logging_mixin.py:190} INFO - [2025-02-23T04:50:17.384+0000] {dag.py:4180} INFO - Setting next_dagrun for example_external_task_marker_child to None, run_after=None
[2025-02-23T04:50:17.388+0000] {logging_mixin.py:190} INFO - [2025-02-23T04:50:17.388+0000] {dag.py:4180} INFO - Setting next_dagrun for example_external_task_marker_parent to None, run_after=None
[2025-02-23T04:50:17.405+0000] {processor.py:208} INFO - Processing /home/airflow/.local/lib/python3.12/site-packages/airflow/example_dags/example_external_task_marker_dag.py took 0.073 seconds
[2025-02-23T04:50:47.826+0000] {processor.py:186} INFO - Started process (PID=451) to work on /home/airflow/.local/lib/python3.12/site-packages/airflow/example_dags/example_external_task_marker_dag.py
[2025-02-23T04:50:47.826+0000] {processor.py:914} INFO - Processing file /home/airflow/.local/lib/python3.12/site-packages/airflow/example_dags/example_external_task_marker_dag.py for tasks to queue
[2025-02-23T04:50:47.828+0000] {logging_mixin.py:190} INFO - [2025-02-23T04:50:47.828+0000] {dagbag.py:588} INFO - Filling up the DagBag from /home/airflow/.local/lib/python3.12/site-packages/airflow/example_dags/example_external_task_marker_dag.py
[2025-02-23T04:50:47.834+0000] {processor.py:925} INFO - DAG(s) 'example_external_task_marker_child', 'example_external_task_marker_parent' retrieved from /home/airflow/.local/lib/python3.12/site-packages/airflow/example_dags/example_external_task_marker_dag.py
[2025-02-23T04:50:47.854+0000] {logging_mixin.py:190} INFO - [2025-02-23T04:50:47.854+0000] {dag.py:3239} INFO - Sync 2 DAGs
[2025-02-23T04:50:47.866+0000] {logging_mixin.py:190} INFO - [2025-02-23T04:50:47.866+0000] {dag.py:4180} INFO - Setting next_dagrun for example_external_task_marker_child to None, run_after=None
[2025-02-23T04:50:47.868+0000] {logging_mixin.py:190} INFO - [2025-02-23T04:50:47.868+0000] {dag.py:4180} INFO - Setting next_dagrun for example_external_task_marker_parent to None, run_after=None
[2025-02-23T04:50:47.879+0000] {processor.py:208} INFO - Processing /home/airflow/.local/lib/python3.12/site-packages/airflow/example_dags/example_external_task_marker_dag.py took 0.058 seconds
[2025-02-23T04:51:18.408+0000] {processor.py:186} INFO - Started process (PID=514) to work on /home/airflow/.local/lib/python3.12/site-packages/airflow/example_dags/example_external_task_marker_dag.py
[2025-02-23T04:51:18.409+0000] {processor.py:914} INFO - Processing file /home/airflow/.local/lib/python3.12/site-packages/airflow/example_dags/example_external_task_marker_dag.py for tasks to queue
[2025-02-23T04:51:18.411+0000] {logging_mixin.py:190} INFO - [2025-02-23T04:51:18.410+0000] {dagbag.py:588} INFO - Filling up the DagBag from /home/airflow/.local/lib/python3.12/site-packages/airflow/example_dags/example_external_task_marker_dag.py
[2025-02-23T04:51:18.417+0000] {processor.py:925} INFO - DAG(s) 'example_external_task_marker_parent', 'example_external_task_marker_child' retrieved from /home/airflow/.local/lib/python3.12/site-packages/airflow/example_dags/example_external_task_marker_dag.py
[2025-02-23T04:51:18.436+0000] {logging_mixin.py:190} INFO - [2025-02-23T04:51:18.435+0000] {dag.py:3239} INFO - Sync 2 DAGs
[2025-02-23T04:51:18.451+0000] {logging_mixin.py:190} INFO - [2025-02-23T04:51:18.451+0000] {dag.py:4180} INFO - Setting next_dagrun for example_external_task_marker_child to None, run_after=None
[2025-02-23T04:51:18.454+0000] {logging_mixin.py:190} INFO - [2025-02-23T04:51:18.454+0000] {dag.py:4180} INFO - Setting next_dagrun for example_external_task_marker_parent to None, run_after=None
[2025-02-23T04:51:18.469+0000] {processor.py:208} INFO - Processing /home/airflow/.local/lib/python3.12/site-packages/airflow/example_dags/example_external_task_marker_dag.py took 0.067 seconds
[2025-02-23T04:51:48.727+0000] {processor.py:186} INFO - Started process (PID=577) to work on /home/airflow/.local/lib/python3.12/site-packages/airflow/example_dags/example_external_task_marker_dag.py
[2025-02-23T04:51:48.729+0000] {processor.py:914} INFO - Processing file /home/airflow/.local/lib/python3.12/site-packages/airflow/example_dags/example_external_task_marker_dag.py for tasks to queue
[2025-02-23T04:51:48.732+0000] {logging_mixin.py:190} INFO - [2025-02-23T04:51:48.731+0000] {dagbag.py:588} INFO - Filling up the DagBag from /home/airflow/.local/lib/python3.12/site-packages/airflow/example_dags/example_external_task_marker_dag.py
[2025-02-23T04:51:48.740+0000] {processor.py:925} INFO - DAG(s) 'example_external_task_marker_child', 'example_external_task_marker_parent' retrieved from /home/airflow/.local/lib/python3.12/site-packages/airflow/example_dags/example_external_task_marker_dag.py
[2025-02-23T04:51:48.764+0000] {logging_mixin.py:190} INFO - [2025-02-23T04:51:48.763+0000] {dag.py:3239} INFO - Sync 2 DAGs
[2025-02-23T04:51:48.779+0000] {logging_mixin.py:190} INFO - [2025-02-23T04:51:48.779+0000] {dag.py:4180} INFO - Setting next_dagrun for example_external_task_marker_child to None, run_after=None
[2025-02-23T04:51:48.783+0000] {logging_mixin.py:190} INFO - [2025-02-23T04:51:48.782+0000] {dag.py:4180} INFO - Setting next_dagrun for example_external_task_marker_parent to None, run_after=None
[2025-02-23T04:51:48.798+0000] {processor.py:208} INFO - Processing /home/airflow/.local/lib/python3.12/site-packages/airflow/example_dags/example_external_task_marker_dag.py took 0.076 seconds
[2025-02-23T04:52:18.935+0000] {processor.py:186} INFO - Started process (PID=640) to work on /home/airflow/.local/lib/python3.12/site-packages/airflow/example_dags/example_external_task_marker_dag.py
[2025-02-23T04:52:18.936+0000] {processor.py:914} INFO - Processing file /home/airflow/.local/lib/python3.12/site-packages/airflow/example_dags/example_external_task_marker_dag.py for tasks to queue
[2025-02-23T04:52:18.937+0000] {logging_mixin.py:190} INFO - [2025-02-23T04:52:18.937+0000] {dagbag.py:588} INFO - Filling up the DagBag from /home/airflow/.local/lib/python3.12/site-packages/airflow/example_dags/example_external_task_marker_dag.py
[2025-02-23T04:52:18.944+0000] {processor.py:925} INFO - DAG(s) 'example_external_task_marker_child', 'example_external_task_marker_parent' retrieved from /home/airflow/.local/lib/python3.12/site-packages/airflow/example_dags/example_external_task_marker_dag.py
[2025-02-23T04:52:18.964+0000] {logging_mixin.py:190} INFO - [2025-02-23T04:52:18.963+0000] {dag.py:3239} INFO - Sync 2 DAGs
[2025-02-23T04:52:18.980+0000] {logging_mixin.py:190} INFO - [2025-02-23T04:52:18.979+0000] {dag.py:4180} INFO - Setting next_dagrun for example_external_task_marker_child to None, run_after=None
[2025-02-23T04:52:18.983+0000] {logging_mixin.py:190} INFO - [2025-02-23T04:52:18.983+0000] {dag.py:4180} INFO - Setting next_dagrun for example_external_task_marker_parent to None, run_after=None
[2025-02-23T04:52:18.995+0000] {processor.py:208} INFO - Processing /home/airflow/.local/lib/python3.12/site-packages/airflow/example_dags/example_external_task_marker_dag.py took 0.065 seconds
[2025-02-23T04:52:49.077+0000] {processor.py:186} INFO - Started process (PID=703) to work on /home/airflow/.local/lib/python3.12/site-packages/airflow/example_dags/example_external_task_marker_dag.py
[2025-02-23T04:52:49.078+0000] {processor.py:914} INFO - Processing file /home/airflow/.local/lib/python3.12/site-packages/airflow/example_dags/example_external_task_marker_dag.py for tasks to queue
[2025-02-23T04:52:49.079+0000] {logging_mixin.py:190} INFO - [2025-02-23T04:52:49.079+0000] {dagbag.py:588} INFO - Filling up the DagBag from /home/airflow/.local/lib/python3.12/site-packages/airflow/example_dags/example_external_task_marker_dag.py
[2025-02-23T04:52:49.086+0000] {processor.py:925} INFO - DAG(s) 'example_external_task_marker_parent', 'example_external_task_marker_child' retrieved from /home/airflow/.local/lib/python3.12/site-packages/airflow/example_dags/example_external_task_marker_dag.py
[2025-02-23T04:52:49.107+0000] {logging_mixin.py:190} INFO - [2025-02-23T04:52:49.106+0000] {dag.py:3239} INFO - Sync 2 DAGs
[2025-02-23T04:52:49.122+0000] {logging_mixin.py:190} INFO - [2025-02-23T04:52:49.122+0000] {dag.py:4180} INFO - Setting next_dagrun for example_external_task_marker_child to None, run_after=None
[2025-02-23T04:52:49.125+0000] {logging_mixin.py:190} INFO - [2025-02-23T04:52:49.125+0000] {dag.py:4180} INFO - Setting next_dagrun for example_external_task_marker_parent to None, run_after=None
[2025-02-23T04:52:49.137+0000] {processor.py:208} INFO - Processing /home/airflow/.local/lib/python3.12/site-packages/airflow/example_dags/example_external_task_marker_dag.py took 0.063 seconds
[2025-02-23T04:53:19.575+0000] {processor.py:186} INFO - Started process (PID=766) to work on /home/airflow/.local/lib/python3.12/site-packages/airflow/example_dags/example_external_task_marker_dag.py
[2025-02-23T04:53:19.576+0000] {processor.py:914} INFO - Processing file /home/airflow/.local/lib/python3.12/site-packages/airflow/example_dags/example_external_task_marker_dag.py for tasks to queue
[2025-02-23T04:53:19.578+0000] {logging_mixin.py:190} INFO - [2025-02-23T04:53:19.578+0000] {dagbag.py:588} INFO - Filling up the DagBag from /home/airflow/.local/lib/python3.12/site-packages/airflow/example_dags/example_external_task_marker_dag.py
[2025-02-23T04:53:19.584+0000] {processor.py:925} INFO - DAG(s) 'example_external_task_marker_parent', 'example_external_task_marker_child' retrieved from /home/airflow/.local/lib/python3.12/site-packages/airflow/example_dags/example_external_task_marker_dag.py
[2025-02-23T04:53:19.603+0000] {logging_mixin.py:190} INFO - [2025-02-23T04:53:19.603+0000] {dag.py:3239} INFO - Sync 2 DAGs
[2025-02-23T04:53:19.616+0000] {logging_mixin.py:190} INFO - [2025-02-23T04:53:19.616+0000] {dag.py:4180} INFO - Setting next_dagrun for example_external_task_marker_child to None, run_after=None
[2025-02-23T04:53:19.619+0000] {logging_mixin.py:190} INFO - [2025-02-23T04:53:19.619+0000] {dag.py:4180} INFO - Setting next_dagrun for example_external_task_marker_parent to None, run_after=None
[2025-02-23T04:53:19.631+0000] {processor.py:208} INFO - Processing /home/airflow/.local/lib/python3.12/site-packages/airflow/example_dags/example_external_task_marker_dag.py took 0.060 seconds
[2025-02-23T04:53:49.740+0000] {processor.py:186} INFO - Started process (PID=830) to work on /home/airflow/.local/lib/python3.12/site-packages/airflow/example_dags/example_external_task_marker_dag.py
[2025-02-23T04:53:49.741+0000] {processor.py:914} INFO - Processing file /home/airflow/.local/lib/python3.12/site-packages/airflow/example_dags/example_external_task_marker_dag.py for tasks to queue
[2025-02-23T04:53:49.743+0000] {logging_mixin.py:190} INFO - [2025-02-23T04:53:49.743+0000] {dagbag.py:588} INFO - Filling up the DagBag from /home/airflow/.local/lib/python3.12/site-packages/airflow/example_dags/example_external_task_marker_dag.py
[2025-02-23T04:53:49.751+0000] {processor.py:925} INFO - DAG(s) 'example_external_task_marker_child', 'example_external_task_marker_parent' retrieved from /home/airflow/.local/lib/python3.12/site-packages/airflow/example_dags/example_external_task_marker_dag.py
[2025-02-23T04:53:49.775+0000] {logging_mixin.py:190} INFO - [2025-02-23T04:53:49.774+0000] {dag.py:3239} INFO - Sync 2 DAGs
[2025-02-23T04:53:49.790+0000] {logging_mixin.py:190} INFO - [2025-02-23T04:53:49.789+0000] {dag.py:4180} INFO - Setting next_dagrun for example_external_task_marker_child to None, run_after=None
[2025-02-23T04:53:49.792+0000] {logging_mixin.py:190} INFO - [2025-02-23T04:53:49.792+0000] {dag.py:4180} INFO - Setting next_dagrun for example_external_task_marker_parent to None, run_after=None
[2025-02-23T04:53:49.806+0000] {processor.py:208} INFO - Processing /home/airflow/.local/lib/python3.12/site-packages/airflow/example_dags/example_external_task_marker_dag.py took 0.071 seconds
[2025-02-23T04:54:19.917+0000] {processor.py:186} INFO - Started process (PID=893) to work on /home/airflow/.local/lib/python3.12/site-packages/airflow/example_dags/example_external_task_marker_dag.py
[2025-02-23T04:54:19.918+0000] {processor.py:914} INFO - Processing file /home/airflow/.local/lib/python3.12/site-packages/airflow/example_dags/example_external_task_marker_dag.py for tasks to queue
[2025-02-23T04:54:19.920+0000] {logging_mixin.py:190} INFO - [2025-02-23T04:54:19.919+0000] {dagbag.py:588} INFO - Filling up the DagBag from /home/airflow/.local/lib/python3.12/site-packages/airflow/example_dags/example_external_task_marker_dag.py
[2025-02-23T04:54:19.926+0000] {processor.py:925} INFO - DAG(s) 'example_external_task_marker_parent', 'example_external_task_marker_child' retrieved from /home/airflow/.local/lib/python3.12/site-packages/airflow/example_dags/example_external_task_marker_dag.py
[2025-02-23T04:54:19.942+0000] {logging_mixin.py:190} INFO - [2025-02-23T04:54:19.942+0000] {dag.py:3239} INFO - Sync 2 DAGs
[2025-02-23T04:54:19.953+0000] {logging_mixin.py:190} INFO - [2025-02-23T04:54:19.953+0000] {dag.py:4180} INFO - Setting next_dagrun for example_external_task_marker_child to None, run_after=None
[2025-02-23T04:54:19.956+0000] {logging_mixin.py:190} INFO - [2025-02-23T04:54:19.956+0000] {dag.py:4180} INFO - Setting next_dagrun for example_external_task_marker_parent to None, run_after=None
[2025-02-23T04:54:19.967+0000] {processor.py:208} INFO - Processing /home/airflow/.local/lib/python3.12/site-packages/airflow/example_dags/example_external_task_marker_dag.py took 0.054 seconds
[2025-02-23T04:54:50.072+0000] {processor.py:186} INFO - Started process (PID=956) to work on /home/airflow/.local/lib/python3.12/site-packages/airflow/example_dags/example_external_task_marker_dag.py
[2025-02-23T04:54:50.072+0000] {processor.py:914} INFO - Processing file /home/airflow/.local/lib/python3.12/site-packages/airflow/example_dags/example_external_task_marker_dag.py for tasks to queue
[2025-02-23T04:54:50.074+0000] {logging_mixin.py:190} INFO - [2025-02-23T04:54:50.074+0000] {dagbag.py:588} INFO - Filling up the DagBag from /home/airflow/.local/lib/python3.12/site-packages/airflow/example_dags/example_external_task_marker_dag.py
[2025-02-23T04:54:50.080+0000] {processor.py:925} INFO - DAG(s) 'example_external_task_marker_parent', 'example_external_task_marker_child' retrieved from /home/airflow/.local/lib/python3.12/site-packages/airflow/example_dags/example_external_task_marker_dag.py
[2025-02-23T04:54:50.099+0000] {logging_mixin.py:190} INFO - [2025-02-23T04:54:50.099+0000] {dag.py:3239} INFO - Sync 2 DAGs
[2025-02-23T04:54:50.113+0000] {logging_mixin.py:190} INFO - [2025-02-23T04:54:50.113+0000] {dag.py:4180} INFO - Setting next_dagrun for example_external_task_marker_child to None, run_after=None
[2025-02-23T04:54:50.117+0000] {logging_mixin.py:190} INFO - [2025-02-23T04:54:50.117+0000] {dag.py:4180} INFO - Setting next_dagrun for example_external_task_marker_parent to None, run_after=None
[2025-02-23T04:54:50.129+0000] {processor.py:208} INFO - Processing /home/airflow/.local/lib/python3.12/site-packages/airflow/example_dags/example_external_task_marker_dag.py took 0.062 seconds
[2025-02-23T04:55:20.294+0000] {processor.py:186} INFO - Started process (PID=1019) to work on /home/airflow/.local/lib/python3.12/site-packages/airflow/example_dags/example_external_task_marker_dag.py
[2025-02-23T04:55:20.294+0000] {processor.py:914} INFO - Processing file /home/airflow/.local/lib/python3.12/site-packages/airflow/example_dags/example_external_task_marker_dag.py for tasks to queue
[2025-02-23T04:55:20.296+0000] {logging_mixin.py:190} INFO - [2025-02-23T04:55:20.295+0000] {dagbag.py:588} INFO - Filling up the DagBag from /home/airflow/.local/lib/python3.12/site-packages/airflow/example_dags/example_external_task_marker_dag.py
[2025-02-23T04:55:20.302+0000] {processor.py:925} INFO - DAG(s) 'example_external_task_marker_parent', 'example_external_task_marker_child' retrieved from /home/airflow/.local/lib/python3.12/site-packages/airflow/example_dags/example_external_task_marker_dag.py
[2025-02-23T04:55:20.322+0000] {logging_mixin.py:190} INFO - [2025-02-23T04:55:20.321+0000] {dag.py:3239} INFO - Sync 2 DAGs
[2025-02-23T04:55:20.337+0000] {logging_mixin.py:190} INFO - [2025-02-23T04:55:20.337+0000] {dag.py:4180} INFO - Setting next_dagrun for example_external_task_marker_child to None, run_after=None
[2025-02-23T04:55:20.341+0000] {logging_mixin.py:190} INFO - [2025-02-23T04:55:20.341+0000] {dag.py:4180} INFO - Setting next_dagrun for example_external_task_marker_parent to None, run_after=None
[2025-02-23T04:55:20.356+0000] {processor.py:208} INFO - Processing /home/airflow/.local/lib/python3.12/site-packages/airflow/example_dags/example_external_task_marker_dag.py took 0.067 seconds
[2025-02-23T04:55:50.592+0000] {processor.py:186} INFO - Started process (PID=1082) to work on /home/airflow/.local/lib/python3.12/site-packages/airflow/example_dags/example_external_task_marker_dag.py
[2025-02-23T04:55:50.592+0000] {processor.py:914} INFO - Processing file /home/airflow/.local/lib/python3.12/site-packages/airflow/example_dags/example_external_task_marker_dag.py for tasks to queue
[2025-02-23T04:55:50.595+0000] {logging_mixin.py:190} INFO - [2025-02-23T04:55:50.594+0000] {dagbag.py:588} INFO - Filling up the DagBag from /home/airflow/.local/lib/python3.12/site-packages/airflow/example_dags/example_external_task_marker_dag.py
[2025-02-23T04:55:50.603+0000] {processor.py:925} INFO - DAG(s) 'example_external_task_marker_parent', 'example_external_task_marker_child' retrieved from /home/airflow/.local/lib/python3.12/site-packages/airflow/example_dags/example_external_task_marker_dag.py
[2025-02-23T04:55:50.622+0000] {logging_mixin.py:190} INFO - [2025-02-23T04:55:50.622+0000] {dag.py:3239} INFO - Sync 2 DAGs
[2025-02-23T04:55:50.633+0000] {logging_mixin.py:190} INFO - [2025-02-23T04:55:50.633+0000] {dag.py:4180} INFO - Setting next_dagrun for example_external_task_marker_child to None, run_after=None
[2025-02-23T04:55:50.636+0000] {logging_mixin.py:190} INFO - [2025-02-23T04:55:50.636+0000] {dag.py:4180} INFO - Setting next_dagrun for example_external_task_marker_parent to None, run_after=None
[2025-02-23T04:55:50.648+0000] {processor.py:208} INFO - Processing /home/airflow/.local/lib/python3.12/site-packages/airflow/example_dags/example_external_task_marker_dag.py took 0.062 seconds
[2025-02-23T04:56:20.773+0000] {processor.py:186} INFO - Started process (PID=1145) to work on /home/airflow/.local/lib/python3.12/site-packages/airflow/example_dags/example_external_task_marker_dag.py
[2025-02-23T04:56:20.774+0000] {processor.py:914} INFO - Processing file /home/airflow/.local/lib/python3.12/site-packages/airflow/example_dags/example_external_task_marker_dag.py for tasks to queue
[2025-02-23T04:56:20.776+0000] {logging_mixin.py:190} INFO - [2025-02-23T04:56:20.776+0000] {dagbag.py:588} INFO - Filling up the DagBag from /home/airflow/.local/lib/python3.12/site-packages/airflow/example_dags/example_external_task_marker_dag.py
[2025-02-23T04:56:20.784+0000] {processor.py:925} INFO - DAG(s) 'example_external_task_marker_parent', 'example_external_task_marker_child' retrieved from /home/airflow/.local/lib/python3.12/site-packages/airflow/example_dags/example_external_task_marker_dag.py
[2025-02-23T04:56:20.802+0000] {logging_mixin.py:190} INFO - [2025-02-23T04:56:20.802+0000] {dag.py:3239} INFO - Sync 2 DAGs
[2025-02-23T04:56:20.819+0000] {logging_mixin.py:190} INFO - [2025-02-23T04:56:20.819+0000] {dag.py:4180} INFO - Setting next_dagrun for example_external_task_marker_child to None, run_after=None
[2025-02-23T04:56:20.822+0000] {logging_mixin.py:190} INFO - [2025-02-23T04:56:20.822+0000] {dag.py:4180} INFO - Setting next_dagrun for example_external_task_marker_parent to None, run_after=None
[2025-02-23T04:56:20.836+0000] {processor.py:208} INFO - Processing /home/airflow/.local/lib/python3.12/site-packages/airflow/example_dags/example_external_task_marker_dag.py took 0.068 seconds
[2025-02-23T04:56:51.028+0000] {processor.py:186} INFO - Started process (PID=1208) to work on /home/airflow/.local/lib/python3.12/site-packages/airflow/example_dags/example_external_task_marker_dag.py
[2025-02-23T04:56:51.029+0000] {processor.py:914} INFO - Processing file /home/airflow/.local/lib/python3.12/site-packages/airflow/example_dags/example_external_task_marker_dag.py for tasks to queue
[2025-02-23T04:56:51.031+0000] {logging_mixin.py:190} INFO - [2025-02-23T04:56:51.030+0000] {dagbag.py:588} INFO - Filling up the DagBag from /home/airflow/.local/lib/python3.12/site-packages/airflow/example_dags/example_external_task_marker_dag.py
[2025-02-23T04:56:51.037+0000] {processor.py:925} INFO - DAG(s) 'example_external_task_marker_parent', 'example_external_task_marker_child' retrieved from /home/airflow/.local/lib/python3.12/site-packages/airflow/example_dags/example_external_task_marker_dag.py
[2025-02-23T04:56:51.053+0000] {logging_mixin.py:190} INFO - [2025-02-23T04:56:51.053+0000] {dag.py:3239} INFO - Sync 2 DAGs
[2025-02-23T04:56:51.067+0000] {logging_mixin.py:190} INFO - [2025-02-23T04:56:51.067+0000] {dag.py:4180} INFO - Setting next_dagrun for example_external_task_marker_child to None, run_after=None
[2025-02-23T04:56:51.070+0000] {logging_mixin.py:190} INFO - [2025-02-23T04:56:51.070+0000] {dag.py:4180} INFO - Setting next_dagrun for example_external_task_marker_parent to None, run_after=None
[2025-02-23T04:56:51.081+0000] {processor.py:208} INFO - Processing /home/airflow/.local/lib/python3.12/site-packages/airflow/example_dags/example_external_task_marker_dag.py took 0.057 seconds
[2025-02-23T04:57:21.297+0000] {processor.py:186} INFO - Started process (PID=1271) to work on /home/airflow/.local/lib/python3.12/site-packages/airflow/example_dags/example_external_task_marker_dag.py
[2025-02-23T04:57:21.298+0000] {processor.py:914} INFO - Processing file /home/airflow/.local/lib/python3.12/site-packages/airflow/example_dags/example_external_task_marker_dag.py for tasks to queue
[2025-02-23T04:57:21.299+0000] {logging_mixin.py:190} INFO - [2025-02-23T04:57:21.299+0000] {dagbag.py:588} INFO - Filling up the DagBag from /home/airflow/.local/lib/python3.12/site-packages/airflow/example_dags/example_external_task_marker_dag.py
[2025-02-23T04:57:21.306+0000] {processor.py:925} INFO - DAG(s) 'example_external_task_marker_parent', 'example_external_task_marker_child' retrieved from /home/airflow/.local/lib/python3.12/site-packages/airflow/example_dags/example_external_task_marker_dag.py
[2025-02-23T04:57:21.322+0000] {logging_mixin.py:190} INFO - [2025-02-23T04:57:21.322+0000] {dag.py:3239} INFO - Sync 2 DAGs
[2025-02-23T04:57:21.334+0000] {logging_mixin.py:190} INFO - [2025-02-23T04:57:21.334+0000] {dag.py:4180} INFO - Setting next_dagrun for example_external_task_marker_child to None, run_after=None
[2025-02-23T04:57:21.337+0000] {logging_mixin.py:190} INFO - [2025-02-23T04:57:21.337+0000] {dag.py:4180} INFO - Setting next_dagrun for example_external_task_marker_parent to None, run_after=None
[2025-02-23T04:57:21.348+0000] {processor.py:208} INFO - Processing /home/airflow/.local/lib/python3.12/site-packages/airflow/example_dags/example_external_task_marker_dag.py took 0.055 seconds
[2025-02-23T04:57:51.868+0000] {processor.py:186} INFO - Started process (PID=1335) to work on /home/airflow/.local/lib/python3.12/site-packages/airflow/example_dags/example_external_task_marker_dag.py
[2025-02-23T04:57:51.868+0000] {processor.py:914} INFO - Processing file /home/airflow/.local/lib/python3.12/site-packages/airflow/example_dags/example_external_task_marker_dag.py for tasks to queue
[2025-02-23T04:57:51.870+0000] {logging_mixin.py:190} INFO - [2025-02-23T04:57:51.870+0000] {dagbag.py:588} INFO - Filling up the DagBag from /home/airflow/.local/lib/python3.12/site-packages/airflow/example_dags/example_external_task_marker_dag.py
[2025-02-23T04:57:51.877+0000] {processor.py:925} INFO - DAG(s) 'example_external_task_marker_parent', 'example_external_task_marker_child' retrieved from /home/airflow/.local/lib/python3.12/site-packages/airflow/example_dags/example_external_task_marker_dag.py
[2025-02-23T04:57:51.900+0000] {logging_mixin.py:190} INFO - [2025-02-23T04:57:51.900+0000] {dag.py:3239} INFO - Sync 2 DAGs
[2025-02-23T04:57:51.918+0000] {logging_mixin.py:190} INFO - [2025-02-23T04:57:51.918+0000] {dag.py:4180} INFO - Setting next_dagrun for example_external_task_marker_child to None, run_after=None
[2025-02-23T04:57:51.922+0000] {logging_mixin.py:190} INFO - [2025-02-23T04:57:51.922+0000] {dag.py:4180} INFO - Setting next_dagrun for example_external_task_marker_parent to None, run_after=None
[2025-02-23T04:57:51.939+0000] {processor.py:208} INFO - Processing /home/airflow/.local/lib/python3.12/site-packages/airflow/example_dags/example_external_task_marker_dag.py took 0.076 seconds
[2025-02-23T04:58:22.334+0000] {processor.py:186} INFO - Started process (PID=1398) to work on /home/airflow/.local/lib/python3.12/site-packages/airflow/example_dags/example_external_task_marker_dag.py
[2025-02-23T04:58:22.334+0000] {processor.py:914} INFO - Processing file /home/airflow/.local/lib/python3.12/site-packages/airflow/example_dags/example_external_task_marker_dag.py for tasks to queue
[2025-02-23T04:58:22.336+0000] {logging_mixin.py:190} INFO - [2025-02-23T04:58:22.335+0000] {dagbag.py:588} INFO - Filling up the DagBag from /home/airflow/.local/lib/python3.12/site-packages/airflow/example_dags/example_external_task_marker_dag.py
[2025-02-23T04:58:22.342+0000] {processor.py:925} INFO - DAG(s) 'example_external_task_marker_child', 'example_external_task_marker_parent' retrieved from /home/airflow/.local/lib/python3.12/site-packages/airflow/example_dags/example_external_task_marker_dag.py
[2025-02-23T04:58:22.359+0000] {logging_mixin.py:190} INFO - [2025-02-23T04:58:22.359+0000] {dag.py:3239} INFO - Sync 2 DAGs
[2025-02-23T04:58:22.370+0000] {logging_mixin.py:190} INFO - [2025-02-23T04:58:22.370+0000] {dag.py:4180} INFO - Setting next_dagrun for example_external_task_marker_child to None, run_after=None
[2025-02-23T04:58:22.373+0000] {logging_mixin.py:190} INFO - [2025-02-23T04:58:22.373+0000] {dag.py:4180} INFO - Setting next_dagrun for example_external_task_marker_parent to None, run_after=None
[2025-02-23T04:58:22.384+0000] {processor.py:208} INFO - Processing /home/airflow/.local/lib/python3.12/site-packages/airflow/example_dags/example_external_task_marker_dag.py took 0.054 seconds
