[2025-02-23T04:47:49.608+0000] {processor.py:186} INFO - Started process (PID=91) to work on /home/airflow/.local/lib/python3.12/site-packages/airflow/example_dags/example_complex.py
[2025-02-23T04:47:49.608+0000] {processor.py:914} INFO - Processing file /home/airflow/.local/lib/python3.12/site-packages/airflow/example_dags/example_complex.py for tasks to queue
[2025-02-23T04:47:49.611+0000] {logging_mixin.py:190} INFO - [2025-02-23T04:47:49.610+0000] {dagbag.py:588} INFO - Filling up the DagBag from /home/airflow/.local/lib/python3.12/site-packages/airflow/example_dags/example_complex.py
[2025-02-23T04:47:49.628+0000] {processor.py:925} INFO - DAG(s) 'example_complex' retrieved from /home/airflow/.local/lib/python3.12/site-packages/airflow/example_dags/example_complex.py
[2025-02-23T04:47:49.850+0000] {logging_mixin.py:190} INFO - [2025-02-23T04:47:49.849+0000] {override.py:1911} INFO - Created Permission View: can delete on DAG:example_complex
[2025-02-23T04:47:49.860+0000] {logging_mixin.py:190} INFO - [2025-02-23T04:47:49.859+0000] {override.py:1911} INFO - Created Permission View: can edit on DAG:example_complex
[2025-02-23T04:47:49.865+0000] {logging_mixin.py:190} INFO - [2025-02-23T04:47:49.865+0000] {override.py:1911} INFO - Created Permission View: can read on DAG:example_complex
[2025-02-23T04:47:49.877+0000] {logging_mixin.py:190} INFO - [2025-02-23T04:47:49.877+0000] {override.py:1911} INFO - Created Permission View: can create on DAG Run:example_complex
[2025-02-23T04:47:49.882+0000] {logging_mixin.py:190} INFO - [2025-02-23T04:47:49.882+0000] {override.py:1911} INFO - Created Permission View: menu access on DAG Run:example_complex
[2025-02-23T04:47:49.888+0000] {logging_mixin.py:190} INFO - [2025-02-23T04:47:49.888+0000] {override.py:1911} INFO - Created Permission View: can delete on DAG Run:example_complex
[2025-02-23T04:47:49.893+0000] {logging_mixin.py:190} INFO - [2025-02-23T04:47:49.893+0000] {override.py:1911} INFO - Created Permission View: can read on DAG Run:example_complex
[2025-02-23T04:47:49.894+0000] {logging_mixin.py:190} INFO - [2025-02-23T04:47:49.893+0000] {dag.py:3239} INFO - Sync 1 DAGs
[2025-02-23T04:47:49.909+0000] {logging_mixin.py:190} INFO - [2025-02-23T04:47:49.908+0000] {dag.py:3262} INFO - Creating ORM DAG for example_complex
[2025-02-23T04:47:49.910+0000] {logging_mixin.py:190} INFO - [2025-02-23T04:47:49.909+0000] {dag.py:4180} INFO - Setting next_dagrun for example_complex to None, run_after=None
[2025-02-23T04:47:49.929+0000] {processor.py:208} INFO - Processing /home/airflow/.local/lib/python3.12/site-packages/airflow/example_dags/example_complex.py took 0.328 seconds
[2025-02-23T04:48:20.850+0000] {processor.py:186} INFO - Started process (PID=153) to work on /home/airflow/.local/lib/python3.12/site-packages/airflow/example_dags/example_complex.py
[2025-02-23T04:48:20.850+0000] {processor.py:914} INFO - Processing file /home/airflow/.local/lib/python3.12/site-packages/airflow/example_dags/example_complex.py for tasks to queue
[2025-02-23T04:48:20.852+0000] {logging_mixin.py:190} INFO - [2025-02-23T04:48:20.852+0000] {dagbag.py:588} INFO - Filling up the DagBag from /home/airflow/.local/lib/python3.12/site-packages/airflow/example_dags/example_complex.py
[2025-02-23T04:48:20.861+0000] {processor.py:925} INFO - DAG(s) 'example_complex' retrieved from /home/airflow/.local/lib/python3.12/site-packages/airflow/example_dags/example_complex.py
[2025-02-23T04:48:20.885+0000] {logging_mixin.py:190} INFO - [2025-02-23T04:48:20.885+0000] {dag.py:3239} INFO - Sync 1 DAGs
[2025-02-23T04:48:20.897+0000] {logging_mixin.py:190} INFO - [2025-02-23T04:48:20.897+0000] {dag.py:4180} INFO - Setting next_dagrun for example_complex to None, run_after=None
[2025-02-23T04:48:20.910+0000] {processor.py:208} INFO - Processing /home/airflow/.local/lib/python3.12/site-packages/airflow/example_dags/example_complex.py took 0.064 seconds
[2025-02-23T04:48:51.218+0000] {processor.py:186} INFO - Started process (PID=216) to work on /home/airflow/.local/lib/python3.12/site-packages/airflow/example_dags/example_complex.py
[2025-02-23T04:48:51.219+0000] {processor.py:914} INFO - Processing file /home/airflow/.local/lib/python3.12/site-packages/airflow/example_dags/example_complex.py for tasks to queue
[2025-02-23T04:48:51.221+0000] {logging_mixin.py:190} INFO - [2025-02-23T04:48:51.221+0000] {dagbag.py:588} INFO - Filling up the DagBag from /home/airflow/.local/lib/python3.12/site-packages/airflow/example_dags/example_complex.py
[2025-02-23T04:48:51.235+0000] {processor.py:925} INFO - DAG(s) 'example_complex' retrieved from /home/airflow/.local/lib/python3.12/site-packages/airflow/example_dags/example_complex.py
[2025-02-23T04:48:51.263+0000] {logging_mixin.py:190} INFO - [2025-02-23T04:48:51.262+0000] {dag.py:3239} INFO - Sync 1 DAGs
[2025-02-23T04:48:51.274+0000] {logging_mixin.py:190} INFO - [2025-02-23T04:48:51.273+0000] {dag.py:4180} INFO - Setting next_dagrun for example_complex to None, run_after=None
[2025-02-23T04:48:51.288+0000] {processor.py:208} INFO - Processing /home/airflow/.local/lib/python3.12/site-packages/airflow/example_dags/example_complex.py took 0.075 seconds
[2025-02-23T04:49:21.619+0000] {processor.py:186} INFO - Started process (PID=279) to work on /home/airflow/.local/lib/python3.12/site-packages/airflow/example_dags/example_complex.py
[2025-02-23T04:49:21.619+0000] {processor.py:914} INFO - Processing file /home/airflow/.local/lib/python3.12/site-packages/airflow/example_dags/example_complex.py for tasks to queue
[2025-02-23T04:49:21.621+0000] {logging_mixin.py:190} INFO - [2025-02-23T04:49:21.621+0000] {dagbag.py:588} INFO - Filling up the DagBag from /home/airflow/.local/lib/python3.12/site-packages/airflow/example_dags/example_complex.py
[2025-02-23T04:49:21.630+0000] {processor.py:925} INFO - DAG(s) 'example_complex' retrieved from /home/airflow/.local/lib/python3.12/site-packages/airflow/example_dags/example_complex.py
[2025-02-23T04:49:21.655+0000] {logging_mixin.py:190} INFO - [2025-02-23T04:49:21.655+0000] {dag.py:3239} INFO - Sync 1 DAGs
[2025-02-23T04:49:21.666+0000] {logging_mixin.py:190} INFO - [2025-02-23T04:49:21.666+0000] {dag.py:4180} INFO - Setting next_dagrun for example_complex to None, run_after=None
[2025-02-23T04:49:21.679+0000] {processor.py:208} INFO - Processing /home/airflow/.local/lib/python3.12/site-packages/airflow/example_dags/example_complex.py took 0.065 seconds
[2025-02-23T04:49:51.756+0000] {processor.py:186} INFO - Started process (PID=341) to work on /home/airflow/.local/lib/python3.12/site-packages/airflow/example_dags/example_complex.py
[2025-02-23T04:49:51.757+0000] {processor.py:914} INFO - Processing file /home/airflow/.local/lib/python3.12/site-packages/airflow/example_dags/example_complex.py for tasks to queue
[2025-02-23T04:49:51.758+0000] {logging_mixin.py:190} INFO - [2025-02-23T04:49:51.758+0000] {dagbag.py:588} INFO - Filling up the DagBag from /home/airflow/.local/lib/python3.12/site-packages/airflow/example_dags/example_complex.py
[2025-02-23T04:49:51.768+0000] {processor.py:925} INFO - DAG(s) 'example_complex' retrieved from /home/airflow/.local/lib/python3.12/site-packages/airflow/example_dags/example_complex.py
[2025-02-23T04:49:51.791+0000] {logging_mixin.py:190} INFO - [2025-02-23T04:49:51.791+0000] {dag.py:3239} INFO - Sync 1 DAGs
[2025-02-23T04:49:51.802+0000] {logging_mixin.py:190} INFO - [2025-02-23T04:49:51.802+0000] {dag.py:4180} INFO - Setting next_dagrun for example_complex to None, run_after=None
[2025-02-23T04:49:51.816+0000] {processor.py:208} INFO - Processing /home/airflow/.local/lib/python3.12/site-packages/airflow/example_dags/example_complex.py took 0.064 seconds
[2025-02-23T04:50:22.066+0000] {processor.py:186} INFO - Started process (PID=404) to work on /home/airflow/.local/lib/python3.12/site-packages/airflow/example_dags/example_complex.py
[2025-02-23T04:50:22.067+0000] {processor.py:914} INFO - Processing file /home/airflow/.local/lib/python3.12/site-packages/airflow/example_dags/example_complex.py for tasks to queue
[2025-02-23T04:50:22.068+0000] {logging_mixin.py:190} INFO - [2025-02-23T04:50:22.068+0000] {dagbag.py:588} INFO - Filling up the DagBag from /home/airflow/.local/lib/python3.12/site-packages/airflow/example_dags/example_complex.py
[2025-02-23T04:50:22.080+0000] {processor.py:925} INFO - DAG(s) 'example_complex' retrieved from /home/airflow/.local/lib/python3.12/site-packages/airflow/example_dags/example_complex.py
[2025-02-23T04:50:22.102+0000] {logging_mixin.py:190} INFO - [2025-02-23T04:50:22.102+0000] {dag.py:3239} INFO - Sync 1 DAGs
[2025-02-23T04:50:22.113+0000] {logging_mixin.py:190} INFO - [2025-02-23T04:50:22.113+0000] {dag.py:4180} INFO - Setting next_dagrun for example_complex to None, run_after=None
[2025-02-23T04:50:22.125+0000] {processor.py:208} INFO - Processing /home/airflow/.local/lib/python3.12/site-packages/airflow/example_dags/example_complex.py took 0.063 seconds
[2025-02-23T04:50:52.547+0000] {processor.py:186} INFO - Started process (PID=467) to work on /home/airflow/.local/lib/python3.12/site-packages/airflow/example_dags/example_complex.py
[2025-02-23T04:50:52.547+0000] {processor.py:914} INFO - Processing file /home/airflow/.local/lib/python3.12/site-packages/airflow/example_dags/example_complex.py for tasks to queue
[2025-02-23T04:50:52.549+0000] {logging_mixin.py:190} INFO - [2025-02-23T04:50:52.549+0000] {dagbag.py:588} INFO - Filling up the DagBag from /home/airflow/.local/lib/python3.12/site-packages/airflow/example_dags/example_complex.py
[2025-02-23T04:50:52.559+0000] {processor.py:925} INFO - DAG(s) 'example_complex' retrieved from /home/airflow/.local/lib/python3.12/site-packages/airflow/example_dags/example_complex.py
[2025-02-23T04:50:52.582+0000] {logging_mixin.py:190} INFO - [2025-02-23T04:50:52.582+0000] {dag.py:3239} INFO - Sync 1 DAGs
[2025-02-23T04:50:52.593+0000] {logging_mixin.py:190} INFO - [2025-02-23T04:50:52.593+0000] {dag.py:4180} INFO - Setting next_dagrun for example_complex to None, run_after=None
[2025-02-23T04:50:52.606+0000] {processor.py:208} INFO - Processing /home/airflow/.local/lib/python3.12/site-packages/airflow/example_dags/example_complex.py took 0.065 seconds
[2025-02-23T04:51:23.105+0000] {processor.py:186} INFO - Started process (PID=530) to work on /home/airflow/.local/lib/python3.12/site-packages/airflow/example_dags/example_complex.py
[2025-02-23T04:51:23.106+0000] {processor.py:914} INFO - Processing file /home/airflow/.local/lib/python3.12/site-packages/airflow/example_dags/example_complex.py for tasks to queue
[2025-02-23T04:51:23.107+0000] {logging_mixin.py:190} INFO - [2025-02-23T04:51:23.107+0000] {dagbag.py:588} INFO - Filling up the DagBag from /home/airflow/.local/lib/python3.12/site-packages/airflow/example_dags/example_complex.py
[2025-02-23T04:51:23.117+0000] {processor.py:925} INFO - DAG(s) 'example_complex' retrieved from /home/airflow/.local/lib/python3.12/site-packages/airflow/example_dags/example_complex.py
[2025-02-23T04:51:23.140+0000] {logging_mixin.py:190} INFO - [2025-02-23T04:51:23.140+0000] {dag.py:3239} INFO - Sync 1 DAGs
[2025-02-23T04:51:23.150+0000] {logging_mixin.py:190} INFO - [2025-02-23T04:51:23.150+0000] {dag.py:4180} INFO - Setting next_dagrun for example_complex to None, run_after=None
[2025-02-23T04:51:23.165+0000] {processor.py:208} INFO - Processing /home/airflow/.local/lib/python3.12/site-packages/airflow/example_dags/example_complex.py took 0.064 seconds
[2025-02-23T04:51:53.434+0000] {processor.py:186} INFO - Started process (PID=593) to work on /home/airflow/.local/lib/python3.12/site-packages/airflow/example_dags/example_complex.py
[2025-02-23T04:51:53.435+0000] {processor.py:914} INFO - Processing file /home/airflow/.local/lib/python3.12/site-packages/airflow/example_dags/example_complex.py for tasks to queue
[2025-02-23T04:51:53.436+0000] {logging_mixin.py:190} INFO - [2025-02-23T04:51:53.436+0000] {dagbag.py:588} INFO - Filling up the DagBag from /home/airflow/.local/lib/python3.12/site-packages/airflow/example_dags/example_complex.py
[2025-02-23T04:51:53.445+0000] {processor.py:925} INFO - DAG(s) 'example_complex' retrieved from /home/airflow/.local/lib/python3.12/site-packages/airflow/example_dags/example_complex.py
[2025-02-23T04:51:53.469+0000] {logging_mixin.py:190} INFO - [2025-02-23T04:51:53.469+0000] {dag.py:3239} INFO - Sync 1 DAGs
[2025-02-23T04:51:53.480+0000] {logging_mixin.py:190} INFO - [2025-02-23T04:51:53.479+0000] {dag.py:4180} INFO - Setting next_dagrun for example_complex to None, run_after=None
[2025-02-23T04:51:53.496+0000] {processor.py:208} INFO - Processing /home/airflow/.local/lib/python3.12/site-packages/airflow/example_dags/example_complex.py took 0.066 seconds
[2025-02-23T04:52:23.668+0000] {processor.py:186} INFO - Started process (PID=656) to work on /home/airflow/.local/lib/python3.12/site-packages/airflow/example_dags/example_complex.py
[2025-02-23T04:52:23.669+0000] {processor.py:914} INFO - Processing file /home/airflow/.local/lib/python3.12/site-packages/airflow/example_dags/example_complex.py for tasks to queue
[2025-02-23T04:52:23.671+0000] {logging_mixin.py:190} INFO - [2025-02-23T04:52:23.670+0000] {dagbag.py:588} INFO - Filling up the DagBag from /home/airflow/.local/lib/python3.12/site-packages/airflow/example_dags/example_complex.py
[2025-02-23T04:52:23.680+0000] {processor.py:925} INFO - DAG(s) 'example_complex' retrieved from /home/airflow/.local/lib/python3.12/site-packages/airflow/example_dags/example_complex.py
[2025-02-23T04:52:23.703+0000] {logging_mixin.py:190} INFO - [2025-02-23T04:52:23.703+0000] {dag.py:3239} INFO - Sync 1 DAGs
[2025-02-23T04:52:23.714+0000] {logging_mixin.py:190} INFO - [2025-02-23T04:52:23.714+0000] {dag.py:4180} INFO - Setting next_dagrun for example_complex to None, run_after=None
[2025-02-23T04:52:23.727+0000] {processor.py:208} INFO - Processing /home/airflow/.local/lib/python3.12/site-packages/airflow/example_dags/example_complex.py took 0.062 seconds
[2025-02-23T04:52:53.790+0000] {processor.py:186} INFO - Started process (PID=719) to work on /home/airflow/.local/lib/python3.12/site-packages/airflow/example_dags/example_complex.py
[2025-02-23T04:52:53.791+0000] {processor.py:914} INFO - Processing file /home/airflow/.local/lib/python3.12/site-packages/airflow/example_dags/example_complex.py for tasks to queue
[2025-02-23T04:52:53.793+0000] {logging_mixin.py:190} INFO - [2025-02-23T04:52:53.792+0000] {dagbag.py:588} INFO - Filling up the DagBag from /home/airflow/.local/lib/python3.12/site-packages/airflow/example_dags/example_complex.py
[2025-02-23T04:52:53.802+0000] {processor.py:925} INFO - DAG(s) 'example_complex' retrieved from /home/airflow/.local/lib/python3.12/site-packages/airflow/example_dags/example_complex.py
[2025-02-23T04:52:53.824+0000] {logging_mixin.py:190} INFO - [2025-02-23T04:52:53.824+0000] {dag.py:3239} INFO - Sync 1 DAGs
[2025-02-23T04:52:53.835+0000] {logging_mixin.py:190} INFO - [2025-02-23T04:52:53.835+0000] {dag.py:4180} INFO - Setting next_dagrun for example_complex to None, run_after=None
[2025-02-23T04:52:53.847+0000] {processor.py:208} INFO - Processing /home/airflow/.local/lib/python3.12/site-packages/airflow/example_dags/example_complex.py took 0.061 seconds
[2025-02-23T04:53:24.247+0000] {processor.py:186} INFO - Started process (PID=782) to work on /home/airflow/.local/lib/python3.12/site-packages/airflow/example_dags/example_complex.py
[2025-02-23T04:53:24.248+0000] {processor.py:914} INFO - Processing file /home/airflow/.local/lib/python3.12/site-packages/airflow/example_dags/example_complex.py for tasks to queue
[2025-02-23T04:53:24.249+0000] {logging_mixin.py:190} INFO - [2025-02-23T04:53:24.249+0000] {dagbag.py:588} INFO - Filling up the DagBag from /home/airflow/.local/lib/python3.12/site-packages/airflow/example_dags/example_complex.py
[2025-02-23T04:53:24.258+0000] {processor.py:925} INFO - DAG(s) 'example_complex' retrieved from /home/airflow/.local/lib/python3.12/site-packages/airflow/example_dags/example_complex.py
[2025-02-23T04:53:24.281+0000] {logging_mixin.py:190} INFO - [2025-02-23T04:53:24.281+0000] {dag.py:3239} INFO - Sync 1 DAGs
[2025-02-23T04:53:24.291+0000] {logging_mixin.py:190} INFO - [2025-02-23T04:53:24.291+0000] {dag.py:4180} INFO - Setting next_dagrun for example_complex to None, run_after=None
[2025-02-23T04:53:24.305+0000] {processor.py:208} INFO - Processing /home/airflow/.local/lib/python3.12/site-packages/airflow/example_dags/example_complex.py took 0.062 seconds
[2025-02-23T04:53:54.501+0000] {processor.py:186} INFO - Started process (PID=846) to work on /home/airflow/.local/lib/python3.12/site-packages/airflow/example_dags/example_complex.py
[2025-02-23T04:53:54.502+0000] {processor.py:914} INFO - Processing file /home/airflow/.local/lib/python3.12/site-packages/airflow/example_dags/example_complex.py for tasks to queue
[2025-02-23T04:53:54.503+0000] {logging_mixin.py:190} INFO - [2025-02-23T04:53:54.503+0000] {dagbag.py:588} INFO - Filling up the DagBag from /home/airflow/.local/lib/python3.12/site-packages/airflow/example_dags/example_complex.py
[2025-02-23T04:53:54.512+0000] {processor.py:925} INFO - DAG(s) 'example_complex' retrieved from /home/airflow/.local/lib/python3.12/site-packages/airflow/example_dags/example_complex.py
[2025-02-23T04:53:54.535+0000] {logging_mixin.py:190} INFO - [2025-02-23T04:53:54.535+0000] {dag.py:3239} INFO - Sync 1 DAGs
[2025-02-23T04:53:54.546+0000] {logging_mixin.py:190} INFO - [2025-02-23T04:53:54.546+0000] {dag.py:4180} INFO - Setting next_dagrun for example_complex to None, run_after=None
[2025-02-23T04:53:54.559+0000] {processor.py:208} INFO - Processing /home/airflow/.local/lib/python3.12/site-packages/airflow/example_dags/example_complex.py took 0.062 seconds
[2025-02-23T04:54:24.590+0000] {processor.py:186} INFO - Started process (PID=909) to work on /home/airflow/.local/lib/python3.12/site-packages/airflow/example_dags/example_complex.py
[2025-02-23T04:54:24.591+0000] {processor.py:914} INFO - Processing file /home/airflow/.local/lib/python3.12/site-packages/airflow/example_dags/example_complex.py for tasks to queue
[2025-02-23T04:54:24.592+0000] {logging_mixin.py:190} INFO - [2025-02-23T04:54:24.592+0000] {dagbag.py:588} INFO - Filling up the DagBag from /home/airflow/.local/lib/python3.12/site-packages/airflow/example_dags/example_complex.py
[2025-02-23T04:54:24.601+0000] {processor.py:925} INFO - DAG(s) 'example_complex' retrieved from /home/airflow/.local/lib/python3.12/site-packages/airflow/example_dags/example_complex.py
[2025-02-23T04:54:24.624+0000] {logging_mixin.py:190} INFO - [2025-02-23T04:54:24.624+0000] {dag.py:3239} INFO - Sync 1 DAGs
[2025-02-23T04:54:24.634+0000] {logging_mixin.py:190} INFO - [2025-02-23T04:54:24.634+0000] {dag.py:4180} INFO - Setting next_dagrun for example_complex to None, run_after=None
[2025-02-23T04:54:24.646+0000] {processor.py:208} INFO - Processing /home/airflow/.local/lib/python3.12/site-packages/airflow/example_dags/example_complex.py took 0.060 seconds
[2025-02-23T04:54:54.835+0000] {processor.py:186} INFO - Started process (PID=972) to work on /home/airflow/.local/lib/python3.12/site-packages/airflow/example_dags/example_complex.py
[2025-02-23T04:54:54.836+0000] {processor.py:914} INFO - Processing file /home/airflow/.local/lib/python3.12/site-packages/airflow/example_dags/example_complex.py for tasks to queue
[2025-02-23T04:54:54.837+0000] {logging_mixin.py:190} INFO - [2025-02-23T04:54:54.837+0000] {dagbag.py:588} INFO - Filling up the DagBag from /home/airflow/.local/lib/python3.12/site-packages/airflow/example_dags/example_complex.py
[2025-02-23T04:54:54.846+0000] {processor.py:925} INFO - DAG(s) 'example_complex' retrieved from /home/airflow/.local/lib/python3.12/site-packages/airflow/example_dags/example_complex.py
[2025-02-23T04:54:54.870+0000] {logging_mixin.py:190} INFO - [2025-02-23T04:54:54.870+0000] {dag.py:3239} INFO - Sync 1 DAGs
[2025-02-23T04:54:54.880+0000] {logging_mixin.py:190} INFO - [2025-02-23T04:54:54.880+0000] {dag.py:4180} INFO - Setting next_dagrun for example_complex to None, run_after=None
[2025-02-23T04:54:54.893+0000] {processor.py:208} INFO - Processing /home/airflow/.local/lib/python3.12/site-packages/airflow/example_dags/example_complex.py took 0.062 seconds
[2025-02-23T04:55:24.999+0000] {processor.py:186} INFO - Started process (PID=1035) to work on /home/airflow/.local/lib/python3.12/site-packages/airflow/example_dags/example_complex.py
[2025-02-23T04:55:25.000+0000] {processor.py:914} INFO - Processing file /home/airflow/.local/lib/python3.12/site-packages/airflow/example_dags/example_complex.py for tasks to queue
[2025-02-23T04:55:25.001+0000] {logging_mixin.py:190} INFO - [2025-02-23T04:55:25.001+0000] {dagbag.py:588} INFO - Filling up the DagBag from /home/airflow/.local/lib/python3.12/site-packages/airflow/example_dags/example_complex.py
[2025-02-23T04:55:25.010+0000] {processor.py:925} INFO - DAG(s) 'example_complex' retrieved from /home/airflow/.local/lib/python3.12/site-packages/airflow/example_dags/example_complex.py
[2025-02-23T04:55:25.034+0000] {logging_mixin.py:190} INFO - [2025-02-23T04:55:25.033+0000] {dag.py:3239} INFO - Sync 1 DAGs
[2025-02-23T04:55:25.044+0000] {logging_mixin.py:190} INFO - [2025-02-23T04:55:25.044+0000] {dag.py:4180} INFO - Setting next_dagrun for example_complex to None, run_after=None
[2025-02-23T04:55:25.056+0000] {processor.py:208} INFO - Processing /home/airflow/.local/lib/python3.12/site-packages/airflow/example_dags/example_complex.py took 0.061 seconds
[2025-02-23T04:55:55.352+0000] {processor.py:186} INFO - Started process (PID=1098) to work on /home/airflow/.local/lib/python3.12/site-packages/airflow/example_dags/example_complex.py
[2025-02-23T04:55:55.353+0000] {processor.py:914} INFO - Processing file /home/airflow/.local/lib/python3.12/site-packages/airflow/example_dags/example_complex.py for tasks to queue
[2025-02-23T04:55:55.354+0000] {logging_mixin.py:190} INFO - [2025-02-23T04:55:55.354+0000] {dagbag.py:588} INFO - Filling up the DagBag from /home/airflow/.local/lib/python3.12/site-packages/airflow/example_dags/example_complex.py
[2025-02-23T04:55:55.363+0000] {processor.py:925} INFO - DAG(s) 'example_complex' retrieved from /home/airflow/.local/lib/python3.12/site-packages/airflow/example_dags/example_complex.py
[2025-02-23T04:55:55.386+0000] {logging_mixin.py:190} INFO - [2025-02-23T04:55:55.386+0000] {dag.py:3239} INFO - Sync 1 DAGs
[2025-02-23T04:55:55.397+0000] {logging_mixin.py:190} INFO - [2025-02-23T04:55:55.397+0000] {dag.py:4180} INFO - Setting next_dagrun for example_complex to None, run_after=None
[2025-02-23T04:55:55.409+0000] {processor.py:208} INFO - Processing /home/airflow/.local/lib/python3.12/site-packages/airflow/example_dags/example_complex.py took 0.061 seconds
[2025-02-23T04:56:25.678+0000] {processor.py:186} INFO - Started process (PID=1161) to work on /home/airflow/.local/lib/python3.12/site-packages/airflow/example_dags/example_complex.py
[2025-02-23T04:56:25.679+0000] {processor.py:914} INFO - Processing file /home/airflow/.local/lib/python3.12/site-packages/airflow/example_dags/example_complex.py for tasks to queue
[2025-02-23T04:56:25.681+0000] {logging_mixin.py:190} INFO - [2025-02-23T04:56:25.680+0000] {dagbag.py:588} INFO - Filling up the DagBag from /home/airflow/.local/lib/python3.12/site-packages/airflow/example_dags/example_complex.py
[2025-02-23T04:56:25.690+0000] {processor.py:925} INFO - DAG(s) 'example_complex' retrieved from /home/airflow/.local/lib/python3.12/site-packages/airflow/example_dags/example_complex.py
[2025-02-23T04:56:25.713+0000] {logging_mixin.py:190} INFO - [2025-02-23T04:56:25.713+0000] {dag.py:3239} INFO - Sync 1 DAGs
[2025-02-23T04:56:25.723+0000] {logging_mixin.py:190} INFO - [2025-02-23T04:56:25.723+0000] {dag.py:4180} INFO - Setting next_dagrun for example_complex to None, run_after=None
[2025-02-23T04:56:25.736+0000] {processor.py:208} INFO - Processing /home/airflow/.local/lib/python3.12/site-packages/airflow/example_dags/example_complex.py took 0.061 seconds
[2025-02-23T04:56:55.827+0000] {processor.py:186} INFO - Started process (PID=1224) to work on /home/airflow/.local/lib/python3.12/site-packages/airflow/example_dags/example_complex.py
[2025-02-23T04:56:55.828+0000] {processor.py:914} INFO - Processing file /home/airflow/.local/lib/python3.12/site-packages/airflow/example_dags/example_complex.py for tasks to queue
[2025-02-23T04:56:55.830+0000] {logging_mixin.py:190} INFO - [2025-02-23T04:56:55.830+0000] {dagbag.py:588} INFO - Filling up the DagBag from /home/airflow/.local/lib/python3.12/site-packages/airflow/example_dags/example_complex.py
[2025-02-23T04:56:55.843+0000] {processor.py:925} INFO - DAG(s) 'example_complex' retrieved from /home/airflow/.local/lib/python3.12/site-packages/airflow/example_dags/example_complex.py
[2025-02-23T04:56:55.883+0000] {logging_mixin.py:190} INFO - [2025-02-23T04:56:55.883+0000] {dag.py:3239} INFO - Sync 1 DAGs
[2025-02-23T04:56:55.896+0000] {logging_mixin.py:190} INFO - [2025-02-23T04:56:55.896+0000] {dag.py:4180} INFO - Setting next_dagrun for example_complex to None, run_after=None
[2025-02-23T04:56:55.955+0000] {processor.py:208} INFO - Processing /home/airflow/.local/lib/python3.12/site-packages/airflow/example_dags/example_complex.py took 0.134 seconds
[2025-02-23T04:57:26.021+0000] {processor.py:186} INFO - Started process (PID=1287) to work on /home/airflow/.local/lib/python3.12/site-packages/airflow/example_dags/example_complex.py
[2025-02-23T04:57:26.021+0000] {processor.py:914} INFO - Processing file /home/airflow/.local/lib/python3.12/site-packages/airflow/example_dags/example_complex.py for tasks to queue
[2025-02-23T04:57:26.023+0000] {logging_mixin.py:190} INFO - [2025-02-23T04:57:26.023+0000] {dagbag.py:588} INFO - Filling up the DagBag from /home/airflow/.local/lib/python3.12/site-packages/airflow/example_dags/example_complex.py
[2025-02-23T04:57:26.032+0000] {processor.py:925} INFO - DAG(s) 'example_complex' retrieved from /home/airflow/.local/lib/python3.12/site-packages/airflow/example_dags/example_complex.py
[2025-02-23T04:57:26.055+0000] {logging_mixin.py:190} INFO - [2025-02-23T04:57:26.055+0000] {dag.py:3239} INFO - Sync 1 DAGs
[2025-02-23T04:57:26.065+0000] {logging_mixin.py:190} INFO - [2025-02-23T04:57:26.065+0000] {dag.py:4180} INFO - Setting next_dagrun for example_complex to None, run_after=None
[2025-02-23T04:57:26.079+0000] {processor.py:208} INFO - Processing /home/airflow/.local/lib/python3.12/site-packages/airflow/example_dags/example_complex.py took 0.062 seconds
[2025-02-23T04:57:56.561+0000] {processor.py:186} INFO - Started process (PID=1351) to work on /home/airflow/.local/lib/python3.12/site-packages/airflow/example_dags/example_complex.py
[2025-02-23T04:57:56.562+0000] {processor.py:914} INFO - Processing file /home/airflow/.local/lib/python3.12/site-packages/airflow/example_dags/example_complex.py for tasks to queue
[2025-02-23T04:57:56.563+0000] {logging_mixin.py:190} INFO - [2025-02-23T04:57:56.563+0000] {dagbag.py:588} INFO - Filling up the DagBag from /home/airflow/.local/lib/python3.12/site-packages/airflow/example_dags/example_complex.py
[2025-02-23T04:57:56.572+0000] {processor.py:925} INFO - DAG(s) 'example_complex' retrieved from /home/airflow/.local/lib/python3.12/site-packages/airflow/example_dags/example_complex.py
[2025-02-23T04:57:56.594+0000] {logging_mixin.py:190} INFO - [2025-02-23T04:57:56.594+0000] {dag.py:3239} INFO - Sync 1 DAGs
[2025-02-23T04:57:56.605+0000] {logging_mixin.py:190} INFO - [2025-02-23T04:57:56.604+0000] {dag.py:4180} INFO - Setting next_dagrun for example_complex to None, run_after=None
[2025-02-23T04:57:56.616+0000] {processor.py:208} INFO - Processing /home/airflow/.local/lib/python3.12/site-packages/airflow/example_dags/example_complex.py took 0.060 seconds
[2025-02-23T04:58:26.980+0000] {processor.py:186} INFO - Started process (PID=1414) to work on /home/airflow/.local/lib/python3.12/site-packages/airflow/example_dags/example_complex.py
[2025-02-23T04:58:26.981+0000] {processor.py:914} INFO - Processing file /home/airflow/.local/lib/python3.12/site-packages/airflow/example_dags/example_complex.py for tasks to queue
[2025-02-23T04:58:26.982+0000] {logging_mixin.py:190} INFO - [2025-02-23T04:58:26.982+0000] {dagbag.py:588} INFO - Filling up the DagBag from /home/airflow/.local/lib/python3.12/site-packages/airflow/example_dags/example_complex.py
[2025-02-23T04:58:26.991+0000] {processor.py:925} INFO - DAG(s) 'example_complex' retrieved from /home/airflow/.local/lib/python3.12/site-packages/airflow/example_dags/example_complex.py
[2025-02-23T04:58:27.015+0000] {logging_mixin.py:190} INFO - [2025-02-23T04:58:27.014+0000] {dag.py:3239} INFO - Sync 1 DAGs
[2025-02-23T04:58:27.025+0000] {logging_mixin.py:190} INFO - [2025-02-23T04:58:27.025+0000] {dag.py:4180} INFO - Setting next_dagrun for example_complex to None, run_after=None
[2025-02-23T04:58:27.037+0000] {processor.py:208} INFO - Processing /home/airflow/.local/lib/python3.12/site-packages/airflow/example_dags/example_complex.py took 0.061 seconds
