[2025-02-23T04:47:43.588+0000] {processor.py:186} INFO - Started process (PID=61) to work on /home/airflow/.local/lib/python3.12/site-packages/airflow/example_dags/example_params_trigger_ui.py
[2025-02-23T04:47:43.589+0000] {processor.py:914} INFO - Processing file /home/airflow/.local/lib/python3.12/site-packages/airflow/example_dags/example_params_trigger_ui.py for tasks to queue
[2025-02-23T04:47:43.591+0000] {logging_mixin.py:190} INFO - [2025-02-23T04:47:43.591+0000] {dagbag.py:588} INFO - Filling up the DagBag from /home/airflow/.local/lib/python3.12/site-packages/airflow/example_dags/example_params_trigger_ui.py
[2025-02-23T04:47:43.605+0000] {processor.py:925} INFO - DAG(s) 'example_params_trigger_ui' retrieved from /home/airflow/.local/lib/python3.12/site-packages/airflow/example_dags/example_params_trigger_ui.py
[2025-02-23T04:47:43.986+0000] {logging_mixin.py:190} INFO - [2025-02-23T04:47:43.985+0000] {override.py:1911} INFO - Created Permission View: can delete on DAG:example_params_trigger_ui
[2025-02-23T04:47:44.006+0000] {logging_mixin.py:190} INFO - [2025-02-23T04:47:44.005+0000] {override.py:1911} INFO - Created Permission View: can edit on DAG:example_params_trigger_ui
[2025-02-23T04:47:44.014+0000] {logging_mixin.py:190} INFO - [2025-02-23T04:47:44.014+0000] {override.py:1911} INFO - Created Permission View: can read on DAG:example_params_trigger_ui
[2025-02-23T04:47:44.026+0000] {logging_mixin.py:190} INFO - [2025-02-23T04:47:44.025+0000] {override.py:1911} INFO - Created Permission View: can create on DAG Run:example_params_trigger_ui
[2025-02-23T04:47:44.040+0000] {logging_mixin.py:190} INFO - [2025-02-23T04:47:44.039+0000] {override.py:1911} INFO - Created Permission View: menu access on DAG Run:example_params_trigger_ui
[2025-02-23T04:47:44.059+0000] {logging_mixin.py:190} INFO - [2025-02-23T04:47:44.059+0000] {override.py:1911} INFO - Created Permission View: can delete on DAG Run:example_params_trigger_ui
[2025-02-23T04:47:44.065+0000] {logging_mixin.py:190} INFO - [2025-02-23T04:47:44.064+0000] {override.py:1911} INFO - Created Permission View: can read on DAG Run:example_params_trigger_ui
[2025-02-23T04:47:44.065+0000] {logging_mixin.py:190} INFO - [2025-02-23T04:47:44.065+0000] {dag.py:3239} INFO - Sync 1 DAGs
[2025-02-23T04:47:44.091+0000] {logging_mixin.py:190} INFO - [2025-02-23T04:47:44.091+0000] {dag.py:3262} INFO - Creating ORM DAG for example_params_trigger_ui
[2025-02-23T04:47:44.092+0000] {logging_mixin.py:190} INFO - [2025-02-23T04:47:44.092+0000] {dag.py:4180} INFO - Setting next_dagrun for example_params_trigger_ui to None, run_after=None
[2025-02-23T04:47:44.127+0000] {processor.py:208} INFO - Processing /home/airflow/.local/lib/python3.12/site-packages/airflow/example_dags/example_params_trigger_ui.py took 0.545 seconds
[2025-02-23T04:48:14.325+0000] {processor.py:186} INFO - Started process (PID=129) to work on /home/airflow/.local/lib/python3.12/site-packages/airflow/example_dags/example_params_trigger_ui.py
[2025-02-23T04:48:14.329+0000] {processor.py:914} INFO - Processing file /home/airflow/.local/lib/python3.12/site-packages/airflow/example_dags/example_params_trigger_ui.py for tasks to queue
[2025-02-23T04:48:14.339+0000] {logging_mixin.py:190} INFO - [2025-02-23T04:48:14.338+0000] {dagbag.py:588} INFO - Filling up the DagBag from /home/airflow/.local/lib/python3.12/site-packages/airflow/example_dags/example_params_trigger_ui.py
[2025-02-23T04:48:14.396+0000] {processor.py:925} INFO - DAG(s) 'example_params_trigger_ui' retrieved from /home/airflow/.local/lib/python3.12/site-packages/airflow/example_dags/example_params_trigger_ui.py
[2025-02-23T04:48:14.479+0000] {logging_mixin.py:190} INFO - [2025-02-23T04:48:14.479+0000] {dag.py:3239} INFO - Sync 1 DAGs
[2025-02-23T04:48:14.495+0000] {logging_mixin.py:190} INFO - [2025-02-23T04:48:14.495+0000] {dag.py:4180} INFO - Setting next_dagrun for example_params_trigger_ui to None, run_after=None
[2025-02-23T04:48:14.512+0000] {processor.py:208} INFO - Processing /home/airflow/.local/lib/python3.12/site-packages/airflow/example_dags/example_params_trigger_ui.py took 0.193 seconds
[2025-02-23T04:48:44.990+0000] {processor.py:186} INFO - Started process (PID=192) to work on /home/airflow/.local/lib/python3.12/site-packages/airflow/example_dags/example_params_trigger_ui.py
[2025-02-23T04:48:44.991+0000] {processor.py:914} INFO - Processing file /home/airflow/.local/lib/python3.12/site-packages/airflow/example_dags/example_params_trigger_ui.py for tasks to queue
[2025-02-23T04:48:44.992+0000] {logging_mixin.py:190} INFO - [2025-02-23T04:48:44.992+0000] {dagbag.py:588} INFO - Filling up the DagBag from /home/airflow/.local/lib/python3.12/site-packages/airflow/example_dags/example_params_trigger_ui.py
[2025-02-23T04:48:45.001+0000] {processor.py:925} INFO - DAG(s) 'example_params_trigger_ui' retrieved from /home/airflow/.local/lib/python3.12/site-packages/airflow/example_dags/example_params_trigger_ui.py
[2025-02-23T04:48:45.035+0000] {logging_mixin.py:190} INFO - [2025-02-23T04:48:45.035+0000] {dag.py:3239} INFO - Sync 1 DAGs
[2025-02-23T04:48:45.047+0000] {logging_mixin.py:190} INFO - [2025-02-23T04:48:45.047+0000] {dag.py:4180} INFO - Setting next_dagrun for example_params_trigger_ui to None, run_after=None
[2025-02-23T04:48:45.060+0000] {processor.py:208} INFO - Processing /home/airflow/.local/lib/python3.12/site-packages/airflow/example_dags/example_params_trigger_ui.py took 0.076 seconds
[2025-02-23T04:49:15.417+0000] {processor.py:186} INFO - Started process (PID=255) to work on /home/airflow/.local/lib/python3.12/site-packages/airflow/example_dags/example_params_trigger_ui.py
[2025-02-23T04:49:15.418+0000] {processor.py:914} INFO - Processing file /home/airflow/.local/lib/python3.12/site-packages/airflow/example_dags/example_params_trigger_ui.py for tasks to queue
[2025-02-23T04:49:15.420+0000] {logging_mixin.py:190} INFO - [2025-02-23T04:49:15.420+0000] {dagbag.py:588} INFO - Filling up the DagBag from /home/airflow/.local/lib/python3.12/site-packages/airflow/example_dags/example_params_trigger_ui.py
[2025-02-23T04:49:15.432+0000] {processor.py:925} INFO - DAG(s) 'example_params_trigger_ui' retrieved from /home/airflow/.local/lib/python3.12/site-packages/airflow/example_dags/example_params_trigger_ui.py
[2025-02-23T04:49:15.477+0000] {logging_mixin.py:190} INFO - [2025-02-23T04:49:15.477+0000] {dag.py:3239} INFO - Sync 1 DAGs
[2025-02-23T04:49:15.488+0000] {logging_mixin.py:190} INFO - [2025-02-23T04:49:15.488+0000] {dag.py:4180} INFO - Setting next_dagrun for example_params_trigger_ui to None, run_after=None
[2025-02-23T04:49:15.507+0000] {processor.py:208} INFO - Processing /home/airflow/.local/lib/python3.12/site-packages/airflow/example_dags/example_params_trigger_ui.py took 0.096 seconds
[2025-02-23T04:49:45.656+0000] {processor.py:186} INFO - Started process (PID=318) to work on /home/airflow/.local/lib/python3.12/site-packages/airflow/example_dags/example_params_trigger_ui.py
[2025-02-23T04:49:45.657+0000] {processor.py:914} INFO - Processing file /home/airflow/.local/lib/python3.12/site-packages/airflow/example_dags/example_params_trigger_ui.py for tasks to queue
[2025-02-23T04:49:45.658+0000] {logging_mixin.py:190} INFO - [2025-02-23T04:49:45.658+0000] {dagbag.py:588} INFO - Filling up the DagBag from /home/airflow/.local/lib/python3.12/site-packages/airflow/example_dags/example_params_trigger_ui.py
[2025-02-23T04:49:45.668+0000] {processor.py:925} INFO - DAG(s) 'example_params_trigger_ui' retrieved from /home/airflow/.local/lib/python3.12/site-packages/airflow/example_dags/example_params_trigger_ui.py
[2025-02-23T04:49:45.704+0000] {logging_mixin.py:190} INFO - [2025-02-23T04:49:45.704+0000] {dag.py:3239} INFO - Sync 1 DAGs
[2025-02-23T04:49:45.715+0000] {logging_mixin.py:190} INFO - [2025-02-23T04:49:45.715+0000] {dag.py:4180} INFO - Setting next_dagrun for example_params_trigger_ui to None, run_after=None
[2025-02-23T04:49:45.729+0000] {processor.py:208} INFO - Processing /home/airflow/.local/lib/python3.12/site-packages/airflow/example_dags/example_params_trigger_ui.py took 0.078 seconds
[2025-02-23T04:50:16.098+0000] {processor.py:186} INFO - Started process (PID=381) to work on /home/airflow/.local/lib/python3.12/site-packages/airflow/example_dags/example_params_trigger_ui.py
[2025-02-23T04:50:16.099+0000] {processor.py:914} INFO - Processing file /home/airflow/.local/lib/python3.12/site-packages/airflow/example_dags/example_params_trigger_ui.py for tasks to queue
[2025-02-23T04:50:16.100+0000] {logging_mixin.py:190} INFO - [2025-02-23T04:50:16.100+0000] {dagbag.py:588} INFO - Filling up the DagBag from /home/airflow/.local/lib/python3.12/site-packages/airflow/example_dags/example_params_trigger_ui.py
[2025-02-23T04:50:16.111+0000] {processor.py:925} INFO - DAG(s) 'example_params_trigger_ui' retrieved from /home/airflow/.local/lib/python3.12/site-packages/airflow/example_dags/example_params_trigger_ui.py
[2025-02-23T04:50:16.157+0000] {logging_mixin.py:190} INFO - [2025-02-23T04:50:16.156+0000] {dag.py:3239} INFO - Sync 1 DAGs
[2025-02-23T04:50:16.168+0000] {logging_mixin.py:190} INFO - [2025-02-23T04:50:16.168+0000] {dag.py:4180} INFO - Setting next_dagrun for example_params_trigger_ui to None, run_after=None
[2025-02-23T04:50:16.184+0000] {processor.py:208} INFO - Processing /home/airflow/.local/lib/python3.12/site-packages/airflow/example_dags/example_params_trigger_ui.py took 0.091 seconds
[2025-02-23T04:50:46.593+0000] {processor.py:186} INFO - Started process (PID=444) to work on /home/airflow/.local/lib/python3.12/site-packages/airflow/example_dags/example_params_trigger_ui.py
[2025-02-23T04:50:46.593+0000] {processor.py:914} INFO - Processing file /home/airflow/.local/lib/python3.12/site-packages/airflow/example_dags/example_params_trigger_ui.py for tasks to queue
[2025-02-23T04:50:46.595+0000] {logging_mixin.py:190} INFO - [2025-02-23T04:50:46.595+0000] {dagbag.py:588} INFO - Filling up the DagBag from /home/airflow/.local/lib/python3.12/site-packages/airflow/example_dags/example_params_trigger_ui.py
[2025-02-23T04:50:46.603+0000] {processor.py:925} INFO - DAG(s) 'example_params_trigger_ui' retrieved from /home/airflow/.local/lib/python3.12/site-packages/airflow/example_dags/example_params_trigger_ui.py
[2025-02-23T04:50:46.650+0000] {logging_mixin.py:190} INFO - [2025-02-23T04:50:46.649+0000] {dag.py:3239} INFO - Sync 1 DAGs
[2025-02-23T04:50:46.664+0000] {logging_mixin.py:190} INFO - [2025-02-23T04:50:46.664+0000] {dag.py:4180} INFO - Setting next_dagrun for example_params_trigger_ui to None, run_after=None
[2025-02-23T04:50:46.679+0000] {processor.py:208} INFO - Processing /home/airflow/.local/lib/python3.12/site-packages/airflow/example_dags/example_params_trigger_ui.py took 0.091 seconds
[2025-02-23T04:51:17.075+0000] {processor.py:186} INFO - Started process (PID=507) to work on /home/airflow/.local/lib/python3.12/site-packages/airflow/example_dags/example_params_trigger_ui.py
[2025-02-23T04:51:17.076+0000] {processor.py:914} INFO - Processing file /home/airflow/.local/lib/python3.12/site-packages/airflow/example_dags/example_params_trigger_ui.py for tasks to queue
[2025-02-23T04:51:17.077+0000] {logging_mixin.py:190} INFO - [2025-02-23T04:51:17.077+0000] {dagbag.py:588} INFO - Filling up the DagBag from /home/airflow/.local/lib/python3.12/site-packages/airflow/example_dags/example_params_trigger_ui.py
[2025-02-23T04:51:17.086+0000] {processor.py:925} INFO - DAG(s) 'example_params_trigger_ui' retrieved from /home/airflow/.local/lib/python3.12/site-packages/airflow/example_dags/example_params_trigger_ui.py
[2025-02-23T04:51:17.126+0000] {logging_mixin.py:190} INFO - [2025-02-23T04:51:17.126+0000] {dag.py:3239} INFO - Sync 1 DAGs
[2025-02-23T04:51:17.138+0000] {logging_mixin.py:190} INFO - [2025-02-23T04:51:17.138+0000] {dag.py:4180} INFO - Setting next_dagrun for example_params_trigger_ui to None, run_after=None
[2025-02-23T04:51:17.152+0000] {processor.py:208} INFO - Processing /home/airflow/.local/lib/python3.12/site-packages/airflow/example_dags/example_params_trigger_ui.py took 0.082 seconds
[2025-02-23T04:51:47.406+0000] {processor.py:186} INFO - Started process (PID=570) to work on /home/airflow/.local/lib/python3.12/site-packages/airflow/example_dags/example_params_trigger_ui.py
[2025-02-23T04:51:47.406+0000] {processor.py:914} INFO - Processing file /home/airflow/.local/lib/python3.12/site-packages/airflow/example_dags/example_params_trigger_ui.py for tasks to queue
[2025-02-23T04:51:47.408+0000] {logging_mixin.py:190} INFO - [2025-02-23T04:51:47.408+0000] {dagbag.py:588} INFO - Filling up the DagBag from /home/airflow/.local/lib/python3.12/site-packages/airflow/example_dags/example_params_trigger_ui.py
[2025-02-23T04:51:47.419+0000] {processor.py:925} INFO - DAG(s) 'example_params_trigger_ui' retrieved from /home/airflow/.local/lib/python3.12/site-packages/airflow/example_dags/example_params_trigger_ui.py
[2025-02-23T04:51:47.454+0000] {logging_mixin.py:190} INFO - [2025-02-23T04:51:47.454+0000] {dag.py:3239} INFO - Sync 1 DAGs
[2025-02-23T04:51:47.467+0000] {logging_mixin.py:190} INFO - [2025-02-23T04:51:47.466+0000] {dag.py:4180} INFO - Setting next_dagrun for example_params_trigger_ui to None, run_after=None
[2025-02-23T04:51:47.482+0000] {processor.py:208} INFO - Processing /home/airflow/.local/lib/python3.12/site-packages/airflow/example_dags/example_params_trigger_ui.py took 0.081 seconds
[2025-02-23T04:52:17.692+0000] {processor.py:186} INFO - Started process (PID=633) to work on /home/airflow/.local/lib/python3.12/site-packages/airflow/example_dags/example_params_trigger_ui.py
[2025-02-23T04:52:17.693+0000] {processor.py:914} INFO - Processing file /home/airflow/.local/lib/python3.12/site-packages/airflow/example_dags/example_params_trigger_ui.py for tasks to queue
[2025-02-23T04:52:17.695+0000] {logging_mixin.py:190} INFO - [2025-02-23T04:52:17.694+0000] {dagbag.py:588} INFO - Filling up the DagBag from /home/airflow/.local/lib/python3.12/site-packages/airflow/example_dags/example_params_trigger_ui.py
[2025-02-23T04:52:17.703+0000] {processor.py:925} INFO - DAG(s) 'example_params_trigger_ui' retrieved from /home/airflow/.local/lib/python3.12/site-packages/airflow/example_dags/example_params_trigger_ui.py
[2025-02-23T04:52:17.750+0000] {logging_mixin.py:190} INFO - [2025-02-23T04:52:17.749+0000] {dag.py:3239} INFO - Sync 1 DAGs
[2025-02-23T04:52:17.763+0000] {logging_mixin.py:190} INFO - [2025-02-23T04:52:17.763+0000] {dag.py:4180} INFO - Setting next_dagrun for example_params_trigger_ui to None, run_after=None
[2025-02-23T04:52:17.779+0000] {processor.py:208} INFO - Processing /home/airflow/.local/lib/python3.12/site-packages/airflow/example_dags/example_params_trigger_ui.py took 0.091 seconds
[2025-02-23T04:52:47.834+0000] {processor.py:186} INFO - Started process (PID=696) to work on /home/airflow/.local/lib/python3.12/site-packages/airflow/example_dags/example_params_trigger_ui.py
[2025-02-23T04:52:47.835+0000] {processor.py:914} INFO - Processing file /home/airflow/.local/lib/python3.12/site-packages/airflow/example_dags/example_params_trigger_ui.py for tasks to queue
[2025-02-23T04:52:47.836+0000] {logging_mixin.py:190} INFO - [2025-02-23T04:52:47.836+0000] {dagbag.py:588} INFO - Filling up the DagBag from /home/airflow/.local/lib/python3.12/site-packages/airflow/example_dags/example_params_trigger_ui.py
[2025-02-23T04:52:47.845+0000] {processor.py:925} INFO - DAG(s) 'example_params_trigger_ui' retrieved from /home/airflow/.local/lib/python3.12/site-packages/airflow/example_dags/example_params_trigger_ui.py
[2025-02-23T04:52:47.886+0000] {logging_mixin.py:190} INFO - [2025-02-23T04:52:47.886+0000] {dag.py:3239} INFO - Sync 1 DAGs
[2025-02-23T04:52:47.898+0000] {logging_mixin.py:190} INFO - [2025-02-23T04:52:47.897+0000] {dag.py:4180} INFO - Setting next_dagrun for example_params_trigger_ui to None, run_after=None
[2025-02-23T04:52:47.911+0000] {processor.py:208} INFO - Processing /home/airflow/.local/lib/python3.12/site-packages/airflow/example_dags/example_params_trigger_ui.py took 0.083 seconds
[2025-02-23T04:53:18.238+0000] {processor.py:186} INFO - Started process (PID=759) to work on /home/airflow/.local/lib/python3.12/site-packages/airflow/example_dags/example_params_trigger_ui.py
[2025-02-23T04:53:18.238+0000] {processor.py:914} INFO - Processing file /home/airflow/.local/lib/python3.12/site-packages/airflow/example_dags/example_params_trigger_ui.py for tasks to queue
[2025-02-23T04:53:18.240+0000] {logging_mixin.py:190} INFO - [2025-02-23T04:53:18.239+0000] {dagbag.py:588} INFO - Filling up the DagBag from /home/airflow/.local/lib/python3.12/site-packages/airflow/example_dags/example_params_trigger_ui.py
[2025-02-23T04:53:18.250+0000] {processor.py:925} INFO - DAG(s) 'example_params_trigger_ui' retrieved from /home/airflow/.local/lib/python3.12/site-packages/airflow/example_dags/example_params_trigger_ui.py
[2025-02-23T04:53:18.298+0000] {logging_mixin.py:190} INFO - [2025-02-23T04:53:18.297+0000] {dag.py:3239} INFO - Sync 1 DAGs
[2025-02-23T04:53:18.311+0000] {logging_mixin.py:190} INFO - [2025-02-23T04:53:18.311+0000] {dag.py:4180} INFO - Setting next_dagrun for example_params_trigger_ui to None, run_after=None
[2025-02-23T04:53:18.324+0000] {processor.py:208} INFO - Processing /home/airflow/.local/lib/python3.12/site-packages/airflow/example_dags/example_params_trigger_ui.py took 0.091 seconds
[2025-02-23T04:53:48.423+0000] {processor.py:186} INFO - Started process (PID=823) to work on /home/airflow/.local/lib/python3.12/site-packages/airflow/example_dags/example_params_trigger_ui.py
[2025-02-23T04:53:48.423+0000] {processor.py:914} INFO - Processing file /home/airflow/.local/lib/python3.12/site-packages/airflow/example_dags/example_params_trigger_ui.py for tasks to queue
[2025-02-23T04:53:48.425+0000] {logging_mixin.py:190} INFO - [2025-02-23T04:53:48.425+0000] {dagbag.py:588} INFO - Filling up the DagBag from /home/airflow/.local/lib/python3.12/site-packages/airflow/example_dags/example_params_trigger_ui.py
[2025-02-23T04:53:48.436+0000] {processor.py:925} INFO - DAG(s) 'example_params_trigger_ui' retrieved from /home/airflow/.local/lib/python3.12/site-packages/airflow/example_dags/example_params_trigger_ui.py
[2025-02-23T04:53:48.482+0000] {logging_mixin.py:190} INFO - [2025-02-23T04:53:48.481+0000] {dag.py:3239} INFO - Sync 1 DAGs
[2025-02-23T04:53:48.495+0000] {logging_mixin.py:190} INFO - [2025-02-23T04:53:48.495+0000] {dag.py:4180} INFO - Setting next_dagrun for example_params_trigger_ui to None, run_after=None
[2025-02-23T04:53:48.511+0000] {processor.py:208} INFO - Processing /home/airflow/.local/lib/python3.12/site-packages/airflow/example_dags/example_params_trigger_ui.py took 0.093 seconds
[2025-02-23T04:54:18.685+0000] {processor.py:186} INFO - Started process (PID=886) to work on /home/airflow/.local/lib/python3.12/site-packages/airflow/example_dags/example_params_trigger_ui.py
[2025-02-23T04:54:18.686+0000] {processor.py:914} INFO - Processing file /home/airflow/.local/lib/python3.12/site-packages/airflow/example_dags/example_params_trigger_ui.py for tasks to queue
[2025-02-23T04:54:18.687+0000] {logging_mixin.py:190} INFO - [2025-02-23T04:54:18.687+0000] {dagbag.py:588} INFO - Filling up the DagBag from /home/airflow/.local/lib/python3.12/site-packages/airflow/example_dags/example_params_trigger_ui.py
[2025-02-23T04:54:18.695+0000] {processor.py:925} INFO - DAG(s) 'example_params_trigger_ui' retrieved from /home/airflow/.local/lib/python3.12/site-packages/airflow/example_dags/example_params_trigger_ui.py
[2025-02-23T04:54:18.745+0000] {logging_mixin.py:190} INFO - [2025-02-23T04:54:18.745+0000] {dag.py:3239} INFO - Sync 1 DAGs
[2025-02-23T04:54:18.760+0000] {logging_mixin.py:190} INFO - [2025-02-23T04:54:18.759+0000] {dag.py:4180} INFO - Setting next_dagrun for example_params_trigger_ui to None, run_after=None
[2025-02-23T04:54:18.775+0000] {processor.py:208} INFO - Processing /home/airflow/.local/lib/python3.12/site-packages/airflow/example_dags/example_params_trigger_ui.py took 0.095 seconds
[2025-02-23T04:54:48.843+0000] {processor.py:186} INFO - Started process (PID=949) to work on /home/airflow/.local/lib/python3.12/site-packages/airflow/example_dags/example_params_trigger_ui.py
[2025-02-23T04:54:48.844+0000] {processor.py:914} INFO - Processing file /home/airflow/.local/lib/python3.12/site-packages/airflow/example_dags/example_params_trigger_ui.py for tasks to queue
[2025-02-23T04:54:48.845+0000] {logging_mixin.py:190} INFO - [2025-02-23T04:54:48.845+0000] {dagbag.py:588} INFO - Filling up the DagBag from /home/airflow/.local/lib/python3.12/site-packages/airflow/example_dags/example_params_trigger_ui.py
[2025-02-23T04:54:48.854+0000] {processor.py:925} INFO - DAG(s) 'example_params_trigger_ui' retrieved from /home/airflow/.local/lib/python3.12/site-packages/airflow/example_dags/example_params_trigger_ui.py
[2025-02-23T04:54:48.901+0000] {logging_mixin.py:190} INFO - [2025-02-23T04:54:48.901+0000] {dag.py:3239} INFO - Sync 1 DAGs
[2025-02-23T04:54:48.915+0000] {logging_mixin.py:190} INFO - [2025-02-23T04:54:48.915+0000] {dag.py:4180} INFO - Setting next_dagrun for example_params_trigger_ui to None, run_after=None
[2025-02-23T04:54:48.930+0000] {processor.py:208} INFO - Processing /home/airflow/.local/lib/python3.12/site-packages/airflow/example_dags/example_params_trigger_ui.py took 0.091 seconds
[2025-02-23T04:55:18.987+0000] {processor.py:186} INFO - Started process (PID=1012) to work on /home/airflow/.local/lib/python3.12/site-packages/airflow/example_dags/example_params_trigger_ui.py
[2025-02-23T04:55:18.988+0000] {processor.py:914} INFO - Processing file /home/airflow/.local/lib/python3.12/site-packages/airflow/example_dags/example_params_trigger_ui.py for tasks to queue
[2025-02-23T04:55:18.990+0000] {logging_mixin.py:190} INFO - [2025-02-23T04:55:18.989+0000] {dagbag.py:588} INFO - Filling up the DagBag from /home/airflow/.local/lib/python3.12/site-packages/airflow/example_dags/example_params_trigger_ui.py
[2025-02-23T04:55:19.001+0000] {processor.py:925} INFO - DAG(s) 'example_params_trigger_ui' retrieved from /home/airflow/.local/lib/python3.12/site-packages/airflow/example_dags/example_params_trigger_ui.py
[2025-02-23T04:55:19.052+0000] {logging_mixin.py:190} INFO - [2025-02-23T04:55:19.052+0000] {dag.py:3239} INFO - Sync 1 DAGs
[2025-02-23T04:55:19.066+0000] {logging_mixin.py:190} INFO - [2025-02-23T04:55:19.066+0000] {dag.py:4180} INFO - Setting next_dagrun for example_params_trigger_ui to None, run_after=None
[2025-02-23T04:55:19.083+0000] {processor.py:208} INFO - Processing /home/airflow/.local/lib/python3.12/site-packages/airflow/example_dags/example_params_trigger_ui.py took 0.102 seconds
[2025-02-23T04:55:49.296+0000] {processor.py:186} INFO - Started process (PID=1076) to work on /home/airflow/.local/lib/python3.12/site-packages/airflow/example_dags/example_params_trigger_ui.py
[2025-02-23T04:55:49.297+0000] {processor.py:914} INFO - Processing file /home/airflow/.local/lib/python3.12/site-packages/airflow/example_dags/example_params_trigger_ui.py for tasks to queue
[2025-02-23T04:55:49.299+0000] {logging_mixin.py:190} INFO - [2025-02-23T04:55:49.299+0000] {dagbag.py:588} INFO - Filling up the DagBag from /home/airflow/.local/lib/python3.12/site-packages/airflow/example_dags/example_params_trigger_ui.py
[2025-02-23T04:55:49.309+0000] {processor.py:925} INFO - DAG(s) 'example_params_trigger_ui' retrieved from /home/airflow/.local/lib/python3.12/site-packages/airflow/example_dags/example_params_trigger_ui.py
[2025-02-23T04:55:49.353+0000] {logging_mixin.py:190} INFO - [2025-02-23T04:55:49.353+0000] {dag.py:3239} INFO - Sync 1 DAGs
[2025-02-23T04:55:49.366+0000] {logging_mixin.py:190} INFO - [2025-02-23T04:55:49.365+0000] {dag.py:4180} INFO - Setting next_dagrun for example_params_trigger_ui to None, run_after=None
[2025-02-23T04:55:49.382+0000] {processor.py:208} INFO - Processing /home/airflow/.local/lib/python3.12/site-packages/airflow/example_dags/example_params_trigger_ui.py took 0.091 seconds
[2025-02-23T04:56:19.452+0000] {processor.py:186} INFO - Started process (PID=1139) to work on /home/airflow/.local/lib/python3.12/site-packages/airflow/example_dags/example_params_trigger_ui.py
[2025-02-23T04:56:19.453+0000] {processor.py:914} INFO - Processing file /home/airflow/.local/lib/python3.12/site-packages/airflow/example_dags/example_params_trigger_ui.py for tasks to queue
[2025-02-23T04:56:19.455+0000] {logging_mixin.py:190} INFO - [2025-02-23T04:56:19.455+0000] {dagbag.py:588} INFO - Filling up the DagBag from /home/airflow/.local/lib/python3.12/site-packages/airflow/example_dags/example_params_trigger_ui.py
[2025-02-23T04:56:19.466+0000] {processor.py:925} INFO - DAG(s) 'example_params_trigger_ui' retrieved from /home/airflow/.local/lib/python3.12/site-packages/airflow/example_dags/example_params_trigger_ui.py
[2025-02-23T04:56:19.501+0000] {logging_mixin.py:190} INFO - [2025-02-23T04:56:19.501+0000] {dag.py:3239} INFO - Sync 1 DAGs
[2025-02-23T04:56:19.513+0000] {logging_mixin.py:190} INFO - [2025-02-23T04:56:19.513+0000] {dag.py:4180} INFO - Setting next_dagrun for example_params_trigger_ui to None, run_after=None
[2025-02-23T04:56:19.525+0000] {processor.py:208} INFO - Processing /home/airflow/.local/lib/python3.12/site-packages/airflow/example_dags/example_params_trigger_ui.py took 0.078 seconds
[2025-02-23T04:56:49.733+0000] {processor.py:186} INFO - Started process (PID=1201) to work on /home/airflow/.local/lib/python3.12/site-packages/airflow/example_dags/example_params_trigger_ui.py
[2025-02-23T04:56:49.733+0000] {processor.py:914} INFO - Processing file /home/airflow/.local/lib/python3.12/site-packages/airflow/example_dags/example_params_trigger_ui.py for tasks to queue
[2025-02-23T04:56:49.735+0000] {logging_mixin.py:190} INFO - [2025-02-23T04:56:49.735+0000] {dagbag.py:588} INFO - Filling up the DagBag from /home/airflow/.local/lib/python3.12/site-packages/airflow/example_dags/example_params_trigger_ui.py
[2025-02-23T04:56:49.746+0000] {processor.py:925} INFO - DAG(s) 'example_params_trigger_ui' retrieved from /home/airflow/.local/lib/python3.12/site-packages/airflow/example_dags/example_params_trigger_ui.py
[2025-02-23T04:56:49.784+0000] {logging_mixin.py:190} INFO - [2025-02-23T04:56:49.784+0000] {dag.py:3239} INFO - Sync 1 DAGs
[2025-02-23T04:56:49.794+0000] {logging_mixin.py:190} INFO - [2025-02-23T04:56:49.794+0000] {dag.py:4180} INFO - Setting next_dagrun for example_params_trigger_ui to None, run_after=None
[2025-02-23T04:56:49.806+0000] {processor.py:208} INFO - Processing /home/airflow/.local/lib/python3.12/site-packages/airflow/example_dags/example_params_trigger_ui.py took 0.079 seconds
[2025-02-23T04:57:20.068+0000] {processor.py:186} INFO - Started process (PID=1264) to work on /home/airflow/.local/lib/python3.12/site-packages/airflow/example_dags/example_params_trigger_ui.py
[2025-02-23T04:57:20.069+0000] {processor.py:914} INFO - Processing file /home/airflow/.local/lib/python3.12/site-packages/airflow/example_dags/example_params_trigger_ui.py for tasks to queue
[2025-02-23T04:57:20.071+0000] {logging_mixin.py:190} INFO - [2025-02-23T04:57:20.070+0000] {dagbag.py:588} INFO - Filling up the DagBag from /home/airflow/.local/lib/python3.12/site-packages/airflow/example_dags/example_params_trigger_ui.py
[2025-02-23T04:57:20.079+0000] {processor.py:925} INFO - DAG(s) 'example_params_trigger_ui' retrieved from /home/airflow/.local/lib/python3.12/site-packages/airflow/example_dags/example_params_trigger_ui.py
[2025-02-23T04:57:20.118+0000] {logging_mixin.py:190} INFO - [2025-02-23T04:57:20.118+0000] {dag.py:3239} INFO - Sync 1 DAGs
[2025-02-23T04:57:20.132+0000] {logging_mixin.py:190} INFO - [2025-02-23T04:57:20.132+0000] {dag.py:4180} INFO - Setting next_dagrun for example_params_trigger_ui to None, run_after=None
[2025-02-23T04:57:20.147+0000] {processor.py:208} INFO - Processing /home/airflow/.local/lib/python3.12/site-packages/airflow/example_dags/example_params_trigger_ui.py took 0.084 seconds
[2025-02-23T04:57:50.554+0000] {processor.py:186} INFO - Started process (PID=1328) to work on /home/airflow/.local/lib/python3.12/site-packages/airflow/example_dags/example_params_trigger_ui.py
[2025-02-23T04:57:50.555+0000] {processor.py:914} INFO - Processing file /home/airflow/.local/lib/python3.12/site-packages/airflow/example_dags/example_params_trigger_ui.py for tasks to queue
[2025-02-23T04:57:50.557+0000] {logging_mixin.py:190} INFO - [2025-02-23T04:57:50.556+0000] {dagbag.py:588} INFO - Filling up the DagBag from /home/airflow/.local/lib/python3.12/site-packages/airflow/example_dags/example_params_trigger_ui.py
[2025-02-23T04:57:50.568+0000] {processor.py:925} INFO - DAG(s) 'example_params_trigger_ui' retrieved from /home/airflow/.local/lib/python3.12/site-packages/airflow/example_dags/example_params_trigger_ui.py
[2025-02-23T04:57:50.603+0000] {logging_mixin.py:190} INFO - [2025-02-23T04:57:50.603+0000] {dag.py:3239} INFO - Sync 1 DAGs
[2025-02-23T04:57:50.616+0000] {logging_mixin.py:190} INFO - [2025-02-23T04:57:50.615+0000] {dag.py:4180} INFO - Setting next_dagrun for example_params_trigger_ui to None, run_after=None
[2025-02-23T04:57:50.630+0000] {processor.py:208} INFO - Processing /home/airflow/.local/lib/python3.12/site-packages/airflow/example_dags/example_params_trigger_ui.py took 0.082 seconds
[2025-02-23T04:58:21.034+0000] {processor.py:186} INFO - Started process (PID=1391) to work on /home/airflow/.local/lib/python3.12/site-packages/airflow/example_dags/example_params_trigger_ui.py
[2025-02-23T04:58:21.035+0000] {processor.py:914} INFO - Processing file /home/airflow/.local/lib/python3.12/site-packages/airflow/example_dags/example_params_trigger_ui.py for tasks to queue
[2025-02-23T04:58:21.036+0000] {logging_mixin.py:190} INFO - [2025-02-23T04:58:21.036+0000] {dagbag.py:588} INFO - Filling up the DagBag from /home/airflow/.local/lib/python3.12/site-packages/airflow/example_dags/example_params_trigger_ui.py
[2025-02-23T04:58:21.045+0000] {processor.py:925} INFO - DAG(s) 'example_params_trigger_ui' retrieved from /home/airflow/.local/lib/python3.12/site-packages/airflow/example_dags/example_params_trigger_ui.py
[2025-02-23T04:58:21.077+0000] {logging_mixin.py:190} INFO - [2025-02-23T04:58:21.077+0000] {dag.py:3239} INFO - Sync 1 DAGs
[2025-02-23T04:58:21.088+0000] {logging_mixin.py:190} INFO - [2025-02-23T04:58:21.088+0000] {dag.py:4180} INFO - Setting next_dagrun for example_params_trigger_ui to None, run_after=None
[2025-02-23T04:58:21.101+0000] {processor.py:208} INFO - Processing /home/airflow/.local/lib/python3.12/site-packages/airflow/example_dags/example_params_trigger_ui.py took 0.072 seconds
[2025-02-23T04:58:51.131+0000] {processor.py:186} INFO - Started process (PID=1454) to work on /home/airflow/.local/lib/python3.12/site-packages/airflow/example_dags/example_params_trigger_ui.py
[2025-02-23T04:58:51.132+0000] {processor.py:914} INFO - Processing file /home/airflow/.local/lib/python3.12/site-packages/airflow/example_dags/example_params_trigger_ui.py for tasks to queue
[2025-02-23T04:58:51.134+0000] {logging_mixin.py:190} INFO - [2025-02-23T04:58:51.133+0000] {dagbag.py:588} INFO - Filling up the DagBag from /home/airflow/.local/lib/python3.12/site-packages/airflow/example_dags/example_params_trigger_ui.py
[2025-02-23T04:58:51.144+0000] {processor.py:925} INFO - DAG(s) 'example_params_trigger_ui' retrieved from /home/airflow/.local/lib/python3.12/site-packages/airflow/example_dags/example_params_trigger_ui.py
[2025-02-23T04:58:51.185+0000] {logging_mixin.py:190} INFO - [2025-02-23T04:58:51.185+0000] {dag.py:3239} INFO - Sync 1 DAGs
[2025-02-23T04:58:51.199+0000] {logging_mixin.py:190} INFO - [2025-02-23T04:58:51.199+0000] {dag.py:4180} INFO - Setting next_dagrun for example_params_trigger_ui to None, run_after=None
[2025-02-23T04:58:51.216+0000] {processor.py:208} INFO - Processing /home/airflow/.local/lib/python3.12/site-packages/airflow/example_dags/example_params_trigger_ui.py took 0.090 seconds
