[2025-02-23T04:47:45.140+0000] {processor.py:186} INFO - Started process (PID=73) to work on /home/airflow/.local/lib/python3.12/site-packages/airflow/example_dags/tutorial.py
[2025-02-23T04:47:45.141+0000] {processor.py:914} INFO - Processing file /home/airflow/.local/lib/python3.12/site-packages/airflow/example_dags/tutorial.py for tasks to queue
[2025-02-23T04:47:45.144+0000] {logging_mixin.py:190} INFO - [2025-02-23T04:47:45.143+0000] {dagbag.py:588} INFO - Filling up the DagBag from /home/airflow/.local/lib/python3.12/site-packages/airflow/example_dags/tutorial.py
[2025-02-23T04:47:45.156+0000] {processor.py:925} INFO - DAG(s) 'tutorial' retrieved from /home/airflow/.local/lib/python3.12/site-packages/airflow/example_dags/tutorial.py
[2025-02-23T04:47:45.297+0000] {logging_mixin.py:190} INFO - [2025-02-23T04:47:45.296+0000] {override.py:1911} INFO - Created Permission View: can delete on DAG:tutorial
[2025-02-23T04:47:45.305+0000] {logging_mixin.py:190} INFO - [2025-02-23T04:47:45.305+0000] {override.py:1911} INFO - Created Permission View: can edit on DAG:tutorial
[2025-02-23T04:47:45.311+0000] {logging_mixin.py:190} INFO - [2025-02-23T04:47:45.311+0000] {override.py:1911} INFO - Created Permission View: can read on DAG:tutorial
[2025-02-23T04:47:45.316+0000] {logging_mixin.py:190} INFO - [2025-02-23T04:47:45.316+0000] {override.py:1911} INFO - Created Permission View: can create on DAG Run:tutorial
[2025-02-23T04:47:45.321+0000] {logging_mixin.py:190} INFO - [2025-02-23T04:47:45.321+0000] {override.py:1911} INFO - Created Permission View: menu access on DAG Run:tutorial
[2025-02-23T04:47:45.327+0000] {logging_mixin.py:190} INFO - [2025-02-23T04:47:45.326+0000] {override.py:1911} INFO - Created Permission View: can delete on DAG Run:tutorial
[2025-02-23T04:47:45.332+0000] {logging_mixin.py:190} INFO - [2025-02-23T04:47:45.332+0000] {override.py:1911} INFO - Created Permission View: can read on DAG Run:tutorial
[2025-02-23T04:47:45.332+0000] {logging_mixin.py:190} INFO - [2025-02-23T04:47:45.332+0000] {dag.py:3239} INFO - Sync 1 DAGs
[2025-02-23T04:47:45.352+0000] {logging_mixin.py:190} INFO - [2025-02-23T04:47:45.352+0000] {dag.py:3262} INFO - Creating ORM DAG for tutorial
[2025-02-23T04:47:45.364+0000] {logging_mixin.py:190} INFO - [2025-02-23T04:47:45.364+0000] {dag.py:4180} INFO - Setting next_dagrun for tutorial to 2025-02-22 00:00:00+00:00, run_after=2025-02-23 00:00:00+00:00
[2025-02-23T04:47:45.379+0000] {processor.py:208} INFO - Processing /home/airflow/.local/lib/python3.12/site-packages/airflow/example_dags/tutorial.py took 0.246 seconds
[2025-02-23T04:48:15.760+0000] {processor.py:186} INFO - Started process (PID=135) to work on /home/airflow/.local/lib/python3.12/site-packages/airflow/example_dags/tutorial.py
[2025-02-23T04:48:15.762+0000] {processor.py:914} INFO - Processing file /home/airflow/.local/lib/python3.12/site-packages/airflow/example_dags/tutorial.py for tasks to queue
[2025-02-23T04:48:15.764+0000] {logging_mixin.py:190} INFO - [2025-02-23T04:48:15.764+0000] {dagbag.py:588} INFO - Filling up the DagBag from /home/airflow/.local/lib/python3.12/site-packages/airflow/example_dags/tutorial.py
[2025-02-23T04:48:15.773+0000] {processor.py:925} INFO - DAG(s) 'tutorial' retrieved from /home/airflow/.local/lib/python3.12/site-packages/airflow/example_dags/tutorial.py
[2025-02-23T04:48:15.791+0000] {logging_mixin.py:190} INFO - [2025-02-23T04:48:15.791+0000] {dag.py:3239} INFO - Sync 1 DAGs
[2025-02-23T04:48:15.813+0000] {logging_mixin.py:190} INFO - [2025-02-23T04:48:15.813+0000] {dag.py:4180} INFO - Setting next_dagrun for tutorial to 2025-02-22 00:00:00+00:00, run_after=2025-02-23 00:00:00+00:00
[2025-02-23T04:48:15.830+0000] {processor.py:208} INFO - Processing /home/airflow/.local/lib/python3.12/site-packages/airflow/example_dags/tutorial.py took 0.076 seconds
[2025-02-23T04:48:46.320+0000] {processor.py:186} INFO - Started process (PID=198) to work on /home/airflow/.local/lib/python3.12/site-packages/airflow/example_dags/tutorial.py
[2025-02-23T04:48:46.321+0000] {processor.py:914} INFO - Processing file /home/airflow/.local/lib/python3.12/site-packages/airflow/example_dags/tutorial.py for tasks to queue
[2025-02-23T04:48:46.323+0000] {logging_mixin.py:190} INFO - [2025-02-23T04:48:46.322+0000] {dagbag.py:588} INFO - Filling up the DagBag from /home/airflow/.local/lib/python3.12/site-packages/airflow/example_dags/tutorial.py
[2025-02-23T04:48:46.330+0000] {processor.py:925} INFO - DAG(s) 'tutorial' retrieved from /home/airflow/.local/lib/python3.12/site-packages/airflow/example_dags/tutorial.py
[2025-02-23T04:48:46.347+0000] {logging_mixin.py:190} INFO - [2025-02-23T04:48:46.347+0000] {dag.py:3239} INFO - Sync 1 DAGs
[2025-02-23T04:48:46.369+0000] {logging_mixin.py:190} INFO - [2025-02-23T04:48:46.369+0000] {dag.py:4180} INFO - Setting next_dagrun for tutorial to 2025-02-22 00:00:00+00:00, run_after=2025-02-23 00:00:00+00:00
[2025-02-23T04:48:46.386+0000] {processor.py:208} INFO - Processing /home/airflow/.local/lib/python3.12/site-packages/airflow/example_dags/tutorial.py took 0.072 seconds
[2025-02-23T04:49:16.720+0000] {processor.py:186} INFO - Started process (PID=261) to work on /home/airflow/.local/lib/python3.12/site-packages/airflow/example_dags/tutorial.py
[2025-02-23T04:49:16.721+0000] {processor.py:914} INFO - Processing file /home/airflow/.local/lib/python3.12/site-packages/airflow/example_dags/tutorial.py for tasks to queue
[2025-02-23T04:49:16.722+0000] {logging_mixin.py:190} INFO - [2025-02-23T04:49:16.722+0000] {dagbag.py:588} INFO - Filling up the DagBag from /home/airflow/.local/lib/python3.12/site-packages/airflow/example_dags/tutorial.py
[2025-02-23T04:49:16.728+0000] {processor.py:925} INFO - DAG(s) 'tutorial' retrieved from /home/airflow/.local/lib/python3.12/site-packages/airflow/example_dags/tutorial.py
[2025-02-23T04:49:16.754+0000] {logging_mixin.py:190} INFO - [2025-02-23T04:49:16.753+0000] {dag.py:3239} INFO - Sync 1 DAGs
[2025-02-23T04:49:16.780+0000] {logging_mixin.py:190} INFO - [2025-02-23T04:49:16.780+0000] {dag.py:4180} INFO - Setting next_dagrun for tutorial to 2025-02-22 00:00:00+00:00, run_after=2025-02-23 00:00:00+00:00
[2025-02-23T04:49:16.797+0000] {processor.py:208} INFO - Processing /home/airflow/.local/lib/python3.12/site-packages/airflow/example_dags/tutorial.py took 0.081 seconds
[2025-02-23T04:49:46.944+0000] {processor.py:186} INFO - Started process (PID=324) to work on /home/airflow/.local/lib/python3.12/site-packages/airflow/example_dags/tutorial.py
[2025-02-23T04:49:46.945+0000] {processor.py:914} INFO - Processing file /home/airflow/.local/lib/python3.12/site-packages/airflow/example_dags/tutorial.py for tasks to queue
[2025-02-23T04:49:46.947+0000] {logging_mixin.py:190} INFO - [2025-02-23T04:49:46.947+0000] {dagbag.py:588} INFO - Filling up the DagBag from /home/airflow/.local/lib/python3.12/site-packages/airflow/example_dags/tutorial.py
[2025-02-23T04:49:46.956+0000] {processor.py:925} INFO - DAG(s) 'tutorial' retrieved from /home/airflow/.local/lib/python3.12/site-packages/airflow/example_dags/tutorial.py
[2025-02-23T04:49:46.971+0000] {logging_mixin.py:190} INFO - [2025-02-23T04:49:46.971+0000] {dag.py:3239} INFO - Sync 1 DAGs
[2025-02-23T04:49:46.990+0000] {logging_mixin.py:190} INFO - [2025-02-23T04:49:46.990+0000] {dag.py:4180} INFO - Setting next_dagrun for tutorial to 2025-02-22 00:00:00+00:00, run_after=2025-02-23 00:00:00+00:00
[2025-02-23T04:49:47.004+0000] {processor.py:208} INFO - Processing /home/airflow/.local/lib/python3.12/site-packages/airflow/example_dags/tutorial.py took 0.067 seconds
[2025-02-23T04:50:17.305+0000] {processor.py:186} INFO - Started process (PID=387) to work on /home/airflow/.local/lib/python3.12/site-packages/airflow/example_dags/tutorial.py
[2025-02-23T04:50:17.305+0000] {processor.py:914} INFO - Processing file /home/airflow/.local/lib/python3.12/site-packages/airflow/example_dags/tutorial.py for tasks to queue
[2025-02-23T04:50:17.307+0000] {logging_mixin.py:190} INFO - [2025-02-23T04:50:17.307+0000] {dagbag.py:588} INFO - Filling up the DagBag from /home/airflow/.local/lib/python3.12/site-packages/airflow/example_dags/tutorial.py
[2025-02-23T04:50:17.313+0000] {processor.py:925} INFO - DAG(s) 'tutorial' retrieved from /home/airflow/.local/lib/python3.12/site-packages/airflow/example_dags/tutorial.py
[2025-02-23T04:50:17.329+0000] {logging_mixin.py:190} INFO - [2025-02-23T04:50:17.328+0000] {dag.py:3239} INFO - Sync 1 DAGs
[2025-02-23T04:50:17.351+0000] {logging_mixin.py:190} INFO - [2025-02-23T04:50:17.350+0000] {dag.py:4180} INFO - Setting next_dagrun for tutorial to 2025-02-22 00:00:00+00:00, run_after=2025-02-23 00:00:00+00:00
[2025-02-23T04:50:17.365+0000] {processor.py:208} INFO - Processing /home/airflow/.local/lib/python3.12/site-packages/airflow/example_dags/tutorial.py took 0.065 seconds
[2025-02-23T04:50:47.784+0000] {processor.py:186} INFO - Started process (PID=450) to work on /home/airflow/.local/lib/python3.12/site-packages/airflow/example_dags/tutorial.py
[2025-02-23T04:50:47.785+0000] {processor.py:914} INFO - Processing file /home/airflow/.local/lib/python3.12/site-packages/airflow/example_dags/tutorial.py for tasks to queue
[2025-02-23T04:50:47.787+0000] {logging_mixin.py:190} INFO - [2025-02-23T04:50:47.786+0000] {dagbag.py:588} INFO - Filling up the DagBag from /home/airflow/.local/lib/python3.12/site-packages/airflow/example_dags/tutorial.py
[2025-02-23T04:50:47.793+0000] {processor.py:925} INFO - DAG(s) 'tutorial' retrieved from /home/airflow/.local/lib/python3.12/site-packages/airflow/example_dags/tutorial.py
[2025-02-23T04:50:47.810+0000] {logging_mixin.py:190} INFO - [2025-02-23T04:50:47.810+0000] {dag.py:3239} INFO - Sync 1 DAGs
[2025-02-23T04:50:47.829+0000] {logging_mixin.py:190} INFO - [2025-02-23T04:50:47.828+0000] {dag.py:4180} INFO - Setting next_dagrun for tutorial to 2025-02-22 00:00:00+00:00, run_after=2025-02-23 00:00:00+00:00
[2025-02-23T04:50:47.842+0000] {processor.py:208} INFO - Processing /home/airflow/.local/lib/python3.12/site-packages/airflow/example_dags/tutorial.py took 0.062 seconds
[2025-02-23T04:51:18.361+0000] {processor.py:186} INFO - Started process (PID=513) to work on /home/airflow/.local/lib/python3.12/site-packages/airflow/example_dags/tutorial.py
[2025-02-23T04:51:18.362+0000] {processor.py:914} INFO - Processing file /home/airflow/.local/lib/python3.12/site-packages/airflow/example_dags/tutorial.py for tasks to queue
[2025-02-23T04:51:18.364+0000] {logging_mixin.py:190} INFO - [2025-02-23T04:51:18.364+0000] {dagbag.py:588} INFO - Filling up the DagBag from /home/airflow/.local/lib/python3.12/site-packages/airflow/example_dags/tutorial.py
[2025-02-23T04:51:18.372+0000] {processor.py:925} INFO - DAG(s) 'tutorial' retrieved from /home/airflow/.local/lib/python3.12/site-packages/airflow/example_dags/tutorial.py
[2025-02-23T04:51:18.390+0000] {logging_mixin.py:190} INFO - [2025-02-23T04:51:18.390+0000] {dag.py:3239} INFO - Sync 1 DAGs
[2025-02-23T04:51:18.411+0000] {logging_mixin.py:190} INFO - [2025-02-23T04:51:18.411+0000] {dag.py:4180} INFO - Setting next_dagrun for tutorial to 2025-02-22 00:00:00+00:00, run_after=2025-02-23 00:00:00+00:00
[2025-02-23T04:51:18.425+0000] {processor.py:208} INFO - Processing /home/airflow/.local/lib/python3.12/site-packages/airflow/example_dags/tutorial.py took 0.069 seconds
[2025-02-23T04:51:48.689+0000] {processor.py:186} INFO - Started process (PID=576) to work on /home/airflow/.local/lib/python3.12/site-packages/airflow/example_dags/tutorial.py
[2025-02-23T04:51:48.690+0000] {processor.py:914} INFO - Processing file /home/airflow/.local/lib/python3.12/site-packages/airflow/example_dags/tutorial.py for tasks to queue
[2025-02-23T04:51:48.691+0000] {logging_mixin.py:190} INFO - [2025-02-23T04:51:48.691+0000] {dagbag.py:588} INFO - Filling up the DagBag from /home/airflow/.local/lib/python3.12/site-packages/airflow/example_dags/tutorial.py
[2025-02-23T04:51:48.698+0000] {processor.py:925} INFO - DAG(s) 'tutorial' retrieved from /home/airflow/.local/lib/python3.12/site-packages/airflow/example_dags/tutorial.py
[2025-02-23T04:51:48.713+0000] {logging_mixin.py:190} INFO - [2025-02-23T04:51:48.712+0000] {dag.py:3239} INFO - Sync 1 DAGs
[2025-02-23T04:51:48.735+0000] {logging_mixin.py:190} INFO - [2025-02-23T04:51:48.735+0000] {dag.py:4180} INFO - Setting next_dagrun for tutorial to 2025-02-22 00:00:00+00:00, run_after=2025-02-23 00:00:00+00:00
[2025-02-23T04:51:48.752+0000] {processor.py:208} INFO - Processing /home/airflow/.local/lib/python3.12/site-packages/airflow/example_dags/tutorial.py took 0.068 seconds
[2025-02-23T04:52:18.889+0000] {processor.py:186} INFO - Started process (PID=639) to work on /home/airflow/.local/lib/python3.12/site-packages/airflow/example_dags/tutorial.py
[2025-02-23T04:52:18.890+0000] {processor.py:914} INFO - Processing file /home/airflow/.local/lib/python3.12/site-packages/airflow/example_dags/tutorial.py for tasks to queue
[2025-02-23T04:52:18.891+0000] {logging_mixin.py:190} INFO - [2025-02-23T04:52:18.891+0000] {dagbag.py:588} INFO - Filling up the DagBag from /home/airflow/.local/lib/python3.12/site-packages/airflow/example_dags/tutorial.py
[2025-02-23T04:52:18.898+0000] {processor.py:925} INFO - DAG(s) 'tutorial' retrieved from /home/airflow/.local/lib/python3.12/site-packages/airflow/example_dags/tutorial.py
[2025-02-23T04:52:18.916+0000] {logging_mixin.py:190} INFO - [2025-02-23T04:52:18.916+0000] {dag.py:3239} INFO - Sync 1 DAGs
[2025-02-23T04:52:18.937+0000] {logging_mixin.py:190} INFO - [2025-02-23T04:52:18.937+0000] {dag.py:4180} INFO - Setting next_dagrun for tutorial to 2025-02-22 00:00:00+00:00, run_after=2025-02-23 00:00:00+00:00
[2025-02-23T04:52:18.951+0000] {processor.py:208} INFO - Processing /home/airflow/.local/lib/python3.12/site-packages/airflow/example_dags/tutorial.py took 0.066 seconds
[2025-02-23T04:52:49.050+0000] {processor.py:186} INFO - Started process (PID=702) to work on /home/airflow/.local/lib/python3.12/site-packages/airflow/example_dags/tutorial.py
[2025-02-23T04:52:49.050+0000] {processor.py:914} INFO - Processing file /home/airflow/.local/lib/python3.12/site-packages/airflow/example_dags/tutorial.py for tasks to queue
[2025-02-23T04:52:49.052+0000] {logging_mixin.py:190} INFO - [2025-02-23T04:52:49.051+0000] {dagbag.py:588} INFO - Filling up the DagBag from /home/airflow/.local/lib/python3.12/site-packages/airflow/example_dags/tutorial.py
[2025-02-23T04:52:49.059+0000] {processor.py:925} INFO - DAG(s) 'tutorial' retrieved from /home/airflow/.local/lib/python3.12/site-packages/airflow/example_dags/tutorial.py
[2025-02-23T04:52:49.075+0000] {logging_mixin.py:190} INFO - [2025-02-23T04:52:49.075+0000] {dag.py:3239} INFO - Sync 1 DAGs
[2025-02-23T04:52:49.095+0000] {logging_mixin.py:190} INFO - [2025-02-23T04:52:49.094+0000] {dag.py:4180} INFO - Setting next_dagrun for tutorial to 2025-02-22 00:00:00+00:00, run_after=2025-02-23 00:00:00+00:00
[2025-02-23T04:52:49.111+0000] {processor.py:208} INFO - Processing /home/airflow/.local/lib/python3.12/site-packages/airflow/example_dags/tutorial.py took 0.066 seconds
[2025-02-23T04:53:19.536+0000] {processor.py:186} INFO - Started process (PID=765) to work on /home/airflow/.local/lib/python3.12/site-packages/airflow/example_dags/tutorial.py
[2025-02-23T04:53:19.537+0000] {processor.py:914} INFO - Processing file /home/airflow/.local/lib/python3.12/site-packages/airflow/example_dags/tutorial.py for tasks to queue
[2025-02-23T04:53:19.538+0000] {logging_mixin.py:190} INFO - [2025-02-23T04:53:19.538+0000] {dagbag.py:588} INFO - Filling up the DagBag from /home/airflow/.local/lib/python3.12/site-packages/airflow/example_dags/tutorial.py
[2025-02-23T04:53:19.544+0000] {processor.py:925} INFO - DAG(s) 'tutorial' retrieved from /home/airflow/.local/lib/python3.12/site-packages/airflow/example_dags/tutorial.py
[2025-02-23T04:53:19.560+0000] {logging_mixin.py:190} INFO - [2025-02-23T04:53:19.559+0000] {dag.py:3239} INFO - Sync 1 DAGs
[2025-02-23T04:53:19.580+0000] {logging_mixin.py:190} INFO - [2025-02-23T04:53:19.580+0000] {dag.py:4180} INFO - Setting next_dagrun for tutorial to 2025-02-22 00:00:00+00:00, run_after=2025-02-23 00:00:00+00:00
[2025-02-23T04:53:19.594+0000] {processor.py:208} INFO - Processing /home/airflow/.local/lib/python3.12/site-packages/airflow/example_dags/tutorial.py took 0.062 seconds
[2025-02-23T04:53:49.705+0000] {processor.py:186} INFO - Started process (PID=829) to work on /home/airflow/.local/lib/python3.12/site-packages/airflow/example_dags/tutorial.py
[2025-02-23T04:53:49.705+0000] {processor.py:914} INFO - Processing file /home/airflow/.local/lib/python3.12/site-packages/airflow/example_dags/tutorial.py for tasks to queue
[2025-02-23T04:53:49.707+0000] {logging_mixin.py:190} INFO - [2025-02-23T04:53:49.707+0000] {dagbag.py:588} INFO - Filling up the DagBag from /home/airflow/.local/lib/python3.12/site-packages/airflow/example_dags/tutorial.py
[2025-02-23T04:53:49.714+0000] {processor.py:925} INFO - DAG(s) 'tutorial' retrieved from /home/airflow/.local/lib/python3.12/site-packages/airflow/example_dags/tutorial.py
[2025-02-23T04:53:49.729+0000] {logging_mixin.py:190} INFO - [2025-02-23T04:53:49.729+0000] {dag.py:3239} INFO - Sync 1 DAGs
[2025-02-23T04:53:49.749+0000] {logging_mixin.py:190} INFO - [2025-02-23T04:53:49.748+0000] {dag.py:4180} INFO - Setting next_dagrun for tutorial to 2025-02-22 00:00:00+00:00, run_after=2025-02-23 00:00:00+00:00
[2025-02-23T04:53:49.763+0000] {processor.py:208} INFO - Processing /home/airflow/.local/lib/python3.12/site-packages/airflow/example_dags/tutorial.py took 0.064 seconds
[2025-02-23T04:54:19.878+0000] {processor.py:186} INFO - Started process (PID=892) to work on /home/airflow/.local/lib/python3.12/site-packages/airflow/example_dags/tutorial.py
[2025-02-23T04:54:19.878+0000] {processor.py:914} INFO - Processing file /home/airflow/.local/lib/python3.12/site-packages/airflow/example_dags/tutorial.py for tasks to queue
[2025-02-23T04:54:19.880+0000] {logging_mixin.py:190} INFO - [2025-02-23T04:54:19.880+0000] {dagbag.py:588} INFO - Filling up the DagBag from /home/airflow/.local/lib/python3.12/site-packages/airflow/example_dags/tutorial.py
[2025-02-23T04:54:19.887+0000] {processor.py:925} INFO - DAG(s) 'tutorial' retrieved from /home/airflow/.local/lib/python3.12/site-packages/airflow/example_dags/tutorial.py
[2025-02-23T04:54:19.904+0000] {logging_mixin.py:190} INFO - [2025-02-23T04:54:19.903+0000] {dag.py:3239} INFO - Sync 1 DAGs
[2025-02-23T04:54:19.922+0000] {logging_mixin.py:190} INFO - [2025-02-23T04:54:19.922+0000] {dag.py:4180} INFO - Setting next_dagrun for tutorial to 2025-02-22 00:00:00+00:00, run_after=2025-02-23 00:00:00+00:00
[2025-02-23T04:54:19.935+0000] {processor.py:208} INFO - Processing /home/airflow/.local/lib/python3.12/site-packages/airflow/example_dags/tutorial.py took 0.062 seconds
[2025-02-23T04:54:50.036+0000] {processor.py:186} INFO - Started process (PID=955) to work on /home/airflow/.local/lib/python3.12/site-packages/airflow/example_dags/tutorial.py
[2025-02-23T04:54:50.037+0000] {processor.py:914} INFO - Processing file /home/airflow/.local/lib/python3.12/site-packages/airflow/example_dags/tutorial.py for tasks to queue
[2025-02-23T04:54:50.038+0000] {logging_mixin.py:190} INFO - [2025-02-23T04:54:50.038+0000] {dagbag.py:588} INFO - Filling up the DagBag from /home/airflow/.local/lib/python3.12/site-packages/airflow/example_dags/tutorial.py
[2025-02-23T04:54:50.044+0000] {processor.py:925} INFO - DAG(s) 'tutorial' retrieved from /home/airflow/.local/lib/python3.12/site-packages/airflow/example_dags/tutorial.py
[2025-02-23T04:54:50.059+0000] {logging_mixin.py:190} INFO - [2025-02-23T04:54:50.059+0000] {dag.py:3239} INFO - Sync 1 DAGs
[2025-02-23T04:54:50.076+0000] {logging_mixin.py:190} INFO - [2025-02-23T04:54:50.076+0000] {dag.py:4180} INFO - Setting next_dagrun for tutorial to 2025-02-22 00:00:00+00:00, run_after=2025-02-23 00:00:00+00:00
[2025-02-23T04:54:50.089+0000] {processor.py:208} INFO - Processing /home/airflow/.local/lib/python3.12/site-packages/airflow/example_dags/tutorial.py took 0.058 seconds
[2025-02-23T04:55:20.258+0000] {processor.py:186} INFO - Started process (PID=1018) to work on /home/airflow/.local/lib/python3.12/site-packages/airflow/example_dags/tutorial.py
[2025-02-23T04:55:20.258+0000] {processor.py:914} INFO - Processing file /home/airflow/.local/lib/python3.12/site-packages/airflow/example_dags/tutorial.py for tasks to queue
[2025-02-23T04:55:20.260+0000] {logging_mixin.py:190} INFO - [2025-02-23T04:55:20.259+0000] {dagbag.py:588} INFO - Filling up the DagBag from /home/airflow/.local/lib/python3.12/site-packages/airflow/example_dags/tutorial.py
[2025-02-23T04:55:20.266+0000] {processor.py:925} INFO - DAG(s) 'tutorial' retrieved from /home/airflow/.local/lib/python3.12/site-packages/airflow/example_dags/tutorial.py
[2025-02-23T04:55:20.281+0000] {logging_mixin.py:190} INFO - [2025-02-23T04:55:20.281+0000] {dag.py:3239} INFO - Sync 1 DAGs
[2025-02-23T04:55:20.300+0000] {logging_mixin.py:190} INFO - [2025-02-23T04:55:20.300+0000] {dag.py:4180} INFO - Setting next_dagrun for tutorial to 2025-02-22 00:00:00+00:00, run_after=2025-02-23 00:00:00+00:00
[2025-02-23T04:55:20.313+0000] {processor.py:208} INFO - Processing /home/airflow/.local/lib/python3.12/site-packages/airflow/example_dags/tutorial.py took 0.060 seconds
[2025-02-23T04:55:50.502+0000] {processor.py:186} INFO - Started process (PID=1081) to work on /home/airflow/.local/lib/python3.12/site-packages/airflow/example_dags/tutorial.py
[2025-02-23T04:55:50.503+0000] {processor.py:914} INFO - Processing file /home/airflow/.local/lib/python3.12/site-packages/airflow/example_dags/tutorial.py for tasks to queue
[2025-02-23T04:55:50.504+0000] {logging_mixin.py:190} INFO - [2025-02-23T04:55:50.504+0000] {dagbag.py:588} INFO - Filling up the DagBag from /home/airflow/.local/lib/python3.12/site-packages/airflow/example_dags/tutorial.py
[2025-02-23T04:55:50.511+0000] {processor.py:925} INFO - DAG(s) 'tutorial' retrieved from /home/airflow/.local/lib/python3.12/site-packages/airflow/example_dags/tutorial.py
[2025-02-23T04:55:50.525+0000] {logging_mixin.py:190} INFO - [2025-02-23T04:55:50.525+0000] {dag.py:3239} INFO - Sync 1 DAGs
[2025-02-23T04:55:50.545+0000] {logging_mixin.py:190} INFO - [2025-02-23T04:55:50.545+0000] {dag.py:4180} INFO - Setting next_dagrun for tutorial to 2025-02-22 00:00:00+00:00, run_after=2025-02-23 00:00:00+00:00
[2025-02-23T04:55:50.562+0000] {processor.py:208} INFO - Processing /home/airflow/.local/lib/python3.12/site-packages/airflow/example_dags/tutorial.py took 0.065 seconds
[2025-02-23T04:56:20.709+0000] {processor.py:186} INFO - Started process (PID=1144) to work on /home/airflow/.local/lib/python3.12/site-packages/airflow/example_dags/tutorial.py
[2025-02-23T04:56:20.710+0000] {processor.py:914} INFO - Processing file /home/airflow/.local/lib/python3.12/site-packages/airflow/example_dags/tutorial.py for tasks to queue
[2025-02-23T04:56:20.712+0000] {logging_mixin.py:190} INFO - [2025-02-23T04:56:20.712+0000] {dagbag.py:588} INFO - Filling up the DagBag from /home/airflow/.local/lib/python3.12/site-packages/airflow/example_dags/tutorial.py
[2025-02-23T04:56:20.720+0000] {processor.py:925} INFO - DAG(s) 'tutorial' retrieved from /home/airflow/.local/lib/python3.12/site-packages/airflow/example_dags/tutorial.py
[2025-02-23T04:56:20.740+0000] {logging_mixin.py:190} INFO - [2025-02-23T04:56:20.740+0000] {dag.py:3239} INFO - Sync 1 DAGs
[2025-02-23T04:56:20.761+0000] {logging_mixin.py:190} INFO - [2025-02-23T04:56:20.761+0000] {dag.py:4180} INFO - Setting next_dagrun for tutorial to 2025-02-22 00:00:00+00:00, run_after=2025-02-23 00:00:00+00:00
[2025-02-23T04:56:20.776+0000] {processor.py:208} INFO - Processing /home/airflow/.local/lib/python3.12/site-packages/airflow/example_dags/tutorial.py took 0.072 seconds
[2025-02-23T04:56:50.994+0000] {processor.py:186} INFO - Started process (PID=1207) to work on /home/airflow/.local/lib/python3.12/site-packages/airflow/example_dags/tutorial.py
[2025-02-23T04:56:50.994+0000] {processor.py:914} INFO - Processing file /home/airflow/.local/lib/python3.12/site-packages/airflow/example_dags/tutorial.py for tasks to queue
[2025-02-23T04:56:50.996+0000] {logging_mixin.py:190} INFO - [2025-02-23T04:56:50.996+0000] {dagbag.py:588} INFO - Filling up the DagBag from /home/airflow/.local/lib/python3.12/site-packages/airflow/example_dags/tutorial.py
[2025-02-23T04:56:51.002+0000] {processor.py:925} INFO - DAG(s) 'tutorial' retrieved from /home/airflow/.local/lib/python3.12/site-packages/airflow/example_dags/tutorial.py
[2025-02-23T04:56:51.018+0000] {logging_mixin.py:190} INFO - [2025-02-23T04:56:51.018+0000] {dag.py:3239} INFO - Sync 1 DAGs
[2025-02-23T04:56:51.035+0000] {logging_mixin.py:190} INFO - [2025-02-23T04:56:51.035+0000] {dag.py:4180} INFO - Setting next_dagrun for tutorial to 2025-02-22 00:00:00+00:00, run_after=2025-02-23 00:00:00+00:00
[2025-02-23T04:56:51.047+0000] {processor.py:208} INFO - Processing /home/airflow/.local/lib/python3.12/site-packages/airflow/example_dags/tutorial.py took 0.058 seconds
[2025-02-23T04:57:21.258+0000] {processor.py:186} INFO - Started process (PID=1270) to work on /home/airflow/.local/lib/python3.12/site-packages/airflow/example_dags/tutorial.py
[2025-02-23T04:57:21.259+0000] {processor.py:914} INFO - Processing file /home/airflow/.local/lib/python3.12/site-packages/airflow/example_dags/tutorial.py for tasks to queue
[2025-02-23T04:57:21.260+0000] {logging_mixin.py:190} INFO - [2025-02-23T04:57:21.260+0000] {dagbag.py:588} INFO - Filling up the DagBag from /home/airflow/.local/lib/python3.12/site-packages/airflow/example_dags/tutorial.py
[2025-02-23T04:57:21.267+0000] {processor.py:925} INFO - DAG(s) 'tutorial' retrieved from /home/airflow/.local/lib/python3.12/site-packages/airflow/example_dags/tutorial.py
[2025-02-23T04:57:21.282+0000] {logging_mixin.py:190} INFO - [2025-02-23T04:57:21.282+0000] {dag.py:3239} INFO - Sync 1 DAGs
[2025-02-23T04:57:21.302+0000] {logging_mixin.py:190} INFO - [2025-02-23T04:57:21.301+0000] {dag.py:4180} INFO - Setting next_dagrun for tutorial to 2025-02-22 00:00:00+00:00, run_after=2025-02-23 00:00:00+00:00
[2025-02-23T04:57:21.314+0000] {processor.py:208} INFO - Processing /home/airflow/.local/lib/python3.12/site-packages/airflow/example_dags/tutorial.py took 0.060 seconds
[2025-02-23T04:57:51.830+0000] {processor.py:186} INFO - Started process (PID=1334) to work on /home/airflow/.local/lib/python3.12/site-packages/airflow/example_dags/tutorial.py
[2025-02-23T04:57:51.830+0000] {processor.py:914} INFO - Processing file /home/airflow/.local/lib/python3.12/site-packages/airflow/example_dags/tutorial.py for tasks to queue
[2025-02-23T04:57:51.832+0000] {logging_mixin.py:190} INFO - [2025-02-23T04:57:51.832+0000] {dagbag.py:588} INFO - Filling up the DagBag from /home/airflow/.local/lib/python3.12/site-packages/airflow/example_dags/tutorial.py
[2025-02-23T04:57:51.838+0000] {processor.py:925} INFO - DAG(s) 'tutorial' retrieved from /home/airflow/.local/lib/python3.12/site-packages/airflow/example_dags/tutorial.py
[2025-02-23T04:57:51.854+0000] {logging_mixin.py:190} INFO - [2025-02-23T04:57:51.853+0000] {dag.py:3239} INFO - Sync 1 DAGs
[2025-02-23T04:57:51.872+0000] {logging_mixin.py:190} INFO - [2025-02-23T04:57:51.872+0000] {dag.py:4180} INFO - Setting next_dagrun for tutorial to 2025-02-22 00:00:00+00:00, run_after=2025-02-23 00:00:00+00:00
[2025-02-23T04:57:51.886+0000] {processor.py:208} INFO - Processing /home/airflow/.local/lib/python3.12/site-packages/airflow/example_dags/tutorial.py took 0.060 seconds
[2025-02-23T04:58:22.297+0000] {processor.py:186} INFO - Started process (PID=1397) to work on /home/airflow/.local/lib/python3.12/site-packages/airflow/example_dags/tutorial.py
[2025-02-23T04:58:22.297+0000] {processor.py:914} INFO - Processing file /home/airflow/.local/lib/python3.12/site-packages/airflow/example_dags/tutorial.py for tasks to queue
[2025-02-23T04:58:22.299+0000] {logging_mixin.py:190} INFO - [2025-02-23T04:58:22.298+0000] {dagbag.py:588} INFO - Filling up the DagBag from /home/airflow/.local/lib/python3.12/site-packages/airflow/example_dags/tutorial.py
[2025-02-23T04:58:22.305+0000] {processor.py:925} INFO - DAG(s) 'tutorial' retrieved from /home/airflow/.local/lib/python3.12/site-packages/airflow/example_dags/tutorial.py
[2025-02-23T04:58:22.319+0000] {logging_mixin.py:190} INFO - [2025-02-23T04:58:22.319+0000] {dag.py:3239} INFO - Sync 1 DAGs
[2025-02-23T04:58:22.337+0000] {logging_mixin.py:190} INFO - [2025-02-23T04:58:22.337+0000] {dag.py:4180} INFO - Setting next_dagrun for tutorial to 2025-02-22 00:00:00+00:00, run_after=2025-02-23 00:00:00+00:00
[2025-02-23T04:58:22.349+0000] {processor.py:208} INFO - Processing /home/airflow/.local/lib/python3.12/site-packages/airflow/example_dags/tutorial.py took 0.057 seconds
