[2025-02-23T04:47:44.451+0000] {processor.py:186} INFO - Started process (PID=70) to work on /home/airflow/.local/lib/python3.12/site-packages/airflow/example_dags/tutorial_objectstorage.py
[2025-02-23T04:47:44.452+0000] {processor.py:914} INFO - Processing file /home/airflow/.local/lib/python3.12/site-packages/airflow/example_dags/tutorial_objectstorage.py for tasks to queue
[2025-02-23T04:47:44.454+0000] {logging_mixin.py:190} INFO - [2025-02-23T04:47:44.454+0000] {dagbag.py:588} INFO - Filling up the DagBag from /home/airflow/.local/lib/python3.12/site-packages/airflow/example_dags/tutorial_objectstorage.py
[2025-02-23T04:47:44.471+0000] {processor.py:925} INFO - DAG(s) 'tutorial_objectstorage' retrieved from /home/airflow/.local/lib/python3.12/site-packages/airflow/example_dags/tutorial_objectstorage.py
[2025-02-23T04:47:44.613+0000] {logging_mixin.py:190} INFO - [2025-02-23T04:47:44.612+0000] {override.py:1911} INFO - Created Permission View: can delete on DAG:tutorial_objectstorage
[2025-02-23T04:47:44.621+0000] {logging_mixin.py:190} INFO - [2025-02-23T04:47:44.621+0000] {override.py:1911} INFO - Created Permission View: can edit on DAG:tutorial_objectstorage
[2025-02-23T04:47:44.627+0000] {logging_mixin.py:190} INFO - [2025-02-23T04:47:44.627+0000] {override.py:1911} INFO - Created Permission View: can read on DAG:tutorial_objectstorage
[2025-02-23T04:47:44.632+0000] {logging_mixin.py:190} INFO - [2025-02-23T04:47:44.632+0000] {override.py:1911} INFO - Created Permission View: can create on DAG Run:tutorial_objectstorage
[2025-02-23T04:47:44.637+0000] {logging_mixin.py:190} INFO - [2025-02-23T04:47:44.637+0000] {override.py:1911} INFO - Created Permission View: menu access on DAG Run:tutorial_objectstorage
[2025-02-23T04:47:44.649+0000] {logging_mixin.py:190} INFO - [2025-02-23T04:47:44.649+0000] {override.py:1911} INFO - Created Permission View: can delete on DAG Run:tutorial_objectstorage
[2025-02-23T04:47:44.654+0000] {logging_mixin.py:190} INFO - [2025-02-23T04:47:44.654+0000] {override.py:1911} INFO - Created Permission View: can read on DAG Run:tutorial_objectstorage
[2025-02-23T04:47:44.655+0000] {logging_mixin.py:190} INFO - [2025-02-23T04:47:44.654+0000] {dag.py:3239} INFO - Sync 1 DAGs
[2025-02-23T04:47:44.668+0000] {logging_mixin.py:190} INFO - [2025-02-23T04:47:44.668+0000] {dag.py:3262} INFO - Creating ORM DAG for tutorial_objectstorage
[2025-02-23T04:47:44.669+0000] {logging_mixin.py:190} INFO - [2025-02-23T04:47:44.669+0000] {dag.py:4180} INFO - Setting next_dagrun for tutorial_objectstorage to None, run_after=None
[2025-02-23T04:47:44.684+0000] {processor.py:208} INFO - Processing /home/airflow/.local/lib/python3.12/site-packages/airflow/example_dags/tutorial_objectstorage.py took 0.239 seconds
[2025-02-23T04:48:15.562+0000] {processor.py:186} INFO - Started process (PID=132) to work on /home/airflow/.local/lib/python3.12/site-packages/airflow/example_dags/tutorial_objectstorage.py
[2025-02-23T04:48:15.563+0000] {processor.py:914} INFO - Processing file /home/airflow/.local/lib/python3.12/site-packages/airflow/example_dags/tutorial_objectstorage.py for tasks to queue
[2025-02-23T04:48:15.565+0000] {logging_mixin.py:190} INFO - [2025-02-23T04:48:15.565+0000] {dagbag.py:588} INFO - Filling up the DagBag from /home/airflow/.local/lib/python3.12/site-packages/airflow/example_dags/tutorial_objectstorage.py
[2025-02-23T04:48:15.574+0000] {processor.py:925} INFO - DAG(s) 'tutorial_objectstorage' retrieved from /home/airflow/.local/lib/python3.12/site-packages/airflow/example_dags/tutorial_objectstorage.py
[2025-02-23T04:48:15.589+0000] {logging_mixin.py:190} INFO - [2025-02-23T04:48:15.589+0000] {dag.py:3239} INFO - Sync 1 DAGs
[2025-02-23T04:48:15.600+0000] {logging_mixin.py:190} INFO - [2025-02-23T04:48:15.599+0000] {dag.py:4180} INFO - Setting next_dagrun for tutorial_objectstorage to None, run_after=None
[2025-02-23T04:48:15.612+0000] {processor.py:208} INFO - Processing /home/airflow/.local/lib/python3.12/site-packages/airflow/example_dags/tutorial_objectstorage.py took 0.055 seconds
[2025-02-23T04:48:46.099+0000] {processor.py:186} INFO - Started process (PID=195) to work on /home/airflow/.local/lib/python3.12/site-packages/airflow/example_dags/tutorial_objectstorage.py
[2025-02-23T04:48:46.100+0000] {processor.py:914} INFO - Processing file /home/airflow/.local/lib/python3.12/site-packages/airflow/example_dags/tutorial_objectstorage.py for tasks to queue
[2025-02-23T04:48:46.101+0000] {logging_mixin.py:190} INFO - [2025-02-23T04:48:46.101+0000] {dagbag.py:588} INFO - Filling up the DagBag from /home/airflow/.local/lib/python3.12/site-packages/airflow/example_dags/tutorial_objectstorage.py
[2025-02-23T04:48:46.110+0000] {processor.py:925} INFO - DAG(s) 'tutorial_objectstorage' retrieved from /home/airflow/.local/lib/python3.12/site-packages/airflow/example_dags/tutorial_objectstorage.py
[2025-02-23T04:48:46.138+0000] {logging_mixin.py:190} INFO - [2025-02-23T04:48:46.138+0000] {dag.py:3239} INFO - Sync 1 DAGs
[2025-02-23T04:48:46.162+0000] {logging_mixin.py:190} INFO - [2025-02-23T04:48:46.162+0000] {dag.py:4180} INFO - Setting next_dagrun for tutorial_objectstorage to None, run_after=None
[2025-02-23T04:48:46.180+0000] {processor.py:208} INFO - Processing /home/airflow/.local/lib/python3.12/site-packages/airflow/example_dags/tutorial_objectstorage.py took 0.086 seconds
[2025-02-23T04:49:16.565+0000] {processor.py:186} INFO - Started process (PID=258) to work on /home/airflow/.local/lib/python3.12/site-packages/airflow/example_dags/tutorial_objectstorage.py
[2025-02-23T04:49:16.565+0000] {processor.py:914} INFO - Processing file /home/airflow/.local/lib/python3.12/site-packages/airflow/example_dags/tutorial_objectstorage.py for tasks to queue
[2025-02-23T04:49:16.567+0000] {logging_mixin.py:190} INFO - [2025-02-23T04:49:16.567+0000] {dagbag.py:588} INFO - Filling up the DagBag from /home/airflow/.local/lib/python3.12/site-packages/airflow/example_dags/tutorial_objectstorage.py
[2025-02-23T04:49:16.576+0000] {processor.py:925} INFO - DAG(s) 'tutorial_objectstorage' retrieved from /home/airflow/.local/lib/python3.12/site-packages/airflow/example_dags/tutorial_objectstorage.py
[2025-02-23T04:49:16.589+0000] {logging_mixin.py:190} INFO - [2025-02-23T04:49:16.589+0000] {dag.py:3239} INFO - Sync 1 DAGs
[2025-02-23T04:49:16.600+0000] {logging_mixin.py:190} INFO - [2025-02-23T04:49:16.599+0000] {dag.py:4180} INFO - Setting next_dagrun for tutorial_objectstorage to None, run_after=None
[2025-02-23T04:49:16.614+0000] {processor.py:208} INFO - Processing /home/airflow/.local/lib/python3.12/site-packages/airflow/example_dags/tutorial_objectstorage.py took 0.055 seconds
[2025-02-23T04:49:46.772+0000] {processor.py:186} INFO - Started process (PID=321) to work on /home/airflow/.local/lib/python3.12/site-packages/airflow/example_dags/tutorial_objectstorage.py
[2025-02-23T04:49:46.772+0000] {processor.py:914} INFO - Processing file /home/airflow/.local/lib/python3.12/site-packages/airflow/example_dags/tutorial_objectstorage.py for tasks to queue
[2025-02-23T04:49:46.774+0000] {logging_mixin.py:190} INFO - [2025-02-23T04:49:46.773+0000] {dagbag.py:588} INFO - Filling up the DagBag from /home/airflow/.local/lib/python3.12/site-packages/airflow/example_dags/tutorial_objectstorage.py
[2025-02-23T04:49:46.780+0000] {processor.py:925} INFO - DAG(s) 'tutorial_objectstorage' retrieved from /home/airflow/.local/lib/python3.12/site-packages/airflow/example_dags/tutorial_objectstorage.py
[2025-02-23T04:49:46.797+0000] {logging_mixin.py:190} INFO - [2025-02-23T04:49:46.797+0000] {dag.py:3239} INFO - Sync 1 DAGs
[2025-02-23T04:49:46.814+0000] {logging_mixin.py:190} INFO - [2025-02-23T04:49:46.814+0000] {dag.py:4180} INFO - Setting next_dagrun for tutorial_objectstorage to None, run_after=None
[2025-02-23T04:49:46.827+0000] {processor.py:208} INFO - Processing /home/airflow/.local/lib/python3.12/site-packages/airflow/example_dags/tutorial_objectstorage.py took 0.059 seconds
[2025-02-23T04:50:17.134+0000] {processor.py:186} INFO - Started process (PID=384) to work on /home/airflow/.local/lib/python3.12/site-packages/airflow/example_dags/tutorial_objectstorage.py
[2025-02-23T04:50:17.135+0000] {processor.py:914} INFO - Processing file /home/airflow/.local/lib/python3.12/site-packages/airflow/example_dags/tutorial_objectstorage.py for tasks to queue
[2025-02-23T04:50:17.136+0000] {logging_mixin.py:190} INFO - [2025-02-23T04:50:17.136+0000] {dagbag.py:588} INFO - Filling up the DagBag from /home/airflow/.local/lib/python3.12/site-packages/airflow/example_dags/tutorial_objectstorage.py
[2025-02-23T04:50:17.143+0000] {processor.py:925} INFO - DAG(s) 'tutorial_objectstorage' retrieved from /home/airflow/.local/lib/python3.12/site-packages/airflow/example_dags/tutorial_objectstorage.py
[2025-02-23T04:50:17.159+0000] {logging_mixin.py:190} INFO - [2025-02-23T04:50:17.158+0000] {dag.py:3239} INFO - Sync 1 DAGs
[2025-02-23T04:50:17.173+0000] {logging_mixin.py:190} INFO - [2025-02-23T04:50:17.173+0000] {dag.py:4180} INFO - Setting next_dagrun for tutorial_objectstorage to None, run_after=None
[2025-02-23T04:50:17.189+0000] {processor.py:208} INFO - Processing /home/airflow/.local/lib/python3.12/site-packages/airflow/example_dags/tutorial_objectstorage.py took 0.059 seconds
[2025-02-23T04:50:47.625+0000] {processor.py:186} INFO - Started process (PID=447) to work on /home/airflow/.local/lib/python3.12/site-packages/airflow/example_dags/tutorial_objectstorage.py
[2025-02-23T04:50:47.625+0000] {processor.py:914} INFO - Processing file /home/airflow/.local/lib/python3.12/site-packages/airflow/example_dags/tutorial_objectstorage.py for tasks to queue
[2025-02-23T04:50:47.626+0000] {logging_mixin.py:190} INFO - [2025-02-23T04:50:47.626+0000] {dagbag.py:588} INFO - Filling up the DagBag from /home/airflow/.local/lib/python3.12/site-packages/airflow/example_dags/tutorial_objectstorage.py
[2025-02-23T04:50:47.633+0000] {processor.py:925} INFO - DAG(s) 'tutorial_objectstorage' retrieved from /home/airflow/.local/lib/python3.12/site-packages/airflow/example_dags/tutorial_objectstorage.py
[2025-02-23T04:50:47.649+0000] {logging_mixin.py:190} INFO - [2025-02-23T04:50:47.649+0000] {dag.py:3239} INFO - Sync 1 DAGs
[2025-02-23T04:50:47.663+0000] {logging_mixin.py:190} INFO - [2025-02-23T04:50:47.663+0000] {dag.py:4180} INFO - Setting next_dagrun for tutorial_objectstorage to None, run_after=None
[2025-02-23T04:50:47.678+0000] {processor.py:208} INFO - Processing /home/airflow/.local/lib/python3.12/site-packages/airflow/example_dags/tutorial_objectstorage.py took 0.058 seconds
[2025-02-23T04:51:18.191+0000] {processor.py:186} INFO - Started process (PID=510) to work on /home/airflow/.local/lib/python3.12/site-packages/airflow/example_dags/tutorial_objectstorage.py
[2025-02-23T04:51:18.192+0000] {processor.py:914} INFO - Processing file /home/airflow/.local/lib/python3.12/site-packages/airflow/example_dags/tutorial_objectstorage.py for tasks to queue
[2025-02-23T04:51:18.194+0000] {logging_mixin.py:190} INFO - [2025-02-23T04:51:18.193+0000] {dagbag.py:588} INFO - Filling up the DagBag from /home/airflow/.local/lib/python3.12/site-packages/airflow/example_dags/tutorial_objectstorage.py
[2025-02-23T04:51:18.202+0000] {processor.py:925} INFO - DAG(s) 'tutorial_objectstorage' retrieved from /home/airflow/.local/lib/python3.12/site-packages/airflow/example_dags/tutorial_objectstorage.py
[2025-02-23T04:51:18.218+0000] {logging_mixin.py:190} INFO - [2025-02-23T04:51:18.217+0000] {dag.py:3239} INFO - Sync 1 DAGs
[2025-02-23T04:51:18.230+0000] {logging_mixin.py:190} INFO - [2025-02-23T04:51:18.230+0000] {dag.py:4180} INFO - Setting next_dagrun for tutorial_objectstorage to None, run_after=None
[2025-02-23T04:51:18.249+0000] {processor.py:208} INFO - Processing /home/airflow/.local/lib/python3.12/site-packages/airflow/example_dags/tutorial_objectstorage.py took 0.063 seconds
[2025-02-23T04:51:48.521+0000] {processor.py:186} INFO - Started process (PID=573) to work on /home/airflow/.local/lib/python3.12/site-packages/airflow/example_dags/tutorial_objectstorage.py
[2025-02-23T04:51:48.522+0000] {processor.py:914} INFO - Processing file /home/airflow/.local/lib/python3.12/site-packages/airflow/example_dags/tutorial_objectstorage.py for tasks to queue
[2025-02-23T04:51:48.523+0000] {logging_mixin.py:190} INFO - [2025-02-23T04:51:48.523+0000] {dagbag.py:588} INFO - Filling up the DagBag from /home/airflow/.local/lib/python3.12/site-packages/airflow/example_dags/tutorial_objectstorage.py
[2025-02-23T04:51:48.530+0000] {processor.py:925} INFO - DAG(s) 'tutorial_objectstorage' retrieved from /home/airflow/.local/lib/python3.12/site-packages/airflow/example_dags/tutorial_objectstorage.py
[2025-02-23T04:51:48.545+0000] {logging_mixin.py:190} INFO - [2025-02-23T04:51:48.545+0000] {dag.py:3239} INFO - Sync 1 DAGs
[2025-02-23T04:51:48.560+0000] {logging_mixin.py:190} INFO - [2025-02-23T04:51:48.560+0000] {dag.py:4180} INFO - Setting next_dagrun for tutorial_objectstorage to None, run_after=None
[2025-02-23T04:51:48.576+0000] {processor.py:208} INFO - Processing /home/airflow/.local/lib/python3.12/site-packages/airflow/example_dags/tutorial_objectstorage.py took 0.060 seconds
[2025-02-23T04:52:18.725+0000] {processor.py:186} INFO - Started process (PID=636) to work on /home/airflow/.local/lib/python3.12/site-packages/airflow/example_dags/tutorial_objectstorage.py
[2025-02-23T04:52:18.726+0000] {processor.py:914} INFO - Processing file /home/airflow/.local/lib/python3.12/site-packages/airflow/example_dags/tutorial_objectstorage.py for tasks to queue
[2025-02-23T04:52:18.727+0000] {logging_mixin.py:190} INFO - [2025-02-23T04:52:18.727+0000] {dagbag.py:588} INFO - Filling up the DagBag from /home/airflow/.local/lib/python3.12/site-packages/airflow/example_dags/tutorial_objectstorage.py
[2025-02-23T04:52:18.734+0000] {processor.py:925} INFO - DAG(s) 'tutorial_objectstorage' retrieved from /home/airflow/.local/lib/python3.12/site-packages/airflow/example_dags/tutorial_objectstorage.py
[2025-02-23T04:52:18.750+0000] {logging_mixin.py:190} INFO - [2025-02-23T04:52:18.750+0000] {dag.py:3239} INFO - Sync 1 DAGs
[2025-02-23T04:52:18.763+0000] {logging_mixin.py:190} INFO - [2025-02-23T04:52:18.763+0000] {dag.py:4180} INFO - Setting next_dagrun for tutorial_objectstorage to None, run_after=None
[2025-02-23T04:52:18.777+0000] {processor.py:208} INFO - Processing /home/airflow/.local/lib/python3.12/site-packages/airflow/example_dags/tutorial_objectstorage.py took 0.056 seconds
[2025-02-23T04:52:48.867+0000] {processor.py:186} INFO - Started process (PID=699) to work on /home/airflow/.local/lib/python3.12/site-packages/airflow/example_dags/tutorial_objectstorage.py
[2025-02-23T04:52:48.868+0000] {processor.py:914} INFO - Processing file /home/airflow/.local/lib/python3.12/site-packages/airflow/example_dags/tutorial_objectstorage.py for tasks to queue
[2025-02-23T04:52:48.869+0000] {logging_mixin.py:190} INFO - [2025-02-23T04:52:48.869+0000] {dagbag.py:588} INFO - Filling up the DagBag from /home/airflow/.local/lib/python3.12/site-packages/airflow/example_dags/tutorial_objectstorage.py
[2025-02-23T04:52:48.876+0000] {processor.py:925} INFO - DAG(s) 'tutorial_objectstorage' retrieved from /home/airflow/.local/lib/python3.12/site-packages/airflow/example_dags/tutorial_objectstorage.py
[2025-02-23T04:52:48.894+0000] {logging_mixin.py:190} INFO - [2025-02-23T04:52:48.893+0000] {dag.py:3239} INFO - Sync 1 DAGs
[2025-02-23T04:52:48.905+0000] {logging_mixin.py:190} INFO - [2025-02-23T04:52:48.905+0000] {dag.py:4180} INFO - Setting next_dagrun for tutorial_objectstorage to None, run_after=None
[2025-02-23T04:52:48.919+0000] {processor.py:208} INFO - Processing /home/airflow/.local/lib/python3.12/site-packages/airflow/example_dags/tutorial_objectstorage.py took 0.056 seconds
[2025-02-23T04:53:19.369+0000] {processor.py:186} INFO - Started process (PID=762) to work on /home/airflow/.local/lib/python3.12/site-packages/airflow/example_dags/tutorial_objectstorage.py
[2025-02-23T04:53:19.369+0000] {processor.py:914} INFO - Processing file /home/airflow/.local/lib/python3.12/site-packages/airflow/example_dags/tutorial_objectstorage.py for tasks to queue
[2025-02-23T04:53:19.371+0000] {logging_mixin.py:190} INFO - [2025-02-23T04:53:19.370+0000] {dagbag.py:588} INFO - Filling up the DagBag from /home/airflow/.local/lib/python3.12/site-packages/airflow/example_dags/tutorial_objectstorage.py
[2025-02-23T04:53:19.378+0000] {processor.py:925} INFO - DAG(s) 'tutorial_objectstorage' retrieved from /home/airflow/.local/lib/python3.12/site-packages/airflow/example_dags/tutorial_objectstorage.py
[2025-02-23T04:53:19.396+0000] {logging_mixin.py:190} INFO - [2025-02-23T04:53:19.396+0000] {dag.py:3239} INFO - Sync 1 DAGs
[2025-02-23T04:53:19.412+0000] {logging_mixin.py:190} INFO - [2025-02-23T04:53:19.412+0000] {dag.py:4180} INFO - Setting next_dagrun for tutorial_objectstorage to None, run_after=None
[2025-02-23T04:53:19.428+0000] {processor.py:208} INFO - Processing /home/airflow/.local/lib/python3.12/site-packages/airflow/example_dags/tutorial_objectstorage.py took 0.065 seconds
[2025-02-23T04:53:49.548+0000] {processor.py:186} INFO - Started process (PID=826) to work on /home/airflow/.local/lib/python3.12/site-packages/airflow/example_dags/tutorial_objectstorage.py
[2025-02-23T04:53:49.548+0000] {processor.py:914} INFO - Processing file /home/airflow/.local/lib/python3.12/site-packages/airflow/example_dags/tutorial_objectstorage.py for tasks to queue
[2025-02-23T04:53:49.550+0000] {logging_mixin.py:190} INFO - [2025-02-23T04:53:49.549+0000] {dagbag.py:588} INFO - Filling up the DagBag from /home/airflow/.local/lib/python3.12/site-packages/airflow/example_dags/tutorial_objectstorage.py
[2025-02-23T04:53:49.556+0000] {processor.py:925} INFO - DAG(s) 'tutorial_objectstorage' retrieved from /home/airflow/.local/lib/python3.12/site-packages/airflow/example_dags/tutorial_objectstorage.py
[2025-02-23T04:53:49.570+0000] {logging_mixin.py:190} INFO - [2025-02-23T04:53:49.570+0000] {dag.py:3239} INFO - Sync 1 DAGs
[2025-02-23T04:53:49.582+0000] {logging_mixin.py:190} INFO - [2025-02-23T04:53:49.582+0000] {dag.py:4180} INFO - Setting next_dagrun for tutorial_objectstorage to None, run_after=None
[2025-02-23T04:53:49.596+0000] {processor.py:208} INFO - Processing /home/airflow/.local/lib/python3.12/site-packages/airflow/example_dags/tutorial_objectstorage.py took 0.053 seconds
[2025-02-23T04:54:19.721+0000] {processor.py:186} INFO - Started process (PID=889) to work on /home/airflow/.local/lib/python3.12/site-packages/airflow/example_dags/tutorial_objectstorage.py
[2025-02-23T04:54:19.722+0000] {processor.py:914} INFO - Processing file /home/airflow/.local/lib/python3.12/site-packages/airflow/example_dags/tutorial_objectstorage.py for tasks to queue
[2025-02-23T04:54:19.723+0000] {logging_mixin.py:190} INFO - [2025-02-23T04:54:19.723+0000] {dagbag.py:588} INFO - Filling up the DagBag from /home/airflow/.local/lib/python3.12/site-packages/airflow/example_dags/tutorial_objectstorage.py
[2025-02-23T04:54:19.730+0000] {processor.py:925} INFO - DAG(s) 'tutorial_objectstorage' retrieved from /home/airflow/.local/lib/python3.12/site-packages/airflow/example_dags/tutorial_objectstorage.py
[2025-02-23T04:54:19.746+0000] {logging_mixin.py:190} INFO - [2025-02-23T04:54:19.745+0000] {dag.py:3239} INFO - Sync 1 DAGs
[2025-02-23T04:54:19.759+0000] {logging_mixin.py:190} INFO - [2025-02-23T04:54:19.759+0000] {dag.py:4180} INFO - Setting next_dagrun for tutorial_objectstorage to None, run_after=None
[2025-02-23T04:54:19.771+0000] {processor.py:208} INFO - Processing /home/airflow/.local/lib/python3.12/site-packages/airflow/example_dags/tutorial_objectstorage.py took 0.054 seconds
[2025-02-23T04:54:49.874+0000] {processor.py:186} INFO - Started process (PID=952) to work on /home/airflow/.local/lib/python3.12/site-packages/airflow/example_dags/tutorial_objectstorage.py
[2025-02-23T04:54:49.875+0000] {processor.py:914} INFO - Processing file /home/airflow/.local/lib/python3.12/site-packages/airflow/example_dags/tutorial_objectstorage.py for tasks to queue
[2025-02-23T04:54:49.876+0000] {logging_mixin.py:190} INFO - [2025-02-23T04:54:49.876+0000] {dagbag.py:588} INFO - Filling up the DagBag from /home/airflow/.local/lib/python3.12/site-packages/airflow/example_dags/tutorial_objectstorage.py
[2025-02-23T04:54:49.883+0000] {processor.py:925} INFO - DAG(s) 'tutorial_objectstorage' retrieved from /home/airflow/.local/lib/python3.12/site-packages/airflow/example_dags/tutorial_objectstorage.py
[2025-02-23T04:54:49.898+0000] {logging_mixin.py:190} INFO - [2025-02-23T04:54:49.898+0000] {dag.py:3239} INFO - Sync 1 DAGs
[2025-02-23T04:54:49.913+0000] {logging_mixin.py:190} INFO - [2025-02-23T04:54:49.913+0000] {dag.py:4180} INFO - Setting next_dagrun for tutorial_objectstorage to None, run_after=None
[2025-02-23T04:54:49.927+0000] {processor.py:208} INFO - Processing /home/airflow/.local/lib/python3.12/site-packages/airflow/example_dags/tutorial_objectstorage.py took 0.057 seconds
[2025-02-23T04:55:20.098+0000] {processor.py:186} INFO - Started process (PID=1015) to work on /home/airflow/.local/lib/python3.12/site-packages/airflow/example_dags/tutorial_objectstorage.py
[2025-02-23T04:55:20.099+0000] {processor.py:914} INFO - Processing file /home/airflow/.local/lib/python3.12/site-packages/airflow/example_dags/tutorial_objectstorage.py for tasks to queue
[2025-02-23T04:55:20.100+0000] {logging_mixin.py:190} INFO - [2025-02-23T04:55:20.100+0000] {dagbag.py:588} INFO - Filling up the DagBag from /home/airflow/.local/lib/python3.12/site-packages/airflow/example_dags/tutorial_objectstorage.py
[2025-02-23T04:55:20.108+0000] {processor.py:925} INFO - DAG(s) 'tutorial_objectstorage' retrieved from /home/airflow/.local/lib/python3.12/site-packages/airflow/example_dags/tutorial_objectstorage.py
[2025-02-23T04:55:20.123+0000] {logging_mixin.py:190} INFO - [2025-02-23T04:55:20.123+0000] {dag.py:3239} INFO - Sync 1 DAGs
[2025-02-23T04:55:20.139+0000] {logging_mixin.py:190} INFO - [2025-02-23T04:55:20.139+0000] {dag.py:4180} INFO - Setting next_dagrun for tutorial_objectstorage to None, run_after=None
[2025-02-23T04:55:20.154+0000] {processor.py:208} INFO - Processing /home/airflow/.local/lib/python3.12/site-packages/airflow/example_dags/tutorial_objectstorage.py took 0.060 seconds
[2025-02-23T04:55:50.327+0000] {processor.py:186} INFO - Started process (PID=1078) to work on /home/airflow/.local/lib/python3.12/site-packages/airflow/example_dags/tutorial_objectstorage.py
[2025-02-23T04:55:50.327+0000] {processor.py:914} INFO - Processing file /home/airflow/.local/lib/python3.12/site-packages/airflow/example_dags/tutorial_objectstorage.py for tasks to queue
[2025-02-23T04:55:50.330+0000] {logging_mixin.py:190} INFO - [2025-02-23T04:55:50.329+0000] {dagbag.py:588} INFO - Filling up the DagBag from /home/airflow/.local/lib/python3.12/site-packages/airflow/example_dags/tutorial_objectstorage.py
[2025-02-23T04:55:50.341+0000] {processor.py:925} INFO - DAG(s) 'tutorial_objectstorage' retrieved from /home/airflow/.local/lib/python3.12/site-packages/airflow/example_dags/tutorial_objectstorage.py
[2025-02-23T04:55:50.361+0000] {logging_mixin.py:190} INFO - [2025-02-23T04:55:50.361+0000] {dag.py:3239} INFO - Sync 1 DAGs
[2025-02-23T04:55:50.377+0000] {logging_mixin.py:190} INFO - [2025-02-23T04:55:50.377+0000] {dag.py:4180} INFO - Setting next_dagrun for tutorial_objectstorage to None, run_after=None
[2025-02-23T04:55:50.395+0000] {processor.py:208} INFO - Processing /home/airflow/.local/lib/python3.12/site-packages/airflow/example_dags/tutorial_objectstorage.py took 0.076 seconds
[2025-02-23T04:56:20.546+0000] {processor.py:186} INFO - Started process (PID=1141) to work on /home/airflow/.local/lib/python3.12/site-packages/airflow/example_dags/tutorial_objectstorage.py
[2025-02-23T04:56:20.547+0000] {processor.py:914} INFO - Processing file /home/airflow/.local/lib/python3.12/site-packages/airflow/example_dags/tutorial_objectstorage.py for tasks to queue
[2025-02-23T04:56:20.549+0000] {logging_mixin.py:190} INFO - [2025-02-23T04:56:20.549+0000] {dagbag.py:588} INFO - Filling up the DagBag from /home/airflow/.local/lib/python3.12/site-packages/airflow/example_dags/tutorial_objectstorage.py
[2025-02-23T04:56:20.560+0000] {processor.py:925} INFO - DAG(s) 'tutorial_objectstorage' retrieved from /home/airflow/.local/lib/python3.12/site-packages/airflow/example_dags/tutorial_objectstorage.py
[2025-02-23T04:56:20.573+0000] {logging_mixin.py:190} INFO - [2025-02-23T04:56:20.573+0000] {dag.py:3239} INFO - Sync 1 DAGs
[2025-02-23T04:56:20.584+0000] {logging_mixin.py:190} INFO - [2025-02-23T04:56:20.583+0000] {dag.py:4180} INFO - Setting next_dagrun for tutorial_objectstorage to None, run_after=None
[2025-02-23T04:56:20.598+0000] {processor.py:208} INFO - Processing /home/airflow/.local/lib/python3.12/site-packages/airflow/example_dags/tutorial_objectstorage.py took 0.063 seconds
[2025-02-23T04:56:50.843+0000] {processor.py:186} INFO - Started process (PID=1204) to work on /home/airflow/.local/lib/python3.12/site-packages/airflow/example_dags/tutorial_objectstorage.py
[2025-02-23T04:56:50.844+0000] {processor.py:914} INFO - Processing file /home/airflow/.local/lib/python3.12/site-packages/airflow/example_dags/tutorial_objectstorage.py for tasks to queue
[2025-02-23T04:56:50.846+0000] {logging_mixin.py:190} INFO - [2025-02-23T04:56:50.845+0000] {dagbag.py:588} INFO - Filling up the DagBag from /home/airflow/.local/lib/python3.12/site-packages/airflow/example_dags/tutorial_objectstorage.py
[2025-02-23T04:56:50.852+0000] {processor.py:925} INFO - DAG(s) 'tutorial_objectstorage' retrieved from /home/airflow/.local/lib/python3.12/site-packages/airflow/example_dags/tutorial_objectstorage.py
[2025-02-23T04:56:50.865+0000] {logging_mixin.py:190} INFO - [2025-02-23T04:56:50.865+0000] {dag.py:3239} INFO - Sync 1 DAGs
[2025-02-23T04:56:50.875+0000] {logging_mixin.py:190} INFO - [2025-02-23T04:56:50.875+0000] {dag.py:4180} INFO - Setting next_dagrun for tutorial_objectstorage to None, run_after=None
[2025-02-23T04:56:50.889+0000] {processor.py:208} INFO - Processing /home/airflow/.local/lib/python3.12/site-packages/airflow/example_dags/tutorial_objectstorage.py took 0.050 seconds
[2025-02-23T04:57:21.101+0000] {processor.py:186} INFO - Started process (PID=1267) to work on /home/airflow/.local/lib/python3.12/site-packages/airflow/example_dags/tutorial_objectstorage.py
[2025-02-23T04:57:21.101+0000] {processor.py:914} INFO - Processing file /home/airflow/.local/lib/python3.12/site-packages/airflow/example_dags/tutorial_objectstorage.py for tasks to queue
[2025-02-23T04:57:21.103+0000] {logging_mixin.py:190} INFO - [2025-02-23T04:57:21.103+0000] {dagbag.py:588} INFO - Filling up the DagBag from /home/airflow/.local/lib/python3.12/site-packages/airflow/example_dags/tutorial_objectstorage.py
[2025-02-23T04:57:21.109+0000] {processor.py:925} INFO - DAG(s) 'tutorial_objectstorage' retrieved from /home/airflow/.local/lib/python3.12/site-packages/airflow/example_dags/tutorial_objectstorage.py
[2025-02-23T04:57:21.123+0000] {logging_mixin.py:190} INFO - [2025-02-23T04:57:21.123+0000] {dag.py:3239} INFO - Sync 1 DAGs
[2025-02-23T04:57:21.135+0000] {logging_mixin.py:190} INFO - [2025-02-23T04:57:21.135+0000] {dag.py:4180} INFO - Setting next_dagrun for tutorial_objectstorage to None, run_after=None
[2025-02-23T04:57:21.149+0000] {processor.py:208} INFO - Processing /home/airflow/.local/lib/python3.12/site-packages/airflow/example_dags/tutorial_objectstorage.py took 0.053 seconds
[2025-02-23T04:57:51.667+0000] {processor.py:186} INFO - Started process (PID=1331) to work on /home/airflow/.local/lib/python3.12/site-packages/airflow/example_dags/tutorial_objectstorage.py
[2025-02-23T04:57:51.668+0000] {processor.py:914} INFO - Processing file /home/airflow/.local/lib/python3.12/site-packages/airflow/example_dags/tutorial_objectstorage.py for tasks to queue
[2025-02-23T04:57:51.669+0000] {logging_mixin.py:190} INFO - [2025-02-23T04:57:51.669+0000] {dagbag.py:588} INFO - Filling up the DagBag from /home/airflow/.local/lib/python3.12/site-packages/airflow/example_dags/tutorial_objectstorage.py
[2025-02-23T04:57:51.676+0000] {processor.py:925} INFO - DAG(s) 'tutorial_objectstorage' retrieved from /home/airflow/.local/lib/python3.12/site-packages/airflow/example_dags/tutorial_objectstorage.py
[2025-02-23T04:57:51.692+0000] {logging_mixin.py:190} INFO - [2025-02-23T04:57:51.692+0000] {dag.py:3239} INFO - Sync 1 DAGs
[2025-02-23T04:57:51.707+0000] {logging_mixin.py:190} INFO - [2025-02-23T04:57:51.707+0000] {dag.py:4180} INFO - Setting next_dagrun for tutorial_objectstorage to None, run_after=None
[2025-02-23T04:57:51.722+0000] {processor.py:208} INFO - Processing /home/airflow/.local/lib/python3.12/site-packages/airflow/example_dags/tutorial_objectstorage.py took 0.060 seconds
[2025-02-23T04:58:22.143+0000] {processor.py:186} INFO - Started process (PID=1394) to work on /home/airflow/.local/lib/python3.12/site-packages/airflow/example_dags/tutorial_objectstorage.py
[2025-02-23T04:58:22.143+0000] {processor.py:914} INFO - Processing file /home/airflow/.local/lib/python3.12/site-packages/airflow/example_dags/tutorial_objectstorage.py for tasks to queue
[2025-02-23T04:58:22.145+0000] {logging_mixin.py:190} INFO - [2025-02-23T04:58:22.145+0000] {dagbag.py:588} INFO - Filling up the DagBag from /home/airflow/.local/lib/python3.12/site-packages/airflow/example_dags/tutorial_objectstorage.py
[2025-02-23T04:58:22.152+0000] {processor.py:925} INFO - DAG(s) 'tutorial_objectstorage' retrieved from /home/airflow/.local/lib/python3.12/site-packages/airflow/example_dags/tutorial_objectstorage.py
[2025-02-23T04:58:22.164+0000] {logging_mixin.py:190} INFO - [2025-02-23T04:58:22.164+0000] {dag.py:3239} INFO - Sync 1 DAGs
[2025-02-23T04:58:22.175+0000] {logging_mixin.py:190} INFO - [2025-02-23T04:58:22.175+0000] {dag.py:4180} INFO - Setting next_dagrun for tutorial_objectstorage to None, run_after=None
[2025-02-23T04:58:22.188+0000] {processor.py:208} INFO - Processing /home/airflow/.local/lib/python3.12/site-packages/airflow/example_dags/tutorial_objectstorage.py took 0.050 seconds
