[2025-02-23T04:47:46.229+0000] {processor.py:186} INFO - Started process (PID=79) to work on /home/airflow/.local/lib/python3.12/site-packages/airflow/example_dags/tutorial_dag.py
[2025-02-23T04:47:46.230+0000] {processor.py:914} INFO - Processing file /home/airflow/.local/lib/python3.12/site-packages/airflow/example_dags/tutorial_dag.py for tasks to queue
[2025-02-23T04:47:46.232+0000] {logging_mixin.py:190} INFO - [2025-02-23T04:47:46.232+0000] {dagbag.py:588} INFO - Filling up the DagBag from /home/airflow/.local/lib/python3.12/site-packages/airflow/example_dags/tutorial_dag.py
[2025-02-23T04:47:46.249+0000] {processor.py:925} INFO - DAG(s) 'tutorial_dag' retrieved from /home/airflow/.local/lib/python3.12/site-packages/airflow/example_dags/tutorial_dag.py
[2025-02-23T04:47:46.445+0000] {logging_mixin.py:190} INFO - [2025-02-23T04:47:46.444+0000] {override.py:1911} INFO - Created Permission View: can delete on DAG:tutorial_dag
[2025-02-23T04:47:46.461+0000] {logging_mixin.py:190} INFO - [2025-02-23T04:47:46.461+0000] {override.py:1911} INFO - Created Permission View: can edit on DAG:tutorial_dag
[2025-02-23T04:47:46.472+0000] {logging_mixin.py:190} INFO - [2025-02-23T04:47:46.471+0000] {override.py:1911} INFO - Created Permission View: can read on DAG:tutorial_dag
[2025-02-23T04:47:46.481+0000] {logging_mixin.py:190} INFO - [2025-02-23T04:47:46.481+0000] {override.py:1911} INFO - Created Permission View: can create on DAG Run:tutorial_dag
[2025-02-23T04:47:46.487+0000] {logging_mixin.py:190} INFO - [2025-02-23T04:47:46.486+0000] {override.py:1911} INFO - Created Permission View: menu access on DAG Run:tutorial_dag
[2025-02-23T04:47:46.501+0000] {logging_mixin.py:190} INFO - [2025-02-23T04:47:46.501+0000] {override.py:1911} INFO - Created Permission View: can delete on DAG Run:tutorial_dag
[2025-02-23T04:47:46.507+0000] {logging_mixin.py:190} INFO - [2025-02-23T04:47:46.507+0000] {override.py:1911} INFO - Created Permission View: can read on DAG Run:tutorial_dag
[2025-02-23T04:47:46.508+0000] {logging_mixin.py:190} INFO - [2025-02-23T04:47:46.507+0000] {dag.py:3239} INFO - Sync 1 DAGs
[2025-02-23T04:47:46.530+0000] {logging_mixin.py:190} INFO - [2025-02-23T04:47:46.530+0000] {dag.py:3262} INFO - Creating ORM DAG for tutorial_dag
[2025-02-23T04:47:46.531+0000] {logging_mixin.py:190} INFO - [2025-02-23T04:47:46.531+0000] {dag.py:4180} INFO - Setting next_dagrun for tutorial_dag to None, run_after=None
[2025-02-23T04:47:46.548+0000] {processor.py:208} INFO - Processing /home/airflow/.local/lib/python3.12/site-packages/airflow/example_dags/tutorial_dag.py took 0.325 seconds
[2025-02-23T04:48:16.972+0000] {processor.py:186} INFO - Started process (PID=140) to work on /home/airflow/.local/lib/python3.12/site-packages/airflow/example_dags/tutorial_dag.py
[2025-02-23T04:48:16.974+0000] {processor.py:914} INFO - Processing file /home/airflow/.local/lib/python3.12/site-packages/airflow/example_dags/tutorial_dag.py for tasks to queue
[2025-02-23T04:48:16.975+0000] {logging_mixin.py:190} INFO - [2025-02-23T04:48:16.975+0000] {dagbag.py:588} INFO - Filling up the DagBag from /home/airflow/.local/lib/python3.12/site-packages/airflow/example_dags/tutorial_dag.py
[2025-02-23T04:48:16.981+0000] {processor.py:925} INFO - DAG(s) 'tutorial_dag' retrieved from /home/airflow/.local/lib/python3.12/site-packages/airflow/example_dags/tutorial_dag.py
[2025-02-23T04:48:16.998+0000] {logging_mixin.py:190} INFO - [2025-02-23T04:48:16.998+0000] {dag.py:3239} INFO - Sync 1 DAGs
[2025-02-23T04:48:17.009+0000] {logging_mixin.py:190} INFO - [2025-02-23T04:48:17.009+0000] {dag.py:4180} INFO - Setting next_dagrun for tutorial_dag to None, run_after=None
[2025-02-23T04:48:17.023+0000] {processor.py:208} INFO - Processing /home/airflow/.local/lib/python3.12/site-packages/airflow/example_dags/tutorial_dag.py took 0.055 seconds
[2025-02-23T04:48:47.542+0000] {processor.py:186} INFO - Started process (PID=203) to work on /home/airflow/.local/lib/python3.12/site-packages/airflow/example_dags/tutorial_dag.py
[2025-02-23T04:48:47.543+0000] {processor.py:914} INFO - Processing file /home/airflow/.local/lib/python3.12/site-packages/airflow/example_dags/tutorial_dag.py for tasks to queue
[2025-02-23T04:48:47.545+0000] {logging_mixin.py:190} INFO - [2025-02-23T04:48:47.544+0000] {dagbag.py:588} INFO - Filling up the DagBag from /home/airflow/.local/lib/python3.12/site-packages/airflow/example_dags/tutorial_dag.py
[2025-02-23T04:48:47.551+0000] {processor.py:925} INFO - DAG(s) 'tutorial_dag' retrieved from /home/airflow/.local/lib/python3.12/site-packages/airflow/example_dags/tutorial_dag.py
[2025-02-23T04:48:47.571+0000] {logging_mixin.py:190} INFO - [2025-02-23T04:48:47.570+0000] {dag.py:3239} INFO - Sync 1 DAGs
[2025-02-23T04:48:47.585+0000] {logging_mixin.py:190} INFO - [2025-02-23T04:48:47.585+0000] {dag.py:4180} INFO - Setting next_dagrun for tutorial_dag to None, run_after=None
[2025-02-23T04:48:47.602+0000] {processor.py:208} INFO - Processing /home/airflow/.local/lib/python3.12/site-packages/airflow/example_dags/tutorial_dag.py took 0.066 seconds
[2025-02-23T04:49:17.925+0000] {processor.py:186} INFO - Started process (PID=266) to work on /home/airflow/.local/lib/python3.12/site-packages/airflow/example_dags/tutorial_dag.py
[2025-02-23T04:49:17.926+0000] {processor.py:914} INFO - Processing file /home/airflow/.local/lib/python3.12/site-packages/airflow/example_dags/tutorial_dag.py for tasks to queue
[2025-02-23T04:49:17.927+0000] {logging_mixin.py:190} INFO - [2025-02-23T04:49:17.927+0000] {dagbag.py:588} INFO - Filling up the DagBag from /home/airflow/.local/lib/python3.12/site-packages/airflow/example_dags/tutorial_dag.py
[2025-02-23T04:49:17.933+0000] {processor.py:925} INFO - DAG(s) 'tutorial_dag' retrieved from /home/airflow/.local/lib/python3.12/site-packages/airflow/example_dags/tutorial_dag.py
[2025-02-23T04:49:17.948+0000] {logging_mixin.py:190} INFO - [2025-02-23T04:49:17.948+0000] {dag.py:3239} INFO - Sync 1 DAGs
[2025-02-23T04:49:17.959+0000] {logging_mixin.py:190} INFO - [2025-02-23T04:49:17.959+0000] {dag.py:4180} INFO - Setting next_dagrun for tutorial_dag to None, run_after=None
[2025-02-23T04:49:17.972+0000] {processor.py:208} INFO - Processing /home/airflow/.local/lib/python3.12/site-packages/airflow/example_dags/tutorial_dag.py took 0.051 seconds
[2025-02-23T04:49:48.135+0000] {processor.py:186} INFO - Started process (PID=329) to work on /home/airflow/.local/lib/python3.12/site-packages/airflow/example_dags/tutorial_dag.py
[2025-02-23T04:49:48.136+0000] {processor.py:914} INFO - Processing file /home/airflow/.local/lib/python3.12/site-packages/airflow/example_dags/tutorial_dag.py for tasks to queue
[2025-02-23T04:49:48.138+0000] {logging_mixin.py:190} INFO - [2025-02-23T04:49:48.138+0000] {dagbag.py:588} INFO - Filling up the DagBag from /home/airflow/.local/lib/python3.12/site-packages/airflow/example_dags/tutorial_dag.py
[2025-02-23T04:49:48.145+0000] {processor.py:925} INFO - DAG(s) 'tutorial_dag' retrieved from /home/airflow/.local/lib/python3.12/site-packages/airflow/example_dags/tutorial_dag.py
[2025-02-23T04:49:48.163+0000] {logging_mixin.py:190} INFO - [2025-02-23T04:49:48.163+0000] {dag.py:3239} INFO - Sync 1 DAGs
[2025-02-23T04:49:48.178+0000] {logging_mixin.py:190} INFO - [2025-02-23T04:49:48.178+0000] {dag.py:4180} INFO - Setting next_dagrun for tutorial_dag to None, run_after=None
[2025-02-23T04:49:48.194+0000] {processor.py:208} INFO - Processing /home/airflow/.local/lib/python3.12/site-packages/airflow/example_dags/tutorial_dag.py took 0.065 seconds
[2025-02-23T04:50:18.552+0000] {processor.py:186} INFO - Started process (PID=392) to work on /home/airflow/.local/lib/python3.12/site-packages/airflow/example_dags/tutorial_dag.py
[2025-02-23T04:50:18.553+0000] {processor.py:914} INFO - Processing file /home/airflow/.local/lib/python3.12/site-packages/airflow/example_dags/tutorial_dag.py for tasks to queue
[2025-02-23T04:50:18.555+0000] {logging_mixin.py:190} INFO - [2025-02-23T04:50:18.554+0000] {dagbag.py:588} INFO - Filling up the DagBag from /home/airflow/.local/lib/python3.12/site-packages/airflow/example_dags/tutorial_dag.py
[2025-02-23T04:50:18.561+0000] {processor.py:925} INFO - DAG(s) 'tutorial_dag' retrieved from /home/airflow/.local/lib/python3.12/site-packages/airflow/example_dags/tutorial_dag.py
[2025-02-23T04:50:18.576+0000] {logging_mixin.py:190} INFO - [2025-02-23T04:50:18.576+0000] {dag.py:3239} INFO - Sync 1 DAGs
[2025-02-23T04:50:18.588+0000] {logging_mixin.py:190} INFO - [2025-02-23T04:50:18.587+0000] {dag.py:4180} INFO - Setting next_dagrun for tutorial_dag to None, run_after=None
[2025-02-23T04:50:18.601+0000] {processor.py:208} INFO - Processing /home/airflow/.local/lib/python3.12/site-packages/airflow/example_dags/tutorial_dag.py took 0.053 seconds
[2025-02-23T04:50:48.965+0000] {processor.py:186} INFO - Started process (PID=455) to work on /home/airflow/.local/lib/python3.12/site-packages/airflow/example_dags/tutorial_dag.py
[2025-02-23T04:50:48.965+0000] {processor.py:914} INFO - Processing file /home/airflow/.local/lib/python3.12/site-packages/airflow/example_dags/tutorial_dag.py for tasks to queue
[2025-02-23T04:50:48.967+0000] {logging_mixin.py:190} INFO - [2025-02-23T04:50:48.966+0000] {dagbag.py:588} INFO - Filling up the DagBag from /home/airflow/.local/lib/python3.12/site-packages/airflow/example_dags/tutorial_dag.py
[2025-02-23T04:50:48.972+0000] {processor.py:925} INFO - DAG(s) 'tutorial_dag' retrieved from /home/airflow/.local/lib/python3.12/site-packages/airflow/example_dags/tutorial_dag.py
[2025-02-23T04:50:48.989+0000] {logging_mixin.py:190} INFO - [2025-02-23T04:50:48.989+0000] {dag.py:3239} INFO - Sync 1 DAGs
[2025-02-23T04:50:49.002+0000] {logging_mixin.py:190} INFO - [2025-02-23T04:50:49.002+0000] {dag.py:4180} INFO - Setting next_dagrun for tutorial_dag to None, run_after=None
[2025-02-23T04:50:49.018+0000] {processor.py:208} INFO - Processing /home/airflow/.local/lib/python3.12/site-packages/airflow/example_dags/tutorial_dag.py took 0.058 seconds
[2025-02-23T04:51:19.574+0000] {processor.py:186} INFO - Started process (PID=518) to work on /home/airflow/.local/lib/python3.12/site-packages/airflow/example_dags/tutorial_dag.py
[2025-02-23T04:51:19.575+0000] {processor.py:914} INFO - Processing file /home/airflow/.local/lib/python3.12/site-packages/airflow/example_dags/tutorial_dag.py for tasks to queue
[2025-02-23T04:51:19.577+0000] {logging_mixin.py:190} INFO - [2025-02-23T04:51:19.577+0000] {dagbag.py:588} INFO - Filling up the DagBag from /home/airflow/.local/lib/python3.12/site-packages/airflow/example_dags/tutorial_dag.py
[2025-02-23T04:51:19.585+0000] {processor.py:925} INFO - DAG(s) 'tutorial_dag' retrieved from /home/airflow/.local/lib/python3.12/site-packages/airflow/example_dags/tutorial_dag.py
[2025-02-23T04:51:19.604+0000] {logging_mixin.py:190} INFO - [2025-02-23T04:51:19.603+0000] {dag.py:3239} INFO - Sync 1 DAGs
[2025-02-23T04:51:19.618+0000] {logging_mixin.py:190} INFO - [2025-02-23T04:51:19.618+0000] {dag.py:4180} INFO - Setting next_dagrun for tutorial_dag to None, run_after=None
[2025-02-23T04:51:19.631+0000] {processor.py:208} INFO - Processing /home/airflow/.local/lib/python3.12/site-packages/airflow/example_dags/tutorial_dag.py took 0.063 seconds
[2025-02-23T04:51:49.896+0000] {processor.py:186} INFO - Started process (PID=581) to work on /home/airflow/.local/lib/python3.12/site-packages/airflow/example_dags/tutorial_dag.py
[2025-02-23T04:51:49.897+0000] {processor.py:914} INFO - Processing file /home/airflow/.local/lib/python3.12/site-packages/airflow/example_dags/tutorial_dag.py for tasks to queue
[2025-02-23T04:51:49.898+0000] {logging_mixin.py:190} INFO - [2025-02-23T04:51:49.898+0000] {dagbag.py:588} INFO - Filling up the DagBag from /home/airflow/.local/lib/python3.12/site-packages/airflow/example_dags/tutorial_dag.py
[2025-02-23T04:51:49.905+0000] {processor.py:925} INFO - DAG(s) 'tutorial_dag' retrieved from /home/airflow/.local/lib/python3.12/site-packages/airflow/example_dags/tutorial_dag.py
[2025-02-23T04:51:49.920+0000] {logging_mixin.py:190} INFO - [2025-02-23T04:51:49.920+0000] {dag.py:3239} INFO - Sync 1 DAGs
[2025-02-23T04:51:49.934+0000] {logging_mixin.py:190} INFO - [2025-02-23T04:51:49.934+0000] {dag.py:4180} INFO - Setting next_dagrun for tutorial_dag to None, run_after=None
[2025-02-23T04:51:49.949+0000] {processor.py:208} INFO - Processing /home/airflow/.local/lib/python3.12/site-packages/airflow/example_dags/tutorial_dag.py took 0.057 seconds
[2025-02-23T04:52:20.098+0000] {processor.py:186} INFO - Started process (PID=644) to work on /home/airflow/.local/lib/python3.12/site-packages/airflow/example_dags/tutorial_dag.py
[2025-02-23T04:52:20.099+0000] {processor.py:914} INFO - Processing file /home/airflow/.local/lib/python3.12/site-packages/airflow/example_dags/tutorial_dag.py for tasks to queue
[2025-02-23T04:52:20.102+0000] {logging_mixin.py:190} INFO - [2025-02-23T04:52:20.101+0000] {dagbag.py:588} INFO - Filling up the DagBag from /home/airflow/.local/lib/python3.12/site-packages/airflow/example_dags/tutorial_dag.py
[2025-02-23T04:52:20.109+0000] {processor.py:925} INFO - DAG(s) 'tutorial_dag' retrieved from /home/airflow/.local/lib/python3.12/site-packages/airflow/example_dags/tutorial_dag.py
[2025-02-23T04:52:20.128+0000] {logging_mixin.py:190} INFO - [2025-02-23T04:52:20.127+0000] {dag.py:3239} INFO - Sync 1 DAGs
[2025-02-23T04:52:20.138+0000] {logging_mixin.py:190} INFO - [2025-02-23T04:52:20.138+0000] {dag.py:4180} INFO - Setting next_dagrun for tutorial_dag to None, run_after=None
[2025-02-23T04:52:20.156+0000] {processor.py:208} INFO - Processing /home/airflow/.local/lib/python3.12/site-packages/airflow/example_dags/tutorial_dag.py took 0.065 seconds
[2025-02-23T04:52:50.256+0000] {processor.py:186} INFO - Started process (PID=707) to work on /home/airflow/.local/lib/python3.12/site-packages/airflow/example_dags/tutorial_dag.py
[2025-02-23T04:52:50.256+0000] {processor.py:914} INFO - Processing file /home/airflow/.local/lib/python3.12/site-packages/airflow/example_dags/tutorial_dag.py for tasks to queue
[2025-02-23T04:52:50.258+0000] {logging_mixin.py:190} INFO - [2025-02-23T04:52:50.258+0000] {dagbag.py:588} INFO - Filling up the DagBag from /home/airflow/.local/lib/python3.12/site-packages/airflow/example_dags/tutorial_dag.py
[2025-02-23T04:52:50.265+0000] {processor.py:925} INFO - DAG(s) 'tutorial_dag' retrieved from /home/airflow/.local/lib/python3.12/site-packages/airflow/example_dags/tutorial_dag.py
[2025-02-23T04:52:50.277+0000] {logging_mixin.py:190} INFO - [2025-02-23T04:52:50.277+0000] {dag.py:3239} INFO - Sync 1 DAGs
[2025-02-23T04:52:50.287+0000] {logging_mixin.py:190} INFO - [2025-02-23T04:52:50.287+0000] {dag.py:4180} INFO - Setting next_dagrun for tutorial_dag to None, run_after=None
[2025-02-23T04:52:50.300+0000] {processor.py:208} INFO - Processing /home/airflow/.local/lib/python3.12/site-packages/airflow/example_dags/tutorial_dag.py took 0.050 seconds
[2025-02-23T04:53:20.714+0000] {processor.py:186} INFO - Started process (PID=770) to work on /home/airflow/.local/lib/python3.12/site-packages/airflow/example_dags/tutorial_dag.py
[2025-02-23T04:53:20.714+0000] {processor.py:914} INFO - Processing file /home/airflow/.local/lib/python3.12/site-packages/airflow/example_dags/tutorial_dag.py for tasks to queue
[2025-02-23T04:53:20.716+0000] {logging_mixin.py:190} INFO - [2025-02-23T04:53:20.716+0000] {dagbag.py:588} INFO - Filling up the DagBag from /home/airflow/.local/lib/python3.12/site-packages/airflow/example_dags/tutorial_dag.py
[2025-02-23T04:53:20.723+0000] {processor.py:925} INFO - DAG(s) 'tutorial_dag' retrieved from /home/airflow/.local/lib/python3.12/site-packages/airflow/example_dags/tutorial_dag.py
[2025-02-23T04:53:20.741+0000] {logging_mixin.py:190} INFO - [2025-02-23T04:53:20.741+0000] {dag.py:3239} INFO - Sync 1 DAGs
[2025-02-23T04:53:20.752+0000] {logging_mixin.py:190} INFO - [2025-02-23T04:53:20.752+0000] {dag.py:4180} INFO - Setting next_dagrun for tutorial_dag to None, run_after=None
[2025-02-23T04:53:20.764+0000] {processor.py:208} INFO - Processing /home/airflow/.local/lib/python3.12/site-packages/airflow/example_dags/tutorial_dag.py took 0.055 seconds
[2025-02-23T04:53:50.908+0000] {processor.py:186} INFO - Started process (PID=834) to work on /home/airflow/.local/lib/python3.12/site-packages/airflow/example_dags/tutorial_dag.py
[2025-02-23T04:53:50.908+0000] {processor.py:914} INFO - Processing file /home/airflow/.local/lib/python3.12/site-packages/airflow/example_dags/tutorial_dag.py for tasks to queue
[2025-02-23T04:53:50.910+0000] {logging_mixin.py:190} INFO - [2025-02-23T04:53:50.910+0000] {dagbag.py:588} INFO - Filling up the DagBag from /home/airflow/.local/lib/python3.12/site-packages/airflow/example_dags/tutorial_dag.py
[2025-02-23T04:53:50.917+0000] {processor.py:925} INFO - DAG(s) 'tutorial_dag' retrieved from /home/airflow/.local/lib/python3.12/site-packages/airflow/example_dags/tutorial_dag.py
[2025-02-23T04:53:50.931+0000] {logging_mixin.py:190} INFO - [2025-02-23T04:53:50.931+0000] {dag.py:3239} INFO - Sync 1 DAGs
[2025-02-23T04:53:50.947+0000] {logging_mixin.py:190} INFO - [2025-02-23T04:53:50.947+0000] {dag.py:4180} INFO - Setting next_dagrun for tutorial_dag to None, run_after=None
[2025-02-23T04:53:50.963+0000] {processor.py:208} INFO - Processing /home/airflow/.local/lib/python3.12/site-packages/airflow/example_dags/tutorial_dag.py took 0.060 seconds
[2025-02-23T04:54:21.061+0000] {processor.py:186} INFO - Started process (PID=897) to work on /home/airflow/.local/lib/python3.12/site-packages/airflow/example_dags/tutorial_dag.py
[2025-02-23T04:54:21.062+0000] {processor.py:914} INFO - Processing file /home/airflow/.local/lib/python3.12/site-packages/airflow/example_dags/tutorial_dag.py for tasks to queue
[2025-02-23T04:54:21.063+0000] {logging_mixin.py:190} INFO - [2025-02-23T04:54:21.063+0000] {dagbag.py:588} INFO - Filling up the DagBag from /home/airflow/.local/lib/python3.12/site-packages/airflow/example_dags/tutorial_dag.py
[2025-02-23T04:54:21.070+0000] {processor.py:925} INFO - DAG(s) 'tutorial_dag' retrieved from /home/airflow/.local/lib/python3.12/site-packages/airflow/example_dags/tutorial_dag.py
[2025-02-23T04:54:21.084+0000] {logging_mixin.py:190} INFO - [2025-02-23T04:54:21.083+0000] {dag.py:3239} INFO - Sync 1 DAGs
[2025-02-23T04:54:21.096+0000] {logging_mixin.py:190} INFO - [2025-02-23T04:54:21.096+0000] {dag.py:4180} INFO - Setting next_dagrun for tutorial_dag to None, run_after=None
[2025-02-23T04:54:21.109+0000] {processor.py:208} INFO - Processing /home/airflow/.local/lib/python3.12/site-packages/airflow/example_dags/tutorial_dag.py took 0.052 seconds
[2025-02-23T04:54:51.217+0000] {processor.py:186} INFO - Started process (PID=960) to work on /home/airflow/.local/lib/python3.12/site-packages/airflow/example_dags/tutorial_dag.py
[2025-02-23T04:54:51.217+0000] {processor.py:914} INFO - Processing file /home/airflow/.local/lib/python3.12/site-packages/airflow/example_dags/tutorial_dag.py for tasks to queue
[2025-02-23T04:54:51.219+0000] {logging_mixin.py:190} INFO - [2025-02-23T04:54:51.218+0000] {dagbag.py:588} INFO - Filling up the DagBag from /home/airflow/.local/lib/python3.12/site-packages/airflow/example_dags/tutorial_dag.py
[2025-02-23T04:54:51.225+0000] {processor.py:925} INFO - DAG(s) 'tutorial_dag' retrieved from /home/airflow/.local/lib/python3.12/site-packages/airflow/example_dags/tutorial_dag.py
[2025-02-23T04:54:51.242+0000] {logging_mixin.py:190} INFO - [2025-02-23T04:54:51.241+0000] {dag.py:3239} INFO - Sync 1 DAGs
[2025-02-23T04:54:51.255+0000] {logging_mixin.py:190} INFO - [2025-02-23T04:54:51.255+0000] {dag.py:4180} INFO - Setting next_dagrun for tutorial_dag to None, run_after=None
[2025-02-23T04:54:51.270+0000] {processor.py:208} INFO - Processing /home/airflow/.local/lib/python3.12/site-packages/airflow/example_dags/tutorial_dag.py took 0.058 seconds
[2025-02-23T04:55:21.461+0000] {processor.py:186} INFO - Started process (PID=1023) to work on /home/airflow/.local/lib/python3.12/site-packages/airflow/example_dags/tutorial_dag.py
[2025-02-23T04:55:21.461+0000] {processor.py:914} INFO - Processing file /home/airflow/.local/lib/python3.12/site-packages/airflow/example_dags/tutorial_dag.py for tasks to queue
[2025-02-23T04:55:21.463+0000] {logging_mixin.py:190} INFO - [2025-02-23T04:55:21.463+0000] {dagbag.py:588} INFO - Filling up the DagBag from /home/airflow/.local/lib/python3.12/site-packages/airflow/example_dags/tutorial_dag.py
[2025-02-23T04:55:21.469+0000] {processor.py:925} INFO - DAG(s) 'tutorial_dag' retrieved from /home/airflow/.local/lib/python3.12/site-packages/airflow/example_dags/tutorial_dag.py
[2025-02-23T04:55:21.484+0000] {logging_mixin.py:190} INFO - [2025-02-23T04:55:21.483+0000] {dag.py:3239} INFO - Sync 1 DAGs
[2025-02-23T04:55:21.497+0000] {logging_mixin.py:190} INFO - [2025-02-23T04:55:21.497+0000] {dag.py:4180} INFO - Setting next_dagrun for tutorial_dag to None, run_after=None
[2025-02-23T04:55:21.515+0000] {processor.py:208} INFO - Processing /home/airflow/.local/lib/python3.12/site-packages/airflow/example_dags/tutorial_dag.py took 0.060 seconds
[2025-02-23T04:55:51.802+0000] {processor.py:186} INFO - Started process (PID=1086) to work on /home/airflow/.local/lib/python3.12/site-packages/airflow/example_dags/tutorial_dag.py
[2025-02-23T04:55:51.802+0000] {processor.py:914} INFO - Processing file /home/airflow/.local/lib/python3.12/site-packages/airflow/example_dags/tutorial_dag.py for tasks to queue
[2025-02-23T04:55:51.804+0000] {logging_mixin.py:190} INFO - [2025-02-23T04:55:51.804+0000] {dagbag.py:588} INFO - Filling up the DagBag from /home/airflow/.local/lib/python3.12/site-packages/airflow/example_dags/tutorial_dag.py
[2025-02-23T04:55:51.812+0000] {processor.py:925} INFO - DAG(s) 'tutorial_dag' retrieved from /home/airflow/.local/lib/python3.12/site-packages/airflow/example_dags/tutorial_dag.py
[2025-02-23T04:55:51.827+0000] {logging_mixin.py:190} INFO - [2025-02-23T04:55:51.827+0000] {dag.py:3239} INFO - Sync 1 DAGs
[2025-02-23T04:55:51.838+0000] {logging_mixin.py:190} INFO - [2025-02-23T04:55:51.838+0000] {dag.py:4180} INFO - Setting next_dagrun for tutorial_dag to None, run_after=None
[2025-02-23T04:55:51.853+0000] {processor.py:208} INFO - Processing /home/airflow/.local/lib/python3.12/site-packages/airflow/example_dags/tutorial_dag.py took 0.057 seconds
[2025-02-23T04:56:21.922+0000] {processor.py:186} INFO - Started process (PID=1149) to work on /home/airflow/.local/lib/python3.12/site-packages/airflow/example_dags/tutorial_dag.py
[2025-02-23T04:56:21.922+0000] {processor.py:914} INFO - Processing file /home/airflow/.local/lib/python3.12/site-packages/airflow/example_dags/tutorial_dag.py for tasks to queue
[2025-02-23T04:56:21.924+0000] {logging_mixin.py:190} INFO - [2025-02-23T04:56:21.924+0000] {dagbag.py:588} INFO - Filling up the DagBag from /home/airflow/.local/lib/python3.12/site-packages/airflow/example_dags/tutorial_dag.py
[2025-02-23T04:56:21.932+0000] {processor.py:925} INFO - DAG(s) 'tutorial_dag' retrieved from /home/airflow/.local/lib/python3.12/site-packages/airflow/example_dags/tutorial_dag.py
[2025-02-23T04:56:21.952+0000] {logging_mixin.py:190} INFO - [2025-02-23T04:56:21.951+0000] {dag.py:3239} INFO - Sync 1 DAGs
[2025-02-23T04:56:21.963+0000] {logging_mixin.py:190} INFO - [2025-02-23T04:56:21.963+0000] {dag.py:4180} INFO - Setting next_dagrun for tutorial_dag to None, run_after=None
[2025-02-23T04:56:21.979+0000] {processor.py:208} INFO - Processing /home/airflow/.local/lib/python3.12/site-packages/airflow/example_dags/tutorial_dag.py took 0.063 seconds
[2025-02-23T04:56:52.166+0000] {processor.py:186} INFO - Started process (PID=1212) to work on /home/airflow/.local/lib/python3.12/site-packages/airflow/example_dags/tutorial_dag.py
[2025-02-23T04:56:52.167+0000] {processor.py:914} INFO - Processing file /home/airflow/.local/lib/python3.12/site-packages/airflow/example_dags/tutorial_dag.py for tasks to queue
[2025-02-23T04:56:52.168+0000] {logging_mixin.py:190} INFO - [2025-02-23T04:56:52.168+0000] {dagbag.py:588} INFO - Filling up the DagBag from /home/airflow/.local/lib/python3.12/site-packages/airflow/example_dags/tutorial_dag.py
[2025-02-23T04:56:52.174+0000] {processor.py:925} INFO - DAG(s) 'tutorial_dag' retrieved from /home/airflow/.local/lib/python3.12/site-packages/airflow/example_dags/tutorial_dag.py
[2025-02-23T04:56:52.188+0000] {logging_mixin.py:190} INFO - [2025-02-23T04:56:52.188+0000] {dag.py:3239} INFO - Sync 1 DAGs
[2025-02-23T04:56:52.200+0000] {logging_mixin.py:190} INFO - [2025-02-23T04:56:52.200+0000] {dag.py:4180} INFO - Setting next_dagrun for tutorial_dag to None, run_after=None
[2025-02-23T04:56:52.213+0000] {processor.py:208} INFO - Processing /home/airflow/.local/lib/python3.12/site-packages/airflow/example_dags/tutorial_dag.py took 0.052 seconds
[2025-02-23T04:57:22.436+0000] {processor.py:186} INFO - Started process (PID=1275) to work on /home/airflow/.local/lib/python3.12/site-packages/airflow/example_dags/tutorial_dag.py
[2025-02-23T04:57:22.437+0000] {processor.py:914} INFO - Processing file /home/airflow/.local/lib/python3.12/site-packages/airflow/example_dags/tutorial_dag.py for tasks to queue
[2025-02-23T04:57:22.438+0000] {logging_mixin.py:190} INFO - [2025-02-23T04:57:22.438+0000] {dagbag.py:588} INFO - Filling up the DagBag from /home/airflow/.local/lib/python3.12/site-packages/airflow/example_dags/tutorial_dag.py
[2025-02-23T04:57:22.444+0000] {processor.py:925} INFO - DAG(s) 'tutorial_dag' retrieved from /home/airflow/.local/lib/python3.12/site-packages/airflow/example_dags/tutorial_dag.py
[2025-02-23T04:57:22.459+0000] {logging_mixin.py:190} INFO - [2025-02-23T04:57:22.458+0000] {dag.py:3239} INFO - Sync 1 DAGs
[2025-02-23T04:57:22.470+0000] {logging_mixin.py:190} INFO - [2025-02-23T04:57:22.470+0000] {dag.py:4180} INFO - Setting next_dagrun for tutorial_dag to None, run_after=None
[2025-02-23T04:57:22.484+0000] {processor.py:208} INFO - Processing /home/airflow/.local/lib/python3.12/site-packages/airflow/example_dags/tutorial_dag.py took 0.052 seconds
[2025-02-23T04:57:53.032+0000] {processor.py:186} INFO - Started process (PID=1339) to work on /home/airflow/.local/lib/python3.12/site-packages/airflow/example_dags/tutorial_dag.py
[2025-02-23T04:57:53.032+0000] {processor.py:914} INFO - Processing file /home/airflow/.local/lib/python3.12/site-packages/airflow/example_dags/tutorial_dag.py for tasks to queue
[2025-02-23T04:57:53.034+0000] {logging_mixin.py:190} INFO - [2025-02-23T04:57:53.034+0000] {dagbag.py:588} INFO - Filling up the DagBag from /home/airflow/.local/lib/python3.12/site-packages/airflow/example_dags/tutorial_dag.py
[2025-02-23T04:57:53.041+0000] {processor.py:925} INFO - DAG(s) 'tutorial_dag' retrieved from /home/airflow/.local/lib/python3.12/site-packages/airflow/example_dags/tutorial_dag.py
[2025-02-23T04:57:53.058+0000] {logging_mixin.py:190} INFO - [2025-02-23T04:57:53.058+0000] {dag.py:3239} INFO - Sync 1 DAGs
[2025-02-23T04:57:53.069+0000] {logging_mixin.py:190} INFO - [2025-02-23T04:57:53.069+0000] {dag.py:4180} INFO - Setting next_dagrun for tutorial_dag to None, run_after=None
[2025-02-23T04:57:53.081+0000] {processor.py:208} INFO - Processing /home/airflow/.local/lib/python3.12/site-packages/airflow/example_dags/tutorial_dag.py took 0.055 seconds
[2025-02-23T04:58:23.473+0000] {processor.py:186} INFO - Started process (PID=1402) to work on /home/airflow/.local/lib/python3.12/site-packages/airflow/example_dags/tutorial_dag.py
[2025-02-23T04:58:23.473+0000] {processor.py:914} INFO - Processing file /home/airflow/.local/lib/python3.12/site-packages/airflow/example_dags/tutorial_dag.py for tasks to queue
[2025-02-23T04:58:23.475+0000] {logging_mixin.py:190} INFO - [2025-02-23T04:58:23.475+0000] {dagbag.py:588} INFO - Filling up the DagBag from /home/airflow/.local/lib/python3.12/site-packages/airflow/example_dags/tutorial_dag.py
[2025-02-23T04:58:23.481+0000] {processor.py:925} INFO - DAG(s) 'tutorial_dag' retrieved from /home/airflow/.local/lib/python3.12/site-packages/airflow/example_dags/tutorial_dag.py
[2025-02-23T04:58:23.494+0000] {logging_mixin.py:190} INFO - [2025-02-23T04:58:23.494+0000] {dag.py:3239} INFO - Sync 1 DAGs
[2025-02-23T04:58:23.505+0000] {logging_mixin.py:190} INFO - [2025-02-23T04:58:23.505+0000] {dag.py:4180} INFO - Setting next_dagrun for tutorial_dag to None, run_after=None
[2025-02-23T04:58:23.517+0000] {processor.py:208} INFO - Processing /home/airflow/.local/lib/python3.12/site-packages/airflow/example_dags/tutorial_dag.py took 0.048 seconds
